# This file contains the data of final population
# of objectives = 2, # of constraints = 0, # of real_var = 0, # of bits of bin_var = 14, constr_violation, rank, crowding_distance
3.700000e+00	1.410000e+02	
3.700000e+00	1.410000e+02	
3.700000e+00	1.410000e+02	
3.700000e+00	1.410000e+02	
3.700000e+00	1.410000e+02	
3.700000e+00	1.410000e+02	
3.700000e+00	1.410000e+02	
3.700000e+00	1.410000e+02	
3.700000e+00	1.410000e+02	
3.700000e+00	1.410000e+02	
3.700000e+00	1.410000e+02	
3.700000e+00	1.410000e+02	
3.700000e+00	1.410000e+02	
3.700000e+00	1.410000e+02	
3.700000e+00	1.410000e+02	
3.700000e+00	1.410000e+02	
3.700000e+00	1.410000e+02	
3.700000e+00	1.410000e+02	
3.700000e+00	1.410000e+02	
3.700000e+00	1.410000e+02	
3.700000e+00	1.410000e+02	
3.700000e+00	1.410000e+02	
3.700000e+00	1.410000e+02	
3.700000e+00	1.410000e+02	
3.700000e+00	1.410000e+02	
3.700000e+00	1.410000e+02	
3.700000e+00	1.410000e+02	
3.700000e+00	1.410000e+02	
3.700000e+00	1.410000e+02	
3.700000e+00	1.410000e+02	
3.700000e+00	1.410000e+02	
3.700000e+00	1.410000e+02	
3.700000e+00	1.410000e+02	
3.700000e+00	1.410000e+02	
3.700000e+00	1.410000e+02	
3.700000e+00	1.410000e+02	
3.700000e+00	1.410000e+02	
3.700000e+00	1.410000e+02	
3.700000e+00	1.410000e+02	
3.700000e+00	1.410000e+02	
3.700000e+00	1.410000e+02	
3.700000e+00	1.410000e+02	
3.700000e+00	1.410000e+02	
3.700000e+00	1.410000e+02	
3.700000e+00	1.410000e+02	
3.700000e+00	1.410000e+02	
3.700000e+00	1.410000e+02	
3.700000e+00	1.410000e+02	
3.700000e+00	1.410000e+02	
3.700000e+00	1.410000e+02	
3.700000e+00	1.410000e+02	
3.700000e+00	1.410000e+02	
3.700000e+00	1.410000e+02	
3.700000e+00	1.410000e+02	
3.700000e+00	1.410000e+02	
3.700000e+00	1.410000e+02	
3.700000e+00	1.410000e+02	
3.700000e+00	1.410000e+02	
3.700000e+00	1.410000e+02	
3.700000e+00	1.410000e+02	
3.700000e+00	1.410000e+02	
3.700000e+00	1.410000e+02	
3.700000e+00	1.410000e+02	
3.700000e+00	1.410000e+02	
3.700000e+00	1.410000e+02	
3.700000e+00	1.410000e+02	
3.700000e+00	1.410000e+02	
3.700000e+00	1.410000e+02	
3.700000e+00	1.410000e+02	
3.700000e+00	1.410000e+02	
3.700000e+00	1.410000e+02	
3.700000e+00	1.410000e+02	
3.700000e+00	1.410000e+02	
3.700000e+00	1.410000e+02	
3.700000e+00	1.410000e+02	
3.700000e+00	1.410000e+02	
3.700000e+00	1.410000e+02	
3.700000e+00	1.410000e+02	
3.700000e+00	1.470000e+02	
3.700000e+00	1.470000e+02	
3.700000e+00	1.470000e+02	
3.700000e+00	1.470000e+02	
3.700000e+00	1.470000e+02	
3.700000e+00	1.470000e+02	
3.700000e+00	1.470000e+02	
3.700000e+00	1.470000e+02	
3.700000e+00	1.470000e+02	
3.700000e+00	1.470000e+02	
3.700000e+00	1.470000e+02	
3.700000e+00	1.470000e+02	
3.700000e+00	1.470000e+02	
3.700000e+00	1.470000e+02	
3.700000e+00	1.470000e+02	
3.700000e+00	1.470000e+02	
3.700000e+00	1.470000e+02	
3.700000e+00	1.470000e+02	
3.700000e+00	1.470000e+02	
3.700000e+00	1.470000e+02	
3.700000e+00	1.470000e+02	
3.700000e+00	1.470000e+02	
3.700000e+00	1.470000e+02	
3.700000e+00	1.470000e+02	
3.700000e+00	1.470000e+02	
3.700000e+00	1.470000e+02	
3.700000e+00	1.470000e+02	
3.700000e+00	1.470000e+02	
3.700000e+00	1.470000e+02	
3.700000e+00	1.470000e+02	
3.700000e+00	1.470000e+02	
3.700000e+00	1.470000e+02	
3.700000e+00	1.470000e+02	
3.700000e+00	1.470000e+02	
3.700000e+00	1.470000e+02	
3.700000e+00	1.470000e+02	
3.700000e+00	1.470000e+02	
3.700000e+00	1.470000e+02	
3.700000e+00	1.470000e+02	
3.700000e+00	1.470000e+02	
3.700000e+00	1.470000e+02	
3.700000e+00	1.470000e+02	
3.700000e+00	1.470000e+02	
3.700000e+00	1.470000e+02	
3.700000e+00	1.470000e+02	
3.700000e+00	1.470000e+02	
3.700000e+00	1.470000e+02	
3.700000e+00	1.470000e+02	
3.700000e+00	1.470000e+02	
3.700000e+00	1.470000e+02	
3.700000e+00	1.470000e+02	
3.700000e+00	1.470000e+02	
3.700000e+00	1.470000e+02	
3.700000e+00	1.470000e+02	
3.700000e+00	1.470000e+02	
3.700000e+00	1.470000e+02	
3.700000e+00	1.470000e+02	
3.700000e+00	1.470000e+02	
3.700000e+00	1.470000e+02	
3.700000e+00	1.470000e+02	
3.700000e+00	1.470000e+02	
3.700000e+00	1.470000e+02	
3.700000e+00	1.470000e+02	
3.700000e+00	1.470000e+02	
3.700000e+00	1.470000e+02	
3.700000e+00	1.470000e+02	
3.700000e+00	1.470000e+02	
3.700000e+00	1.480000e+02	
3.700000e+00	1.480000e+02	
3.700000e+00	1.480000e+02	
3.700000e+00	1.480000e+02	
3.700000e+00	1.480000e+02	
3.700000e+00	1.480000e+02	
3.700000e+00	1.480000e+02	
3.700000e+00	1.480000e+02	
3.700000e+00	1.480000e+02	
3.700000e+00	1.480000e+02	
3.700000e+00	1.480000e+02	
3.700000e+00	1.480000e+02	
3.700000e+00	1.550000e+02	
3.700000e+00	1.550000e+02	
3.700000e+00	1.550000e+02	
4.600000e+00	1.540000e+02	
4.600000e+00	1.540000e+02	
3.700000e+00	1.550000e+02	
3.700000e+00	1.550000e+02	
3.700000e+00	1.550000e+02	
3.700000e+00	1.550000e+02	
4.600000e+00	1.540000e+02	
3.700000e+00	1.550000e+02	
4.600000e+00	1.540000e+02	
3.700000e+00	1.550000e+02	
4.600000e+00	1.540000e+02	
3.700000e+00	1.550000e+02	
3.700000e+00	1.550000e+02	
3.700000e+00	1.550000e+02	
3.700000e+00	1.550000e+02	
4.600000e+00	1.540000e+02	
3.700000e+00	1.550000e+02	
3.700000e+00	1.550000e+02	
3.700000e+00	1.550000e+02	
3.700000e+00	1.550000e+02	
3.700000e+00	1.550000e+02	
3.700000e+00	1.550000e+02	
3.700000e+00	1.550000e+02	
3.700000e+00	1.550000e+02	
3.700000e+00	1.550000e+02	
3.700000e+00	1.550000e+02	
3.700000e+00	1.550000e+02	
3.700000e+00	1.550000e+02	
4.600000e+00	1.540000e+02	
4.600000e+00	1.540000e+02	
4.600000e+00	1.540000e+02	
3.700000e+00	1.550000e+02	
3.700000e+00	1.550000e+02	
3.700000e+00	1.550000e+02	
4.600000e+00	1.540000e+02	
3.700000e+00	1.550000e+02	
3.700000e+00	1.550000e+02	
4.600000e+00	1.540000e+02	
3.700000e+00	1.550000e+02	
4.600000e+00	1.540000e+02	
3.700000e+00	1.550000e+02	
3.700000e+00	1.550000e+02	
4.600000e+00	1.540000e+02	
3.700000e+00	1.550000e+02	
3.700000e+00	1.550000e+02	
3.700000e+00	1.550000e+02	
3.700000e+00	1.550000e+02	
3.700000e+00	1.550000e+02	
3.700000e+00	1.550000e+02	
3.700000e+00	1.550000e+02	
3.700000e+00	1.550000e+02	
3.700000e+00	1.550000e+02	
3.700000e+00	1.550000e+02	
3.700000e+00	1.550000e+02	
3.700000e+00	1.550000e+02	
3.700000e+00	1.550000e+02	
3.700000e+00	1.550000e+02	
3.700000e+00	1.550000e+02	
3.700000e+00	1.550000e+02	
3.700000e+00	1.550000e+02	
3.700000e+00	1.550000e+02	
4.600000e+00	1.540000e+02	
3.700000e+00	1.550000e+02	
3.700000e+00	1.550000e+02	
3.700000e+00	1.550000e+02	
3.700000e+00	1.550000e+02	
4.600000e+00	1.540000e+02	
3.700000e+00	1.550000e+02	
3.700000e+00	1.550000e+02	
4.600000e+00	1.540000e+02	
3.700000e+00	1.550000e+02	
3.700000e+00	1.550000e+02	
3.700000e+00	1.550000e+02	
3.700000e+00	1.550000e+02	
3.700000e+00	1.550000e+02	
4.600000e+00	1.540000e+02	
4.600000e+00	1.540000e+02	
4.600000e+00	1.540000e+02	
3.700000e+00	1.550000e+02	
3.700000e+00	1.550000e+02	
3.700000e+00	1.550000e+02	
4.600000e+00	1.540000e+02	
3.700000e+00	1.550000e+02	
3.700000e+00	1.550000e+02	
3.700000e+00	1.550000e+02	
4.600000e+00	1.540000e+02	
3.700000e+00	1.550000e+02	
3.900000e+00	1.770000e+02	
4.600000e+00	1.580000e+02	
4.300000e+00	1.630000e+02	
4.600000e+00	1.580000e+02	
4.300000e+00	1.630000e+02	
3.900000e+00	1.770000e+02	
3.900000e+00	1.770000e+02	
3.900000e+00	1.770000e+02	
3.900000e+00	1.770000e+02	
