# This file contains information about inputs as read by the program

 Population size               = 256
 Number of generations         = 256
 Number of objective functions = 2
 Number of constraints         = 0
 Number of real variables      = 14
 Lower limit of real variable 1 = 1.000000e+00
 Upper limit of real variable 1 = 4.490000e+00
 Lower limit of real variable 2 = 1.000000e+00
 Upper limit of real variable 2 = 4.490000e+00
 Lower limit of real variable 3 = 1.000000e+00
 Upper limit of real variable 3 = 4.490000e+00
 Lower limit of real variable 4 = 1.000000e+00
 Upper limit of real variable 4 = 4.490000e+00
 Lower limit of real variable 5 = 1.000000e+00
 Upper limit of real variable 5 = 4.490000e+00
 Lower limit of real variable 6 = 1.000000e+00
 Upper limit of real variable 6 = 4.490000e+00
 Lower limit of real variable 7 = 1.000000e+00
 Upper limit of real variable 7 = 4.490000e+00
 Lower limit of real variable 8 = 1.000000e+00
 Upper limit of real variable 8 = 4.490000e+00
 Lower limit of real variable 9 = 1.000000e+00
 Upper limit of real variable 9 = 4.490000e+00
 Lower limit of real variable 10 = 1.000000e+00
 Upper limit of real variable 10 = 4.490000e+00
 Lower limit of real variable 11 = 1.000000e+00
 Upper limit of real variable 11 = 4.490000e+00
 Lower limit of real variable 12 = 1.000000e+00
 Upper limit of real variable 12 = 4.490000e+00
 Lower limit of real variable 13 = 1.000000e+00
 Upper limit of real variable 13 = 4.490000e+00
 Lower limit of real variable 14 = 1.000000e+00
 Upper limit of real variable 14 = 4.490000e+00
 Probability of crossover of real variable = 6.000000e-01
 Probability of mutation of real variable  = 5.000000e-02
 Distribution index for crossover          = 1.000000e+01
 Distribution index for mutation           = 1.000000e+01
 Number of binary variables = 0
 Seed for random number generator = 4.443051e-01
 Number of crossover of real variable = 19569
 Number of mutation of real variable  = 45745