# This file contains the data of final population
# of objectives = 2, # of constraints = 0, # of real_var = 0, # of bits of bin_var = 71, constr_violation, rank, crowding_distance
7.900000e+00	2.630000e+03	
8.000000e+00	2.571000e+03	
7.600000e+00	2.634000e+03	
7.400000e+00	2.975000e+03	
8.500000e+00	2.562000e+03	
7.600000e+00	2.638000e+03	
7.900000e+00	2.635000e+03	
8.000000e+00	2.581000e+03	
8.500000e+00	2.571000e+03	
7.400000e+00	2.978000e+03	
7.400000e+00	2.984000e+03	
8.799999e+00	2.574000e+03	
7.900000e+00	2.636000e+03	
8.500000e+00	2.581000e+03	
8.000000e+00	2.599000e+03	
7.600000e+00	2.641000e+03	
7.400000e+00	2.992000e+03	
7.900000e+00	2.640000e+03	
8.500000e+00	2.582000e+03	
8.000000e+00	2.603000e+03	
7.600000e+00	2.643000e+03	
7.500000e+00	2.992000e+03	
7.400000e+00	3.007000e+03	
7.600000e+00	2.646000e+03	
8.000000e+00	2.613000e+03	
8.000000e+00	2.613000e+03	
8.500000e+00	2.586000e+03	
8.799999e+00	2.583000e+03	
7.500000e+00	3.010000e+03	
7.400000e+00	3.011000e+03	
7.600000e+00	2.647000e+03	
8.000000e+00	2.615000e+03	
8.500000e+00	2.589000e+03	
7.600000e+00	2.647000e+03	
7.500000e+00	3.013000e+03	
7.500000e+00	3.013000e+03	
7.400000e+00	3.014000e+03	
8.500000e+00	2.593000e+03	
8.000000e+00	2.616000e+03	
7.600000e+00	2.648000e+03	
8.799999e+00	2.589000e+03	
7.400000e+00	3.017000e+03	
7.400000e+00	3.017000e+03	
7.500000e+00	3.014000e+03	
8.000000e+00	2.619000e+03	
7.600000e+00	2.649000e+03	
7.600000e+00	2.649000e+03	
8.500000e+00	2.594000e+03	
7.400000e+00	3.018000e+03	
7.400000e+00	3.018000e+03	
8.500000e+00	2.597000e+03	
8.500000e+00	2.597000e+03	
8.000000e+00	2.620000e+03	
7.600000e+00	2.650000e+03	
7.600000e+00	2.650000e+03	
7.400000e+00	3.023000e+03	
7.500000e+00	3.018000e+03	
7.500000e+00	3.018000e+03	
8.799999e+00	2.598000e+03	
8.500000e+00	2.602000e+03	
8.799999e+00	2.598000e+03	
8.000000e+00	2.623000e+03	
7.900000e+00	2.650000e+03	
7.600000e+00	2.653000e+03	
7.400000e+00	3.024000e+03	
7.500000e+00	3.019000e+03	
8.500000e+00	2.604000e+03	
8.799999e+00	2.603000e+03	
8.000000e+00	2.624000e+03	
7.600000e+00	2.654000e+03	
7.900000e+00	2.653000e+03	
7.400000e+00	3.027000e+03	
7.500000e+00	3.022000e+03	
7.600000e+00	2.655000e+03	
8.500000e+00	2.605000e+03	
8.000000e+00	2.625000e+03	
7.500000e+00	3.023000e+03	
7.400000e+00	3.029000e+03	
8.799999e+00	2.606000e+03	
8.500000e+00	2.610000e+03	
8.799999e+00	2.606000e+03	
8.200000e+00	2.626000e+03	
8.000000e+00	2.629000e+03	
7.600000e+00	2.656000e+03	
7.600000e+00	2.656000e+03	
7.500000e+00	3.024000e+03	
7.400000e+00	3.030000e+03	
8.500000e+00	2.611000e+03	
8.799999e+00	2.610000e+03	
8.000000e+00	2.630000e+03	
8.400000e+00	2.629000e+03	
8.000000e+00	2.630000e+03	
7.600000e+00	2.663000e+03	
7.900000e+00	2.658000e+03	
7.900000e+00	2.658000e+03	
7.400000e+00	3.031000e+03	
7.500000e+00	3.026000e+03	
8.299999e+00	2.630000e+03	
8.799999e+00	2.611000e+03	
8.500000e+00	2.614000e+03	
8.799999e+00	2.611000e+03	
8.799999e+00	2.611000e+03	
8.000000e+00	2.631000e+03	
8.000000e+00	2.631000e+03	
7.900000e+00	2.662000e+03	
7.600000e+00	2.666000e+03	
7.600000e+00	2.666000e+03	
7.400000e+00	3.034000e+03	
7.500000e+00	3.027000e+03	
8.799999e+00	2.614000e+03	
8.500000e+00	2.616000e+03	
8.500000e+00	2.616000e+03	
8.100000e+00	2.631000e+03	
8.000000e+00	2.632000e+03	
7.900000e+00	2.665000e+03	
7.600000e+00	2.670000e+03	
7.500000e+00	3.033000e+03	
7.400000e+00	3.038000e+03	
7.400000e+00	3.038000e+03	
8.799999e+00	2.615000e+03	
8.500000e+00	2.618000e+03	
8.799999e+00	2.615000e+03	
8.500000e+00	2.618000e+03	
8.000000e+00	2.633000e+03	
7.900000e+00	2.666000e+03	
7.600000e+00	2.671000e+03	
7.900000e+00	2.666000e+03	
7.600000e+00	2.671000e+03	
7.900000e+00	2.666000e+03	
7.500000e+00	3.034000e+03	
7.500000e+00	3.034000e+03	
7.400000e+00	3.043000e+03	
7.400000e+00	3.043000e+03	
7.400000e+00	3.043000e+03	
8.799999e+00	2.617000e+03	
8.799999e+00	2.617000e+03	
8.500000e+00	2.619000e+03	
8.000000e+00	2.636000e+03	
8.299999e+00	2.635000e+03	
7.900000e+00	2.667000e+03	
7.600000e+00	2.672000e+03	
7.600000e+00	2.672000e+03	
7.500000e+00	3.038000e+03	
7.400000e+00	3.044000e+03	
7.400000e+00	3.044000e+03	
8.500000e+00	2.622000e+03	
8.500000e+00	2.622000e+03	
8.000000e+00	2.637000e+03	
8.000000e+00	2.637000e+03	
8.799999e+00	2.618000e+03	
7.600000e+00	2.674000e+03	
7.900000e+00	2.668000e+03	
7.900000e+00	2.668000e+03	
7.500000e+00	3.039000e+03	
8.799999e+00	2.620000e+03	
8.500000e+00	2.623000e+03	
8.500000e+00	2.623000e+03	
8.200000e+00	2.638000e+03	
8.000000e+00	2.639000e+03	
8.799999e+00	2.620000e+03	
7.600000e+00	2.675000e+03	
7.900000e+00	2.669000e+03	
7.400000e+00	3.045000e+03	
7.400000e+00	3.047000e+03	
7.400000e+00	3.047000e+03	
7.500000e+00	3.040000e+03	
8.799999e+00	2.621000e+03	
8.799999e+00	2.621000e+03	
8.500000e+00	2.624000e+03	
8.500000e+00	2.624000e+03	
8.000000e+00	2.640000e+03	
8.000000e+00	2.640000e+03	
8.000000e+00	2.640000e+03	
8.299999e+00	2.638000e+03	
7.600000e+00	2.677000e+03	
7.900000e+00	2.671000e+03	
7.400000e+00	3.048000e+03	
7.400000e+00	3.048000e+03	
7.500000e+00	3.041000e+03	
8.799999e+00	2.622000e+03	
8.500000e+00	2.625000e+03	
8.000000e+00	2.641000e+03	
8.000000e+00	2.641000e+03	
8.000000e+00	2.641000e+03	
7.600000e+00	2.678000e+03	
7.600000e+00	2.678000e+03	
7.900000e+00	2.672000e+03	
7.900000e+00	2.672000e+03	
7.400000e+00	3.049000e+03	
7.400000e+00	3.049000e+03	
7.500000e+00	3.042000e+03	
8.799999e+00	2.623000e+03	
8.500000e+00	2.626000e+03	
8.500000e+00	2.626000e+03	
8.299999e+00	2.641000e+03	
8.000000e+00	2.642000e+03	
8.000000e+00	2.642000e+03	
8.000000e+00	2.642000e+03	
8.000000e+00	2.642000e+03	
8.000000e+00	2.642000e+03	
7.600000e+00	2.679000e+03	
7.900000e+00	2.674000e+03	
8.799999e+00	2.623000e+03	
8.500000e+00	2.626000e+03	
7.400000e+00	3.050000e+03	
7.500000e+00	3.043000e+03	
8.799999e+00	2.624000e+03	
8.799999e+00	2.624000e+03	
8.799999e+00	2.624000e+03	
8.000000e+00	2.643000e+03	
8.500000e+00	2.627000e+03	
7.600000e+00	2.680000e+03	
7.600000e+00	2.680000e+03	
7.900000e+00	2.676000e+03	
7.900000e+00	2.676000e+03	
7.400000e+00	3.052000e+03	
7.500000e+00	3.044000e+03	
7.500000e+00	3.044000e+03	
8.500000e+00	2.628000e+03	
8.799999e+00	2.625000e+03	
8.799999e+00	2.625000e+03	
8.000000e+00	2.644000e+03	
8.000000e+00	2.644000e+03	
8.000000e+00	2.644000e+03	
8.299999e+00	2.643000e+03	
8.000000e+00	2.644000e+03	
8.000000e+00	2.644000e+03	
7.600000e+00	2.683000e+03	
7.600000e+00	2.683000e+03	
7.600000e+00	2.683000e+03	
7.600000e+00	2.683000e+03	
7.600000e+00	2.683000e+03	
7.600000e+00	2.683000e+03	
7.900000e+00	2.677000e+03	
8.000000e+00	2.644000e+03	
7.400000e+00	3.054000e+03	
7.500000e+00	3.046000e+03	
8.799999e+00	2.626000e+03	
8.500000e+00	2.629000e+03	
8.500000e+00	2.629000e+03	
8.100000e+00	2.644000e+03	
8.000000e+00	2.645000e+03	
8.000000e+00	2.645000e+03	
7.700000e+00	2.683000e+03	
7.600000e+00	2.684000e+03	
7.900000e+00	2.678000e+03	
8.000000e+00	2.647000e+03	
8.500000e+00	2.631000e+03	
8.000000e+00	2.647000e+03	
8.500000e+00	2.631000e+03	
7.900000e+00	2.679000e+03	
8.299999e+00	2.645000e+03	
7.500000e+00	3.047000e+03	
7.600000e+00	2.685000e+03	
8.799999e+00	2.627000e+03	
7.400000e+00	3.055000e+03	
