# This file contains the data of final population
# of objectives = 2, # of constraints = 0, # of real_var = 0, # of bits of bin_var = 51, constr_violation, rank, crowding_distance
8.600000e+00	1.005000e+03	
7.800000e+00	1.277000e+03	
8.000000e+00	1.122000e+03	
8.600000e+00	1.005000e+03	
8.600000e+00	1.005000e+03	
8.600000e+00	1.005000e+03	
7.900000e+00	1.516000e+03	
8.000000e+00	1.190000e+03	
8.600000e+00	1.008000e+03	
8.300000e+00	1.169000e+03	
7.900000e+00	1.516000e+03	
8.300000e+00	1.190000e+03	
8.600000e+00	1.009000e+03	
7.900000e+00	1.527000e+03	
8.000000e+00	1.194000e+03	
8.299999e+00	1.218000e+03	
8.600000e+00	1.010000e+03	
7.900000e+00	1.536000e+03	
8.300000e+00	1.215000e+03	
8.000000e+00	1.301000e+03	
8.000000e+00	1.308000e+03	
8.299999e+00	1.232000e+03	
8.300000e+00	1.220000e+03	
8.600000e+00	1.011000e+03	
7.900000e+00	1.540000e+03	
8.100000e+00	1.428000e+03	
8.100000e+00	1.428000e+03	
8.000000e+00	1.472000e+03	
8.000000e+00	1.472000e+03	
8.000000e+00	1.472000e+03	
8.000000e+00	1.472000e+03	
8.000000e+00	1.472000e+03	
8.100000e+00	1.428000e+03	
8.000000e+00	1.472000e+03	
8.000000e+00	1.472000e+03	
8.100000e+00	1.428000e+03	
8.300000e+00	1.253000e+03	
8.600000e+00	1.012000e+03	
7.900000e+00	1.544000e+03	
7.900000e+00	1.544000e+03	
8.000000e+00	1.473000e+03	
8.100000e+00	1.432000e+03	
8.100000e+00	1.432000e+03	
8.100000e+00	1.432000e+03	
8.100000e+00	1.432000e+03	
8.100000e+00	1.432000e+03	
8.100000e+00	1.432000e+03	
8.100000e+00	1.432000e+03	
8.100000e+00	1.432000e+03	
8.100000e+00	1.432000e+03	
8.100000e+00	1.432000e+03	
8.100000e+00	1.432000e+03	
8.000000e+00	1.473000e+03	
8.100000e+00	1.432000e+03	
8.100000e+00	1.432000e+03	
8.100000e+00	1.432000e+03	
8.300000e+00	1.254000e+03	
8.600000e+00	1.015000e+03	
8.600000e+00	1.015000e+03	
8.600000e+00	1.015000e+03	
7.900000e+00	1.546000e+03	
8.000000e+00	1.475000e+03	
8.100000e+00	1.433000e+03	
8.100000e+00	1.433000e+03	
8.100000e+00	1.433000e+03	
8.100000e+00	1.433000e+03	
8.300000e+00	1.257000e+03	
8.300000e+00	1.257000e+03	
8.600000e+00	1.017000e+03	
7.900000e+00	1.548000e+03	
7.900000e+00	1.548000e+03	
7.900000e+00	1.548000e+03	
7.900000e+00	1.548000e+03	
7.900000e+00	1.548000e+03	
7.900000e+00	1.548000e+03	
8.100000e+00	1.435000e+03	
8.100000e+00	1.435000e+03	
8.100000e+00	1.435000e+03	
8.100000e+00	1.435000e+03	
8.100000e+00	1.435000e+03	
8.000000e+00	1.476000e+03	
8.000000e+00	1.476000e+03	
8.000000e+00	1.476000e+03	
8.000000e+00	1.476000e+03	
8.000000e+00	1.476000e+03	
8.000000e+00	1.476000e+03	
8.000000e+00	1.476000e+03	
8.000000e+00	1.476000e+03	
8.000000e+00	1.476000e+03	
8.000000e+00	1.476000e+03	
8.000000e+00	1.476000e+03	
8.000000e+00	1.476000e+03	
8.000000e+00	1.476000e+03	
8.000000e+00	1.476000e+03	
8.000000e+00	1.476000e+03	
7.900000e+00	1.549000e+03	
8.300000e+00	1.258000e+03	
8.600000e+00	1.018000e+03	
7.900000e+00	1.549000e+03	
7.900000e+00	1.549000e+03	
8.000000e+00	1.477000e+03	
8.100000e+00	1.437000e+03	
8.100000e+00	1.437000e+03	
8.100000e+00	1.437000e+03	
8.100000e+00	1.437000e+03	
8.000000e+00	1.477000e+03	
8.300000e+00	1.264000e+03	
8.600000e+00	1.019000e+03	
8.600000e+00	1.019000e+03	
7.900000e+00	1.552000e+03	
7.900000e+00	1.552000e+03	
7.900000e+00	1.552000e+03	
7.900000e+00	1.552000e+03	
7.900000e+00	1.552000e+03	
7.900000e+00	1.552000e+03	
7.900000e+00	1.552000e+03	
7.900000e+00	1.552000e+03	
7.900000e+00	1.552000e+03	
8.600000e+00	1.019000e+03	
7.900000e+00	1.553000e+03	
8.299999e+00	1.437000e+03	
8.100000e+00	1.438000e+03	
8.000000e+00	1.479000e+03	
8.000000e+00	1.479000e+03	
8.000000e+00	1.479000e+03	
8.000000e+00	1.479000e+03	
8.000000e+00	1.479000e+03	
8.000000e+00	1.479000e+03	
8.000000e+00	1.479000e+03	
8.000000e+00	1.479000e+03	
8.000000e+00	1.479000e+03	
8.000000e+00	1.479000e+03	
8.000000e+00	1.479000e+03	
8.300000e+00	1.312000e+03	
8.600000e+00	1.020000e+03	
7.900000e+00	1.553000e+03	
8.100000e+00	1.439000e+03	
8.100000e+00	1.439000e+03	
8.100000e+00	1.439000e+03	
8.100000e+00	1.439000e+03	
8.100000e+00	1.439000e+03	
8.000000e+00	1.480000e+03	
8.000000e+00	1.480000e+03	
8.000000e+00	1.480000e+03	
8.000000e+00	1.480000e+03	
8.300000e+00	1.316000e+03	
7.900000e+00	1.555000e+03	
8.600000e+00	1.023000e+03	
8.600000e+00	1.023000e+03	
8.600000e+00	1.023000e+03	
8.600000e+00	1.023000e+03	
8.600000e+00	1.023000e+03	
8.600000e+00	1.023000e+03	
7.900000e+00	1.555000e+03	
8.299999e+00	1.439000e+03	
8.299999e+00	1.439000e+03	
8.100000e+00	1.441000e+03	
8.299999e+00	1.439000e+03	
8.100000e+00	1.441000e+03	
8.000000e+00	1.481000e+03	
8.000000e+00	1.481000e+03	
8.000000e+00	1.481000e+03	
8.300000e+00	1.319000e+03	
7.900000e+00	1.556000e+03	
7.900000e+00	1.556000e+03	
7.900000e+00	1.556000e+03	
7.900000e+00	1.556000e+03	
7.900000e+00	1.556000e+03	
7.900000e+00	1.556000e+03	
8.600000e+00	1.024000e+03	
8.600000e+00	1.024000e+03	
8.600000e+00	1.024000e+03	
8.100000e+00	1.442000e+03	
8.299999e+00	1.441000e+03	
8.000000e+00	1.483000e+03	
8.000000e+00	1.483000e+03	
8.000000e+00	1.483000e+03	
8.000000e+00	1.483000e+03	
8.000000e+00	1.483000e+03	
8.300000e+00	1.433000e+03	
8.300000e+00	1.433000e+03	
8.300000e+00	1.433000e+03	
8.300000e+00	1.433000e+03	
7.900000e+00	1.559000e+03	
7.900000e+00	1.559000e+03	
7.900000e+00	1.559000e+03	
7.900000e+00	1.559000e+03	
7.900000e+00	1.559000e+03	
7.900000e+00	1.559000e+03	
8.600000e+00	1.025000e+03	
8.600000e+00	1.025000e+03	
8.600000e+00	1.025000e+03	
8.100000e+00	1.443000e+03	
8.100000e+00	1.443000e+03	
8.100000e+00	1.443000e+03	
8.000000e+00	1.487000e+03	
8.000000e+00	1.487000e+03	
8.000000e+00	1.487000e+03	
8.000000e+00	1.487000e+03	
8.000000e+00	1.487000e+03	
8.000000e+00	1.487000e+03	
8.000000e+00	1.487000e+03	
8.000000e+00	1.487000e+03	
8.000000e+00	1.487000e+03	
8.300000e+00	1.434000e+03	
8.600000e+00	1.026000e+03	
7.900000e+00	1.560000e+03	
7.900000e+00	1.560000e+03	
7.900000e+00	1.560000e+03	
7.900000e+00	1.560000e+03	
8.600000e+00	1.026000e+03	
8.600000e+00	1.026000e+03	
8.600000e+00	1.026000e+03	
8.600000e+00	1.026000e+03	
7.900000e+00	1.560000e+03	
8.100000e+00	1.445000e+03	
8.299999e+00	1.443000e+03	
8.299999e+00	1.443000e+03	
8.000000e+00	1.488000e+03	
8.300000e+00	1.438000e+03	
8.400001e+00	1.436000e+03	
8.400001e+00	1.436000e+03	
8.400001e+00	1.436000e+03	
8.400001e+00	1.436000e+03	
7.900000e+00	1.561000e+03	
7.900000e+00	1.561000e+03	
8.600000e+00	1.027000e+03	
8.600000e+00	1.027000e+03	
8.600000e+00	1.027000e+03	
8.100000e+00	1.448000e+03	
8.100000e+00	1.448000e+03	
8.000000e+00	1.490000e+03	
8.400001e+00	1.440000e+03	
8.300000e+00	1.443000e+03	
8.300000e+00	1.443000e+03	
8.300000e+00	1.443000e+03	
8.400001e+00	1.440000e+03	
8.400001e+00	1.440000e+03	
8.400001e+00	1.440000e+03	
8.400001e+00	1.440000e+03	
8.400001e+00	1.440000e+03	
8.400001e+00	1.440000e+03	
8.400001e+00	1.440000e+03	
8.400001e+00	1.440000e+03	
8.600000e+00	1.028000e+03	
7.900000e+00	1.563000e+03	
7.900000e+00	1.563000e+03	
7.900000e+00	1.563000e+03	
8.600000e+00	1.028000e+03	
7.900000e+00	1.563000e+03	
8.600000e+00	1.028000e+03	
7.900000e+00	1.579000e+03	
8.600000e+00	1.032000e+03	
8.400001e+00	1.444000e+03	
8.100000e+00	1.449000e+03	
8.000000e+00	1.491000e+03	
