# This file contains the data of initial population
# of objectives = 2, # of constraints = 0, # of real_var = 5, # of bits of bin_var = 0, constr_violation, rank, crowding_distance
1.110000e+01	1.329000e+03	
1.110000e+01	1.373000e+03	
1.110000e+01	1.313000e+03	
1.110000e+01	1.341000e+03	
1.110000e+01	1.505000e+03	
1.110000e+01	1.363000e+03	
1.110000e+01	1.426000e+03	
1.110000e+01	1.330000e+03	
1.110000e+01	1.311000e+03	
1.110000e+01	1.346000e+03	
1.110000e+01	1.481000e+03	
1.110000e+01	1.510000e+03	
1.110000e+01	1.382000e+03	
1.110000e+01	1.356000e+03	
1.110000e+01	1.311000e+03	
1.110000e+01	1.308000e+03	
1.110000e+01	1.393000e+03	
1.130000e+01	1.390000e+03	
1.110000e+01	1.488000e+03	
1.110000e+01	1.488000e+03	
1.110000e+01	1.451000e+03	
1.110000e+01	1.373000e+03	
1.110000e+01	1.311000e+03	
1.110000e+01	1.429000e+03	
1.110000e+01	1.442000e+03	
1.110000e+01	1.334000e+03	
1.110000e+01	1.389000e+03	
1.110000e+01	1.346000e+03	
1.110000e+01	1.420000e+03	
1.110000e+01	1.425000e+03	
1.110000e+01	1.461000e+03	
1.130000e+01	1.386000e+03	
1.110000e+01	1.339000e+03	
1.110000e+01	1.356000e+03	
1.130000e+01	1.341000e+03	
1.110000e+01	1.323000e+03	
1.100000e+01	1.410000e+03	
1.110000e+01	1.488000e+03	
1.110000e+01	1.412000e+03	
1.130000e+01	1.449000e+03	
1.110000e+01	1.379000e+03	
1.130000e+01	1.332000e+03	
1.110000e+01	1.341000e+03	
1.110000e+01	1.331000e+03	
1.100000e+01	1.327000e+03	
1.110000e+01	1.365000e+03	
1.110000e+01	1.309000e+03	
1.110000e+01	1.426000e+03	
1.110000e+01	1.481000e+03	
1.110000e+01	1.309000e+03	
1.110000e+01	1.451000e+03	
1.110000e+01	1.349000e+03	
1.110000e+01	1.407000e+03	
1.110000e+01	1.481000e+03	
1.110000e+01	1.439000e+03	
1.110000e+01	1.269000e+03	
1.100000e+01	1.345000e+03	
1.110000e+01	1.312000e+03	
1.110000e+01	1.395000e+03	
1.110000e+01	1.329000e+03	
1.110000e+01	1.420000e+03	
1.110000e+01	1.437000e+03	
1.110000e+01	1.482000e+03	
1.110000e+01	1.417000e+03	
1.110000e+01	1.356000e+03	
1.110000e+01	1.332000e+03	
1.130000e+01	1.341000e+03	
1.130000e+01	1.342000e+03	
1.110000e+01	1.312000e+03	
1.110000e+01	1.528000e+03	
1.110000e+01	1.338000e+03	
1.110000e+01	1.399000e+03	
1.110000e+01	1.354000e+03	
1.110000e+01	1.515000e+03	
1.110000e+01	1.335000e+03	
1.110000e+01	1.396000e+03	
1.110000e+01	1.505000e+03	
1.110000e+01	1.302000e+03	
1.110000e+01	1.434000e+03	
1.100000e+01	1.430000e+03	
1.110000e+01	1.341000e+03	
1.110000e+01	1.366000e+03	
1.100000e+01	1.408000e+03	
1.110000e+01	1.432000e+03	
1.130000e+01	1.397000e+03	
1.110000e+01	1.422000e+03	
1.110000e+01	1.451000e+03	
1.110000e+01	1.335000e+03	
1.110000e+01	1.313000e+03	
1.110000e+01	1.339000e+03	
1.110000e+01	1.465000e+03	
1.110000e+01	1.311000e+03	
1.110000e+01	1.451000e+03	
1.130000e+01	1.437000e+03	
1.110000e+01	1.519000e+03	
1.110000e+01	1.379000e+03	
1.110000e+01	1.475000e+03	
1.110000e+01	1.248000e+03	
1.110000e+01	1.447000e+03	
1.110000e+01	1.302000e+03	
1.110000e+01	1.421000e+03	
1.110000e+01	1.514000e+03	
1.110000e+01	1.391000e+03	
1.110000e+01	1.426000e+03	
1.100000e+01	1.353000e+03	
1.110000e+01	1.379000e+03	
1.110000e+01	1.333000e+03	
1.130000e+01	1.341000e+03	
1.110000e+01	1.330000e+03	
1.110000e+01	1.335000e+03	
1.130000e+01	1.386000e+03	
1.110000e+01	1.344000e+03	
1.130000e+01	1.338000e+03	
1.100000e+01	1.327000e+03	
1.110000e+01	1.331000e+03	
1.110000e+01	1.430000e+03	
1.130000e+01	1.451000e+03	
1.110000e+01	1.419000e+03	
1.110000e+01	1.459000e+03	
1.110000e+01	1.388000e+03	
1.130000e+01	1.437000e+03	
1.110000e+01	1.513000e+03	
1.110000e+01	1.437000e+03	
1.110000e+01	1.315000e+03	
1.110000e+01	1.350000e+03	
1.110000e+01	1.311000e+03	
1.110000e+01	1.425000e+03	
1.110000e+01	1.434000e+03	
1.110000e+01	1.461000e+03	
1.100000e+01	1.353000e+03	
1.130000e+01	1.428000e+03	
1.130000e+01	1.428000e+03	
1.110000e+01	1.465000e+03	
1.110000e+01	1.515000e+03	
1.100000e+01	1.345000e+03	
1.110000e+01	1.469000e+03	
1.110000e+01	1.399000e+03	
1.110000e+01	1.296000e+03	
1.110000e+01	1.322000e+03	
1.130000e+01	1.448000e+03	
1.110000e+01	1.433000e+03	
1.130000e+01	1.390000e+03	
1.110000e+01	1.339000e+03	
1.110000e+01	1.362000e+03	
1.130000e+01	1.370000e+03	
1.110000e+01	1.331000e+03	
1.130000e+01	1.320000e+03	
1.110000e+01	1.376000e+03	
1.110000e+01	1.442000e+03	
1.110000e+01	1.426000e+03	
1.110000e+01	1.353000e+03	
1.130000e+01	1.430000e+03	
1.110000e+01	1.370000e+03	
1.100000e+01	1.390000e+03	
1.110000e+01	1.269000e+03	
1.130000e+01	1.483000e+03	
1.110000e+01	1.397000e+03	
1.110000e+01	1.468000e+03	
1.110000e+01	1.460000e+03	
1.110000e+01	1.399000e+03	
1.110000e+01	1.358000e+03	
1.110000e+01	1.302000e+03	
1.110000e+01	1.331000e+03	
1.110000e+01	1.356000e+03	
1.110000e+01	1.370000e+03	
1.110000e+01	1.311000e+03	
1.130000e+01	1.428000e+03	
1.110000e+01	1.471000e+03	
1.110000e+01	1.556000e+03	
1.110000e+01	1.291000e+03	
1.110000e+01	1.488000e+03	
1.110000e+01	1.357000e+03	
1.110000e+01	1.373000e+03	
1.110000e+01	1.433000e+03	
1.130000e+01	1.460000e+03	
1.110000e+01	1.481000e+03	
1.110000e+01	1.331000e+03	
1.130000e+01	1.461000e+03	
1.100000e+01	1.433000e+03	
1.110000e+01	1.411000e+03	
1.130000e+01	1.437000e+03	
1.130000e+01	1.351000e+03	
1.110000e+01	1.484000e+03	
1.130000e+01	1.554000e+03	
1.110000e+01	1.488000e+03	
1.110000e+01	1.427000e+03	
1.110000e+01	1.332000e+03	
1.130000e+01	1.390000e+03	
1.110000e+01	1.472000e+03	
1.130000e+01	1.448000e+03	
1.110000e+01	1.449000e+03	
1.110000e+01	1.356000e+03	
1.110000e+01	1.333000e+03	
1.110000e+01	1.370000e+03	
1.130000e+01	1.457000e+03	
1.110000e+01	1.395000e+03	
1.110000e+01	1.412000e+03	
1.110000e+01	1.380000e+03	
1.110000e+01	1.408000e+03	
1.110000e+01	1.471000e+03	
1.110000e+01	1.302000e+03	
1.110000e+01	1.443000e+03	
1.110000e+01	1.331000e+03	
1.110000e+01	1.411000e+03	
1.110000e+01	1.419000e+03	
1.110000e+01	1.310000e+03	
1.130000e+01	1.339000e+03	
1.130000e+01	1.425000e+03	
1.110000e+01	1.464000e+03	
1.110000e+01	1.458000e+03	
1.110000e+01	1.402000e+03	
1.110000e+01	1.459000e+03	
1.110000e+01	1.439000e+03	
1.110000e+01	1.311000e+03	
1.110000e+01	1.464000e+03	
1.110000e+01	1.329000e+03	
1.110000e+01	1.340000e+03	
1.130000e+01	1.353000e+03	
1.110000e+01	1.409000e+03	
1.130000e+01	1.448000e+03	
1.110000e+01	1.426000e+03	
1.110000e+01	1.513000e+03	
1.110000e+01	1.433000e+03	
1.110000e+01	1.420000e+03	
1.130000e+01	1.425000e+03	
1.110000e+01	1.557000e+03	
1.110000e+01	1.300000e+03	
1.110000e+01	1.451000e+03	
1.110000e+01	1.341000e+03	
1.110000e+01	1.379000e+03	
1.110000e+01	1.332000e+03	
1.110000e+01	1.346000e+03	
1.110000e+01	1.407000e+03	
1.110000e+01	1.407000e+03	
1.100000e+01	1.430000e+03	
1.130000e+01	1.448000e+03	
1.130000e+01	1.339000e+03	
1.110000e+01	1.461000e+03	
1.130000e+01	1.368000e+03	
1.110000e+01	1.313000e+03	
1.110000e+01	1.308000e+03	
1.110000e+01	1.407000e+03	
1.110000e+01	1.557000e+03	
1.110000e+01	1.439000e+03	
1.110000e+01	1.313000e+03	
1.130000e+01	1.336000e+03	
1.110000e+01	1.320000e+03	
1.110000e+01	1.431000e+03	
1.110000e+01	1.368000e+03	
1.110000e+01	1.475000e+03	
1.130000e+01	1.449000e+03	
1.110000e+01	1.558000e+03	
1.110000e+01	1.464000e+03	
1.110000e+01	1.434000e+03	
1.130000e+01	1.451000e+03	
1.110000e+01	1.382000e+03	
