# This file contains the data of initial population
# of objectives = 2, # of constraints = 0, # of real_var = 0, # of bits of bin_var = 28, constr_violation, rank, crowding_distance
4.000000e+00	1.467000e+03	
4.000000e+00	1.446000e+03	
4.000000e+00	1.349000e+03	
4.000000e+00	1.431000e+03	
4.000000e+00	1.353000e+03	
4.000000e+00	1.333000e+03	
4.000000e+00	1.330000e+03	
4.000000e+00	1.314000e+03	
4.000000e+00	1.351000e+03	
4.000000e+00	1.321000e+03	
4.000000e+00	1.433000e+03	
4.000000e+00	1.527000e+03	
4.000000e+00	1.305000e+03	
4.000000e+00	1.366000e+03	
4.000000e+00	1.418000e+03	
4.000000e+00	1.397000e+03	
4.000000e+00	1.405000e+03	
4.000000e+00	1.336000e+03	
4.000000e+00	1.315000e+03	
4.000000e+00	1.423000e+03	
4.000000e+00	1.422000e+03	
4.000000e+00	1.450000e+03	
4.000000e+00	1.449000e+03	
4.000000e+00	1.441000e+03	
4.000000e+00	1.332000e+03	
4.000000e+00	1.432000e+03	
4.000000e+00	1.386000e+03	
4.000000e+00	1.311000e+03	
4.000000e+00	1.359000e+03	
4.000000e+00	1.450000e+03	
4.000000e+00	1.417000e+03	
4.000000e+00	1.341000e+03	
4.000000e+00	1.374000e+03	
4.000000e+00	1.404000e+03	
4.000000e+00	1.400000e+03	
4.000000e+00	1.425000e+03	
4.000000e+00	1.416000e+03	
4.000000e+00	1.297000e+03	
4.000000e+00	1.459000e+03	
4.000000e+00	1.457000e+03	
4.000000e+00	1.293000e+03	
4.000000e+00	1.312000e+03	
4.000000e+00	1.350000e+03	
4.000000e+00	1.357000e+03	
4.000000e+00	1.496000e+03	
4.000000e+00	1.455000e+03	
4.000000e+00	1.306000e+03	
4.000000e+00	1.320000e+03	
4.000000e+00	1.386000e+03	
4.000000e+00	1.462000e+03	
4.000000e+00	1.380000e+03	
4.000000e+00	1.227000e+03	
4.000000e+00	1.398000e+03	
4.000000e+00	1.420000e+03	
4.000000e+00	1.352000e+03	
4.000000e+00	1.424000e+03	
4.000000e+00	1.377000e+03	
4.000000e+00	1.314000e+03	
4.000000e+00	1.361000e+03	
4.000000e+00	1.356000e+03	
4.000000e+00	1.292000e+03	
4.000000e+00	1.417000e+03	
4.000000e+00	1.372000e+03	
4.000000e+00	1.282000e+03	
4.000000e+00	1.425000e+03	
4.000000e+00	1.411000e+03	
4.000000e+00	1.323000e+03	
4.000000e+00	1.410000e+03	
4.000000e+00	1.398000e+03	
4.000000e+00	1.407000e+03	
4.000000e+00	1.458000e+03	
4.000000e+00	1.404000e+03	
4.000000e+00	1.436000e+03	
4.000000e+00	1.456000e+03	
4.000000e+00	1.456000e+03	
4.000000e+00	1.357000e+03	
4.000000e+00	1.320000e+03	
4.000000e+00	1.336000e+03	
4.000000e+00	1.343000e+03	
4.000000e+00	1.391000e+03	
4.000000e+00	1.426000e+03	
4.000000e+00	1.436000e+03	
4.000000e+00	1.286000e+03	
4.000000e+00	1.379000e+03	
4.000000e+00	1.350000e+03	
4.000000e+00	1.406000e+03	
4.000000e+00	1.294000e+03	
4.000000e+00	1.391000e+03	
4.000000e+00	1.328000e+03	
4.000000e+00	1.420000e+03	
4.000000e+00	1.405000e+03	
4.000000e+00	1.400000e+03	
4.000000e+00	1.416000e+03	
4.000000e+00	1.194000e+03	
4.000000e+00	1.339000e+03	
4.000000e+00	1.503000e+03	
4.000000e+00	1.404000e+03	
4.000000e+00	1.391000e+03	
4.000000e+00	1.354000e+03	
4.000000e+00	1.345000e+03	
4.000000e+00	1.405000e+03	
4.000000e+00	1.351000e+03	
4.000000e+00	1.471000e+03	
4.000000e+00	1.387000e+03	
4.000000e+00	1.399000e+03	
4.000000e+00	1.357000e+03	
4.000000e+00	1.329000e+03	
4.000000e+00	1.416000e+03	
4.000000e+00	1.391000e+03	
4.000000e+00	1.387000e+03	
4.000000e+00	1.284000e+03	
4.000000e+00	1.393000e+03	
4.000000e+00	1.323000e+03	
4.000000e+00	1.455000e+03	
4.000000e+00	1.452000e+03	
4.000000e+00	1.386000e+03	
4.000000e+00	1.357000e+03	
4.000000e+00	1.414000e+03	
4.000000e+00	1.401000e+03	
4.000000e+00	1.380000e+03	
4.000000e+00	1.331000e+03	
4.000000e+00	1.449000e+03	
4.000000e+00	1.396000e+03	
4.000000e+00	1.372000e+03	
4.000000e+00	1.406000e+03	
4.000000e+00	1.317000e+03	
4.000000e+00	1.356000e+03	
4.000000e+00	1.406000e+03	
4.000000e+00	1.372000e+03	
4.000000e+00	1.308000e+03	
4.000000e+00	1.307000e+03	
4.000000e+00	1.399000e+03	
4.000000e+00	1.445000e+03	
4.000000e+00	1.372000e+03	
4.000000e+00	1.300000e+03	
4.000000e+00	1.425000e+03	
4.000000e+00	1.329000e+03	
4.000000e+00	1.424000e+03	
4.000000e+00	1.294000e+03	
4.000000e+00	1.426000e+03	
4.000000e+00	1.317000e+03	
4.000000e+00	1.404000e+03	
4.000000e+00	1.439000e+03	
4.000000e+00	1.423000e+03	
4.000000e+00	1.437000e+03	
4.000000e+00	1.368000e+03	
4.000000e+00	1.416000e+03	
4.000000e+00	1.425000e+03	
4.000000e+00	1.291000e+03	
4.000000e+00	1.441000e+03	
4.000000e+00	1.352000e+03	
4.000000e+00	1.380000e+03	
4.000000e+00	1.400000e+03	
4.000000e+00	1.332000e+03	
4.000000e+00	1.519000e+03	
4.000000e+00	1.514000e+03	
4.000000e+00	1.370000e+03	
4.000000e+00	1.425000e+03	
4.000000e+00	1.439000e+03	
4.000000e+00	1.409000e+03	
4.000000e+00	1.347000e+03	
4.000000e+00	1.425000e+03	
4.000000e+00	1.340000e+03	
4.000000e+00	1.314000e+03	
4.000000e+00	1.396000e+03	
4.000000e+00	1.381000e+03	
4.000000e+00	1.490000e+03	
4.000000e+00	1.396000e+03	
4.000000e+00	1.422000e+03	
4.000000e+00	1.456000e+03	
4.000000e+00	1.434000e+03	
4.000000e+00	1.454000e+03	
4.000000e+00	1.380000e+03	
4.000000e+00	1.427000e+03	
4.000000e+00	1.451000e+03	
4.000000e+00	1.402000e+03	
4.000000e+00	1.453000e+03	
4.000000e+00	1.356000e+03	
4.000000e+00	1.431000e+03	
4.000000e+00	1.384000e+03	
4.000000e+00	1.429000e+03	
4.000000e+00	1.325000e+03	
4.000000e+00	1.344000e+03	
4.000000e+00	1.312000e+03	
4.000000e+00	1.494000e+03	
4.000000e+00	1.418000e+03	
4.000000e+00	1.424000e+03	
4.000000e+00	1.281000e+03	
4.000000e+00	1.307000e+03	
4.000000e+00	1.490000e+03	
4.000000e+00	1.407000e+03	
4.000000e+00	1.380000e+03	
4.000000e+00	1.358000e+03	
4.000000e+00	1.365000e+03	
4.000000e+00	1.301000e+03	
4.000000e+00	1.446000e+03	
4.000000e+00	1.403000e+03	
4.000000e+00	1.332000e+03	
4.000000e+00	1.395000e+03	
4.000000e+00	1.398000e+03	
4.000000e+00	1.366000e+03	
4.000000e+00	1.449000e+03	
4.000000e+00	1.298000e+03	
4.000000e+00	1.438000e+03	
4.000000e+00	1.198000e+03	
4.000000e+00	1.482000e+03	
4.000000e+00	1.457000e+03	
4.000000e+00	1.352000e+03	
4.000000e+00	1.217000e+03	
4.000000e+00	1.414000e+03	
4.000000e+00	1.327000e+03	
4.000000e+00	1.487000e+03	
4.000000e+00	1.451000e+03	
4.000000e+00	1.308000e+03	
4.000000e+00	1.430000e+03	
4.000000e+00	1.407000e+03	
4.000000e+00	1.417000e+03	
4.000000e+00	1.374000e+03	
4.000000e+00	1.406000e+03	
4.000000e+00	1.430000e+03	
4.000000e+00	1.367000e+03	
4.000000e+00	1.400000e+03	
4.000000e+00	1.326000e+03	
4.000000e+00	1.510000e+03	
4.000000e+00	1.469000e+03	
4.000000e+00	1.402000e+03	
4.000000e+00	1.327000e+03	
4.000000e+00	1.418000e+03	
4.000000e+00	1.437000e+03	
4.000000e+00	1.307000e+03	
4.000000e+00	1.381000e+03	
4.000000e+00	1.438000e+03	
4.000000e+00	1.453000e+03	
4.000000e+00	1.368000e+03	
4.000000e+00	1.277000e+03	
4.000000e+00	1.413000e+03	
4.000000e+00	1.467000e+03	
4.000000e+00	1.395000e+03	
4.000000e+00	1.336000e+03	
4.000000e+00	1.316000e+03	
4.000000e+00	1.532000e+03	
4.000000e+00	1.394000e+03	
4.000000e+00	1.427000e+03	
4.000000e+00	1.372000e+03	
4.000000e+00	1.476000e+03	
4.000000e+00	1.338000e+03	
4.000000e+00	1.332000e+03	
4.000000e+00	1.254000e+03	
4.000000e+00	1.358000e+03	
4.000000e+00	1.423000e+03	
4.000000e+00	1.405000e+03	
4.000000e+00	1.281000e+03	
4.000000e+00	1.447000e+03	
4.000000e+00	1.390000e+03	
4.000000e+00	1.446000e+03	
4.000000e+00	1.422000e+03	
