# This file contains the data of final population
# of objectives = 2, # of constraints = 0, # of real_var = 0, # of bits of bin_var = 28, constr_violation, rank, crowding_distance
1.470000e+01	1.835700e+04	
1.510000e+01	1.729300e+04	
1.470000e+01	1.864100e+04	
1.620000e+01	1.724900e+04	
1.550000e+01	1.728400e+04	
1.490000e+01	1.733100e+04	
1.480000e+01	1.780200e+04	
1.660000e+01	1.722500e+04	
1.510000e+01	1.731600e+04	
1.500000e+01	1.744700e+04	
1.500000e+01	1.748200e+04	
1.510000e+01	1.741700e+04	
1.490000e+01	1.755300e+04	
1.540000e+01	1.731200e+04	
1.470000e+01	1.844200e+04	
1.560000e+01	1.730700e+04	
1.470000e+01	1.867900e+04	
1.480000e+01	1.796200e+04	
1.480000e+01	1.833000e+04	
1.490000e+01	1.756400e+04	
1.500000e+01	1.750100e+04	
1.470000e+01	1.908200e+04	
1.540000e+01	1.732200e+04	
1.590000e+01	1.731300e+04	
1.470000e+01	1.854200e+04	
1.510000e+01	1.738100e+04	
1.510000e+01	1.740000e+04	
1.530000e+01	1.734800e+04	
1.480000e+01	1.844300e+04	
1.500000e+01	1.751700e+04	
1.500000e+01	1.766700e+04	
1.490000e+01	1.769400e+04	
1.470000e+01	1.919400e+04	
1.560000e+01	1.732900e+04	
1.470000e+01	1.880700e+04	
1.540000e+01	1.734500e+04	
1.590000e+01	1.731400e+04	
1.530000e+01	1.739200e+04	
1.520000e+01	1.740100e+04	
1.510000e+01	1.740300e+04	
1.480000e+01	1.845800e+04	
1.500000e+01	1.754200e+04	
1.490000e+01	1.770300e+04	
1.500000e+01	1.769400e+04	
1.600000e+01	1.731600e+04	
1.640000e+01	1.731400e+04	
1.470000e+01	1.921300e+04	
1.540000e+01	1.734600e+04	
1.560000e+01	1.733900e+04	
1.470000e+01	1.885300e+04	
1.520000e+01	1.741000e+04	
1.510000e+01	1.741600e+04	
1.530000e+01	1.740200e+04	
1.480000e+01	1.847200e+04	
1.500000e+01	1.754400e+04	
1.500000e+01	1.769600e+04	
1.490000e+01	1.773800e+04	
1.600000e+01	1.732400e+04	
1.610000e+01	1.731600e+04	
1.470000e+01	1.938600e+04	
1.540000e+01	1.736100e+04	
1.600000e+01	1.734600e+04	
1.470000e+01	1.889100e+04	
1.560000e+01	1.734900e+04	
1.570000e+01	1.734700e+04	
1.520000e+01	1.743400e+04	
1.510000e+01	1.744300e+04	
1.520000e+01	1.743700e+04	
1.530000e+01	1.741700e+04	
1.590000e+01	1.735100e+04	
1.480000e+01	1.847600e+04	
1.490000e+01	1.784600e+04	
1.500000e+01	1.774600e+04	
1.500000e+01	1.756500e+04	
1.610000e+01	1.732300e+04	
1.570000e+01	1.735200e+04	
1.540000e+01	1.738100e+04	
1.550000e+01	1.736800e+04	
1.470000e+01	1.902900e+04	
1.530000e+01	1.742200e+04	
1.510000e+01	1.746200e+04	
1.520000e+01	1.744300e+04	
1.550000e+01	1.736100e+04	
1.480000e+01	1.851800e+04	
1.500000e+01	1.775300e+04	
1.490000e+01	1.784700e+04	
1.500000e+01	1.756600e+04	
1.600000e+01	1.736500e+04	
1.540000e+01	1.738200e+04	
1.550000e+01	1.736800e+04	
1.470000e+01	1.903300e+04	
1.630000e+01	1.732300e+04	
1.620000e+01	1.734800e+04	
1.530000e+01	1.742500e+04	
1.510000e+01	1.747100e+04	
1.520000e+01	1.744700e+04	
1.480000e+01	1.857300e+04	
1.490000e+01	1.854400e+04	
1.490000e+01	1.785000e+04	
1.500000e+01	1.777300e+04	
1.560000e+01	1.738000e+04	
1.590000e+01	1.737100e+04	
1.470000e+01	1.923600e+04	
1.690000e+01	1.733900e+04	
1.640000e+01	1.735400e+04	
1.690000e+01	1.734700e+04	
1.540000e+01	1.739000e+04	
1.500000e+01	1.757500e+04	
1.530000e+01	1.742900e+04	
1.520000e+01	1.745300e+04	
1.510000e+01	1.748800e+04	
1.510000e+01	1.758100e+04	
1.500000e+01	1.759400e+04	
1.540000e+01	1.739200e+04	
1.480000e+01	1.865500e+04	
1.500000e+01	1.777700e+04	
1.640000e+01	1.736600e+04	
1.470000e+01	1.931700e+04	
1.580000e+01	1.738800e+04	
1.590000e+01	1.737400e+04	
1.490000e+01	1.796500e+04	
1.530000e+01	1.743100e+04	
1.520000e+01	1.745400e+04	
1.510000e+01	1.749200e+04	
1.500000e+01	1.759900e+04	
1.550000e+01	1.740800e+04	
1.540000e+01	1.741300e+04	
1.490000e+01	1.797200e+04	
1.500000e+01	1.778400e+04	
1.640000e+01	1.737400e+04	
1.590000e+01	1.738500e+04	
1.470000e+01	1.932700e+04	
1.580000e+01	1.739000e+04	
1.690000e+01	1.736700e+04	
1.480000e+01	1.867000e+04	
1.530000e+01	1.743400e+04	
1.520000e+01	1.746000e+04	
1.520000e+01	1.747500e+04	
1.510000e+01	1.751000e+04	
1.530000e+01	1.743500e+04	
1.480000e+01	1.867700e+04	
1.500000e+01	1.760300e+04	
1.540000e+01	1.741400e+04	
1.550000e+01	1.740800e+04	
1.490000e+01	1.798900e+04	
1.500000e+01	1.780100e+04	
1.600000e+01	1.739300e+04	
1.590000e+01	1.739800e+04	
1.640000e+01	1.738100e+04	
1.470000e+01	1.966200e+04	
1.690000e+01	1.736700e+04	
1.510000e+01	1.752100e+04	
1.520000e+01	1.748000e+04	
1.520000e+01	1.746200e+04	
1.480000e+01	1.870900e+04	
1.500000e+01	1.760700e+04	
1.540000e+01	1.741600e+04	
1.490000e+01	1.799100e+04	
1.500000e+01	1.782400e+04	
1.640000e+01	1.739800e+04	
1.590000e+01	1.740200e+04	
1.650000e+01	1.738300e+04	
1.510000e+01	1.752600e+04	
1.520000e+01	1.748900e+04	
1.520000e+01	1.748300e+04	
1.530000e+01	1.744900e+04	
1.480000e+01	1.871600e+04	
1.500000e+01	1.761100e+04	
1.540000e+01	1.742900e+04	
1.570000e+01	1.741800e+04	
1.550000e+01	1.742700e+04	
1.560000e+01	1.742000e+04	
1.590000e+01	1.741700e+04	
1.490000e+01	1.802200e+04	
1.500000e+01	1.784600e+04	
1.610000e+01	1.740900e+04	
1.600000e+01	1.741200e+04	
1.650000e+01	1.738900e+04	
1.510000e+01	1.754100e+04	
1.520000e+01	1.750600e+04	
1.530000e+01	1.745100e+04	
1.560000e+01	1.742600e+04	
1.670000e+01	1.739000e+04	
1.480000e+01	1.872600e+04	
1.480000e+01	1.872600e+04	
1.510000e+01	1.761300e+04	
1.510000e+01	1.761200e+04	
1.500000e+01	1.761600e+04	
1.550000e+01	1.742900e+04	
1.590000e+01	1.741800e+04	
1.540000e+01	1.743900e+04	
1.550000e+01	1.743500e+04	
1.490000e+01	1.802900e+04	
1.500000e+01	1.785300e+04	
1.640000e+01	1.741000e+04	
1.510000e+01	1.754400e+04	
1.520000e+01	1.750800e+04	
1.530000e+01	1.746400e+04	
1.480000e+01	1.873200e+04	
1.680000e+01	1.739700e+04	
1.500000e+01	1.762500e+04	
1.510000e+01	1.762300e+04	
1.540000e+01	1.744800e+04	
1.600000e+01	1.742400e+04	
1.550000e+01	1.743600e+04	
1.550000e+01	1.743100e+04	
1.560000e+01	1.742900e+04	
1.490000e+01	1.803000e+04	
1.500000e+01	1.785400e+04	
1.670000e+01	1.741500e+04	
1.510000e+01	1.754600e+04	
1.530000e+01	1.751100e+04	
1.520000e+01	1.752500e+04	
1.530000e+01	1.746800e+04	
1.480000e+01	1.879100e+04	
1.500000e+01	1.762600e+04	
1.550000e+01	1.745000e+04	
1.660000e+01	1.742500e+04	
1.540000e+01	1.745600e+04	
1.550000e+01	1.743400e+04	
1.580000e+01	1.743300e+04	
1.490000e+01	1.804000e+04	
1.500000e+01	1.788400e+04	
1.510000e+01	1.756100e+04	
1.520000e+01	1.753200e+04	
1.530000e+01	1.747300e+04	
1.480000e+01	1.879900e+04	
1.500000e+01	1.763100e+04	
1.510000e+01	1.762800e+04	
1.540000e+01	1.746100e+04	
1.550000e+01	1.745200e+04	
1.560000e+01	1.744000e+04	
1.550000e+01	1.744400e+04	
1.560000e+01	1.743400e+04	
1.490000e+01	1.805800e+04	
1.500000e+01	1.789400e+04	
1.510000e+01	1.756200e+04	
1.520000e+01	1.754300e+04	
1.520000e+01	1.753400e+04	
1.530000e+01	1.747400e+04	
1.480000e+01	1.883400e+04	
1.510000e+01	1.764100e+04	
1.500000e+01	1.764500e+04	
1.560000e+01	1.745900e+04	
1.540000e+01	1.746400e+04	
1.590000e+01	1.743600e+04	
1.560000e+01	1.743900e+04	
1.650000e+01	1.743400e+04	
1.490000e+01	1.808200e+04	
1.500000e+01	1.789900e+04	
1.500000e+01	1.806000e+04	
1.510000e+01	1.756300e+04	
1.520000e+01	1.753700e+04	
1.520000e+01	1.755100e+04	
1.530000e+01	1.748000e+04	
1.530000e+01	1.748400e+04	
