# This file contains the data of initial population
# of objectives = 2, # of constraints = 0, # of real_var = 0, # of bits of bin_var = 90, constr_violation, rank, crowding_distance
5.000000e+00	2.366000e+03	
5.000000e+00	2.436000e+03	
5.000000e+00	2.465000e+03	
5.000000e+00	2.598000e+03	
5.000000e+00	2.391000e+03	
5.000000e+00	2.557000e+03	
5.000000e+00	2.552000e+03	
5.000000e+00	2.381000e+03	
5.000000e+00	2.129000e+03	
5.000000e+00	2.407000e+03	
5.000000e+00	2.620000e+03	
5.000000e+00	2.302000e+03	
5.000000e+00	2.389000e+03	
5.000000e+00	2.523000e+03	
5.000000e+00	2.332000e+03	
5.000000e+00	2.385000e+03	
5.000000e+00	2.318000e+03	
5.000000e+00	2.545000e+03	
5.000000e+00	2.422000e+03	
5.000000e+00	1.958000e+03	
5.000000e+00	2.309000e+03	
5.000000e+00	2.331000e+03	
5.000000e+00	2.487000e+03	
5.000000e+00	2.496000e+03	
5.000000e+00	2.386000e+03	
5.000000e+00	2.523000e+03	
5.000000e+00	2.364000e+03	
5.000000e+00	2.378000e+03	
5.000000e+00	2.326000e+03	
5.000000e+00	2.462000e+03	
5.000000e+00	2.338000e+03	
5.000000e+00	2.339000e+03	
5.000000e+00	2.360000e+03	
5.000000e+00	2.370000e+03	
5.000000e+00	2.315000e+03	
5.000000e+00	2.400000e+03	
5.000000e+00	2.412000e+03	
5.000000e+00	2.320000e+03	
5.000000e+00	2.381000e+03	
5.000000e+00	2.431000e+03	
5.000000e+00	2.413000e+03	
5.000000e+00	2.393000e+03	
5.000000e+00	2.631000e+03	
5.000000e+00	2.405000e+03	
5.000000e+00	2.376000e+03	
5.000000e+00	2.396000e+03	
5.000000e+00	2.505000e+03	
5.000000e+00	2.429000e+03	
5.000000e+00	2.417000e+03	
5.000000e+00	2.508000e+03	
5.000000e+00	2.550000e+03	
5.000000e+00	2.340000e+03	
5.000000e+00	2.376000e+03	
5.000000e+00	2.374000e+03	
5.000000e+00	2.379000e+03	
5.000000e+00	2.487000e+03	
5.000000e+00	2.428000e+03	
5.000000e+00	2.410000e+03	
5.000000e+00	2.505000e+03	
5.000000e+00	2.337000e+03	
5.000000e+00	2.421000e+03	
5.000000e+00	2.502000e+03	
5.000000e+00	2.379000e+03	
5.000000e+00	2.348000e+03	
5.000000e+00	2.313000e+03	
5.000000e+00	2.367000e+03	
5.000000e+00	2.330000e+03	
5.000000e+00	2.459000e+03	
5.000000e+00	2.354000e+03	
5.000000e+00	2.501000e+03	
5.000000e+00	2.333000e+03	
5.000000e+00	2.366000e+03	
5.000000e+00	2.319000e+03	
5.000000e+00	2.149000e+03	
5.000000e+00	2.333000e+03	
5.000000e+00	2.531000e+03	
5.000000e+00	2.380000e+03	
5.000000e+00	2.312000e+03	
5.000000e+00	2.531000e+03	
5.000000e+00	2.343000e+03	
5.000000e+00	2.452000e+03	
5.000000e+00	2.376000e+03	
5.000000e+00	2.354000e+03	
5.000000e+00	2.297000e+03	
5.000000e+00	2.356000e+03	
5.000000e+00	1.818000e+03	
5.000000e+00	2.357000e+03	
5.000000e+00	2.354000e+03	
5.000000e+00	2.511000e+03	
5.000000e+00	2.442000e+03	
5.000000e+00	2.588000e+03	
5.000000e+00	2.644000e+03	
5.000000e+00	2.338000e+03	
5.000000e+00	2.384000e+03	
5.000000e+00	2.380000e+03	
5.000000e+00	2.591000e+03	
5.000000e+00	2.522000e+03	
5.000000e+00	2.319000e+03	
5.000000e+00	2.331000e+03	
5.000000e+00	2.402000e+03	
5.000000e+00	2.157000e+03	
5.000000e+00	2.333000e+03	
5.000000e+00	2.562000e+03	
5.000000e+00	2.324000e+03	
5.000000e+00	2.531000e+03	
5.000000e+00	2.390000e+03	
5.000000e+00	2.456000e+03	
5.000000e+00	2.348000e+03	
5.000000e+00	2.362000e+03	
5.000000e+00	2.367000e+03	
5.000000e+00	2.362000e+03	
5.000000e+00	2.298000e+03	
5.000000e+00	2.513000e+03	
5.000000e+00	2.347000e+03	
5.000000e+00	2.667000e+03	
5.000000e+00	2.373000e+03	
5.000000e+00	2.486000e+03	
5.000000e+00	2.462000e+03	
5.000000e+00	2.381000e+03	
5.000000e+00	2.364000e+03	
5.000000e+00	2.458000e+03	
5.000000e+00	2.432000e+03	
5.000000e+00	2.486000e+03	
5.000000e+00	2.575000e+03	
5.000000e+00	2.375000e+03	
5.000000e+00	2.343000e+03	
5.000000e+00	2.320000e+03	
5.000000e+00	2.473000e+03	
5.000000e+00	2.555000e+03	
5.000000e+00	2.562000e+03	
5.000000e+00	2.348000e+03	
5.000000e+00	2.332000e+03	
5.000000e+00	2.323000e+03	
5.000000e+00	2.382000e+03	
5.000000e+00	2.328000e+03	
5.000000e+00	2.460000e+03	
5.000000e+00	2.329000e+03	
5.000000e+00	2.501000e+03	
5.000000e+00	2.372000e+03	
5.000000e+00	2.384000e+03	
5.000000e+00	1.828000e+03	
5.000000e+00	2.500000e+03	
5.000000e+00	2.626000e+03	
5.000000e+00	2.410000e+03	
5.000000e+00	2.340000e+03	
5.000000e+00	2.371000e+03	
5.000000e+00	2.486000e+03	
5.000000e+00	2.438000e+03	
5.000000e+00	2.548000e+03	
5.000000e+00	2.455000e+03	
5.000000e+00	2.413000e+03	
5.000000e+00	2.283000e+03	
5.000000e+00	2.331000e+03	
5.000000e+00	2.183000e+03	
5.000000e+00	2.303000e+03	
5.000000e+00	2.358000e+03	
5.000000e+00	2.373000e+03	
5.000000e+00	2.538000e+03	
5.000000e+00	2.405000e+03	
5.000000e+00	2.278000e+03	
5.000000e+00	2.380000e+03	
5.000000e+00	2.501000e+03	
5.000000e+00	2.514000e+03	
5.000000e+00	2.447000e+03	
5.000000e+00	2.302000e+03	
5.000000e+00	2.361000e+03	
5.000000e+00	2.585000e+03	
5.000000e+00	2.354000e+03	
5.000000e+00	2.302000e+03	
5.000000e+00	2.544000e+03	
5.000000e+00	2.336000e+03	
5.000000e+00	2.381000e+03	
5.000000e+00	2.336000e+03	
5.000000e+00	2.337000e+03	
5.000000e+00	2.546000e+03	
5.000000e+00	2.548000e+03	
5.000000e+00	2.374000e+03	
5.000000e+00	2.357000e+03	
5.000000e+00	2.357000e+03	
5.000000e+00	2.375000e+03	
5.000000e+00	2.566000e+03	
5.000000e+00	2.457000e+03	
5.000000e+00	2.423000e+03	
5.000000e+00	2.389000e+03	
5.000000e+00	2.314000e+03	
5.000000e+00	2.315000e+03	
5.000000e+00	2.505000e+03	
5.000000e+00	2.383000e+03	
5.000000e+00	2.411000e+03	
5.000000e+00	2.389000e+03	
5.000000e+00	2.576000e+03	
5.000000e+00	2.535000e+03	
5.000000e+00	2.368000e+03	
5.000000e+00	2.346000e+03	
5.000000e+00	2.440000e+03	
5.000000e+00	2.308000e+03	
5.000000e+00	2.359000e+03	
5.000000e+00	2.420000e+03	
5.000000e+00	2.388000e+03	
5.000000e+00	2.373000e+03	
5.000000e+00	2.539000e+03	
5.000000e+00	2.395000e+03	
5.000000e+00	2.367000e+03	
5.000000e+00	2.438000e+03	
5.000000e+00	2.314000e+03	
5.000000e+00	2.360000e+03	
5.000000e+00	2.565000e+03	
5.000000e+00	2.363000e+03	
5.000000e+00	2.364000e+03	
5.000000e+00	2.472000e+03	
5.000000e+00	2.537000e+03	
5.000000e+00	2.597000e+03	
5.000000e+00	2.420000e+03	
5.000000e+00	2.442000e+03	
5.000000e+00	2.357000e+03	
5.000000e+00	2.462000e+03	
5.000000e+00	2.463000e+03	
5.000000e+00	2.426000e+03	
5.000000e+00	2.370000e+03	
5.000000e+00	2.334000e+03	
5.000000e+00	2.399000e+03	
5.000000e+00	2.553000e+03	
5.000000e+00	2.404000e+03	
5.000000e+00	2.400000e+03	
5.000000e+00	2.488000e+03	
5.000000e+00	2.375000e+03	
5.000000e+00	2.265000e+03	
5.000000e+00	2.124000e+03	
5.000000e+00	2.332000e+03	
5.000000e+00	2.557000e+03	
5.000000e+00	2.363000e+03	
5.000000e+00	2.730000e+03	
5.000000e+00	2.465000e+03	
5.000000e+00	2.362000e+03	
5.000000e+00	2.563000e+03	
5.000000e+00	1.856000e+03	
5.000000e+00	2.420000e+03	
5.000000e+00	2.353000e+03	
5.000000e+00	2.330000e+03	
5.000000e+00	2.542000e+03	
5.000000e+00	2.398000e+03	
5.000000e+00	2.342000e+03	
5.000000e+00	2.427000e+03	
5.000000e+00	2.488000e+03	
5.000000e+00	2.424000e+03	
5.000000e+00	1.817000e+03	
5.000000e+00	2.406000e+03	
5.000000e+00	2.326000e+03	
5.000000e+00	2.524000e+03	
5.000000e+00	2.341000e+03	
5.000000e+00	2.375000e+03	
5.000000e+00	2.415000e+03	
5.000000e+00	2.392000e+03	
5.000000e+00	2.324000e+03	
5.000000e+00	2.458000e+03	
5.000000e+00	2.305000e+03	
