# This file contains the data of initial population
# of objectives = 2, # of constraints = 0, # of real_var = 0, # of bits of bin_var = 90, constr_violation, rank, crowding_distance
2.040000e+01	1.833500e+04	
1.940000e+01	1.873700e+04	
1.930000e+01	1.935500e+04	
1.900000e+01	1.965400e+04	
2.140000e+01	1.773400e+04	
2.110000e+01	2.092900e+04	
1.730000e+01	1.808400e+04	
1.940000e+01	2.000600e+04	
2.310000e+01	1.862900e+04	
1.830000e+01	1.837800e+04	
2.130000e+01	1.882000e+04	
1.840000e+01	1.768500e+04	
2.090000e+01	1.822700e+04	
2.100000e+01	1.742700e+04	
2.050000e+01	2.016100e+04	
2.080000e+01	1.792600e+04	
2.140000e+01	1.890300e+04	
1.990000e+01	1.996100e+04	
2.000000e+01	1.825200e+04	
2.100000e+01	1.820300e+04	
2.040000e+01	1.931200e+04	
1.910000e+01	1.943700e+04	
2.140000e+01	1.891200e+04	
1.800000e+01	1.963000e+04	
1.880000e+01	1.923900e+04	
2.190000e+01	2.026500e+04	
1.850000e+01	1.870400e+04	
2.000000e+01	1.955200e+04	
1.900000e+01	1.336200e+04	
1.930000e+01	1.821500e+04	
1.830000e+01	1.830500e+04	
2.110000e+01	1.802800e+04	
1.990000e+01	1.815600e+04	
1.770000e+01	1.781700e+04	
1.870000e+01	1.815300e+04	
2.190000e+01	2.014500e+04	
2.190000e+01	1.778300e+04	
2.200000e+01	2.042300e+04	
2.120000e+01	1.931700e+04	
1.930000e+01	1.959000e+04	
1.820000e+01	1.802000e+04	
2.070000e+01	1.901200e+04	
2.370000e+01	1.973800e+04	
2.040000e+01	2.003000e+04	
2.000000e+01	1.807600e+04	
1.900000e+01	1.841200e+04	
1.800000e+01	1.773800e+04	
2.040000e+01	1.867100e+04	
1.970000e+01	1.856900e+04	
2.100000e+01	1.865200e+04	
2.050000e+01	1.837700e+04	
2.140000e+01	1.886100e+04	
2.270000e+01	1.938700e+04	
1.950000e+01	1.926500e+04	
1.860000e+01	1.847000e+04	
1.920000e+01	1.881400e+04	
2.140000e+01	1.905000e+04	
2.180000e+01	1.837500e+04	
2.000000e+01	1.963200e+04	
1.970000e+01	2.002900e+04	
2.130000e+01	1.964900e+04	
2.130000e+01	1.787000e+04	
1.740000e+01	1.801100e+04	
1.970000e+01	1.987500e+04	
2.140000e+01	1.906700e+04	
1.820000e+01	1.767000e+04	
2.040000e+01	1.911700e+04	
1.940000e+01	1.853600e+04	
1.980000e+01	1.780900e+04	
1.800000e+01	1.800300e+04	
2.130000e+01	1.849000e+04	
1.980000e+01	1.809900e+04	
1.800000e+01	1.893900e+04	
1.740000e+01	1.872000e+04	
2.510000e+01	2.011200e+04	
1.910000e+01	1.853700e+04	
2.140000e+01	2.017600e+04	
1.960000e+01	1.995800e+04	
1.970000e+01	2.001200e+04	
2.470000e+01	1.905900e+04	
2.130000e+01	1.851000e+04	
2.040000e+01	1.926200e+04	
1.890000e+01	1.999900e+04	
2.130000e+01	1.783100e+04	
2.130000e+01	2.041200e+04	
2.140000e+01	1.731600e+04	
2.130000e+01	1.851300e+04	
2.110000e+01	1.947300e+04	
1.760000e+01	1.789700e+04	
2.080000e+01	1.773800e+04	
1.770000e+01	1.784600e+04	
1.900000e+01	1.783100e+04	
2.100000e+01	1.823300e+04	
2.380000e+01	1.962900e+04	
2.370000e+01	1.937600e+04	
2.470000e+01	1.928900e+04	
1.930000e+01	1.754700e+04	
2.030000e+01	1.864200e+04	
1.860000e+01	1.818000e+04	
1.790000e+01	1.817600e+04	
1.840000e+01	1.814400e+04	
2.190000e+01	1.762300e+04	
1.980000e+01	1.789400e+04	
1.980000e+01	1.792600e+04	
1.870000e+01	1.799400e+04	
2.030000e+01	1.899200e+04	
1.750000e+01	1.891500e+04	
2.080000e+01	1.835600e+04	
1.770000e+01	1.852300e+04	
1.870000e+01	1.988400e+04	
2.070000e+01	1.821800e+04	
2.040000e+01	1.904600e+04	
2.130000e+01	1.755700e+04	
1.990000e+01	1.881200e+04	
2.100000e+01	1.822700e+04	
2.030000e+01	1.889000e+04	
1.800000e+01	1.863100e+04	
2.140000e+01	1.821900e+04	
2.100000e+01	1.805300e+04	
2.130000e+01	1.932700e+04	
2.190000e+01	1.852100e+04	
2.070000e+01	2.046200e+04	
2.100000e+01	1.752400e+04	
1.990000e+01	1.842400e+04	
2.100000e+01	1.804300e+04	
1.770000e+01	1.820000e+04	
1.920000e+01	1.818600e+04	
2.120000e+01	1.754900e+04	
2.080000e+01	1.795500e+04	
1.990000e+01	1.905800e+04	
2.080000e+01	1.779000e+04	
1.990000e+01	1.864500e+04	
2.000000e+01	1.821900e+04	
2.020000e+01	1.769700e+04	
1.760000e+01	1.784500e+04	
2.010000e+01	1.800800e+04	
1.870000e+01	1.824200e+04	
2.080000e+01	1.692500e+04	
1.840000e+01	1.866800e+04	
1.790000e+01	1.805900e+04	
2.100000e+01	1.638100e+04	
1.990000e+01	1.833900e+04	
1.930000e+01	1.785000e+04	
2.040000e+01	1.812000e+04	
1.880000e+01	1.936200e+04	
2.100000e+01	1.889400e+04	
2.140000e+01	1.916400e+04	
2.100000e+01	2.017600e+04	
2.100000e+01	1.987700e+04	
1.980000e+01	1.856400e+04	
2.030000e+01	1.836200e+04	
1.960000e+01	2.002900e+04	
2.080000e+01	1.856600e+04	
2.060000e+01	1.752900e+04	
1.820000e+01	1.925600e+04	
2.050000e+01	2.112400e+04	
2.040000e+01	1.812100e+04	
1.990000e+01	1.828000e+04	
1.820000e+01	1.821700e+04	
1.910000e+01	1.966000e+04	
1.990000e+01	1.867500e+04	
1.740000e+01	1.779700e+04	
2.080000e+01	1.770800e+04	
2.000000e+01	1.869700e+04	
1.790000e+01	1.782500e+04	
2.190000e+01	1.816100e+04	
2.090000e+01	1.815200e+04	
2.020000e+01	1.337900e+04	
2.100000e+01	1.948400e+04	
1.830000e+01	1.982000e+04	
2.090000e+01	1.937500e+04	
1.940000e+01	1.890100e+04	
1.990000e+01	1.965200e+04	
1.810000e+01	1.924000e+04	
2.370000e+01	1.911700e+04	
2.200000e+01	1.756500e+04	
2.000000e+01	1.827800e+04	
2.190000e+01	1.848400e+04	
2.250000e+01	1.871500e+04	
2.270000e+01	1.871300e+04	
2.080000e+01	1.891800e+04	
2.190000e+01	1.771000e+04	
1.770000e+01	1.871100e+04	
2.130000e+01	1.779700e+04	
2.130000e+01	1.786800e+04	
2.100000e+01	1.812400e+04	
1.860000e+01	1.855000e+04	
2.030000e+01	1.803900e+04	
1.810000e+01	1.835600e+04	
2.290000e+01	1.957600e+04	
2.140000e+01	1.847000e+04	
2.050000e+01	1.884200e+04	
2.150000e+01	1.956000e+04	
2.140000e+01	1.902900e+04	
2.020000e+01	1.974000e+04	
1.890000e+01	1.771600e+04	
2.090000e+01	1.918900e+04	
2.130000e+01	1.784600e+04	
2.100000e+01	2.051700e+04	
2.280000e+01	1.869600e+04	
1.970000e+01	1.803000e+04	
2.470000e+01	1.853600e+04	
2.230000e+01	1.812400e+04	
2.100000e+01	1.825900e+04	
1.820000e+01	1.947700e+04	
1.980000e+01	1.826400e+04	
2.170000e+01	1.815000e+04	
2.060000e+01	1.978500e+04	
1.770000e+01	1.739000e+04	
2.040000e+01	1.853600e+04	
1.880000e+01	1.829000e+04	
2.140000e+01	1.916500e+04	
2.190000e+01	1.779100e+04	
2.110000e+01	1.932400e+04	
2.140000e+01	1.916700e+04	
2.080000e+01	1.792400e+04	
1.840000e+01	1.909800e+04	
2.010000e+01	1.916100e+04	
2.100000e+01	1.799500e+04	
1.860000e+01	1.933300e+04	
1.770000e+01	1.893100e+04	
1.930000e+01	1.766300e+04	
1.940000e+01	1.797400e+04	
2.040000e+01	1.921700e+04	
1.790000e+01	1.805000e+04	
2.080000e+01	1.879100e+04	
2.140000e+01	1.850900e+04	
1.980000e+01	1.323400e+04	
1.860000e+01	1.906100e+04	
2.090000e+01	1.839600e+04	
2.190000e+01	1.761900e+04	
1.720000e+01	1.799100e+04	
1.930000e+01	1.825500e+04	
1.820000e+01	1.783800e+04	
1.930000e+01	1.853700e+04	
2.130000e+01	1.837600e+04	
1.950000e+01	1.906900e+04	
2.130000e+01	2.081700e+04	
1.860000e+01	1.853500e+04	
2.140000e+01	1.809600e+04	
2.020000e+01	1.504900e+04	
2.080000e+01	1.833000e+04	
1.880000e+01	1.922500e+04	
1.790000e+01	1.874200e+04	
2.140000e+01	1.827900e+04	
2.310000e+01	1.870500e+04	
2.280000e+01	1.953100e+04	
2.110000e+01	1.970300e+04	
2.050000e+01	1.835700e+04	
2.040000e+01	1.776400e+04	
2.370000e+01	1.890600e+04	
1.990000e+01	1.820200e+04	
1.900000e+01	1.959100e+04	
1.880000e+01	1.866000e+04	
1.990000e+01	1.830600e+04	
2.130000e+01	2.012200e+04	
