# This file contains the data of final population
# of objectives = 2, # of constraints = 0, # of real_var = 0, # of bits of bin_var = 90, constr_violation, rank, crowding_distance
1.660000e+01	1.758300e+04	
1.670000e+01	1.749800e+04	
1.880000e+01	1.292800e+04	
1.770000e+01	1.692100e+04	
1.630000e+01	1.791200e+04	
1.740000e+01	1.703200e+04	
1.690000e+01	1.704400e+04	
1.680000e+01	1.731200e+04	
1.930000e+01	1.281400e+04	
1.760000e+01	1.702400e+04	
1.900000e+01	1.287100e+04	
1.800000e+01	1.330900e+04	
1.670000e+01	1.739200e+04	
1.860000e+01	1.321200e+04	
1.670000e+01	1.740100e+04	
1.650000e+01	1.795800e+04	
1.870000e+01	1.334000e+04	
1.840000e+01	1.351400e+04	
1.800000e+01	1.450800e+04	
1.760000e+01	1.702700e+04	
1.680000e+01	1.737100e+04	
1.730000e+01	1.707300e+04	
1.650000e+01	1.840800e+04	
1.690000e+01	1.716900e+04	
1.790000e+01	1.693800e+04	
1.700000e+01	1.715700e+04	
1.880000e+01	1.294000e+04	
1.720000e+01	1.707500e+04	
1.770000e+01	1.698400e+04	
1.900000e+01	1.291100e+04	
1.710000e+01	1.713600e+04	
1.930000e+01	1.281700e+04	
1.660000e+01	1.767900e+04	
1.670000e+01	1.741400e+04	
1.670000e+01	1.759700e+04	
1.960000e+01	1.282700e+04	
1.960000e+01	1.282700e+04	
1.770000e+01	1.699200e+04	
1.720000e+01	1.708700e+04	
1.790000e+01	1.697000e+04	
1.690000e+01	1.718700e+04	
1.710000e+01	1.717100e+04	
1.730000e+01	1.708400e+04	
1.760000e+01	1.703300e+04	
1.840000e+01	1.352300e+04	
1.880000e+01	1.294300e+04	
1.800000e+01	1.451000e+04	
1.770000e+01	1.703100e+04	
1.680000e+01	1.749300e+04	
1.680000e+01	1.756700e+04	
1.660000e+01	1.782600e+04	
1.900000e+01	1.293500e+04	
1.930000e+01	1.282800e+04	
1.720000e+01	1.709900e+04	
1.670000e+01	1.762100e+04	
1.930000e+01	1.283400e+04	
1.960000e+01	1.282800e+04	
1.800000e+01	1.452000e+04	
1.690000e+01	1.719800e+04	
1.850000e+01	1.382000e+04	
1.760000e+01	1.705100e+04	
1.770000e+01	1.704600e+04	
1.710000e+01	1.717600e+04	
1.880000e+01	1.294900e+04	
1.790000e+01	1.699700e+04	
1.760000e+01	1.709800e+04	
1.870000e+01	1.359000e+04	
1.680000e+01	1.749600e+04	
1.660000e+01	1.793600e+04	
1.670000e+01	1.766500e+04	
1.930000e+01	1.283700e+04	
1.960000e+01	1.283000e+04	
1.870000e+01	1.366400e+04	
1.760000e+01	1.710200e+04	
1.820000e+01	1.452500e+04	
1.810000e+01	1.452700e+04	
1.770000e+01	1.705600e+04	
1.690000e+01	1.723600e+04	
1.710000e+01	1.720600e+04	
1.700000e+01	1.721400e+04	
1.760000e+01	1.706000e+04	
1.880000e+01	1.296100e+04	
1.800000e+01	1.701100e+04	
1.790000e+01	1.701400e+04	
1.680000e+01	1.752800e+04	
1.680000e+01	1.755000e+04	
1.660000e+01	1.804500e+04	
1.720000e+01	1.714400e+04	
1.730000e+01	1.711100e+04	
1.670000e+01	1.768500e+04	
1.960000e+01	1.283100e+04	
1.930000e+01	1.283800e+04	
1.680000e+01	1.754400e+04	
1.780000e+01	1.707000e+04	
1.710000e+01	1.720800e+04	
1.690000e+01	1.723700e+04	
1.770000e+01	1.707900e+04	
1.760000e+01	1.708500e+04	
1.880000e+01	1.296800e+04	
1.790000e+01	1.702300e+04	
1.810000e+01	1.455600e+04	
1.680000e+01	1.767900e+04	
1.660000e+01	1.810900e+04	
1.670000e+01	1.810800e+04	
1.720000e+01	1.716400e+04	
1.730000e+01	1.711500e+04	
1.670000e+01	1.769500e+04	
1.930000e+01	1.283900e+04	
1.930000e+01	1.283900e+04	
1.690000e+01	1.724500e+04	
1.870000e+01	1.456100e+04	
1.810000e+01	1.463700e+04	
1.930000e+01	1.296800e+04	
1.710000e+01	1.721500e+04	
1.760000e+01	1.708700e+04	
1.880000e+01	1.298100e+04	
1.790000e+01	1.703300e+04	
1.660000e+01	1.811700e+04	
1.680000e+01	1.758700e+04	
1.960000e+01	1.283300e+04	
1.960000e+01	1.283300e+04	
1.720000e+01	1.718000e+04	
1.760000e+01	1.713700e+04	
1.730000e+01	1.713900e+04	
1.670000e+01	1.771600e+04	
1.870000e+01	1.459900e+04	
1.930000e+01	1.284000e+04	
1.710000e+01	1.721900e+04	
1.810000e+01	1.464300e+04	
1.760000e+01	1.710300e+04	
1.710000e+01	1.721900e+04	
1.880000e+01	1.302700e+04	
1.790000e+01	1.704700e+04	
1.660000e+01	1.828600e+04	
1.680000e+01	1.763100e+04	
1.690000e+01	1.724900e+04	
2.240000e+01	1.283500e+04	
1.960000e+01	1.283700e+04	
1.930000e+01	1.284000e+04	
1.730000e+01	1.714700e+04	
1.720000e+01	1.719500e+04	
1.760000e+01	1.713800e+04	
1.960000e+01	1.283800e+04	
1.670000e+01	1.778500e+04	
1.680000e+01	1.774800e+04	
1.930000e+01	1.284100e+04	
1.840000e+01	1.466900e+04	
1.810000e+01	1.469600e+04	
1.900000e+01	1.303400e+04	
1.880000e+01	1.303600e+04	
1.760000e+01	1.711100e+04	
1.770000e+01	1.710500e+04	
1.660000e+01	1.835000e+04	
1.710000e+01	1.722900e+04	
1.690000e+01	1.766200e+04	
1.690000e+01	1.725400e+04	
1.700000e+01	1.725300e+04	
1.870000e+01	1.460600e+04	
2.240000e+01	1.283700e+04	
1.720000e+01	1.719800e+04	
1.730000e+01	1.715900e+04	
1.730000e+01	1.715900e+04	
1.670000e+01	1.780600e+04	
1.930000e+01	1.284200e+04	
1.930000e+01	1.284200e+04	
1.960000e+01	1.284100e+04	
1.710000e+01	1.724600e+04	
1.840000e+01	1.478300e+04	
1.870000e+01	1.468200e+04	
1.810000e+01	1.493300e+04	
1.820000e+01	1.485900e+04	
1.900000e+01	1.303700e+04	
1.880000e+01	1.313700e+04	
1.880000e+01	1.308600e+04	
1.780000e+01	1.710900e+04	
1.770000e+01	1.711500e+04	
1.760000e+01	1.711700e+04	
1.660000e+01	1.836200e+04	
1.690000e+01	1.726500e+04	
2.240000e+01	1.284000e+04	
1.720000e+01	1.721000e+04	
1.730000e+01	1.716200e+04	
1.760000e+01	1.716100e+04	
1.670000e+01	1.782900e+04	
1.930000e+01	1.284300e+04	
1.930000e+01	1.284300e+04	
1.710000e+01	1.725200e+04	
1.870000e+01	1.632800e+04	
1.810000e+01	1.709100e+04	
1.820000e+01	1.696900e+04	
1.860000e+01	1.638600e+04	
1.830000e+01	1.640600e+04	
1.820000e+01	1.693200e+04	
1.880000e+01	1.313900e+04	
1.920000e+01	1.305900e+04	
1.900000e+01	1.306400e+04	
1.760000e+01	1.711900e+04	
1.660000e+01	1.845700e+04	
1.700000e+01	1.726800e+04	
1.700000e+01	1.727900e+04	
1.690000e+01	1.729300e+04	
1.720000e+01	1.721200e+04	
1.760000e+01	1.716800e+04	
1.730000e+01	1.717100e+04	
1.670000e+01	1.783000e+04	
1.960000e+01	1.284300e+04	
1.930000e+01	1.284500e+04	
1.710000e+01	1.725800e+04	
1.710000e+01	1.725800e+04	
1.820000e+01	1.701600e+04	
1.860000e+01	1.640200e+04	
1.840000e+01	1.642900e+04	
1.810000e+01	1.710000e+04	
1.880000e+01	1.314900e+04	
1.900000e+01	1.307000e+04	
1.770000e+01	1.712000e+04	
1.760000e+01	1.712300e+04	
1.700000e+01	1.728900e+04	
1.690000e+01	1.729500e+04	
1.690000e+01	1.729500e+04	
1.700000e+01	1.727100e+04	
1.820000e+01	1.700900e+04	
1.720000e+01	1.722700e+04	
1.730000e+01	1.718300e+04	
1.740000e+01	1.717500e+04	
1.760000e+01	1.716900e+04	
1.670000e+01	1.783200e+04	
1.930000e+01	1.284600e+04	
1.930000e+01	1.284600e+04	
1.960000e+01	1.284500e+04	
1.930000e+01	1.284600e+04	
1.710000e+01	1.727700e+04	
1.850000e+01	1.643600e+04	
1.840000e+01	1.649900e+04	
1.860000e+01	1.641200e+04	
1.910000e+01	1.307300e+04	
1.900000e+01	1.308200e+04	
1.880000e+01	1.316500e+04	
1.760000e+01	1.713600e+04	
1.770000e+01	1.712500e+04	
1.820000e+01	1.702100e+04	
1.690000e+01	1.730700e+04	
1.700000e+01	1.728800e+04	
1.720000e+01	1.723200e+04	
1.730000e+01	1.719000e+04	
1.840000e+01	1.653200e+04	
1.690000e+01	1.731200e+04	
1.820000e+01	1.702300e+04	
1.930000e+01	1.284800e+04	
1.860000e+01	1.641800e+04	
1.880000e+01	1.318600e+04	
1.670000e+01	1.787500e+04	
2.240000e+01	1.284500e+04	
1.720000e+01	1.723700e+04	
1.730000e+01	1.719900e+04	
1.740000e+01	1.719500e+04	
