# This file contains the data of final population
# of objectives = 2, # of constraints = 0, # of real_var = 0, # of bits of bin_var = 28, constr_violation, rank, crowding_distance
1.320000e+01	1.299100e+04	
1.310000e+01	1.299700e+04	
1.340000e+01	1.291700e+04	
1.260000e+01	1.336000e+04	
1.280000e+01	1.316800e+04	
1.270000e+01	1.328800e+04	
1.290000e+01	1.315000e+04	
1.330000e+01	1.298100e+04	
1.260000e+01	1.334500e+04	
1.300000e+01	1.304000e+04	
1.250000e+01	1.340100e+04	
1.270000e+01	1.328800e+04	
1.340000e+01	1.294100e+04	
1.260000e+01	1.336000e+04	
1.310000e+01	1.304000e+04	
1.270000e+01	1.329600e+04	
1.290000e+01	1.315500e+04	
1.330000e+01	1.299600e+04	
1.260000e+01	1.336800e+04	
1.280000e+01	1.321400e+04	
1.340000e+01	1.294100e+04	
1.380000e+01	1.291700e+04	
1.290000e+01	1.318900e+04	
1.310000e+01	1.303900e+04	
1.320000e+01	1.303300e+04	
1.250000e+01	1.344900e+04	
1.300000e+01	1.307900e+04	
1.260000e+01	1.336000e+04	
1.260000e+01	1.336000e+04	
1.300000e+01	1.308100e+04	
1.250000e+01	1.346000e+04	
1.290000e+01	1.315800e+04	
1.260000e+01	1.341400e+04	
1.310000e+01	1.304000e+04	
1.290000e+01	1.320100e+04	
1.330000e+01	1.301400e+04	
1.280000e+01	1.322500e+04	
1.340000e+01	1.300000e+04	
1.340000e+01	1.297700e+04	
1.350000e+01	1.295200e+04	
1.350000e+01	1.295200e+04	
1.270000e+01	1.329700e+04	
1.260000e+01	1.336700e+04	
1.310000e+01	1.304100e+04	
1.300000e+01	1.308500e+04	
1.340000e+01	1.300300e+04	
1.250000e+01	1.346900e+04	
1.310000e+01	1.305500e+04	
1.310000e+01	1.304600e+04	
1.340000e+01	1.300300e+04	
1.340000e+01	1.297900e+04	
1.280000e+01	1.322900e+04	
1.330000e+01	1.301600e+04	
1.290000e+01	1.320900e+04	
1.270000e+01	1.330100e+04	
1.260000e+01	1.341700e+04	
1.290000e+01	1.317700e+04	
1.260000e+01	1.339300e+04	
1.300000e+01	1.308800e+04	
1.260000e+01	1.341400e+04	
1.250000e+01	1.349800e+04	
1.250000e+01	1.349800e+04	
1.290000e+01	1.318300e+04	
1.310000e+01	1.308200e+04	
1.320000e+01	1.304600e+04	
1.310000e+01	1.305300e+04	
1.310000e+01	1.305300e+04	
1.290000e+01	1.322200e+04	
1.340000e+01	1.298600e+04	
1.280000e+01	1.323300e+04	
1.330000e+01	1.301800e+04	
1.270000e+01	1.331000e+04	
1.270000e+01	1.330300e+04	
1.260000e+01	1.341900e+04	
1.300000e+01	1.317900e+04	
1.340000e+01	1.301000e+04	
1.360000e+01	1.298400e+04	
1.340000e+01	1.299400e+04	
1.320000e+01	1.304700e+04	
1.300000e+01	1.310500e+04	
1.250000e+01	1.354800e+04	
1.280000e+01	1.325000e+04	
1.350000e+01	1.298600e+04	
1.310000e+01	1.308500e+04	
1.310000e+01	1.306600e+04	
1.270000e+01	1.331200e+04	
1.290000e+01	1.322600e+04	
1.330000e+01	1.302100e+04	
1.270000e+01	1.331200e+04	
1.260000e+01	1.343600e+04	
1.300000e+01	1.318200e+04	
1.290000e+01	1.318700e+04	
1.260000e+01	1.341900e+04	
1.340000e+01	1.301600e+04	
1.260000e+01	1.342400e+04	
1.300000e+01	1.310700e+04	
1.290000e+01	1.322800e+04	
1.340000e+01	1.301800e+04	
1.250000e+01	1.355200e+04	
1.310000e+01	1.307300e+04	
1.310000e+01	1.308800e+04	
1.320000e+01	1.307000e+04	
1.290000e+01	1.322800e+04	
1.330000e+01	1.303300e+04	
1.270000e+01	1.332500e+04	
1.260000e+01	1.343900e+04	
1.350000e+01	1.299100e+04	
1.280000e+01	1.325100e+04	
1.300000e+01	1.318700e+04	
1.290000e+01	1.319100e+04	
1.270000e+01	1.332000e+04	
1.380000e+01	1.298800e+04	
1.340000e+01	1.300200e+04	
1.350000e+01	1.299600e+04	
1.340000e+01	1.300200e+04	
1.290000e+01	1.323500e+04	
1.300000e+01	1.311700e+04	
1.300000e+01	1.318800e+04	
1.340000e+01	1.302200e+04	
1.250000e+01	1.356200e+04	
1.310000e+01	1.309000e+04	
1.310000e+01	1.309000e+04	
1.330000e+01	1.303700e+04	
1.270000e+01	1.332600e+04	
1.310000e+01	1.307600e+04	
1.260000e+01	1.344200e+04	
1.350000e+01	1.299200e+04	
1.290000e+01	1.319900e+04	
1.320000e+01	1.307100e+04	
1.260000e+01	1.342900e+04	
1.340000e+01	1.300900e+04	
1.330000e+01	1.303700e+04	
1.280000e+01	1.325900e+04	
1.280000e+01	1.326100e+04	
1.290000e+01	1.320300e+04	
1.300000e+01	1.311800e+04	
1.330000e+01	1.307100e+04	
1.320000e+01	1.307400e+04	
1.300000e+01	1.320200e+04	
1.250000e+01	1.356900e+04	
1.260000e+01	1.344400e+04	
1.330000e+01	1.303900e+04	
1.330000e+01	1.303900e+04	
1.310000e+01	1.307900e+04	
1.350000e+01	1.299500e+04	
1.310000e+01	1.309100e+04	
1.340000e+01	1.302600e+04	
1.290000e+01	1.323700e+04	
1.260000e+01	1.343800e+04	
1.270000e+01	1.332800e+04	
1.350000e+01	1.301300e+04	
1.340000e+01	1.301400e+04	
1.290000e+01	1.320400e+04	
1.280000e+01	1.326200e+04	
1.270000e+01	1.333500e+04	
1.270000e+01	1.333500e+04	
1.330000e+01	1.304200e+04	
1.300000e+01	1.311900e+04	
1.340000e+01	1.302900e+04	
1.250000e+01	1.357000e+04	
1.310000e+01	1.309200e+04	
1.310000e+01	1.308500e+04	
1.350000e+01	1.300300e+04	
1.260000e+01	1.344600e+04	
1.320000e+01	1.307600e+04	
1.290000e+01	1.324400e+04	
1.340000e+01	1.301600e+04	
1.350000e+01	1.301500e+04	
1.290000e+01	1.320400e+04	
1.280000e+01	1.326400e+04	
1.270000e+01	1.333600e+04	
1.270000e+01	1.333600e+04	
1.300000e+01	1.312000e+04	
1.320000e+01	1.308000e+04	
1.320000e+01	1.308000e+04	
1.340000e+01	1.303100e+04	
1.340000e+01	1.303100e+04	
1.250000e+01	1.359000e+04	
1.310000e+01	1.310200e+04	
1.350000e+01	1.301000e+04	
1.310000e+01	1.308600e+04	
1.260000e+01	1.345100e+04	
1.330000e+01	1.304300e+04	
1.290000e+01	1.324600e+04	
1.340000e+01	1.301900e+04	
1.290000e+01	1.320500e+04	
1.290000e+01	1.320500e+04	
1.300000e+01	1.320400e+04	
1.280000e+01	1.326600e+04	
1.270000e+01	1.333800e+04	
1.260000e+01	1.345500e+04	
1.300000e+01	1.312100e+04	
1.320000e+01	1.308100e+04	
1.340000e+01	1.303200e+04	
1.310000e+01	1.310700e+04	
1.310000e+01	1.310700e+04	
1.310000e+01	1.308700e+04	
1.260000e+01	1.345600e+04	
1.350000e+01	1.301200e+04	
1.250000e+01	1.365600e+04	
1.330000e+01	1.304400e+04	
1.290000e+01	1.324900e+04	
1.340000e+01	1.302100e+04	
1.290000e+01	1.320800e+04	
1.280000e+01	1.326800e+04	
1.270000e+01	1.334000e+04	
1.300000e+01	1.312700e+04	
1.320000e+01	1.308400e+04	
1.340000e+01	1.303900e+04	
1.260000e+01	1.346100e+04	
1.310000e+01	1.311000e+04	
1.310000e+01	1.309100e+04	
1.260000e+01	1.346200e+04	
1.350000e+01	1.301600e+04	
1.360000e+01	1.301200e+04	
1.250000e+01	1.367100e+04	
1.320000e+01	1.308400e+04	
1.330000e+01	1.304600e+04	
1.290000e+01	1.325000e+04	
1.340000e+01	1.302500e+04	
1.300000e+01	1.320800e+04	
1.290000e+01	1.321000e+04	
1.280000e+01	1.326900e+04	
1.270000e+01	1.334100e+04	
1.300000e+01	1.313100e+04	
1.320000e+01	1.308500e+04	
1.320000e+01	1.308500e+04	
1.340000e+01	1.304100e+04	
1.310000e+01	1.311200e+04	
1.260000e+01	1.346200e+04	
1.310000e+01	1.309400e+04	
1.260000e+01	1.346500e+04	
1.380000e+01	1.301300e+04	
1.250000e+01	1.367300e+04	
1.350000e+01	1.301900e+04	
1.330000e+01	1.304700e+04	
1.290000e+01	1.325200e+04	
1.340000e+01	1.302800e+04	
1.290000e+01	1.321100e+04	
1.290000e+01	1.321100e+04	
1.380000e+01	1.301900e+04	
1.250000e+01	1.368200e+04	
1.260000e+01	1.347100e+04	
1.350000e+01	1.302100e+04	
1.300000e+01	1.313200e+04	
1.280000e+01	1.327600e+04	
1.290000e+01	1.321300e+04	
1.260000e+01	1.346300e+04	
1.270000e+01	1.334600e+04	
1.320000e+01	1.308900e+04	
1.330000e+01	1.305200e+04	
1.270000e+01	1.334400e+04	
1.290000e+01	1.325700e+04	
1.310000e+01	1.311400e+04	
1.310000e+01	1.309900e+04	
1.340000e+01	1.303200e+04	
