# This file contains the data of initial population
# of objectives = 2, # of constraints = 0, # of real_var = 35, # of bits of bin_var = 0, constr_violation, rank, crowding_distance
7.000000e+00	1.903000e+03	
7.000000e+00	1.930000e+03	
7.000000e+00	1.946000e+03	
7.000000e+00	1.929000e+03	
7.000000e+00	1.892000e+03	
7.000000e+00	1.921000e+03	
7.000000e+00	1.893000e+03	
7.000000e+00	1.926000e+03	
7.000000e+00	1.874000e+03	
7.000000e+00	1.905000e+03	
7.000000e+00	1.900000e+03	
7.000000e+00	1.932000e+03	
7.000000e+00	1.860000e+03	
7.000000e+00	1.883000e+03	
7.000000e+00	1.969000e+03	
7.000000e+00	1.872000e+03	
7.000000e+00	1.901000e+03	
7.000000e+00	1.901000e+03	
7.000000e+00	1.931000e+03	
7.000000e+00	1.881000e+03	
7.000000e+00	1.946000e+03	
7.000000e+00	1.893000e+03	
7.000000e+00	1.951000e+03	
7.000000e+00	1.895000e+03	
7.000000e+00	1.908000e+03	
7.000000e+00	1.921000e+03	
7.000000e+00	1.895000e+03	
7.000000e+00	1.879000e+03	
7.000000e+00	1.923000e+03	
7.000000e+00	1.915000e+03	
7.000000e+00	1.921000e+03	
7.000000e+00	1.912000e+03	
7.000000e+00	1.901000e+03	
7.000000e+00	1.902000e+03	
7.000000e+00	1.917000e+03	
7.000000e+00	1.907000e+03	
7.000000e+00	1.909000e+03	
7.000000e+00	1.878000e+03	
7.000000e+00	1.887000e+03	
7.000000e+00	1.915000e+03	
7.000000e+00	1.910000e+03	
7.000000e+00	1.893000e+03	
7.000000e+00	1.942000e+03	
7.000000e+00	1.897000e+03	
7.000000e+00	1.928000e+03	
7.000000e+00	1.919000e+03	
7.000000e+00	1.913000e+03	
7.000000e+00	1.929000e+03	
7.000000e+00	1.911000e+03	
7.000000e+00	1.884000e+03	
7.000000e+00	1.886000e+03	
7.000000e+00	1.927000e+03	
7.000000e+00	1.897000e+03	
7.000000e+00	1.909000e+03	
7.000000e+00	1.919000e+03	
7.000000e+00	1.903000e+03	
7.000000e+00	1.950000e+03	
7.000000e+00	1.934000e+03	
7.000000e+00	1.941000e+03	
7.000000e+00	1.901000e+03	
7.000000e+00	1.900000e+03	
7.000000e+00	1.944000e+03	
7.000000e+00	1.919000e+03	
7.000000e+00	1.946000e+03	
7.000000e+00	1.857000e+03	
7.000000e+00	1.932000e+03	
7.000000e+00	1.862000e+03	
7.000000e+00	1.933000e+03	
7.000000e+00	1.888000e+03	
7.000000e+00	1.877000e+03	
7.000000e+00	1.914000e+03	
7.000000e+00	1.914000e+03	
7.000000e+00	1.891000e+03	
7.000000e+00	1.877000e+03	
7.000000e+00	1.901000e+03	
7.000000e+00	1.936000e+03	
7.000000e+00	1.919000e+03	
7.000000e+00	1.864000e+03	
7.000000e+00	1.907000e+03	
7.000000e+00	1.894000e+03	
7.000000e+00	1.902000e+03	
7.000000e+00	1.902000e+03	
7.000000e+00	1.930000e+03	
7.000000e+00	1.932000e+03	
7.000000e+00	1.914000e+03	
7.000000e+00	1.901000e+03	
7.000000e+00	1.919000e+03	
7.000000e+00	1.877000e+03	
7.000000e+00	1.882000e+03	
7.000000e+00	1.895000e+03	
7.000000e+00	1.934000e+03	
7.000000e+00	1.874000e+03	
7.000000e+00	1.884000e+03	
7.000000e+00	1.876000e+03	
7.000000e+00	1.873000e+03	
7.000000e+00	1.934000e+03	
7.000000e+00	1.938000e+03	
7.000000e+00	1.859000e+03	
7.000000e+00	1.928000e+03	
7.000000e+00	1.914000e+03	
7.000000e+00	1.889000e+03	
7.000000e+00	1.936000e+03	
7.000000e+00	1.911000e+03	
7.000000e+00	1.881000e+03	
7.000000e+00	1.904000e+03	
7.000000e+00	1.917000e+03	
7.000000e+00	1.918000e+03	
7.000000e+00	1.935000e+03	
7.000000e+00	1.902000e+03	
7.000000e+00	1.946000e+03	
7.000000e+00	1.896000e+03	
7.000000e+00	1.921000e+03	
7.000000e+00	1.888000e+03	
7.000000e+00	1.930000e+03	
7.000000e+00	1.920000e+03	
7.000000e+00	1.900000e+03	
7.000000e+00	1.928000e+03	
7.000000e+00	1.922000e+03	
7.000000e+00	1.911000e+03	
7.000000e+00	1.936000e+03	
7.000000e+00	1.899000e+03	
7.000000e+00	1.911000e+03	
7.000000e+00	1.904000e+03	
7.000000e+00	1.930000e+03	
7.000000e+00	1.892000e+03	
7.000000e+00	1.885000e+03	
7.000000e+00	1.902000e+03	
7.000000e+00	1.900000e+03	
7.000000e+00	1.883000e+03	
7.000000e+00	1.895000e+03	
7.000000e+00	1.893000e+03	
7.000000e+00	1.891000e+03	
7.000000e+00	1.911000e+03	
7.000000e+00	1.908000e+03	
7.000000e+00	1.919000e+03	
7.000000e+00	1.917000e+03	
7.000000e+00	1.888000e+03	
7.000000e+00	1.887000e+03	
7.000000e+00	1.945000e+03	
7.000000e+00	1.934000e+03	
7.000000e+00	1.938000e+03	
7.000000e+00	1.834000e+03	
7.000000e+00	1.891000e+03	
7.000000e+00	1.894000e+03	
7.000000e+00	1.887000e+03	
7.000000e+00	1.933000e+03	
7.000000e+00	1.951000e+03	
7.000000e+00	1.923000e+03	
7.000000e+00	1.883000e+03	
7.000000e+00	1.886000e+03	
7.000000e+00	1.901000e+03	
7.000000e+00	1.905000e+03	
7.000000e+00	1.899000e+03	
7.000000e+00	1.896000e+03	
7.000000e+00	1.913000e+03	
7.000000e+00	1.880000e+03	
7.000000e+00	1.901000e+03	
7.000000e+00	1.864000e+03	
7.000000e+00	1.882000e+03	
7.000000e+00	1.882000e+03	
7.000000e+00	1.901000e+03	
7.000000e+00	1.865000e+03	
7.000000e+00	1.906000e+03	
7.000000e+00	1.885000e+03	
7.000000e+00	1.877000e+03	
7.000000e+00	1.895000e+03	
7.000000e+00	1.887000e+03	
7.000000e+00	1.887000e+03	
7.000000e+00	1.904000e+03	
7.000000e+00	1.872000e+03	
7.000000e+00	1.908000e+03	
7.000000e+00	1.903000e+03	
7.000000e+00	1.915000e+03	
7.000000e+00	1.910000e+03	
7.000000e+00	1.893000e+03	
7.000000e+00	1.899000e+03	
7.000000e+00	1.890000e+03	
7.000000e+00	1.897000e+03	
7.000000e+00	1.943000e+03	
7.000000e+00	1.897000e+03	
7.000000e+00	1.895000e+03	
7.000000e+00	1.919000e+03	
7.000000e+00	1.885000e+03	
7.000000e+00	1.862000e+03	
7.000000e+00	1.922000e+03	
7.000000e+00	1.880000e+03	
7.000000e+00	1.928000e+03	
7.000000e+00	1.943000e+03	
7.000000e+00	1.929000e+03	
7.000000e+00	1.885000e+03	
7.000000e+00	1.915000e+03	
7.000000e+00	1.908000e+03	
7.000000e+00	1.907000e+03	
7.000000e+00	1.922000e+03	
7.000000e+00	1.868000e+03	
7.000000e+00	1.877000e+03	
7.000000e+00	1.896000e+03	
7.000000e+00	1.894000e+03	
7.000000e+00	1.911000e+03	
7.000000e+00	1.932000e+03	
7.000000e+00	1.887000e+03	
7.000000e+00	1.929000e+03	
7.000000e+00	1.882000e+03	
7.000000e+00	1.903000e+03	
7.000000e+00	1.927000e+03	
7.000000e+00	1.855000e+03	
7.000000e+00	1.909000e+03	
7.000000e+00	1.845000e+03	
7.000000e+00	1.938000e+03	
7.000000e+00	1.910000e+03	
7.000000e+00	1.896000e+03	
7.000000e+00	1.969000e+03	
7.000000e+00	1.925000e+03	
7.000000e+00	1.933000e+03	
7.000000e+00	1.887000e+03	
7.000000e+00	1.898000e+03	
7.000000e+00	1.938000e+03	
7.000000e+00	1.893000e+03	
7.000000e+00	1.920000e+03	
7.000000e+00	1.933000e+03	
7.000000e+00	1.950000e+03	
7.000000e+00	1.879000e+03	
7.000000e+00	1.905000e+03	
7.000000e+00	1.920000e+03	
7.000000e+00	1.896000e+03	
7.000000e+00	1.880000e+03	
7.000000e+00	1.921000e+03	
7.000000e+00	1.891000e+03	
7.000000e+00	1.903000e+03	
7.000000e+00	1.896000e+03	
7.000000e+00	1.884000e+03	
7.000000e+00	1.854000e+03	
7.000000e+00	1.884000e+03	
7.000000e+00	1.948000e+03	
7.000000e+00	1.895000e+03	
7.000000e+00	1.882000e+03	
7.000000e+00	1.931000e+03	
7.000000e+00	1.938000e+03	
7.000000e+00	1.911000e+03	
7.000000e+00	1.930000e+03	
7.000000e+00	1.921000e+03	
7.000000e+00	1.912000e+03	
7.000000e+00	1.884000e+03	
7.000000e+00	1.922000e+03	
7.000000e+00	1.892000e+03	
7.000000e+00	1.911000e+03	
7.000000e+00	1.908000e+03	
7.000000e+00	1.914000e+03	
7.000000e+00	1.914000e+03	
7.000000e+00	1.873000e+03	
7.000000e+00	1.968000e+03	
7.000000e+00	1.904000e+03	
7.000000e+00	1.877000e+03	
7.000000e+00	1.905000e+03	
7.000000e+00	1.914000e+03	
7.000000e+00	1.863000e+03	
