# This file contains the data of initial population
# of objectives = 2, # of constraints = 0, # of real_var = 0, # of bits of bin_var = 62, constr_violation, rank, crowding_distance
7.700000e+00	9.510000e+02	
7.300000e+00	9.580000e+02	
7.800000e+00	8.980000e+02	
7.700000e+00	9.730000e+02	
7.800000e+00	8.700000e+02	
7.100000e+00	9.420000e+02	
7.800000e+00	8.710000e+02	
7.300000e+00	1.045000e+03	
6.900000e+00	1.089000e+03	
7.100000e+00	1.076000e+03	
7.200000e+00	9.850000e+02	
7.700000e+00	8.880000e+02	
7.800000e+00	8.860000e+02	
7.600000e+00	1.018000e+03	
7.700000e+00	9.290000e+02	
7.100000e+00	1.018000e+03	
7.100000e+00	1.087000e+03	
7.700000e+00	9.660000e+02	
7.800000e+00	9.140000e+02	
7.300000e+00	9.750000e+02	
7.800000e+00	9.110000e+02	
7.800000e+00	8.450000e+02	
7.300000e+00	9.840000e+02	
6.800000e+00	9.660000e+02	
7.100000e+00	1.002000e+03	
7.600000e+00	9.660000e+02	
7.700000e+00	9.600000e+02	
6.800000e+00	1.045000e+03	
7.200000e+00	1.036000e+03	
7.700000e+00	9.620000e+02	
7.800000e+00	9.850000e+02	
6.800000e+00	9.730000e+02	
7.800000e+00	8.310000e+02	
7.200000e+00	1.046000e+03	
7.300000e+00	9.790000e+02	
7.700000e+00	1.000000e+03	
6.800000e+00	1.032000e+03	
6.800000e+00	1.010000e+03	
7.300000e+00	1.022000e+03	
7.100000e+00	1.007000e+03	
7.700000e+00	1.020000e+03	
7.700000e+00	9.980000e+02	
8.200000e+00	1.067000e+03	
7.000000e+00	1.038000e+03	
7.200000e+00	8.910000e+02	
7.700000e+00	1.056000e+03	
7.800000e+00	9.210000e+02	
7.700000e+00	9.500000e+02	
7.700000e+00	1.029000e+03	
7.700000e+00	8.840000e+02	
6.900000e+00	1.097000e+03	
6.800000e+00	1.023000e+03	
6.800000e+00	9.910000e+02	
6.800000e+00	9.530000e+02	
7.700000e+00	1.084000e+03	
7.800000e+00	1.012000e+03	
7.700000e+00	1.019000e+03	
7.800000e+00	8.970000e+02	
6.700000e+00	1.051000e+03	
8.200000e+00	1.013000e+03	
7.700000e+00	9.210000e+02	
7.100000e+00	9.220000e+02	
6.800000e+00	9.890000e+02	
7.700000e+00	9.890000e+02	
7.800000e+00	8.880000e+02	
7.700000e+00	9.650000e+02	
6.800000e+00	9.620000e+02	
7.800000e+00	8.940000e+02	
7.700000e+00	8.640000e+02	
6.800000e+00	9.910000e+02	
7.700000e+00	9.390000e+02	
6.800000e+00	9.960000e+02	
6.800000e+00	9.870000e+02	
6.800000e+00	9.490000e+02	
6.800000e+00	1.069000e+03	
7.300000e+00	1.070000e+03	
7.800000e+00	8.980000e+02	
7.700000e+00	9.870000e+02	
7.300000e+00	1.024000e+03	
7.800000e+00	8.690000e+02	
7.700000e+00	1.003000e+03	
7.700000e+00	1.005000e+03	
6.800000e+00	1.020000e+03	
7.800000e+00	8.560000e+02	
7.700000e+00	8.870000e+02	
7.800000e+00	9.530000e+02	
7.700000e+00	1.041000e+03	
7.100000e+00	9.010000e+02	
7.700000e+00	1.037000e+03	
7.800000e+00	8.820000e+02	
6.800000e+00	1.102000e+03	
7.300000e+00	1.146000e+03	
6.800000e+00	9.810000e+02	
7.800000e+00	8.850000e+02	
6.800000e+00	9.400000e+02	
7.700000e+00	9.550000e+02	
8.200000e+00	1.078000e+03	
7.800000e+00	8.630000e+02	
7.100000e+00	1.018000e+03	
7.700000e+00	9.560000e+02	
8.700000e+00	1.002000e+03	
7.200000e+00	1.004000e+03	
7.100000e+00	1.040000e+03	
7.300000e+00	1.129000e+03	
6.800000e+00	9.720000e+02	
7.800000e+00	8.900000e+02	
7.700000e+00	1.002000e+03	
7.300000e+00	9.680000e+02	
8.200000e+00	1.065000e+03	
7.700000e+00	9.970000e+02	
6.800000e+00	9.470000e+02	
6.800000e+00	1.050000e+03	
7.700000e+00	9.200000e+02	
7.800000e+00	8.480000e+02	
7.100000e+00	1.056000e+03	
6.800000e+00	1.005000e+03	
8.100000e+00	8.950000e+02	
7.500000e+00	9.950000e+02	
7.800000e+00	9.770000e+02	
7.700000e+00	9.010000e+02	
6.800000e+00	1.000000e+03	
7.100000e+00	9.570000e+02	
7.800000e+00	8.980000e+02	
7.700000e+00	1.032000e+03	
8.200000e+00	9.440000e+02	
6.800000e+00	9.870000e+02	
7.300000e+00	1.052000e+03	
7.300000e+00	9.310000e+02	
7.700000e+00	8.830000e+02	
7.300000e+00	1.084000e+03	
7.700000e+00	9.220000e+02	
7.800000e+00	8.570000e+02	
7.300000e+00	9.930000e+02	
7.200000e+00	9.470000e+02	
7.700000e+00	1.010000e+03	
7.200000e+00	1.122000e+03	
7.300000e+00	1.112000e+03	
6.800000e+00	9.480000e+02	
7.200000e+00	9.320000e+02	
7.600000e+00	1.015000e+03	
6.800000e+00	1.096000e+03	
7.300000e+00	1.012000e+03	
7.800000e+00	9.170000e+02	
7.800000e+00	8.650000e+02	
7.800000e+00	8.640000e+02	
8.200000e+00	9.560000e+02	
6.800000e+00	1.002000e+03	
6.800000e+00	9.870000e+02	
7.400000e+00	9.190000e+02	
7.700000e+00	1.042000e+03	
7.800000e+00	8.800000e+02	
7.700000e+00	8.480000e+02	
7.800000e+00	8.520000e+02	
7.800000e+00	8.780000e+02	
7.800000e+00	8.330000e+02	
7.800000e+00	8.440000e+02	
7.800000e+00	1.101000e+03	
6.800000e+00	1.080000e+03	
7.700000e+00	8.440000e+02	
7.700000e+00	9.790000e+02	
6.800000e+00	1.012000e+03	
7.300000e+00	1.049000e+03	
7.700000e+00	1.019000e+03	
7.700000e+00	1.045000e+03	
7.700000e+00	1.008000e+03	
7.800000e+00	8.980000e+02	
7.800000e+00	9.040000e+02	
6.800000e+00	9.950000e+02	
7.100000e+00	9.250000e+02	
6.800000e+00	9.030000e+02	
7.100000e+00	1.065000e+03	
7.800000e+00	9.090000e+02	
7.300000e+00	9.850000e+02	
7.300000e+00	1.057000e+03	
7.800000e+00	1.026000e+03	
6.800000e+00	9.880000e+02	
7.200000e+00	9.650000e+02	
7.800000e+00	8.490000e+02	
6.800000e+00	9.970000e+02	
7.700000e+00	9.900000e+02	
7.700000e+00	8.920000e+02	
6.900000e+00	9.580000e+02	
6.800000e+00	1.011000e+03	
7.800000e+00	9.580000e+02	
7.800000e+00	8.760000e+02	
7.700000e+00	1.030000e+03	
7.800000e+00	8.450000e+02	
7.800000e+00	8.950000e+02	
7.800000e+00	8.460000e+02	
7.800000e+00	8.990000e+02	
7.000000e+00	1.039000e+03	
7.600000e+00	1.057000e+03	
7.800000e+00	8.870000e+02	
7.700000e+00	8.920000e+02	
7.100000e+00	9.190000e+02	
7.700000e+00	8.860000e+02	
7.700000e+00	9.500000e+02	
7.100000e+00	1.062000e+03	
7.700000e+00	9.820000e+02	
7.700000e+00	1.007000e+03	
7.800000e+00	8.650000e+02	
7.300000e+00	9.990000e+02	
7.800000e+00	8.410000e+02	
7.700000e+00	1.084000e+03	
7.800000e+00	8.760000e+02	
7.800000e+00	9.760000e+02	
7.300000e+00	9.970000e+02	
7.700000e+00	9.690000e+02	
7.700000e+00	9.760000e+02	
7.800000e+00	8.420000e+02	
7.200000e+00	1.032000e+03	
7.700000e+00	1.010000e+03	
7.800000e+00	8.710000e+02	
7.100000e+00	9.640000e+02	
7.700000e+00	8.590000e+02	
6.800000e+00	1.009000e+03	
6.800000e+00	9.820000e+02	
7.200000e+00	9.800000e+02	
7.700000e+00	9.600000e+02	
7.700000e+00	9.620000e+02	
7.200000e+00	9.220000e+02	
7.800000e+00	8.700000e+02	
7.100000e+00	1.048000e+03	
6.800000e+00	9.930000e+02	
7.800000e+00	9.000000e+02	
6.800000e+00	9.810000e+02	
7.800000e+00	9.000000e+02	
7.700000e+00	1.081000e+03	
7.300000e+00	1.008000e+03	
7.800000e+00	9.420000e+02	
7.200000e+00	1.036000e+03	
6.800000e+00	9.910000e+02	
6.800000e+00	1.024000e+03	
7.200000e+00	1.053000e+03	
6.700000e+00	9.160000e+02	
7.700000e+00	9.960000e+02	
7.300000e+00	1.031000e+03	
6.800000e+00	8.930000e+02	
7.800000e+00	9.260000e+02	
7.200000e+00	9.230000e+02	
7.700000e+00	9.830000e+02	
6.800000e+00	9.340000e+02	
6.800000e+00	1.009000e+03	
7.300000e+00	9.330000e+02	
7.700000e+00	9.340000e+02	
8.200000e+00	1.043000e+03	
7.800000e+00	8.530000e+02	
7.800000e+00	8.700000e+02	
7.800000e+00	8.640000e+02	
7.300000e+00	1.051000e+03	
7.300000e+00	1.065000e+03	
7.800000e+00	1.016000e+03	
7.300000e+00	9.380000e+02	
7.100000e+00	1.049000e+03	
6.800000e+00	9.470000e+02	
7.200000e+00	9.550000e+02	
