# This file contains the data of initial population
# of objectives = 2, # of constraints = 0, # of real_var = 0, # of bits of bin_var = 25, constr_violation, rank, crowding_distance
5.900000e+00	7.600000e+02	
6.100000e+00	7.990000e+02	
6.100000e+00	8.160000e+02	
6.800000e+00	8.060000e+02	
6.100000e+00	8.160000e+02	
6.100000e+00	8.160000e+02	
6.100000e+00	7.170000e+02	
6.300000e+00	8.070000e+02	
6.100000e+00	8.160000e+02	
6.100000e+00	8.160000e+02	
6.100000e+00	7.650000e+02	
6.100000e+00	8.160000e+02	
6.100000e+00	7.560000e+02	
6.100000e+00	8.160000e+02	
6.100000e+00	8.160000e+02	
6.100000e+00	8.160000e+02	
6.100000e+00	8.160000e+02	
6.100000e+00	7.220000e+02	
6.100000e+00	7.610000e+02	
6.100000e+00	8.160000e+02	
6.100000e+00	7.990000e+02	
6.100000e+00	8.160000e+02	
6.100000e+00	7.790000e+02	
6.100000e+00	8.160000e+02	
6.100000e+00	7.990000e+02	
6.100000e+00	7.160000e+02	
6.100000e+00	8.160000e+02	
6.100000e+00	7.330000e+02	
6.100000e+00	8.160000e+02	
6.100000e+00	8.160000e+02	
6.100000e+00	7.610000e+02	
6.100000e+00	8.020000e+02	
6.100000e+00	8.160000e+02	
6.100000e+00	5.460000e+02	
6.100000e+00	8.160000e+02	
6.100000e+00	8.020000e+02	
6.100000e+00	7.990000e+02	
6.100000e+00	8.100000e+02	
6.100000e+00	8.020000e+02	
6.100000e+00	8.160000e+02	
6.100000e+00	7.640000e+02	
6.100000e+00	5.460000e+02	
6.100000e+00	8.160000e+02	
6.100000e+00	7.920000e+02	
6.100000e+00	7.650000e+02	
6.100000e+00	8.160000e+02	
6.100000e+00	8.160000e+02	
6.100000e+00	8.160000e+02	
6.100000e+00	8.160000e+02	
6.100000e+00	7.840000e+02	
6.100000e+00	8.160000e+02	
6.100000e+00	8.160000e+02	
6.100000e+00	7.370000e+02	
6.100000e+00	8.160000e+02	
6.100000e+00	7.560000e+02	
6.100000e+00	7.650000e+02	
6.100000e+00	8.160000e+02	
6.100000e+00	8.160000e+02	
6.100000e+00	8.020000e+02	
6.100000e+00	8.030000e+02	
6.100000e+00	8.160000e+02	
6.100000e+00	7.780000e+02	
6.100000e+00	7.730000e+02	
6.100000e+00	8.130000e+02	
6.100000e+00	7.990000e+02	
6.100000e+00	7.220000e+02	
6.100000e+00	8.160000e+02	
6.100000e+00	8.160000e+02	
6.100000e+00	8.160000e+02	
6.100000e+00	7.630000e+02	
6.100000e+00	8.160000e+02	
6.100000e+00	5.460000e+02	
6.800000e+00	7.940000e+02	
6.100000e+00	7.330000e+02	
6.100000e+00	8.160000e+02	
6.100000e+00	7.990000e+02	
6.100000e+00	7.330000e+02	
6.100000e+00	7.630000e+02	
6.100000e+00	8.160000e+02	
6.100000e+00	7.610000e+02	
6.100000e+00	7.990000e+02	
6.100000e+00	7.640000e+02	
6.100000e+00	7.990000e+02	
6.100000e+00	8.080000e+02	
6.100000e+00	8.160000e+02	
6.100000e+00	8.160000e+02	
6.100000e+00	8.160000e+02	
6.100000e+00	7.990000e+02	
6.100000e+00	8.130000e+02	
6.100000e+00	8.160000e+02	
6.100000e+00	7.990000e+02	
6.100000e+00	7.680000e+02	
6.100000e+00	7.500000e+02	
6.100000e+00	8.020000e+02	
6.100000e+00	7.630000e+02	
6.800000e+00	7.980000e+02	
6.100000e+00	8.160000e+02	
6.100000e+00	7.200000e+02	
6.100000e+00	8.160000e+02	
6.100000e+00	8.160000e+02	
6.100000e+00	7.170000e+02	
6.300000e+00	7.960000e+02	
6.100000e+00	8.130000e+02	
6.100000e+00	7.650000e+02	
6.100000e+00	8.160000e+02	
6.100000e+00	8.160000e+02	
6.100000e+00	8.160000e+02	
6.100000e+00	7.990000e+02	
6.100000e+00	7.920000e+02	
6.100000e+00	8.160000e+02	
6.100000e+00	8.160000e+02	
6.100000e+00	7.730000e+02	
6.100000e+00	8.160000e+02	
6.100000e+00	8.160000e+02	
6.100000e+00	8.060000e+02	
5.900000e+00	7.670000e+02	
6.100000e+00	8.160000e+02	
6.100000e+00	8.160000e+02	
6.100000e+00	7.840000e+02	
6.100000e+00	7.990000e+02	
6.100000e+00	7.990000e+02	
6.200000e+00	7.390000e+02	
6.100000e+00	8.160000e+02	
6.100000e+00	7.370000e+02	
6.100000e+00	7.600000e+02	
6.100000e+00	7.630000e+02	
6.100000e+00	7.990000e+02	
6.100000e+00	8.160000e+02	
6.100000e+00	8.160000e+02	
6.100000e+00	8.160000e+02	
6.100000e+00	8.160000e+02	
6.100000e+00	8.160000e+02	
6.100000e+00	8.020000e+02	
6.100000e+00	7.990000e+02	
6.100000e+00	7.330000e+02	
5.900000e+00	7.130000e+02	
6.100000e+00	7.610000e+02	
6.100000e+00	7.650000e+02	
6.100000e+00	8.160000e+02	
6.100000e+00	8.160000e+02	
6.100000e+00	8.160000e+02	
6.100000e+00	8.020000e+02	
6.100000e+00	8.160000e+02	
6.100000e+00	8.160000e+02	
6.100000e+00	8.160000e+02	
6.100000e+00	8.160000e+02	
5.900000e+00	7.720000e+02	
6.100000e+00	8.160000e+02	
6.100000e+00	7.990000e+02	
6.100000e+00	8.020000e+02	
6.100000e+00	7.680000e+02	
6.100000e+00	7.990000e+02	
6.100000e+00	7.650000e+02	
6.100000e+00	7.990000e+02	
6.100000e+00	7.220000e+02	
6.100000e+00	7.680000e+02	
6.100000e+00	7.990000e+02	
6.100000e+00	7.970000e+02	
6.100000e+00	7.720000e+02	
6.100000e+00	7.990000e+02	
6.100000e+00	7.990000e+02	
6.100000e+00	8.160000e+02	
6.100000e+00	8.160000e+02	
6.100000e+00	7.090000e+02	
5.900000e+00	7.190000e+02	
6.100000e+00	8.160000e+02	
6.100000e+00	7.990000e+02	
6.100000e+00	7.730000e+02	
5.900000e+00	7.550000e+02	
6.100000e+00	8.160000e+02	
6.100000e+00	8.160000e+02	
6.100000e+00	7.170000e+02	
6.100000e+00	8.160000e+02	
6.100000e+00	7.650000e+02	
6.100000e+00	8.160000e+02	
6.100000e+00	8.160000e+02	
6.100000e+00	8.160000e+02	
6.100000e+00	7.650000e+02	
6.100000e+00	7.640000e+02	
6.100000e+00	8.160000e+02	
6.100000e+00	8.020000e+02	
6.100000e+00	8.160000e+02	
6.100000e+00	8.080000e+02	
6.100000e+00	8.160000e+02	
6.100000e+00	8.160000e+02	
6.100000e+00	8.160000e+02	
6.100000e+00	7.990000e+02	
6.100000e+00	7.230000e+02	
6.100000e+00	8.160000e+02	
6.100000e+00	7.990000e+02	
6.100000e+00	8.160000e+02	
6.100000e+00	7.570000e+02	
6.100000e+00	7.990000e+02	
6.100000e+00	7.990000e+02	
6.100000e+00	8.020000e+02	
6.100000e+00	8.160000e+02	
6.100000e+00	7.650000e+02	
6.100000e+00	5.460000e+02	
6.100000e+00	7.220000e+02	
6.100000e+00	7.510000e+02	
6.100000e+00	7.680000e+02	
6.100000e+00	7.330000e+02	
6.100000e+00	8.160000e+02	
6.100000e+00	8.160000e+02	
6.100000e+00	7.990000e+02	
6.100000e+00	8.160000e+02	
6.100000e+00	7.990000e+02	
6.100000e+00	8.160000e+02	
6.100000e+00	8.160000e+02	
6.100000e+00	8.160000e+02	
6.100000e+00	7.090000e+02	
6.100000e+00	7.920000e+02	
6.100000e+00	7.610000e+02	
6.100000e+00	8.160000e+02	
6.100000e+00	7.540000e+02	
6.100000e+00	7.620000e+02	
6.100000e+00	7.770000e+02	
6.100000e+00	8.160000e+02	
6.100000e+00	7.990000e+02	
6.100000e+00	8.160000e+02	
5.900000e+00	7.670000e+02	
6.100000e+00	7.920000e+02	
6.100000e+00	8.160000e+02	
6.100000e+00	8.160000e+02	
6.100000e+00	7.990000e+02	
6.100000e+00	8.030000e+02	
6.100000e+00	7.990000e+02	
6.100000e+00	8.160000e+02	
6.100000e+00	7.680000e+02	
6.100000e+00	8.160000e+02	
6.100000e+00	8.160000e+02	
6.100000e+00	8.160000e+02	
6.100000e+00	8.160000e+02	
6.100000e+00	8.160000e+02	
6.100000e+00	7.630000e+02	
6.100000e+00	8.160000e+02	
6.100000e+00	8.160000e+02	
6.100000e+00	8.160000e+02	
6.100000e+00	7.990000e+02	
6.100000e+00	7.370000e+02	
6.800000e+00	7.980000e+02	
6.100000e+00	8.160000e+02	
6.100000e+00	8.160000e+02	
6.100000e+00	7.640000e+02	
6.100000e+00	8.160000e+02	
6.100000e+00	7.990000e+02	
6.100000e+00	8.160000e+02	
6.100000e+00	7.510000e+02	
6.100000e+00	8.160000e+02	
6.100000e+00	7.310000e+02	
6.100000e+00	7.630000e+02	
6.100000e+00	8.160000e+02	
6.800000e+00	7.980000e+02	
6.100000e+00	8.160000e+02	
6.100000e+00	8.160000e+02	
6.100000e+00	7.290000e+02	
