# This file contains the data of initial population
# of objectives = 2, # of constraints = 0, # of real_var = 65, # of bits of bin_var = 0, constr_violation, rank, crowding_distance
4.570001e+01	7.023000e+03	
4.570001e+01	7.006000e+03	
4.570001e+01	7.016000e+03	
4.570001e+01	7.040000e+03	
4.570001e+01	7.036000e+03	
4.570001e+01	7.015000e+03	
4.570001e+01	6.998000e+03	
4.570001e+01	7.029000e+03	
4.570001e+01	7.028000e+03	
4.570001e+01	7.029000e+03	
4.570001e+01	7.021000e+03	
4.570001e+01	7.039000e+03	
4.570001e+01	7.053000e+03	
4.570001e+01	7.031000e+03	
4.570001e+01	6.997000e+03	
4.570001e+01	7.017000e+03	
4.570001e+01	7.015000e+03	
4.570001e+01	7.028000e+03	
4.570001e+01	7.008000e+03	
4.570001e+01	6.996000e+03	
4.570001e+01	7.030000e+03	
4.570001e+01	7.029000e+03	
4.570001e+01	7.042000e+03	
4.570001e+01	7.002000e+03	
4.570001e+01	7.014000e+03	
4.570001e+01	7.031000e+03	
4.570001e+01	7.002000e+03	
4.570001e+01	7.007000e+03	
4.570001e+01	7.017000e+03	
4.570001e+01	7.039000e+03	
4.570001e+01	7.044000e+03	
4.570001e+01	7.014000e+03	
4.570001e+01	6.984000e+03	
4.570001e+01	7.019000e+03	
4.570001e+01	7.005000e+03	
4.570001e+01	6.978000e+03	
4.570001e+01	7.049000e+03	
4.570001e+01	6.999000e+03	
4.570001e+01	6.983000e+03	
4.570001e+01	7.051000e+03	
4.570001e+01	6.995000e+03	
4.570001e+01	7.018000e+03	
4.570001e+01	7.030000e+03	
4.570001e+01	7.000000e+03	
4.570001e+01	7.008000e+03	
4.570001e+01	7.036000e+03	
4.570001e+01	7.001000e+03	
4.570001e+01	7.025000e+03	
4.570001e+01	7.045000e+03	
4.570001e+01	7.024000e+03	
4.570001e+01	7.023000e+03	
4.570001e+01	7.012000e+03	
4.570001e+01	6.997000e+03	
4.570001e+01	7.031000e+03	
4.570001e+01	7.043000e+03	
4.570001e+01	6.981000e+03	
4.570001e+01	6.993000e+03	
4.570001e+01	7.028000e+03	
4.570001e+01	7.024000e+03	
4.570001e+01	7.019000e+03	
4.570001e+01	7.006000e+03	
4.570001e+01	6.992000e+03	
4.570001e+01	7.040000e+03	
4.570001e+01	7.013000e+03	
4.570001e+01	7.038000e+03	
4.570001e+01	7.013000e+03	
4.570001e+01	7.037000e+03	
4.570001e+01	7.030000e+03	
4.570001e+01	7.005000e+03	
4.570001e+01	7.047000e+03	
4.570001e+01	7.045000e+03	
4.570001e+01	7.025000e+03	
4.570001e+01	7.020000e+03	
4.570001e+01	7.029000e+03	
4.570001e+01	6.998000e+03	
4.570001e+01	7.037000e+03	
4.570001e+01	6.997000e+03	
4.570001e+01	7.022000e+03	
4.570001e+01	7.010000e+03	
4.570001e+01	7.030000e+03	
4.570001e+01	7.003000e+03	
4.570001e+01	7.017000e+03	
4.570001e+01	7.021000e+03	
4.570001e+01	7.004000e+03	
4.570001e+01	7.053000e+03	
4.570001e+01	7.017000e+03	
4.570001e+01	7.013000e+03	
4.570001e+01	7.013000e+03	
4.570001e+01	7.007000e+03	
4.570001e+01	7.001000e+03	
4.570001e+01	7.027000e+03	
4.570001e+01	7.021000e+03	
4.570001e+01	7.011000e+03	
4.570001e+01	7.039000e+03	
4.570001e+01	6.986000e+03	
4.570001e+01	7.037000e+03	
4.570001e+01	7.018000e+03	
4.570001e+01	7.004000e+03	
4.570001e+01	6.997000e+03	
4.570001e+01	7.003000e+03	
4.570001e+01	7.006000e+03	
4.570001e+01	7.030000e+03	
4.570001e+01	7.031000e+03	
4.570001e+01	6.993000e+03	
4.570001e+01	7.004000e+03	
4.570001e+01	7.023000e+03	
4.570001e+01	7.020000e+03	
4.570001e+01	7.064000e+03	
4.570001e+01	7.057000e+03	
4.570001e+01	6.989000e+03	
4.570001e+01	7.051000e+03	
4.570001e+01	6.989000e+03	
4.570001e+01	6.982000e+03	
4.570001e+01	7.018000e+03	
4.570001e+01	7.050000e+03	
4.570001e+01	7.052000e+03	
4.570001e+01	7.025000e+03	
4.570001e+01	6.993000e+03	
4.570001e+01	7.041000e+03	
4.570001e+01	7.044000e+03	
4.570001e+01	7.030000e+03	
4.570001e+01	7.005000e+03	
4.570001e+01	7.046000e+03	
4.570001e+01	7.007000e+03	
4.570001e+01	7.028000e+03	
4.570001e+01	7.036000e+03	
4.570001e+01	7.006000e+03	
4.570001e+01	7.014000e+03	
4.570001e+01	7.007000e+03	
4.570001e+01	6.952000e+03	
4.570001e+01	7.017000e+03	
4.570001e+01	7.022000e+03	
4.570001e+01	7.038000e+03	
4.570001e+01	7.024000e+03	
4.570001e+01	6.993000e+03	
4.570001e+01	7.025000e+03	
4.570001e+01	7.025000e+03	
4.570001e+01	7.047000e+03	
4.570001e+01	7.031000e+03	
4.570001e+01	6.961000e+03	
4.570001e+01	6.987000e+03	
4.570001e+01	7.032000e+03	
4.570001e+01	6.948000e+03	
4.570001e+01	7.016000e+03	
4.570001e+01	7.031000e+03	
4.570001e+01	6.997000e+03	
4.570001e+01	7.034000e+03	
4.570001e+01	7.035000e+03	
4.570001e+01	7.016000e+03	
4.570001e+01	7.013000e+03	
4.570001e+01	7.054000e+03	
4.570001e+01	7.026000e+03	
4.570001e+01	7.043000e+03	
4.570001e+01	7.019000e+03	
4.570001e+01	7.022000e+03	
4.570001e+01	7.023000e+03	
4.570001e+01	7.043000e+03	
4.570001e+01	7.005000e+03	
4.570001e+01	6.984000e+03	
4.570001e+01	7.002000e+03	
4.570001e+01	7.044000e+03	
4.570001e+01	7.034000e+03	
4.570001e+01	7.020000e+03	
4.570001e+01	7.031000e+03	
4.570001e+01	7.044000e+03	
4.570001e+01	7.024000e+03	
4.570001e+01	7.032000e+03	
4.570001e+01	7.037000e+03	
4.570001e+01	7.008000e+03	
4.570001e+01	7.056000e+03	
4.570001e+01	7.028000e+03	
4.570001e+01	7.001000e+03	
4.570001e+01	7.052000e+03	
4.570001e+01	7.051000e+03	
4.570001e+01	7.026000e+03	
4.570001e+01	7.033000e+03	
4.570001e+01	7.054000e+03	
4.570001e+01	7.013000e+03	
4.570001e+01	6.982000e+03	
4.570001e+01	6.988000e+03	
4.570001e+01	7.009000e+03	
4.570001e+01	7.019000e+03	
4.570001e+01	7.026000e+03	
4.570001e+01	7.001000e+03	
4.570001e+01	7.054000e+03	
4.570001e+01	6.991000e+03	
4.570001e+01	7.057000e+03	
4.570001e+01	6.988000e+03	
4.570001e+01	6.982000e+03	
4.570001e+01	6.988000e+03	
4.570001e+01	7.030000e+03	
4.570001e+01	7.052000e+03	
4.570001e+01	7.018000e+03	
4.570001e+01	7.006000e+03	
4.570001e+01	7.002000e+03	
4.570001e+01	7.045000e+03	
4.570001e+01	7.038000e+03	
4.570001e+01	7.025000e+03	
4.570001e+01	7.020000e+03	
4.570001e+01	7.035000e+03	
4.570001e+01	7.044000e+03	
4.570001e+01	7.016000e+03	
4.570001e+01	6.989000e+03	
4.570001e+01	7.028000e+03	
4.570001e+01	6.996000e+03	
4.570001e+01	7.040000e+03	
4.570001e+01	6.999000e+03	
4.570001e+01	7.011000e+03	
4.570001e+01	6.978000e+03	
4.570001e+01	7.043000e+03	
4.570001e+01	7.046000e+03	
4.570001e+01	7.015000e+03	
4.570001e+01	7.062000e+03	
4.570001e+01	7.006000e+03	
4.570001e+01	7.013000e+03	
4.570001e+01	6.991000e+03	
4.570001e+01	7.001000e+03	
4.570001e+01	7.025000e+03	
4.570001e+01	7.032000e+03	
4.570001e+01	7.003000e+03	
4.570001e+01	7.033000e+03	
4.570001e+01	7.047000e+03	
4.570001e+01	6.988000e+03	
4.570001e+01	7.051000e+03	
4.570001e+01	6.998000e+03	
4.570001e+01	7.013000e+03	
4.570001e+01	7.009000e+03	
4.570001e+01	7.052000e+03	
4.570001e+01	7.022000e+03	
4.570001e+01	7.014000e+03	
4.570001e+01	7.012000e+03	
4.570001e+01	7.047000e+03	
4.570001e+01	7.043000e+03	
4.570001e+01	7.014000e+03	
4.570001e+01	7.051000e+03	
4.570001e+01	6.968000e+03	
4.570001e+01	7.043000e+03	
4.570001e+01	7.018000e+03	
4.570001e+01	6.980000e+03	
4.570001e+01	7.033000e+03	
4.570001e+01	7.020000e+03	
4.570001e+01	7.027000e+03	
4.570001e+01	7.058000e+03	
4.570001e+01	7.032000e+03	
4.570001e+01	7.007000e+03	
4.570001e+01	7.026000e+03	
4.570001e+01	7.027000e+03	
4.570001e+01	7.009000e+03	
4.570001e+01	7.037000e+03	
4.570001e+01	7.027000e+03	
4.570001e+01	7.028000e+03	
4.570001e+01	7.052000e+03	
4.570001e+01	7.028000e+03	
4.570001e+01	7.054000e+03	
4.570001e+01	7.038000e+03	
4.570001e+01	7.008000e+03	
