# This file contains the data of final population
# of objectives = 2, # of constraints = 0, # of real_var = 0, # of bits of bin_var = 83, constr_violation, rank, crowding_distance
4.500000e+00	1.134000e+03	
5.000000e+00	1.123000e+03	
5.100000e+00	1.114000e+03	
4.500000e+00	1.134000e+03	
5.100000e+00	1.116000e+03	
4.500000e+00	1.135000e+03	
5.000000e+00	1.124000e+03	
4.500000e+00	1.135000e+03	
4.500000e+00	1.136000e+03	
4.500000e+00	1.136000e+03	
5.000000e+00	1.125000e+03	
5.100000e+00	1.117000e+03	
5.100000e+00	1.117000e+03	
5.100000e+00	1.117000e+03	
5.000000e+00	1.126000e+03	
5.000000e+00	1.126000e+03	
4.500000e+00	1.138000e+03	
5.100000e+00	1.118000e+03	
5.100000e+00	1.118000e+03	
5.100000e+00	1.118000e+03	
5.100000e+00	1.118000e+03	
5.100000e+00	1.118000e+03	
5.100000e+00	1.118000e+03	
5.100000e+00	1.118000e+03	
5.100000e+00	1.118000e+03	
5.100000e+00	1.118000e+03	
4.500000e+00	1.138000e+03	
5.000000e+00	1.127000e+03	
5.000000e+00	1.127000e+03	
5.000000e+00	1.127000e+03	
4.500000e+00	1.139000e+03	
5.100000e+00	1.119000e+03	
5.100000e+00	1.119000e+03	
5.100000e+00	1.119000e+03	
5.100000e+00	1.119000e+03	
5.100000e+00	1.119000e+03	
5.100000e+00	1.119000e+03	
5.100000e+00	1.119000e+03	
5.100000e+00	1.119000e+03	
5.100000e+00	1.119000e+03	
5.100000e+00	1.119000e+03	
5.100000e+00	1.119000e+03	
5.100000e+00	1.120000e+03	
5.100000e+00	1.120000e+03	
5.000000e+00	1.128000e+03	
5.000000e+00	1.128000e+03	
5.000000e+00	1.128000e+03	
4.500000e+00	1.140000e+03	
4.500000e+00	1.140000e+03	
5.000000e+00	1.128000e+03	
5.100000e+00	1.120000e+03	
5.100000e+00	1.120000e+03	
5.100000e+00	1.120000e+03	
5.100000e+00	1.120000e+03	
5.100000e+00	1.120000e+03	
5.100000e+00	1.120000e+03	
5.100000e+00	1.120000e+03	
5.100000e+00	1.120000e+03	
5.100000e+00	1.120000e+03	
5.100000e+00	1.120000e+03	
5.100000e+00	1.120000e+03	
5.100000e+00	1.120000e+03	
5.100000e+00	1.120000e+03	
4.500000e+00	1.140000e+03	
5.100000e+00	1.120000e+03	
5.100000e+00	1.120000e+03	
5.000000e+00	1.129000e+03	
5.100000e+00	1.121000e+03	
5.100000e+00	1.121000e+03	
5.100000e+00	1.121000e+03	
5.100000e+00	1.121000e+03	
5.100000e+00	1.121000e+03	
5.000000e+00	1.129000e+03	
5.000000e+00	1.129000e+03	
5.000000e+00	1.129000e+03	
5.000000e+00	1.129000e+03	
5.100000e+00	1.121000e+03	
5.100000e+00	1.121000e+03	
5.100000e+00	1.121000e+03	
5.100000e+00	1.121000e+03	
5.100000e+00	1.121000e+03	
5.100000e+00	1.121000e+03	
5.100000e+00	1.121000e+03	
5.100000e+00	1.121000e+03	
5.100000e+00	1.121000e+03	
5.100000e+00	1.121000e+03	
5.100000e+00	1.121000e+03	
5.100000e+00	1.121000e+03	
5.100000e+00	1.121000e+03	
5.100000e+00	1.121000e+03	
5.100000e+00	1.121000e+03	
5.100000e+00	1.121000e+03	
5.100000e+00	1.121000e+03	
5.100000e+00	1.121000e+03	
5.100000e+00	1.121000e+03	
5.100000e+00	1.121000e+03	
5.100000e+00	1.121000e+03	
4.500000e+00	1.141000e+03	
5.100000e+00	1.121000e+03	
5.100000e+00	1.122000e+03	
4.500000e+00	1.142000e+03	
4.500000e+00	1.142000e+03	
4.500000e+00	1.142000e+03	
5.100000e+00	1.122000e+03	
5.100000e+00	1.122000e+03	
5.000000e+00	1.130000e+03	
5.000000e+00	1.130000e+03	
5.100000e+00	1.122000e+03	
5.100000e+00	1.122000e+03	
5.100000e+00	1.122000e+03	
5.100000e+00	1.122000e+03	
5.100000e+00	1.122000e+03	
5.100000e+00	1.122000e+03	
5.100000e+00	1.122000e+03	
5.100000e+00	1.122000e+03	
5.100000e+00	1.122000e+03	
5.100000e+00	1.122000e+03	
5.100000e+00	1.122000e+03	
5.100000e+00	1.122000e+03	
5.100000e+00	1.122000e+03	
5.100000e+00	1.122000e+03	
5.100000e+00	1.122000e+03	
5.100000e+00	1.122000e+03	
5.100000e+00	1.122000e+03	
5.100000e+00	1.122000e+03	
5.100000e+00	1.122000e+03	
5.100000e+00	1.122000e+03	
5.100000e+00	1.122000e+03	
5.100000e+00	1.122000e+03	
5.100000e+00	1.122000e+03	
5.100000e+00	1.122000e+03	
5.100000e+00	1.122000e+03	
5.100000e+00	1.122000e+03	
5.100000e+00	1.122000e+03	
5.100000e+00	1.122000e+03	
5.100000e+00	1.122000e+03	
5.100000e+00	1.122000e+03	
5.100000e+00	1.122000e+03	
5.100000e+00	1.122000e+03	
5.100000e+00	1.122000e+03	
5.100000e+00	1.122000e+03	
5.100000e+00	1.122000e+03	
5.100000e+00	1.122000e+03	
5.100000e+00	1.122000e+03	
5.100000e+00	1.122000e+03	
5.100000e+00	1.122000e+03	
5.100000e+00	1.122000e+03	
5.100000e+00	1.122000e+03	
5.100000e+00	1.122000e+03	
5.100000e+00	1.122000e+03	
5.100000e+00	1.122000e+03	
5.100000e+00	1.122000e+03	
5.100000e+00	1.122000e+03	
5.000000e+00	1.130000e+03	
5.100000e+00	1.122000e+03	
5.100000e+00	1.122000e+03	
4.500000e+00	1.143000e+03	
4.500000e+00	1.143000e+03	
4.500000e+00	1.143000e+03	
4.500000e+00	1.143000e+03	
4.500000e+00	1.143000e+03	
4.500000e+00	1.143000e+03	
4.500000e+00	1.143000e+03	
4.500000e+00	1.143000e+03	
4.500000e+00	1.143000e+03	
4.500000e+00	1.143000e+03	
4.500000e+00	1.143000e+03	
4.500000e+00	1.143000e+03	
4.500000e+00	1.143000e+03	
4.500000e+00	1.143000e+03	
4.500000e+00	1.143000e+03	
4.500000e+00	1.143000e+03	
4.600000e+00	1.142000e+03	
5.100000e+00	1.123000e+03	
5.100000e+00	1.123000e+03	
5.100000e+00	1.123000e+03	
5.100000e+00	1.123000e+03	
5.100000e+00	1.123000e+03	
5.000000e+00	1.131000e+03	
5.000000e+00	1.131000e+03	
5.000000e+00	1.131000e+03	
5.000000e+00	1.131000e+03	
5.000000e+00	1.131000e+03	
5.000000e+00	1.131000e+03	
5.100000e+00	1.123000e+03	
5.100000e+00	1.123000e+03	
5.100000e+00	1.123000e+03	
5.100000e+00	1.123000e+03	
5.100000e+00	1.123000e+03	
5.100000e+00	1.123000e+03	
5.100000e+00	1.123000e+03	
5.100000e+00	1.123000e+03	
5.100000e+00	1.123000e+03	
5.100000e+00	1.123000e+03	
5.100000e+00	1.123000e+03	
5.100000e+00	1.123000e+03	
5.100000e+00	1.123000e+03	
5.100000e+00	1.123000e+03	
5.100000e+00	1.123000e+03	
5.100000e+00	1.123000e+03	
5.100000e+00	1.123000e+03	
5.100000e+00	1.123000e+03	
5.100000e+00	1.123000e+03	
5.100000e+00	1.123000e+03	
5.100000e+00	1.123000e+03	
5.100000e+00	1.123000e+03	
5.100000e+00	1.123000e+03	
5.100000e+00	1.123000e+03	
5.100000e+00	1.123000e+03	
5.100000e+00	1.123000e+03	
5.100000e+00	1.123000e+03	
5.100000e+00	1.123000e+03	
5.100000e+00	1.123000e+03	
5.100000e+00	1.123000e+03	
5.100000e+00	1.123000e+03	
5.100000e+00	1.123000e+03	
5.100000e+00	1.123000e+03	
5.100000e+00	1.123000e+03	
5.100000e+00	1.123000e+03	
5.100000e+00	1.123000e+03	
5.100000e+00	1.123000e+03	
5.100000e+00	1.123000e+03	
5.100000e+00	1.123000e+03	
5.100000e+00	1.123000e+03	
5.100000e+00	1.123000e+03	
5.100000e+00	1.123000e+03	
5.100000e+00	1.123000e+03	
5.100000e+00	1.123000e+03	
5.100000e+00	1.123000e+03	
5.100000e+00	1.123000e+03	
5.100000e+00	1.123000e+03	
5.100000e+00	1.123000e+03	
5.100000e+00	1.123000e+03	
5.100000e+00	1.123000e+03	
5.100000e+00	1.123000e+03	
5.100000e+00	1.123000e+03	
5.000000e+00	1.131000e+03	
4.500000e+00	1.144000e+03	
5.100000e+00	1.124000e+03	
5.000000e+00	1.132000e+03	
4.500000e+00	1.144000e+03	
5.000000e+00	1.132000e+03	
4.500000e+00	1.144000e+03	
5.100000e+00	1.124000e+03	
5.100000e+00	1.124000e+03	
4.500000e+00	1.144000e+03	
5.100000e+00	1.124000e+03	
4.500000e+00	1.144000e+03	
5.100000e+00	1.124000e+03	
5.100000e+00	1.124000e+03	
5.100000e+00	1.124000e+03	
5.100000e+00	1.124000e+03	
5.100000e+00	1.124000e+03	
5.100000e+00	1.124000e+03	
5.100000e+00	1.124000e+03	
5.100000e+00	1.124000e+03	
