# This file contains the data of initial population
# of objectives = 2, # of constraints = 0, # of real_var = 0, # of bits of bin_var = 90, constr_violation, rank, crowding_distance
5.000000e+00	2.362000e+03	
5.000000e+00	2.496000e+03	
5.000000e+00	2.391000e+03	
5.000000e+00	2.589000e+03	
5.000000e+00	2.386000e+03	
5.000000e+00	2.417000e+03	
5.000000e+00	2.520000e+03	
5.000000e+00	2.399000e+03	
5.000000e+00	2.403000e+03	
5.000000e+00	2.438000e+03	
5.000000e+00	1.938000e+03	
5.000000e+00	2.542000e+03	
5.000000e+00	2.409000e+03	
5.000000e+00	2.533000e+03	
5.000000e+00	2.515000e+03	
5.000000e+00	2.360000e+03	
5.000000e+00	2.406000e+03	
5.000000e+00	2.423000e+03	
5.000000e+00	2.426000e+03	
5.000000e+00	2.337000e+03	
5.000000e+00	2.554000e+03	
5.000000e+00	2.585000e+03	
5.000000e+00	2.422000e+03	
5.000000e+00	1.786000e+03	
5.000000e+00	2.405000e+03	
5.000000e+00	2.491000e+03	
5.000000e+00	2.525000e+03	
5.000000e+00	2.414000e+03	
5.000000e+00	2.394000e+03	
5.000000e+00	2.314000e+03	
5.000000e+00	2.563000e+03	
5.000000e+00	2.413000e+03	
5.000000e+00	2.346000e+03	
5.000000e+00	2.578000e+03	
5.000000e+00	2.475000e+03	
5.000000e+00	2.460000e+03	
5.000000e+00	2.364000e+03	
5.000000e+00	2.380000e+03	
5.000000e+00	2.473000e+03	
5.000000e+00	2.348000e+03	
5.000000e+00	2.257000e+03	
5.000000e+00	2.365000e+03	
5.000000e+00	2.515000e+03	
5.000000e+00	2.459000e+03	
5.000000e+00	2.589000e+03	
5.000000e+00	2.403000e+03	
5.000000e+00	2.456000e+03	
5.000000e+00	2.516000e+03	
5.000000e+00	2.372000e+03	
5.000000e+00	2.338000e+03	
5.000000e+00	2.441000e+03	
5.000000e+00	1.837000e+03	
5.000000e+00	2.319000e+03	
5.000000e+00	2.345000e+03	
5.000000e+00	2.418000e+03	
5.000000e+00	2.469000e+03	
5.000000e+00	2.551000e+03	
5.000000e+00	2.693000e+03	
5.000000e+00	2.421000e+03	
5.000000e+00	2.436000e+03	
5.000000e+00	2.373000e+03	
5.000000e+00	2.390000e+03	
5.000000e+00	2.424000e+03	
5.000000e+00	2.393000e+03	
5.000000e+00	2.508000e+03	
5.000000e+00	2.402000e+03	
5.000000e+00	2.331000e+03	
5.000000e+00	2.482000e+03	
5.000000e+00	2.351000e+03	
5.000000e+00	2.415000e+03	
5.000000e+00	2.388000e+03	
5.000000e+00	2.474000e+03	
5.000000e+00	2.420000e+03	
5.000000e+00	2.391000e+03	
5.000000e+00	2.329000e+03	
5.000000e+00	2.456000e+03	
5.000000e+00	2.431000e+03	
5.000000e+00	2.476000e+03	
6.000000e+00	2.591000e+03	
5.000000e+00	2.438000e+03	
5.000000e+00	2.566000e+03	
5.000000e+00	2.352000e+03	
5.000000e+00	2.454000e+03	
5.000000e+00	2.419000e+03	
5.000000e+00	2.475000e+03	
5.000000e+00	2.400000e+03	
5.000000e+00	2.380000e+03	
5.000000e+00	2.350000e+03	
5.000000e+00	2.544000e+03	
5.000000e+00	2.507000e+03	
5.000000e+00	2.556000e+03	
5.000000e+00	2.343000e+03	
5.000000e+00	2.429000e+03	
5.000000e+00	2.370000e+03	
5.000000e+00	2.398000e+03	
5.000000e+00	2.417000e+03	
5.000000e+00	2.371000e+03	
5.000000e+00	2.404000e+03	
5.000000e+00	2.561000e+03	
5.000000e+00	2.444000e+03	
5.000000e+00	2.416000e+03	
5.000000e+00	2.353000e+03	
5.000000e+00	2.518000e+03	
5.000000e+00	2.608000e+03	
5.000000e+00	2.371000e+03	
5.000000e+00	2.420000e+03	
5.000000e+00	2.613000e+03	
5.000000e+00	2.441000e+03	
5.000000e+00	2.321000e+03	
5.000000e+00	2.321000e+03	
5.000000e+00	2.509000e+03	
5.000000e+00	2.402000e+03	
5.000000e+00	2.379000e+03	
5.000000e+00	2.417000e+03	
5.000000e+00	2.328000e+03	
5.000000e+00	2.398000e+03	
5.000000e+00	2.365000e+03	
5.000000e+00	2.565000e+03	
5.000000e+00	2.367000e+03	
5.000000e+00	2.363000e+03	
5.000000e+00	2.529000e+03	
5.000000e+00	2.418000e+03	
5.000000e+00	2.640000e+03	
5.000000e+00	2.389000e+03	
5.000000e+00	2.390000e+03	
5.000000e+00	1.844000e+03	
5.000000e+00	2.355000e+03	
5.000000e+00	2.406000e+03	
5.000000e+00	2.397000e+03	
5.000000e+00	2.402000e+03	
5.000000e+00	2.323000e+03	
5.000000e+00	2.611000e+03	
5.000000e+00	2.551000e+03	
5.000000e+00	2.444000e+03	
5.000000e+00	2.392000e+03	
5.000000e+00	2.363000e+03	
5.000000e+00	2.442000e+03	
5.000000e+00	2.395000e+03	
5.000000e+00	2.450000e+03	
5.000000e+00	2.760000e+03	
5.000000e+00	2.348000e+03	
5.000000e+00	2.550000e+03	
5.000000e+00	2.446000e+03	
5.000000e+00	2.421000e+03	
5.000000e+00	2.411000e+03	
5.000000e+00	2.411000e+03	
5.000000e+00	2.379000e+03	
5.000000e+00	2.376000e+03	
5.000000e+00	2.374000e+03	
5.000000e+00	2.233000e+03	
5.000000e+00	1.889000e+03	
5.000000e+00	2.486000e+03	
5.000000e+00	2.411000e+03	
5.000000e+00	2.380000e+03	
5.000000e+00	2.401000e+03	
5.000000e+00	2.370000e+03	
5.000000e+00	2.595000e+03	
5.000000e+00	2.375000e+03	
5.000000e+00	2.394000e+03	
5.000000e+00	2.358000e+03	
5.000000e+00	2.597000e+03	
5.000000e+00	2.364000e+03	
5.000000e+00	2.361000e+03	
5.000000e+00	2.377000e+03	
5.000000e+00	2.493000e+03	
5.000000e+00	2.380000e+03	
5.000000e+00	2.734000e+03	
5.000000e+00	2.370000e+03	
5.000000e+00	2.371000e+03	
5.000000e+00	2.474000e+03	
5.000000e+00	2.524000e+03	
5.000000e+00	2.495000e+03	
5.000000e+00	2.386000e+03	
5.000000e+00	2.394000e+03	
5.000000e+00	2.330000e+03	
5.000000e+00	2.382000e+03	
5.000000e+00	2.369000e+03	
5.000000e+00	2.543000e+03	
6.000000e+00	2.474000e+03	
5.000000e+00	2.500000e+03	
5.000000e+00	2.330000e+03	
5.000000e+00	2.382000e+03	
5.000000e+00	2.353000e+03	
5.000000e+00	2.346000e+03	
6.000000e+00	2.649000e+03	
5.000000e+00	2.320000e+03	
5.000000e+00	2.676000e+03	
5.000000e+00	2.672000e+03	
5.000000e+00	2.467000e+03	
5.000000e+00	2.497000e+03	
5.000000e+00	2.344000e+03	
5.000000e+00	2.372000e+03	
5.000000e+00	2.475000e+03	
6.000000e+00	2.508000e+03	
5.000000e+00	2.441000e+03	
5.000000e+00	2.457000e+03	
5.000000e+00	1.854000e+03	
5.000000e+00	2.335000e+03	
5.000000e+00	2.439000e+03	
5.000000e+00	2.333000e+03	
5.000000e+00	2.376000e+03	
5.000000e+00	2.419000e+03	
5.000000e+00	2.372000e+03	
5.000000e+00	2.298000e+03	
5.000000e+00	2.440000e+03	
5.000000e+00	2.329000e+03	
5.000000e+00	2.486000e+03	
5.000000e+00	2.383000e+03	
5.000000e+00	2.370000e+03	
5.000000e+00	2.709000e+03	
5.000000e+00	2.440000e+03	
5.000000e+00	2.442000e+03	
5.000000e+00	2.455000e+03	
5.000000e+00	2.359000e+03	
5.000000e+00	2.498000e+03	
5.000000e+00	2.583000e+03	
5.000000e+00	2.334000e+03	
5.000000e+00	2.467000e+03	
5.000000e+00	2.412000e+03	
5.000000e+00	2.366000e+03	
5.000000e+00	2.320000e+03	
5.000000e+00	2.417000e+03	
5.000000e+00	2.788000e+03	
5.000000e+00	2.364000e+03	
6.000000e+00	2.574000e+03	
5.000000e+00	2.596000e+03	
5.000000e+00	2.329000e+03	
5.000000e+00	2.336000e+03	
5.000000e+00	2.415000e+03	
5.000000e+00	2.684000e+03	
5.000000e+00	2.611000e+03	
5.000000e+00	2.692000e+03	
5.000000e+00	2.372000e+03	
5.000000e+00	2.460000e+03	
5.000000e+00	2.401000e+03	
5.000000e+00	2.378000e+03	
5.000000e+00	2.375000e+03	
5.000000e+00	2.356000e+03	
5.000000e+00	2.413000e+03	
5.000000e+00	2.381000e+03	
5.000000e+00	2.360000e+03	
5.000000e+00	2.463000e+03	
5.000000e+00	2.378000e+03	
5.000000e+00	2.731000e+03	
5.000000e+00	2.384000e+03	
6.000000e+00	2.388000e+03	
5.000000e+00	2.466000e+03	
5.000000e+00	2.645000e+03	
5.000000e+00	2.387000e+03	
5.000000e+00	2.382000e+03	
5.000000e+00	2.392000e+03	
5.000000e+00	2.490000e+03	
5.000000e+00	2.512000e+03	
5.000000e+00	2.372000e+03	
5.000000e+00	2.298000e+03	
5.000000e+00	2.388000e+03	
