# This file contains the data of initial population
# of objectives = 2, # of constraints = 0, # of real_var = 45, # of bits of bin_var = 0, constr_violation, rank, crowding_distance
1.470000e+01	1.129000e+04	
1.470000e+01	1.131300e+04	
1.460000e+01	1.123100e+04	
1.470000e+01	1.135700e+04	
1.470000e+01	1.123100e+04	
1.470000e+01	1.131200e+04	
1.470000e+01	1.138000e+04	
1.470000e+01	1.130400e+04	
1.470000e+01	1.127800e+04	
1.480000e+01	1.129200e+04	
1.470000e+01	1.126300e+04	
1.470000e+01	1.127500e+04	
1.470000e+01	1.124500e+04	
1.470000e+01	1.124600e+04	
1.470000e+01	1.128900e+04	
1.470000e+01	1.129600e+04	
1.470000e+01	1.127800e+04	
1.470000e+01	1.131100e+04	
1.470000e+01	1.126700e+04	
1.470000e+01	1.130900e+04	
1.480000e+01	1.125200e+04	
1.470000e+01	1.134400e+04	
1.470000e+01	1.124600e+04	
1.460000e+01	1.138100e+04	
1.460000e+01	1.129800e+04	
1.470000e+01	1.134300e+04	
1.470000e+01	1.124500e+04	
1.480000e+01	1.122900e+04	
1.460000e+01	1.132400e+04	
1.470000e+01	1.121200e+04	
1.470000e+01	1.121700e+04	
1.470000e+01	1.128000e+04	
1.480000e+01	1.126400e+04	
1.460000e+01	1.134800e+04	
1.470000e+01	1.128300e+04	
1.470000e+01	1.132000e+04	
1.470000e+01	1.136700e+04	
1.470000e+01	1.132600e+04	
1.470000e+01	1.128100e+04	
1.470000e+01	1.127100e+04	
1.470000e+01	1.128900e+04	
1.480000e+01	1.133900e+04	
1.470000e+01	1.117300e+04	
1.470000e+01	1.120200e+04	
1.480000e+01	1.109000e+04	
1.470000e+01	1.112800e+04	
1.460000e+01	1.131200e+04	
1.470000e+01	1.133700e+04	
1.480000e+01	1.126200e+04	
1.460000e+01	1.137100e+04	
1.470000e+01	1.134800e+04	
1.470000e+01	1.128500e+04	
1.470000e+01	1.132300e+04	
1.480000e+01	1.126100e+04	
1.470000e+01	1.119500e+04	
1.470000e+01	1.132600e+04	
1.470000e+01	1.124400e+04	
1.470000e+01	1.132500e+04	
1.470000e+01	1.132400e+04	
1.460000e+01	1.124700e+04	
1.470000e+01	1.125000e+04	
1.470000e+01	1.124100e+04	
1.470000e+01	1.134300e+04	
1.470000e+01	1.134800e+04	
1.460000e+01	1.133500e+04	
1.480000e+01	1.122900e+04	
1.470000e+01	1.119400e+04	
1.470000e+01	1.128800e+04	
1.470000e+01	1.119300e+04	
1.470000e+01	1.131700e+04	
1.470000e+01	1.120700e+04	
1.460000e+01	1.116100e+04	
1.470000e+01	1.127200e+04	
1.470000e+01	1.128000e+04	
1.480000e+01	1.127600e+04	
1.460000e+01	1.136700e+04	
1.470000e+01	1.137500e+04	
1.470000e+01	1.124900e+04	
1.470000e+01	1.124700e+04	
1.480000e+01	1.134000e+04	
1.460000e+01	1.118000e+04	
1.470000e+01	1.136800e+04	
1.480000e+01	1.127900e+04	
1.470000e+01	1.124300e+04	
1.470000e+01	1.128600e+04	
1.470000e+01	1.129900e+04	
1.470000e+01	1.126300e+04	
1.480000e+01	1.129900e+04	
1.480000e+01	1.127400e+04	
1.470000e+01	1.131500e+04	
1.470000e+01	1.125100e+04	
1.480000e+01	1.122800e+04	
1.480000e+01	1.128000e+04	
1.460000e+01	1.131200e+04	
1.470000e+01	1.126800e+04	
1.470000e+01	1.137900e+04	
1.460000e+01	1.134000e+04	
1.460000e+01	1.133700e+04	
1.470000e+01	1.131600e+04	
1.470000e+01	1.131700e+04	
1.480000e+01	1.129500e+04	
1.480000e+01	1.121000e+04	
1.470000e+01	1.121700e+04	
1.470000e+01	1.127300e+04	
1.460000e+01	1.135100e+04	
1.470000e+01	1.126800e+04	
1.470000e+01	1.130500e+04	
1.470000e+01	1.131300e+04	
1.480000e+01	1.127100e+04	
1.470000e+01	1.121400e+04	
1.480000e+01	1.125800e+04	
1.470000e+01	1.122500e+04	
1.470000e+01	1.137800e+04	
1.460000e+01	1.125100e+04	
1.470000e+01	1.128000e+04	
1.470000e+01	1.128100e+04	
1.470000e+01	1.125600e+04	
1.470000e+01	1.127300e+04	
1.460000e+01	1.126300e+04	
1.460000e+01	1.139700e+04	
1.470000e+01	1.125700e+04	
1.460000e+01	1.131500e+04	
1.470000e+01	1.122900e+04	
1.470000e+01	1.125500e+04	
1.480000e+01	1.128500e+04	
1.460000e+01	1.127500e+04	
1.460000e+01	1.136100e+04	
1.480000e+01	1.137300e+04	
1.460000e+01	1.131400e+04	
1.470000e+01	1.144100e+04	
1.480000e+01	1.141300e+04	
1.470000e+01	1.122700e+04	
1.460000e+01	1.125500e+04	
1.470000e+01	1.125700e+04	
1.470000e+01	1.115100e+04	
1.470000e+01	1.135700e+04	
1.480000e+01	1.130600e+04	
1.470000e+01	1.130500e+04	
1.470000e+01	1.129400e+04	
1.480000e+01	1.139300e+04	
1.470000e+01	1.123300e+04	
1.470000e+01	1.132800e+04	
1.460000e+01	1.124400e+04	
1.470000e+01	1.129400e+04	
1.480000e+01	1.124400e+04	
1.460000e+01	1.132100e+04	
1.470000e+01	1.133000e+04	
1.460000e+01	1.134400e+04	
1.460000e+01	1.129100e+04	
1.460000e+01	1.121900e+04	
1.470000e+01	1.120000e+04	
1.480000e+01	1.126800e+04	
1.470000e+01	1.121800e+04	
1.480000e+01	1.138200e+04	
1.470000e+01	1.130300e+04	
1.470000e+01	1.129800e+04	
1.480000e+01	1.129000e+04	
1.480000e+01	1.124800e+04	
1.460000e+01	1.131800e+04	
1.470000e+01	1.116300e+04	
1.480000e+01	1.125000e+04	
1.470000e+01	1.127500e+04	
1.470000e+01	1.129200e+04	
1.470000e+01	1.121900e+04	
1.470000e+01	1.132600e+04	
1.470000e+01	1.125300e+04	
1.470000e+01	1.122600e+04	
1.470000e+01	1.124900e+04	
1.470000e+01	1.128900e+04	
1.470000e+01	1.130400e+04	
1.480000e+01	1.131600e+04	
1.470000e+01	1.122500e+04	
1.470000e+01	1.121000e+04	
1.470000e+01	1.135600e+04	
1.480000e+01	1.131700e+04	
1.460000e+01	1.128500e+04	
1.470000e+01	1.136100e+04	
1.470000e+01	1.126500e+04	
1.460000e+01	1.129200e+04	
1.470000e+01	1.127500e+04	
1.470000e+01	1.130400e+04	
1.460000e+01	1.130600e+04	
1.470000e+01	1.124000e+04	
1.470000e+01	1.121900e+04	
1.470000e+01	1.130400e+04	
1.460000e+01	1.128000e+04	
1.470000e+01	1.125600e+04	
1.460000e+01	1.124900e+04	
1.480000e+01	1.128100e+04	
1.460000e+01	1.130800e+04	
1.470000e+01	1.128900e+04	
1.460000e+01	1.125300e+04	
1.460000e+01	1.130500e+04	
1.470000e+01	1.126600e+04	
1.460000e+01	1.136800e+04	
1.470000e+01	1.130500e+04	
1.480000e+01	1.128500e+04	
1.470000e+01	1.126600e+04	
1.460000e+01	1.131700e+04	
1.460000e+01	1.131400e+04	
1.470000e+01	1.119800e+04	
1.470000e+01	1.134500e+04	
1.470000e+01	1.124300e+04	
1.460000e+01	1.129100e+04	
1.470000e+01	1.131800e+04	
1.470000e+01	1.122900e+04	
1.460000e+01	1.129500e+04	
1.470000e+01	1.128900e+04	
1.470000e+01	1.122800e+04	
1.470000e+01	1.137100e+04	
1.470000e+01	1.118300e+04	
1.460000e+01	1.132000e+04	
1.480000e+01	1.122100e+04	
1.460000e+01	1.138400e+04	
1.470000e+01	1.129800e+04	
1.460000e+01	1.132800e+04	
1.480000e+01	1.122000e+04	
1.460000e+01	1.119000e+04	
1.480000e+01	1.127700e+04	
1.470000e+01	1.127700e+04	
1.470000e+01	1.128600e+04	
1.470000e+01	1.125200e+04	
1.470000e+01	1.120400e+04	
1.470000e+01	1.136700e+04	
1.470000e+01	1.117900e+04	
1.460000e+01	1.128800e+04	
1.470000e+01	1.128200e+04	
1.460000e+01	1.123800e+04	
1.480000e+01	1.127600e+04	
1.470000e+01	1.127200e+04	
1.460000e+01	1.134600e+04	
1.470000e+01	1.118100e+04	
1.470000e+01	1.129600e+04	
1.460000e+01	1.133600e+04	
1.470000e+01	1.126700e+04	
1.470000e+01	1.126300e+04	
1.470000e+01	1.125000e+04	
1.460000e+01	1.128200e+04	
1.460000e+01	1.134000e+04	
1.480000e+01	1.134000e+04	
1.480000e+01	1.134500e+04	
1.460000e+01	1.128100e+04	
1.470000e+01	1.127600e+04	
1.460000e+01	1.128400e+04	
1.470000e+01	1.121500e+04	
1.470000e+01	1.135200e+04	
1.470000e+01	1.124700e+04	
1.460000e+01	1.133700e+04	
1.470000e+01	1.130900e+04	
1.460000e+01	1.124900e+04	
1.480000e+01	1.120600e+04	
1.470000e+01	1.129200e+04	
1.460000e+01	1.127700e+04	
1.460000e+01	1.126100e+04	
1.470000e+01	1.127300e+04	
1.470000e+01	1.124200e+04	
