# This file contains the data of final population
# of objectives = 2, # of constraints = 0, # of real_var = 0, # of bits of bin_var = 71, constr_violation, rank, crowding_distance
2.230000e+02	1.140000e+03	
2.280000e+02	1.104000e+03	
2.270000e+02	1.136000e+03	
2.300000e+02	1.102000e+03	
2.210000e+02	1.173000e+03	
2.280000e+02	1.143000e+03	
2.290000e+02	1.134000e+03	
2.310000e+02	1.126000e+03	
2.240000e+02	1.150000e+03	
2.250000e+02	1.147000e+03	
2.230000e+02	1.153000e+03	
2.320000e+02	1.107000e+03	
2.320000e+02	1.114000e+03	
2.310000e+02	1.127000e+03	
2.290000e+02	1.136000e+03	
2.280000e+02	1.145000e+03	
2.230000e+02	1.155000e+03	
2.250000e+02	1.149000e+03	
2.260000e+02	1.147000e+03	
2.240000e+02	1.154000e+03	
2.330000e+02	1.121000e+03	
2.310000e+02	1.129000e+03	
2.290000e+02	1.140000e+03	
2.300000e+02	1.136000e+03	
2.230000e+02	1.157000e+03	
2.240000e+02	1.155000e+03	
2.270000e+02	1.148000e+03	
2.260000e+02	1.149000e+03	
2.250000e+02	1.152000e+03	
2.240000e+02	1.156000e+03	
2.270000e+02	1.149000e+03	
2.330000e+02	1.125000e+03	
2.320000e+02	1.130000e+03	
2.290000e+02	1.145000e+03	
2.310000e+02	1.136000e+03	
2.320000e+02	1.130000e+03	
2.300000e+02	1.138000e+03	
2.250000e+02	1.153000e+03	
2.250000e+02	1.153000e+03	
2.260000e+02	1.151000e+03	
2.260000e+02	1.151000e+03	
2.230000e+02	1.159000e+03	
2.280000e+02	1.148000e+03	
2.280000e+02	1.148000e+03	
2.270000e+02	1.149000e+03	
2.270000e+02	1.149000e+03	
2.310000e+02	1.136000e+03	
2.280000e+02	1.149000e+03	
2.390000e+02	1.126000e+03	
2.300000e+02	1.141000e+03	
2.300000e+02	1.141000e+03	
2.330000e+02	1.133000e+03	
2.320000e+02	1.136000e+03	
2.310000e+02	1.140000e+03	
2.290000e+02	1.147000e+03	
2.320000e+02	1.136000e+03	
2.290000e+02	1.147000e+03	
2.270000e+02	1.150000e+03	
2.260000e+02	1.152000e+03	
2.260000e+02	1.152000e+03	
2.260000e+02	1.152000e+03	
2.230000e+02	1.160000e+03	
2.270000e+02	1.150000e+03	
2.240000e+02	1.157000e+03	
2.240000e+02	1.157000e+03	
2.250000e+02	1.154000e+03	
2.340000e+02	1.133000e+03	
2.300000e+02	1.143000e+03	
2.250000e+02	1.155000e+03	
2.250000e+02	1.155000e+03	
2.310000e+02	1.141000e+03	
2.320000e+02	1.137000e+03	
2.320000e+02	1.137000e+03	
2.260000e+02	1.153000e+03	
2.260000e+02	1.153000e+03	
2.260000e+02	1.153000e+03	
2.230000e+02	1.163000e+03	
2.230000e+02	1.163000e+03	
2.270000e+02	1.152000e+03	
2.270000e+02	1.152000e+03	
2.280000e+02	1.150000e+03	
2.270000e+02	1.152000e+03	
2.240000e+02	1.158000e+03	
2.320000e+02	1.137000e+03	
2.250000e+02	1.155000e+03	
2.240000e+02	1.159000e+03	
2.260000e+02	1.154000e+03	
2.250000e+02	1.156000e+03	
2.250000e+02	1.156000e+03	
2.250000e+02	1.156000e+03	
2.250000e+02	1.156000e+03	
2.250000e+02	1.156000e+03	
2.320000e+02	1.138000e+03	
2.320000e+02	1.138000e+03	
2.310000e+02	1.143000e+03	
2.320000e+02	1.138000e+03	
2.260000e+02	1.154000e+03	
2.230000e+02	1.169000e+03	
2.290000e+02	1.150000e+03	
2.270000e+02	1.153000e+03	
2.290000e+02	1.150000e+03	
2.290000e+02	1.150000e+03	
2.280000e+02	1.151000e+03	
2.290000e+02	1.150000e+03	
2.280000e+02	1.151000e+03	
2.240000e+02	1.159000e+03	
2.260000e+02	1.154000e+03	
2.300000e+02	1.144000e+03	
2.330000e+02	1.137000e+03	
2.340000e+02	1.135000e+03	
2.360000e+02	1.134000e+03	
2.270000e+02	1.153000e+03	
2.340000e+02	1.137000e+03	
2.340000e+02	1.137000e+03	
2.250000e+02	1.157000e+03	
2.250000e+02	1.157000e+03	
2.320000e+02	1.141000e+03	
2.320000e+02	1.141000e+03	
2.330000e+02	1.138000e+03	
2.270000e+02	1.154000e+03	
2.280000e+02	1.152000e+03	
2.280000e+02	1.152000e+03	
2.280000e+02	1.152000e+03	
2.290000e+02	1.151000e+03	
2.290000e+02	1.151000e+03	
2.290000e+02	1.151000e+03	
2.290000e+02	1.151000e+03	
2.270000e+02	1.154000e+03	
2.270000e+02	1.154000e+03	
2.270000e+02	1.154000e+03	
2.230000e+02	1.185000e+03	
2.260000e+02	1.155000e+03	
2.240000e+02	1.160000e+03	
2.270000e+02	1.154000e+03	
2.300000e+02	1.145000e+03	
2.300000e+02	1.145000e+03	
2.350000e+02	1.135000e+03	
2.280000e+02	1.153000e+03	
2.250000e+02	1.158000e+03	
2.250000e+02	1.158000e+03	
2.330000e+02	1.139000e+03	
2.330000e+02	1.139000e+03	
2.340000e+02	1.138000e+03	
2.320000e+02	1.142000e+03	
2.340000e+02	1.138000e+03	
2.340000e+02	1.138000e+03	
2.280000e+02	1.153000e+03	
2.280000e+02	1.153000e+03	
2.290000e+02	1.152000e+03	
2.290000e+02	1.152000e+03	
2.270000e+02	1.155000e+03	
2.260000e+02	1.156000e+03	
2.290000e+02	1.152000e+03	
2.240000e+02	1.162000e+03	
2.300000e+02	1.146000e+03	
2.350000e+02	1.136000e+03	
2.270000e+02	1.156000e+03	
2.290000e+02	1.153000e+03	
2.250000e+02	1.159000e+03	
2.250000e+02	1.159000e+03	
2.250000e+02	1.159000e+03	
2.250000e+02	1.159000e+03	
2.250000e+02	1.159000e+03	
2.250000e+02	1.159000e+03	
2.280000e+02	1.154000e+03	
2.330000e+02	1.142000e+03	
2.320000e+02	1.143000e+03	
2.340000e+02	1.139000e+03	
2.340000e+02	1.139000e+03	
2.280000e+02	1.154000e+03	
2.280000e+02	1.154000e+03	
2.280000e+02	1.154000e+03	
2.280000e+02	1.154000e+03	
2.280000e+02	1.154000e+03	
2.260000e+02	1.157000e+03	
2.270000e+02	1.156000e+03	
2.270000e+02	1.156000e+03	
2.270000e+02	1.156000e+03	
2.270000e+02	1.156000e+03	
2.270000e+02	1.156000e+03	
2.270000e+02	1.156000e+03	
2.270000e+02	1.156000e+03	
2.270000e+02	1.156000e+03	
2.270000e+02	1.156000e+03	
2.290000e+02	1.153000e+03	
2.290000e+02	1.153000e+03	
2.270000e+02	1.156000e+03	
2.260000e+02	1.157000e+03	
2.240000e+02	1.164000e+03	
2.300000e+02	1.148000e+03	
2.310000e+02	1.146000e+03	
2.270000e+02	1.156000e+03	
2.360000e+02	1.136000e+03	
2.360000e+02	1.136000e+03	
2.270000e+02	1.156000e+03	
2.240000e+02	1.165000e+03	
2.250000e+02	1.160000e+03	
2.330000e+02	1.143000e+03	
2.350000e+02	1.139000e+03	
2.320000e+02	1.144000e+03	
2.340000e+02	1.140000e+03	
2.320000e+02	1.144000e+03	
2.340000e+02	1.140000e+03	
2.320000e+02	1.144000e+03	
2.340000e+02	1.140000e+03	
2.320000e+02	1.144000e+03	
2.320000e+02	1.144000e+03	
2.280000e+02	1.155000e+03	
2.280000e+02	1.155000e+03	
2.280000e+02	1.155000e+03	
2.280000e+02	1.155000e+03	
2.270000e+02	1.157000e+03	
2.270000e+02	1.157000e+03	
2.270000e+02	1.157000e+03	
2.270000e+02	1.157000e+03	
2.270000e+02	1.157000e+03	
2.290000e+02	1.154000e+03	
2.290000e+02	1.154000e+03	
2.290000e+02	1.154000e+03	
2.290000e+02	1.154000e+03	
2.290000e+02	1.154000e+03	
2.270000e+02	1.157000e+03	
2.260000e+02	1.158000e+03	
2.260000e+02	1.158000e+03	
2.260000e+02	1.158000e+03	
2.260000e+02	1.158000e+03	
2.240000e+02	1.165000e+03	
2.300000e+02	1.150000e+03	
2.310000e+02	1.147000e+03	
2.360000e+02	1.137000e+03	
2.370000e+02	1.137000e+03	
2.240000e+02	1.166000e+03	
2.340000e+02	1.141000e+03	
2.300000e+02	1.151000e+03	
2.330000e+02	1.147000e+03	
2.310000e+02	1.148000e+03	
2.250000e+02	1.161000e+03	
2.290000e+02	1.155000e+03	
2.360000e+02	1.138000e+03	
2.330000e+02	1.147000e+03	
2.360000e+02	1.138000e+03	
2.250000e+02	1.161000e+03	
2.280000e+02	1.156000e+03	
2.260000e+02	1.159000e+03	
2.310000e+02	1.148000e+03	
2.280000e+02	1.156000e+03	
2.270000e+02	1.158000e+03	
2.290000e+02	1.155000e+03	
2.270000e+02	1.158000e+03	
2.260000e+02	1.159000e+03	
2.260000e+02	1.159000e+03	
2.270000e+02	1.158000e+03	
2.290000e+02	1.155000e+03	
2.260000e+02	1.159000e+03	
2.310000e+02	1.148000e+03	
2.270000e+02	1.158000e+03	
