# This file contains the data of initial population
# of objectives = 2, # of constraints = 0, # of real_var = 0, # of bits of bin_var = 14, constr_violation, rank, crowding_distance
3.000000e+00	1.400000e+02	
3.000000e+00	9.900000e+01	
3.000000e+00	8.800000e+01	
3.000000e+00	1.450000e+02	
3.000000e+00	1.280000e+02	
3.000000e+00	8.500000e+01	
3.000000e+00	1.340000e+02	
3.000000e+00	1.330000e+02	
3.000000e+00	1.130000e+02	
3.000000e+00	1.430000e+02	
3.000000e+00	1.020000e+02	
3.000000e+00	1.410000e+02	
3.000000e+00	1.120000e+02	
3.000000e+00	8.700000e+01	
3.000000e+00	1.440000e+02	
3.000000e+00	1.460000e+02	
3.000000e+00	1.140000e+02	
3.000000e+00	1.160000e+02	
3.000000e+00	1.440000e+02	
3.000000e+00	9.000000e+01	
3.000000e+00	1.280000e+02	
3.000000e+00	1.090000e+02	
3.000000e+00	1.120000e+02	
3.000000e+00	1.340000e+02	
3.000000e+00	1.610000e+02	
3.000000e+00	1.140000e+02	
3.000000e+00	1.180000e+02	
3.000000e+00	1.500000e+02	
3.000000e+00	1.630000e+02	
3.000000e+00	1.130000e+02	
3.000000e+00	1.420000e+02	
3.000000e+00	1.200000e+02	
3.000000e+00	1.220000e+02	
3.000000e+00	9.900000e+01	
3.000000e+00	1.350000e+02	
3.000000e+00	1.330000e+02	
3.000000e+00	1.500000e+02	
3.000000e+00	1.250000e+02	
3.000000e+00	1.330000e+02	
3.000000e+00	1.470000e+02	
3.000000e+00	1.370000e+02	
3.000000e+00	1.410000e+02	
3.000000e+00	1.550000e+02	
3.000000e+00	1.580000e+02	
3.000000e+00	1.440000e+02	
3.000000e+00	1.200000e+02	
3.000000e+00	1.480000e+02	
3.000000e+00	1.130000e+02	
3.000000e+00	1.390000e+02	
3.000000e+00	1.620000e+02	
3.000000e+00	1.390000e+02	
3.000000e+00	1.460000e+02	
3.000000e+00	1.350000e+02	
3.000000e+00	1.110000e+02	
3.000000e+00	1.130000e+02	
3.000000e+00	1.400000e+02	
3.000000e+00	1.490000e+02	
3.000000e+00	1.430000e+02	
3.000000e+00	1.400000e+02	
3.000000e+00	1.680000e+02	
3.000000e+00	1.250000e+02	
3.000000e+00	1.130000e+02	
3.000000e+00	1.560000e+02	
3.000000e+00	1.470000e+02	
3.000000e+00	1.110000e+02	
3.000000e+00	1.290000e+02	
3.000000e+00	1.100000e+02	
3.000000e+00	1.130000e+02	
3.000000e+00	1.430000e+02	
3.000000e+00	1.390000e+02	
3.000000e+00	1.320000e+02	
3.000000e+00	1.500000e+02	
3.000000e+00	1.560000e+02	
3.000000e+00	8.600000e+01	
3.000000e+00	1.170000e+02	
3.000000e+00	1.510000e+02	
3.000000e+00	1.120000e+02	
3.000000e+00	1.130000e+02	
3.000000e+00	1.390000e+02	
3.000000e+00	9.300000e+01	
3.000000e+00	1.450000e+02	
3.000000e+00	1.490000e+02	
3.000000e+00	1.320000e+02	
3.000000e+00	1.510000e+02	
3.000000e+00	1.230000e+02	
3.000000e+00	8.800000e+01	
3.000000e+00	1.530000e+02	
3.000000e+00	1.100000e+02	
3.000000e+00	1.000000e+02	
3.000000e+00	1.140000e+02	
3.000000e+00	1.060000e+02	
3.000000e+00	9.500000e+01	
3.000000e+00	1.520000e+02	
3.000000e+00	1.680000e+02	
3.000000e+00	1.450000e+02	
3.000000e+00	1.500000e+02	
3.000000e+00	1.420000e+02	
3.000000e+00	1.190000e+02	
3.000000e+00	1.430000e+02	
3.000000e+00	1.450000e+02	
3.000000e+00	1.070000e+02	
3.000000e+00	1.070000e+02	
3.000000e+00	1.310000e+02	
3.000000e+00	1.130000e+02	
3.000000e+00	1.340000e+02	
3.000000e+00	1.080000e+02	
3.000000e+00	9.800000e+01	
3.000000e+00	1.510000e+02	
3.000000e+00	1.490000e+02	
3.000000e+00	1.430000e+02	
3.000000e+00	1.480000e+02	
3.000000e+00	1.430000e+02	
3.000000e+00	1.510000e+02	
3.000000e+00	1.050000e+02	
3.000000e+00	1.520000e+02	
3.000000e+00	1.430000e+02	
3.000000e+00	1.220000e+02	
3.000000e+00	1.410000e+02	
3.000000e+00	1.220000e+02	
3.000000e+00	1.320000e+02	
3.000000e+00	1.540000e+02	
3.000000e+00	1.210000e+02	
3.000000e+00	1.090000e+02	
3.000000e+00	1.320000e+02	
3.000000e+00	1.480000e+02	
3.000000e+00	1.340000e+02	
3.000000e+00	1.230000e+02	
3.000000e+00	1.510000e+02	
3.000000e+00	8.900000e+01	
3.000000e+00	1.130000e+02	
3.000000e+00	1.440000e+02	
3.000000e+00	1.290000e+02	
3.000000e+00	1.500000e+02	
3.000000e+00	1.390000e+02	
3.000000e+00	1.150000e+02	
3.000000e+00	1.430000e+02	
3.000000e+00	1.420000e+02	
3.000000e+00	1.650000e+02	
3.000000e+00	1.080000e+02	
3.000000e+00	9.100000e+01	
3.000000e+00	1.230000e+02	
3.000000e+00	1.440000e+02	
3.000000e+00	1.510000e+02	
3.000000e+00	9.300000e+01	
3.000000e+00	1.230000e+02	
3.000000e+00	1.140000e+02	
3.000000e+00	1.170000e+02	
3.000000e+00	1.460000e+02	
3.000000e+00	1.060000e+02	
3.000000e+00	1.350000e+02	
3.000000e+00	1.170000e+02	
3.000000e+00	1.410000e+02	
3.000000e+00	1.280000e+02	
3.000000e+00	1.210000e+02	
3.000000e+00	1.110000e+02	
3.000000e+00	9.700000e+01	
3.000000e+00	1.510000e+02	
3.000000e+00	1.100000e+02	
3.000000e+00	1.310000e+02	
3.000000e+00	1.500000e+02	
3.000000e+00	1.090000e+02	
3.000000e+00	9.800000e+01	
3.000000e+00	1.410000e+02	
3.000000e+00	1.430000e+02	
3.000000e+00	1.030000e+02	
3.000000e+00	1.110000e+02	
3.000000e+00	1.130000e+02	
3.000000e+00	1.480000e+02	
3.000000e+00	1.460000e+02	
3.000000e+00	1.510000e+02	
3.000000e+00	9.300000e+01	
3.000000e+00	1.620000e+02	
3.000000e+00	8.900000e+01	
3.000000e+00	1.190000e+02	
3.000000e+00	1.090000e+02	
3.000000e+00	9.700000e+01	
3.000000e+00	1.580000e+02	
3.000000e+00	1.530000e+02	
3.000000e+00	9.800000e+01	
3.000000e+00	1.210000e+02	
3.000000e+00	1.350000e+02	
3.000000e+00	1.510000e+02	
3.000000e+00	8.800000e+01	
3.000000e+00	9.500000e+01	
3.000000e+00	1.530000e+02	
3.000000e+00	1.340000e+02	
3.000000e+00	1.540000e+02	
3.000000e+00	1.390000e+02	
3.000000e+00	1.220000e+02	
3.000000e+00	8.900000e+01	
3.000000e+00	1.130000e+02	
3.000000e+00	1.610000e+02	
3.000000e+00	1.480000e+02	
3.000000e+00	9.900000e+01	
3.000000e+00	1.400000e+02	
3.000000e+00	1.520000e+02	
3.000000e+00	1.200000e+02	
3.000000e+00	1.540000e+02	
3.000000e+00	1.340000e+02	
3.000000e+00	1.080000e+02	
3.000000e+00	1.420000e+02	
3.000000e+00	1.120000e+02	
3.000000e+00	1.430000e+02	
3.000000e+00	1.040000e+02	
3.000000e+00	1.530000e+02	
3.000000e+00	1.460000e+02	
3.000000e+00	1.270000e+02	
3.000000e+00	1.650000e+02	
3.000000e+00	1.580000e+02	
3.000000e+00	1.450000e+02	
3.000000e+00	1.430000e+02	
3.000000e+00	1.070000e+02	
3.000000e+00	8.900000e+01	
3.000000e+00	1.450000e+02	
3.000000e+00	1.500000e+02	
3.000000e+00	9.200000e+01	
3.000000e+00	1.480000e+02	
3.000000e+00	9.800000e+01	
3.000000e+00	1.100000e+02	
3.000000e+00	1.490000e+02	
3.000000e+00	1.260000e+02	
3.000000e+00	1.330000e+02	
3.000000e+00	1.480000e+02	
3.000000e+00	1.100000e+02	
3.000000e+00	1.270000e+02	
3.000000e+00	1.130000e+02	
3.000000e+00	1.540000e+02	
3.000000e+00	1.280000e+02	
3.000000e+00	1.480000e+02	
3.000000e+00	1.230000e+02	
3.000000e+00	1.300000e+02	
3.000000e+00	9.700000e+01	
3.000000e+00	1.160000e+02	
3.000000e+00	1.620000e+02	
3.000000e+00	1.210000e+02	
3.000000e+00	9.900000e+01	
3.000000e+00	1.260000e+02	
3.000000e+00	1.480000e+02	
3.000000e+00	1.280000e+02	
3.000000e+00	9.700000e+01	
3.000000e+00	1.100000e+02	
3.000000e+00	1.030000e+02	
3.000000e+00	1.050000e+02	
3.000000e+00	1.030000e+02	
3.000000e+00	1.100000e+02	
3.000000e+00	9.000000e+01	
3.000000e+00	1.170000e+02	
3.000000e+00	9.800000e+01	
3.000000e+00	1.090000e+02	
3.000000e+00	1.600000e+02	
3.000000e+00	1.160000e+02	
3.000000e+00	1.120000e+02	
3.000000e+00	9.300000e+01	
3.000000e+00	1.430000e+02	
3.000000e+00	1.490000e+02	
3.000000e+00	1.460000e+02	
