# This file contains the data of initial population
# of objectives = 2, # of constraints = 0, # of real_var = 0, # of bits of bin_var = 128, constr_violation, rank, crowding_distance
1.116000e+03	6.596000e+03	
1.116000e+03	6.596000e+03	
1.116000e+03	6.596000e+03	
1.116000e+03	6.596000e+03	
1.116000e+03	6.596000e+03	
1.116000e+03	6.596000e+03	
1.116000e+03	6.596000e+03	
1.116000e+03	6.596000e+03	
1.116000e+03	6.596000e+03	
1.116000e+03	6.596000e+03	
1.116000e+03	6.596000e+03	
1.116000e+03	6.596000e+03	
1.116000e+03	6.596000e+03	
1.116000e+03	6.596000e+03	
1.116000e+03	6.596000e+03	
1.116000e+03	6.596000e+03	
1.116000e+03	6.596000e+03	
1.116000e+03	6.596000e+03	
1.116000e+03	6.596000e+03	
1.116000e+03	6.596000e+03	
1.116000e+03	6.596000e+03	
1.044000e+03	6.090000e+03	
1.116000e+03	6.596000e+03	
1.116000e+03	6.596000e+03	
1.116000e+03	6.596000e+03	
1.116000e+03	6.596000e+03	
1.116000e+03	6.596000e+03	
1.116000e+03	6.596000e+03	
1.116000e+03	6.596000e+03	
1.116000e+03	6.596000e+03	
1.116000e+03	6.596000e+03	
1.116000e+03	6.596000e+03	
1.116000e+03	6.596000e+03	
1.116000e+03	6.596000e+03	
1.116000e+03	6.596000e+03	
1.116000e+03	6.596000e+03	
1.116000e+03	6.596000e+03	
1.116000e+03	6.596000e+03	
1.116000e+03	6.596000e+03	
1.116000e+03	6.596000e+03	
1.116000e+03	6.596000e+03	
1.116000e+03	6.596000e+03	
1.116000e+03	6.596000e+03	
1.116000e+03	6.596000e+03	
1.116000e+03	6.580000e+03	
1.116000e+03	6.596000e+03	
1.116000e+03	6.596000e+03	
1.116000e+03	6.596000e+03	
1.116000e+03	6.596000e+03	
1.056000e+03	6.166000e+03	
1.116000e+03	6.596000e+03	
1.116000e+03	6.596000e+03	
1.116000e+03	6.596000e+03	
1.116000e+03	6.596000e+03	
1.116000e+03	6.596000e+03	
1.050000e+03	6.070000e+03	
1.116000e+03	6.596000e+03	
1.116000e+03	6.596000e+03	
1.116000e+03	6.596000e+03	
1.116000e+03	6.596000e+03	
1.116000e+03	6.596000e+03	
1.116000e+03	6.580000e+03	
1.116000e+03	6.596000e+03	
1.116000e+03	6.596000e+03	
1.116000e+03	6.596000e+03	
1.116000e+03	6.596000e+03	
1.116000e+03	6.596000e+03	
1.116000e+03	6.596000e+03	
1.116000e+03	6.596000e+03	
1.116000e+03	6.596000e+03	
1.116000e+03	6.596000e+03	
1.116000e+03	6.596000e+03	
1.116000e+03	6.596000e+03	
1.116000e+03	6.596000e+03	
1.116000e+03	6.596000e+03	
1.116000e+03	6.596000e+03	
1.116000e+03	6.596000e+03	
1.116000e+03	6.596000e+03	
1.116000e+03	6.596000e+03	
1.116000e+03	6.596000e+03	
1.116000e+03	6.596000e+03	
1.116000e+03	6.596000e+03	
1.116000e+03	6.596000e+03	
1.116000e+03	6.596000e+03	
1.116000e+03	6.596000e+03	
1.116000e+03	6.596000e+03	
1.116000e+03	6.596000e+03	
1.116000e+03	6.596000e+03	
1.116000e+03	6.596000e+03	
1.116000e+03	6.596000e+03	
1.116000e+03	6.596000e+03	
1.116000e+03	6.596000e+03	
1.116000e+03	6.596000e+03	
1.116000e+03	6.596000e+03	
1.116000e+03	6.596000e+03	
1.116000e+03	6.596000e+03	
1.116000e+03	6.596000e+03	
1.116000e+03	6.596000e+03	
1.116000e+03	6.596000e+03	
1.116000e+03	6.596000e+03	
1.116000e+03	6.596000e+03	
1.116000e+03	6.596000e+03	
1.116000e+03	6.596000e+03	
1.116000e+03	6.596000e+03	
1.116000e+03	6.596000e+03	
1.116000e+03	6.596000e+03	
1.079000e+03	6.302000e+03	
1.116000e+03	6.596000e+03	
1.116000e+03	6.596000e+03	
1.116000e+03	6.596000e+03	
1.116000e+03	6.596000e+03	
1.116000e+03	6.596000e+03	
1.116000e+03	6.596000e+03	
1.116000e+03	6.596000e+03	
1.116000e+03	6.596000e+03	
1.116000e+03	6.596000e+03	
1.116000e+03	6.596000e+03	
1.116000e+03	6.596000e+03	
1.116000e+03	6.596000e+03	
1.116000e+03	6.596000e+03	
1.116000e+03	6.596000e+03	
1.116000e+03	6.596000e+03	
1.054000e+03	6.158000e+03	
1.116000e+03	6.596000e+03	
1.116000e+03	6.596000e+03	
1.116000e+03	6.596000e+03	
1.116000e+03	6.596000e+03	
1.116000e+03	6.596000e+03	
1.116000e+03	6.596000e+03	
1.116000e+03	6.596000e+03	
1.116000e+03	6.596000e+03	
1.116000e+03	6.596000e+03	
1.084000e+03	6.365000e+03	
1.116000e+03	6.596000e+03	
1.116000e+03	6.596000e+03	
1.116000e+03	6.596000e+03	
1.116000e+03	6.596000e+03	
1.116000e+03	6.596000e+03	
1.116000e+03	6.596000e+03	
1.116000e+03	6.596000e+03	
1.116000e+03	6.596000e+03	
1.116000e+03	6.596000e+03	
1.116000e+03	6.596000e+03	
1.116000e+03	6.596000e+03	
1.116000e+03	6.596000e+03	
1.116000e+03	6.596000e+03	
1.116000e+03	6.596000e+03	
1.116000e+03	6.596000e+03	
1.116000e+03	6.596000e+03	
1.062000e+03	6.206000e+03	
1.116000e+03	6.596000e+03	
1.116000e+03	6.596000e+03	
1.116000e+03	6.596000e+03	
1.116000e+03	6.596000e+03	
1.116000e+03	6.596000e+03	
1.116000e+03	6.596000e+03	
1.116000e+03	6.596000e+03	
1.116000e+03	6.596000e+03	
1.116000e+03	6.580000e+03	
1.116000e+03	6.596000e+03	
1.116000e+03	6.596000e+03	
1.116000e+03	6.596000e+03	
1.116000e+03	6.596000e+03	
1.116000e+03	6.596000e+03	
1.116000e+03	6.596000e+03	
1.116000e+03	6.596000e+03	
1.116000e+03	6.596000e+03	
1.116000e+03	6.596000e+03	
1.116000e+03	6.596000e+03	
1.116000e+03	6.596000e+03	
1.116000e+03	6.596000e+03	
1.054000e+03	6.152000e+03	
1.116000e+03	6.596000e+03	
1.116000e+03	6.596000e+03	
1.034000e+03	5.962000e+03	
1.116000e+03	6.596000e+03	
1.116000e+03	6.596000e+03	
1.116000e+03	6.596000e+03	
1.116000e+03	6.596000e+03	
1.116000e+03	6.596000e+03	
1.116000e+03	6.596000e+03	
1.116000e+03	6.596000e+03	
1.116000e+03	6.596000e+03	
1.116000e+03	6.596000e+03	
1.116000e+03	6.596000e+03	
1.116000e+03	6.596000e+03	
1.116000e+03	6.596000e+03	
1.116000e+03	6.596000e+03	
1.116000e+03	6.596000e+03	
1.116000e+03	6.596000e+03	
1.116000e+03	6.596000e+03	
1.116000e+03	6.596000e+03	
1.116000e+03	6.596000e+03	
1.116000e+03	6.596000e+03	
1.116000e+03	6.596000e+03	
1.116000e+03	6.596000e+03	
1.116000e+03	6.596000e+03	
1.116000e+03	6.596000e+03	
1.116000e+03	6.596000e+03	
1.116000e+03	6.596000e+03	
1.116000e+03	6.596000e+03	
1.116000e+03	6.596000e+03	
1.116000e+03	6.596000e+03	
1.116000e+03	6.596000e+03	
1.116000e+03	6.596000e+03	
1.116000e+03	6.596000e+03	
1.116000e+03	6.596000e+03	
1.116000e+03	6.596000e+03	
1.116000e+03	6.596000e+03	
1.116000e+03	6.596000e+03	
1.116000e+03	6.596000e+03	
1.116000e+03	6.596000e+03	
1.116000e+03	6.596000e+03	
1.116000e+03	6.596000e+03	
1.116000e+03	6.596000e+03	
1.116000e+03	6.596000e+03	
1.116000e+03	6.596000e+03	
1.116000e+03	6.596000e+03	
1.116000e+03	6.596000e+03	
1.116000e+03	6.596000e+03	
1.116000e+03	6.596000e+03	
1.116000e+03	6.596000e+03	
1.084000e+03	6.366000e+03	
1.116000e+03	6.596000e+03	
1.116000e+03	6.596000e+03	
1.116000e+03	6.596000e+03	
1.116000e+03	6.596000e+03	
1.116000e+03	6.596000e+03	
1.116000e+03	6.596000e+03	
1.116000e+03	6.596000e+03	
1.116000e+03	6.596000e+03	
1.116000e+03	6.596000e+03	
1.116000e+03	6.596000e+03	
1.116000e+03	6.596000e+03	
1.116000e+03	6.596000e+03	
1.116000e+03	6.596000e+03	
1.116000e+03	6.596000e+03	
1.116000e+03	6.596000e+03	
1.116000e+03	6.596000e+03	
1.116000e+03	6.596000e+03	
1.116000e+03	6.596000e+03	
1.116000e+03	6.596000e+03	
1.048000e+03	6.086000e+03	
1.116000e+03	6.596000e+03	
1.052000e+03	6.054000e+03	
1.116000e+03	6.596000e+03	
1.086000e+03	6.377000e+03	
1.116000e+03	6.596000e+03	
1.116000e+03	6.596000e+03	
1.116000e+03	6.596000e+03	
1.116000e+03	6.596000e+03	
1.116000e+03	6.596000e+03	
1.116000e+03	6.596000e+03	
1.116000e+03	6.596000e+03	
1.116000e+03	6.596000e+03	
1.116000e+03	6.596000e+03	
