# This file contains the data of initial population
# of objectives = 2, # of constraints = 0, # of real_var = 0, # of bits of bin_var = 156, constr_violation, rank, crowding_distance
1.488000e+03	9.656000e+03	
1.364000e+03	8.590000e+03	
1.624000e+03	1.050000e+04	
1.408000e+03	8.876000e+03	
1.420000e+03	8.802000e+03	
1.440000e+03	9.112000e+03	
1.576000e+03	1.019600e+04	
1.924000e+03	1.310200e+04	
1.308000e+03	8.042000e+03	
1.744000e+03	1.162200e+04	
1.380000e+03	8.600000e+03	
1.508000e+03	9.636000e+03	
1.576000e+03	1.019600e+04	
1.436000e+03	9.062000e+03	
1.280000e+03	7.766000e+03	
1.404000e+03	8.912000e+03	
1.412000e+03	8.948000e+03	
1.216000e+03	7.212000e+03	
1.328000e+03	8.070000e+03	
1.492000e+03	9.480000e+03	
1.324000e+03	8.338000e+03	
1.712000e+03	1.148800e+04	
1.332000e+03	8.082000e+03	
1.908000e+03	1.299800e+04	
1.668000e+03	1.088600e+04	
1.628000e+03	1.066400e+04	
1.324000e+03	8.248000e+03	
1.364000e+03	8.638000e+03	
1.804000e+03	1.230400e+04	
1.636000e+03	1.065600e+04	
1.264000e+03	7.512000e+03	
1.524000e+03	9.650000e+03	
1.488000e+03	9.422000e+03	
1.608000e+03	1.048200e+04	
1.688000e+03	1.112400e+04	
1.444000e+03	9.008000e+03	
1.223000e+03	7.316000e+03	
1.720000e+03	1.145800e+04	
1.388000e+03	8.742000e+03	
1.484000e+03	9.404000e+03	
1.624000e+03	1.050000e+04	
1.624000e+03	1.066800e+04	
1.330000e+03	8.224000e+03	
1.756000e+03	1.168800e+04	
1.756000e+03	1.168800e+04	
1.372000e+03	8.552000e+03	
1.528000e+03	9.818000e+03	
1.796000e+03	1.194000e+04	
1.744000e+03	1.161000e+04	
1.444000e+03	9.176000e+03	
1.204000e+03	7.220000e+03	
1.504000e+03	9.666000e+03	
1.788000e+03	1.188800e+04	
1.328000e+03	8.220000e+03	
1.500000e+03	9.654000e+03	
1.584000e+03	1.024400e+04	
1.568000e+03	1.014400e+04	
1.524000e+03	9.812000e+03	
1.308000e+03	7.928000e+03	
1.620000e+03	1.061200e+04	
1.888000e+03	1.287200e+04	
1.628000e+03	1.052200e+04	
1.428000e+03	9.040000e+03	
1.592000e+03	1.029600e+04	
1.558000e+03	1.008500e+04	
1.780000e+03	1.184000e+04	
1.552000e+03	1.004400e+04	
1.576000e+03	1.019600e+04	
1.560000e+03	1.008800e+04	
1.764000e+03	1.173600e+04	
1.732000e+03	1.156000e+04	
1.764000e+03	1.173200e+04	
1.756000e+03	1.168800e+04	
1.392000e+03	8.814000e+03	
1.392000e+03	8.814000e+03	
1.604000e+03	1.050800e+04	
1.500000e+03	9.648000e+03	
1.584000e+03	1.024400e+04	
1.688000e+03	1.105400e+04	
1.876000e+03	1.273200e+04	
1.476000e+03	9.496000e+03	
1.540000e+03	9.966000e+03	
1.660000e+03	1.108000e+04	
1.396000e+03	8.872000e+03	
1.756000e+03	1.168800e+04	
1.600000e+03	1.034800e+04	
1.708000e+03	1.138400e+04	
1.484000e+03	9.404000e+03	
1.354000e+03	8.415000e+03	
1.444000e+03	9.248000e+03	
1.444000e+03	9.008000e+03	
1.468000e+03	9.508000e+03	
1.820000e+03	1.220000e+04	
1.524000e+03	9.780000e+03	
1.420000e+03	8.856000e+03	
1.508000e+03	9.680000e+03	
1.624000e+03	1.050000e+04	
1.668000e+03	1.088600e+04	
1.552000e+03	1.021400e+04	
1.576000e+03	1.019600e+04	
1.420000e+03	8.856000e+03	
1.344000e+03	8.486000e+03	
1.720000e+03	1.145800e+04	
1.552000e+03	1.004400e+04	
1.804000e+03	1.199200e+04	
1.804000e+03	1.199200e+04	
1.396000e+03	8.700000e+03	
1.580000e+03	1.037000e+04	
1.396000e+03	8.704000e+03	
1.804000e+03	1.199200e+04	
1.780000e+03	1.184000e+04	
1.288000e+03	7.668000e+03	
1.432000e+03	9.016000e+03	
1.608000e+03	1.053200e+04	
1.250000e+03	7.518000e+03	
1.144000e+03	6.756000e+03	
1.288000e+03	7.832000e+03	
1.236000e+03	7.450000e+03	
1.744000e+03	1.161000e+04	
1.208000e+03	7.156000e+03	
1.680000e+03	1.098800e+04	
1.444000e+03	9.004000e+03	
1.722000e+03	1.158800e+04	
1.592000e+03	1.029600e+04	
1.432000e+03	8.930000e+03	
1.420000e+03	8.856000e+03	
1.852000e+03	1.254800e+04	
1.492000e+03	9.482000e+03	
1.372000e+03	8.552000e+03	
1.360000e+03	8.552000e+03	
1.744000e+03	1.161000e+04	
1.192000e+03	7.060000e+03	
1.332000e+03	8.176000e+03	
1.720000e+03	1.145800e+04	
1.732000e+03	1.153600e+04	
1.684000e+03	1.123200e+04	
1.504000e+03	9.740000e+03	
1.672000e+03	1.097200e+04	
1.372000e+03	8.642000e+03	
1.720000e+03	1.145800e+04	
1.516000e+03	9.634000e+03	
1.554000e+03	1.008800e+04	
1.912000e+03	1.302800e+04	
1.780000e+03	1.184000e+04	
1.888000e+03	1.287600e+04	
1.624000e+03	1.050000e+04	
1.926000e+03	1.311400e+04	
1.592000e+03	1.044000e+04	
1.608000e+03	1.053400e+04	
1.756000e+03	1.168800e+04	
1.444000e+03	9.004000e+03	
1.420000e+03	8.856000e+03	
1.456000e+03	9.216000e+03	
1.748000e+03	1.163600e+04	
1.576000e+03	1.020800e+04	
1.536000e+03	1.007600e+04	
1.372000e+03	8.552000e+03	
1.720000e+03	1.145800e+04	
1.684000e+03	1.115600e+04	
1.972000e+03	1.340600e+04	
1.616000e+03	1.044800e+04	
1.280000e+03	7.859000e+03	
1.662000e+03	1.082900e+04	
1.288000e+03	7.776000e+03	
1.608000e+03	1.054000e+04	
1.684000e+03	1.125600e+04	
1.552000e+03	1.004000e+04	
1.216000e+03	7.212000e+03	
1.908000e+03	1.299800e+04	
1.412000e+03	8.948000e+03	
1.416000e+03	8.942000e+03	
1.484000e+03	9.370000e+03	
1.780000e+03	1.183600e+04	
1.560000e+03	1.009200e+04	
1.372000e+03	8.552000e+03	
1.828000e+03	1.231400e+04	
1.388000e+03	8.652000e+03	
1.792000e+03	1.199600e+04	
1.960000e+03	1.332800e+04	
1.420000e+03	8.856000e+03	
1.684000e+03	1.107200e+04	
1.540000e+03	9.914000e+03	
1.936000e+03	1.318000e+04	
1.340000e+03	8.348000e+03	
1.260000e+03	7.628000e+03	
1.624000e+03	1.050000e+04	
1.588000e+03	1.027000e+04	
1.732000e+03	1.153600e+04	
1.518000e+03	9.917000e+03	
1.756000e+03	1.170000e+04	
1.900000e+03	1.295000e+04	
1.400000e+03	8.864000e+03	
1.560000e+03	1.020200e+04	
1.632000e+03	1.077000e+04	
1.600000e+03	1.034400e+04	
1.592000e+03	1.029600e+04	
1.912000e+03	1.302800e+04	
1.338000e+03	8.334000e+03	
1.648000e+03	1.065200e+04	
1.420000e+03	8.856000e+03	
1.576000e+03	1.019600e+04	
1.780000e+03	1.184000e+04	
1.756000e+03	1.168400e+04	
1.892000e+03	1.277200e+04	
1.928000e+03	1.312800e+04	
1.936000e+03	1.318000e+04	
1.952000e+03	1.327600e+04	
1.204000e+03	7.134000e+03	
1.796000e+03	1.208400e+04	
1.640000e+03	1.074400e+04	
1.444000e+03	9.008000e+03	
1.540000e+03	9.966000e+03	
1.732000e+03	1.153600e+04	
1.764000e+03	1.188000e+04	
1.624000e+03	1.050000e+04	
1.420000e+03	9.000000e+03	
1.576000e+03	1.019600e+04	
1.216000e+03	7.212000e+03	
1.320000e+03	7.868000e+03	
1.552000e+03	1.004400e+04	
1.584000e+03	1.024400e+04	
1.705000e+03	1.133700e+04	
1.302000e+03	8.053000e+03	
1.552000e+03	1.004400e+04	
1.388000e+03	8.796000e+03	
1.912000e+03	1.302800e+04	
1.792000e+03	1.191400e+04	
1.540000e+03	9.836000e+03	
1.451000e+03	9.118000e+03	
1.952000e+03	1.328000e+04	
1.208000e+03	7.160000e+03	
1.564000e+03	1.010800e+04	
1.484000e+03	9.532000e+03	
1.336000e+03	8.272000e+03	
1.796000e+03	1.193600e+04	
1.500000e+03	9.721000e+03	
1.712000e+03	1.135600e+04	
1.640000e+03	1.075000e+04	
1.404000e+03	8.888000e+03	
1.240000e+03	7.364000e+03	
1.732000e+03	1.153600e+04	
1.464000e+03	9.282000e+03	
1.624000e+03	1.049600e+04	
1.428000e+03	9.040000e+03	
1.396000e+03	8.700000e+03	
1.520000e+03	9.796000e+03	
1.320000e+03	8.168000e+03	
1.708000e+03	1.138400e+04	
1.480000e+03	9.588000e+03	
1.460000e+03	9.270000e+03	
1.436000e+03	9.112000e+03	
1.424000e+03	9.010000e+03	
1.584000e+03	1.024400e+04	
1.600000e+03	1.034800e+04	
1.904000e+03	1.297600e+04	
1.650000e+03	1.100000e+04	
