# This file contains the data of initial population
# of objectives = 2, # of constraints = 0, # of real_var = 0, # of bits of bin_var = 85, constr_violation, rank, crowding_distance
1.316000e+03	1.079200e+04	
1.029000e+03	7.639000e+03	
1.316000e+03	1.079200e+04	
1.316000e+03	1.079200e+04	
1.316000e+03	1.079200e+04	
1.316000e+03	1.079200e+04	
1.316000e+03	1.079200e+04	
1.316000e+03	1.079200e+04	
1.316000e+03	1.079200e+04	
1.316000e+03	1.079200e+04	
1.316000e+03	1.079200e+04	
1.316000e+03	1.079200e+04	
1.316000e+03	1.079200e+04	
1.316000e+03	1.079200e+04	
1.316000e+03	1.079200e+04	
1.316000e+03	1.079200e+04	
1.316000e+03	1.079200e+04	
1.316000e+03	1.079200e+04	
1.316000e+03	1.079200e+04	
1.316000e+03	1.079200e+04	
1.316000e+03	1.079200e+04	
1.304000e+03	1.064400e+04	
1.316000e+03	1.079200e+04	
1.316000e+03	1.079200e+04	
1.316000e+03	1.079200e+04	
1.316000e+03	1.079200e+04	
1.316000e+03	1.079200e+04	
1.304000e+03	1.064400e+04	
1.316000e+03	1.079200e+04	
1.316000e+03	1.079200e+04	
1.313000e+03	1.076800e+04	
1.316000e+03	1.079200e+04	
1.315000e+03	1.078200e+04	
1.316000e+03	1.079200e+04	
1.316000e+03	1.079200e+04	
1.316000e+03	1.079200e+04	
1.316000e+03	1.079200e+04	
1.316000e+03	1.079200e+04	
1.316000e+03	1.079200e+04	
1.316000e+03	1.079200e+04	
1.316000e+03	1.079200e+04	
1.316000e+03	1.079200e+04	
1.316000e+03	1.079200e+04	
1.316000e+03	1.079200e+04	
1.316000e+03	1.079200e+04	
1.304000e+03	1.064400e+04	
1.316000e+03	1.079200e+04	
1.316000e+03	1.079200e+04	
1.316000e+03	1.079200e+04	
1.316000e+03	1.079200e+04	
1.314000e+03	1.078500e+04	
1.316000e+03	1.079200e+04	
1.316000e+03	1.079200e+04	
1.314000e+03	1.078500e+04	
1.316000e+03	1.079200e+04	
1.316000e+03	1.079200e+04	
1.304000e+03	1.064400e+04	
1.315000e+03	1.078200e+04	
1.316000e+03	1.079200e+04	
1.316000e+03	1.079200e+04	
1.316000e+03	1.079200e+04	
1.304000e+03	1.064400e+04	
1.316000e+03	1.079200e+04	
1.316000e+03	1.079200e+04	
1.316000e+03	1.079200e+04	
1.313000e+03	1.077100e+04	
1.316000e+03	1.079200e+04	
1.316000e+03	1.079200e+04	
1.315000e+03	1.078700e+04	
1.316000e+03	1.079200e+04	
1.316000e+03	1.079200e+04	
1.316000e+03	1.079200e+04	
1.315000e+03	1.079200e+04	
1.316000e+03	1.079200e+04	
1.316000e+03	1.079200e+04	
1.316000e+03	1.079200e+04	
1.316000e+03	1.079200e+04	
1.316000e+03	1.079200e+04	
1.316000e+03	1.079200e+04	
1.316000e+03	1.079200e+04	
1.316000e+03	1.079200e+04	
1.312000e+03	1.074400e+04	
1.316000e+03	1.079200e+04	
1.316000e+03	1.079200e+04	
1.316000e+03	1.079200e+04	
1.316000e+03	1.079200e+04	
1.316000e+03	1.079200e+04	
1.316000e+03	1.079200e+04	
1.316000e+03	1.079200e+04	
1.316000e+03	1.079200e+04	
1.312000e+03	1.074400e+04	
1.316000e+03	1.079200e+04	
1.316000e+03	1.079200e+04	
1.313000e+03	1.076900e+04	
1.316000e+03	1.079200e+04	
1.316000e+03	1.079200e+04	
1.316000e+03	1.079200e+04	
1.316000e+03	1.079200e+04	
1.316000e+03	1.079200e+04	
1.316000e+03	1.079200e+04	
1.315000e+03	1.078700e+04	
1.316000e+03	1.079200e+04	
1.316000e+03	1.079200e+04	
1.316000e+03	1.079200e+04	
1.313000e+03	1.078000e+04	
1.316000e+03	1.079200e+04	
1.304000e+03	1.064400e+04	
1.105000e+03	8.344000e+03	
1.316000e+03	1.079200e+04	
1.315000e+03	1.079100e+04	
1.316000e+03	1.079200e+04	
1.316000e+03	1.079200e+04	
1.316000e+03	1.079200e+04	
1.316000e+03	1.079200e+04	
1.316000e+03	1.079200e+04	
1.316000e+03	1.079200e+04	
1.316000e+03	1.079200e+04	
1.316000e+03	1.079200e+04	
1.316000e+03	1.079200e+04	
1.316000e+03	1.079200e+04	
1.304000e+03	1.065200e+04	
1.316000e+03	1.079200e+04	
1.316000e+03	1.079200e+04	
1.316000e+03	1.079200e+04	
1.316000e+03	1.079200e+04	
1.316000e+03	1.079200e+04	
1.304000e+03	1.064400e+04	
1.316000e+03	1.079200e+04	
1.316000e+03	1.079200e+04	
1.316000e+03	1.079200e+04	
1.316000e+03	1.079200e+04	
1.304000e+03	1.064400e+04	
1.316000e+03	1.079200e+04	
1.316000e+03	1.079200e+04	
1.316000e+03	1.079200e+04	
1.315000e+03	1.078600e+04	
1.316000e+03	1.079200e+04	
1.134000e+03	8.738000e+03	
1.316000e+03	1.079200e+04	
1.316000e+03	1.079200e+04	
1.304000e+03	1.064000e+04	
1.316000e+03	1.079200e+04	
1.316000e+03	1.079200e+04	
1.316000e+03	1.079200e+04	
1.316000e+03	1.079200e+04	
1.316000e+03	1.079200e+04	
1.316000e+03	1.079200e+04	
1.316000e+03	1.079200e+04	
1.316000e+03	1.079200e+04	
1.316000e+03	1.079200e+04	
1.316000e+03	1.079200e+04	
1.316000e+03	1.079000e+04	
1.316000e+03	1.079200e+04	
1.316000e+03	1.079000e+04	
1.316000e+03	1.079200e+04	
1.316000e+03	1.079200e+04	
1.316000e+03	1.079200e+04	
1.316000e+03	1.079200e+04	
1.316000e+03	1.079200e+04	
1.316000e+03	1.079000e+04	
1.316000e+03	1.079200e+04	
1.304000e+03	1.064400e+04	
1.316000e+03	1.079200e+04	
1.316000e+03	1.079200e+04	
1.316000e+03	1.079200e+04	
1.316000e+03	1.079200e+04	
1.316000e+03	1.079200e+04	
1.316000e+03	1.079200e+04	
1.316000e+03	1.079200e+04	
1.316000e+03	1.079200e+04	
1.304000e+03	1.065200e+04	
1.316000e+03	1.079200e+04	
1.316000e+03	1.079200e+04	
1.316000e+03	1.079200e+04	
1.316000e+03	1.079200e+04	
1.316000e+03	1.079200e+04	
1.316000e+03	1.079200e+04	
1.316000e+03	1.079200e+04	
1.312000e+03	1.075200e+04	
1.316000e+03	1.079200e+04	
1.316000e+03	1.079200e+04	
1.316000e+03	1.079200e+04	
1.316000e+03	1.079200e+04	
1.316000e+03	1.079200e+04	
1.316000e+03	1.079200e+04	
1.316000e+03	1.079200e+04	
1.304000e+03	1.065200e+04	
1.316000e+03	1.079200e+04	
1.312000e+03	1.074000e+04	
1.316000e+03	1.079200e+04	
1.316000e+03	1.079200e+04	
1.316000e+03	1.079200e+04	
1.316000e+03	1.079200e+04	
1.316000e+03	1.079200e+04	
1.316000e+03	1.079200e+04	
1.316000e+03	1.079200e+04	
1.316000e+03	1.079200e+04	
1.315000e+03	1.078700e+04	
1.316000e+03	1.079200e+04	
1.316000e+03	1.079200e+04	
1.316000e+03	1.079200e+04	
1.316000e+03	1.079200e+04	
1.316000e+03	1.079200e+04	
1.135000e+03	8.741000e+03	
1.316000e+03	1.079200e+04	
1.316000e+03	1.079200e+04	
1.316000e+03	1.079200e+04	
1.316000e+03	1.079200e+04	
1.316000e+03	1.079200e+04	
1.316000e+03	1.079200e+04	
1.316000e+03	1.079200e+04	
1.316000e+03	1.079200e+04	
1.316000e+03	1.079200e+04	
1.312000e+03	1.074400e+04	
1.316000e+03	1.079200e+04	
1.315000e+03	1.078600e+04	
1.316000e+03	1.079200e+04	
1.315000e+03	1.078200e+04	
1.316000e+03	1.079200e+04	
1.316000e+03	1.079200e+04	
1.316000e+03	1.079200e+04	
1.316000e+03	1.079200e+04	
1.316000e+03	1.079200e+04	
1.316000e+03	1.079200e+04	
1.316000e+03	1.079200e+04	
1.316000e+03	1.079200e+04	
1.316000e+03	1.079200e+04	
1.316000e+03	1.079200e+04	
1.316000e+03	1.079200e+04	
1.316000e+03	1.079200e+04	
1.316000e+03	1.079200e+04	
1.316000e+03	1.079200e+04	
1.316000e+03	1.079200e+04	
1.316000e+03	1.079200e+04	
1.316000e+03	1.079200e+04	
1.316000e+03	1.079200e+04	
1.316000e+03	1.079200e+04	
1.316000e+03	1.079200e+04	
1.315000e+03	1.078800e+04	
1.316000e+03	1.079200e+04	
1.316000e+03	1.079200e+04	
1.316000e+03	1.079200e+04	
1.316000e+03	1.079200e+04	
1.316000e+03	1.079200e+04	
1.316000e+03	1.079200e+04	
1.316000e+03	1.079200e+04	
1.316000e+03	1.079200e+04	
1.316000e+03	1.079200e+04	
1.316000e+03	1.079200e+04	
1.315000e+03	1.079200e+04	
1.316000e+03	1.079200e+04	
1.316000e+03	1.079200e+04	
1.316000e+03	1.079200e+04	
1.304000e+03	1.064400e+04	
1.316000e+03	1.079200e+04	
1.315000e+03	1.078200e+04	
