# This file contains the data of initial population
# of objectives = 2, # of constraints = 0, # of real_var = 0, # of bits of bin_var = 27, constr_violation, rank, crowding_distance
3.000000e+00	1.480000e+02	
3.000000e+00	1.480000e+02	
3.000000e+00	1.480000e+02	
3.000000e+00	1.500000e+02	
3.000000e+00	1.310000e+02	
3.000000e+00	1.480000e+02	
3.000000e+00	1.480000e+02	
3.000000e+00	1.490000e+02	
3.000000e+00	1.480000e+02	
3.000000e+00	1.490000e+02	
3.000000e+00	1.480000e+02	
3.000000e+00	1.480000e+02	
3.000000e+00	1.490000e+02	
3.000000e+00	1.450000e+02	
3.000000e+00	1.460000e+02	
3.000000e+00	1.480000e+02	
3.000000e+00	1.480000e+02	
3.000000e+00	1.480000e+02	
3.000000e+00	1.460000e+02	
3.000000e+00	1.480000e+02	
3.000000e+00	1.500000e+02	
3.000000e+00	1.480000e+02	
3.000000e+00	1.490000e+02	
3.000000e+00	1.490000e+02	
3.000000e+00	1.490000e+02	
3.000000e+00	1.460000e+02	
3.000000e+00	1.480000e+02	
3.000000e+00	1.480000e+02	
3.000000e+00	1.480000e+02	
3.000000e+00	1.480000e+02	
3.000000e+00	1.500000e+02	
3.000000e+00	1.470000e+02	
3.000000e+00	1.480000e+02	
3.000000e+00	1.460000e+02	
3.000000e+00	1.460000e+02	
3.000000e+00	1.460000e+02	
3.000000e+00	1.460000e+02	
3.000000e+00	1.480000e+02	
3.000000e+00	1.470000e+02	
3.000000e+00	1.480000e+02	
3.000000e+00	1.200000e+02	
3.000000e+00	1.480000e+02	
3.000000e+00	1.320000e+02	
3.000000e+00	1.470000e+02	
3.000000e+00	1.470000e+02	
3.000000e+00	1.500000e+02	
3.000000e+00	1.490000e+02	
3.000000e+00	1.470000e+02	
3.000000e+00	1.490000e+02	
3.000000e+00	1.480000e+02	
3.000000e+00	1.470000e+02	
3.000000e+00	1.460000e+02	
3.000000e+00	1.470000e+02	
3.000000e+00	1.480000e+02	
3.000000e+00	1.480000e+02	
3.000000e+00	1.320000e+02	
3.000000e+00	1.320000e+02	
3.000000e+00	1.470000e+02	
3.000000e+00	1.480000e+02	
3.000000e+00	1.470000e+02	
3.000000e+00	1.480000e+02	
3.000000e+00	1.320000e+02	
3.000000e+00	1.480000e+02	
3.000000e+00	1.480000e+02	
3.000000e+00	1.470000e+02	
3.000000e+00	1.480000e+02	
3.000000e+00	1.460000e+02	
3.000000e+00	1.470000e+02	
3.000000e+00	1.490000e+02	
3.000000e+00	1.240000e+02	
3.000000e+00	1.480000e+02	
3.000000e+00	1.510000e+02	
3.000000e+00	1.430000e+02	
3.000000e+00	1.480000e+02	
3.000000e+00	1.470000e+02	
3.000000e+00	1.490000e+02	
3.000000e+00	1.480000e+02	
3.000000e+00	1.480000e+02	
3.000000e+00	1.470000e+02	
3.000000e+00	1.490000e+02	
3.000000e+00	1.480000e+02	
3.000000e+00	1.470000e+02	
3.000000e+00	1.480000e+02	
3.000000e+00	1.280000e+02	
3.000000e+00	1.470000e+02	
3.000000e+00	1.480000e+02	
3.000000e+00	1.320000e+02	
3.000000e+00	1.380000e+02	
3.000000e+00	1.200000e+02	
3.000000e+00	1.340000e+02	
3.000000e+00	1.480000e+02	
3.000000e+00	1.460000e+02	
3.000000e+00	1.250000e+02	
3.000000e+00	1.310000e+02	
3.000000e+00	1.480000e+02	
3.000000e+00	1.510000e+02	
3.000000e+00	1.480000e+02	
3.000000e+00	1.500000e+02	
3.000000e+00	1.480000e+02	
3.000000e+00	1.480000e+02	
3.000000e+00	1.480000e+02	
3.000000e+00	1.480000e+02	
3.000000e+00	1.470000e+02	
3.000000e+00	1.320000e+02	
3.000000e+00	1.480000e+02	
3.000000e+00	1.480000e+02	
3.000000e+00	1.310000e+02	
3.000000e+00	1.480000e+02	
3.000000e+00	1.460000e+02	
3.000000e+00	1.480000e+02	
3.000000e+00	1.480000e+02	
3.000000e+00	1.480000e+02	
3.000000e+00	1.480000e+02	
3.000000e+00	1.320000e+02	
3.000000e+00	1.480000e+02	
3.000000e+00	1.480000e+02	
3.000000e+00	1.480000e+02	
3.000000e+00	1.510000e+02	
3.000000e+00	1.490000e+02	
3.000000e+00	1.460000e+02	
3.000000e+00	1.480000e+02	
3.000000e+00	1.470000e+02	
3.000000e+00	1.470000e+02	
3.000000e+00	1.480000e+02	
3.000000e+00	1.310000e+02	
3.000000e+00	1.470000e+02	
3.000000e+00	1.460000e+02	
3.000000e+00	1.320000e+02	
3.000000e+00	1.480000e+02	
3.000000e+00	1.480000e+02	
3.000000e+00	1.490000e+02	
3.000000e+00	1.480000e+02	
3.000000e+00	1.470000e+02	
3.000000e+00	1.480000e+02	
3.000000e+00	1.480000e+02	
3.000000e+00	1.490000e+02	
3.000000e+00	1.480000e+02	
3.000000e+00	1.500000e+02	
3.000000e+00	1.310000e+02	
3.000000e+00	1.460000e+02	
3.000000e+00	1.480000e+02	
3.000000e+00	1.480000e+02	
3.000000e+00	1.470000e+02	
3.000000e+00	1.490000e+02	
3.000000e+00	1.320000e+02	
3.000000e+00	1.280000e+02	
3.000000e+00	1.480000e+02	
3.000000e+00	1.480000e+02	
3.000000e+00	1.460000e+02	
3.000000e+00	1.300000e+02	
3.000000e+00	1.300000e+02	
3.000000e+00	1.480000e+02	
3.000000e+00	1.480000e+02	
3.000000e+00	1.470000e+02	
3.000000e+00	1.480000e+02	
3.000000e+00	1.480000e+02	
3.000000e+00	1.500000e+02	
3.000000e+00	1.480000e+02	
3.000000e+00	1.280000e+02	
3.000000e+00	1.480000e+02	
3.000000e+00	1.320000e+02	
3.000000e+00	1.330000e+02	
3.000000e+00	1.430000e+02	
3.000000e+00	1.500000e+02	
3.000000e+00	1.460000e+02	
3.000000e+00	1.410000e+02	
3.000000e+00	1.320000e+02	
3.000000e+00	1.470000e+02	
3.000000e+00	1.450000e+02	
3.000000e+00	1.490000e+02	
3.000000e+00	1.480000e+02	
3.000000e+00	1.480000e+02	
3.000000e+00	1.280000e+02	
3.000000e+00	1.470000e+02	
3.000000e+00	1.530000e+02	
3.000000e+00	1.480000e+02	
3.000000e+00	1.490000e+02	
3.000000e+00	1.300000e+02	
3.000000e+00	1.430000e+02	
3.000000e+00	1.480000e+02	
3.000000e+00	1.220000e+02	
3.000000e+00	1.480000e+02	
3.000000e+00	1.500000e+02	
3.000000e+00	1.470000e+02	
3.000000e+00	1.480000e+02	
3.000000e+00	1.280000e+02	
3.000000e+00	1.480000e+02	
3.000000e+00	1.460000e+02	
3.000000e+00	1.470000e+02	
3.000000e+00	1.430000e+02	
3.000000e+00	1.490000e+02	
3.000000e+00	1.480000e+02	
3.000000e+00	1.480000e+02	
3.000000e+00	1.460000e+02	
3.000000e+00	1.490000e+02	
3.000000e+00	1.460000e+02	
3.000000e+00	1.480000e+02	
3.000000e+00	1.300000e+02	
3.000000e+00	1.490000e+02	
3.000000e+00	1.490000e+02	
3.000000e+00	1.490000e+02	
3.000000e+00	1.460000e+02	
3.000000e+00	1.510000e+02	
3.000000e+00	1.480000e+02	
3.000000e+00	1.480000e+02	
3.000000e+00	1.510000e+02	
3.000000e+00	1.480000e+02	
3.000000e+00	1.480000e+02	
3.000000e+00	1.460000e+02	
3.000000e+00	1.490000e+02	
3.000000e+00	1.490000e+02	
3.000000e+00	1.480000e+02	
3.000000e+00	1.450000e+02	
3.000000e+00	1.470000e+02	
3.000000e+00	1.500000e+02	
3.000000e+00	1.480000e+02	
3.000000e+00	1.480000e+02	
3.000000e+00	1.310000e+02	
3.000000e+00	1.480000e+02	
3.000000e+00	1.460000e+02	
3.000000e+00	1.480000e+02	
3.000000e+00	1.480000e+02	
3.000000e+00	1.480000e+02	
3.000000e+00	1.480000e+02	
3.000000e+00	1.480000e+02	
3.000000e+00	1.480000e+02	
3.000000e+00	1.470000e+02	
3.000000e+00	1.480000e+02	
3.000000e+00	1.480000e+02	
3.000000e+00	1.480000e+02	
3.000000e+00	1.460000e+02	
3.000000e+00	1.480000e+02	
3.000000e+00	1.480000e+02	
3.000000e+00	1.470000e+02	
3.000000e+00	1.480000e+02	
3.000000e+00	1.480000e+02	
3.000000e+00	1.480000e+02	
3.000000e+00	1.480000e+02	
3.000000e+00	1.470000e+02	
3.000000e+00	1.490000e+02	
3.000000e+00	1.480000e+02	
3.000000e+00	1.280000e+02	
3.000000e+00	1.480000e+02	
3.000000e+00	1.500000e+02	
3.000000e+00	1.480000e+02	
3.000000e+00	1.500000e+02	
3.000000e+00	1.460000e+02	
3.000000e+00	1.480000e+02	
3.000000e+00	1.480000e+02	
3.000000e+00	1.220000e+02	
3.000000e+00	1.490000e+02	
3.000000e+00	1.480000e+02	
3.000000e+00	1.480000e+02	
3.000000e+00	1.480000e+02	
3.000000e+00	1.490000e+02	
3.000000e+00	1.480000e+02	
