# This file contains the data of initial population
# of objectives = 2, # of constraints = 0, # of real_var = 0, # of bits of bin_var = 22, constr_violation, rank, crowding_distance
2.012000e+03	1.516000e+04	
1.913000e+03	1.475000e+04	
2.118000e+03	1.610900e+04	
2.052000e+03	1.565200e+04	
2.120000e+03	1.631300e+04	
1.909000e+03	1.472900e+04	
1.981000e+03	1.475600e+04	
2.077000e+03	1.598100e+04	
2.065000e+03	1.591700e+04	
1.894000e+03	1.399800e+04	
1.962000e+03	1.458000e+04	
1.910000e+03	1.462500e+04	
2.071000e+03	1.566100e+04	
1.907000e+03	1.418800e+04	
2.033000e+03	1.520400e+04	
2.227000e+03	1.703000e+04	
2.176000e+03	1.679900e+04	
2.030000e+03	1.543400e+04	
2.043000e+03	1.571800e+04	
2.050000e+03	1.534100e+04	
2.178000e+03	1.681800e+04	
2.060000e+03	1.547400e+04	
2.075000e+03	1.552700e+04	
1.990000e+03	1.528600e+04	
2.047000e+03	1.524600e+04	
2.203000e+03	1.694000e+04	
1.992000e+03	1.463600e+04	
1.922000e+03	1.435100e+04	
2.001000e+03	1.465500e+04	
1.976000e+03	1.447400e+04	
2.008000e+03	1.514200e+04	
2.104000e+03	1.617600e+04	
2.030000e+03	1.510800e+04	
2.413000e+03	1.894300e+04	
2.076000e+03	1.558200e+04	
2.099000e+03	1.622600e+04	
2.062000e+03	1.556000e+04	
2.030000e+03	1.536300e+04	
2.070000e+03	1.599600e+04	
2.156000e+03	1.685400e+04	
2.047000e+03	1.500300e+04	
1.995000e+03	1.559300e+04	
2.116000e+03	1.609700e+04	
2.151000e+03	1.618700e+04	
1.964000e+03	1.479100e+04	
1.986000e+03	1.508800e+04	
2.025000e+03	1.488800e+04	
2.126000e+03	1.637000e+04	
2.141000e+03	1.621300e+04	
1.998000e+03	1.484500e+04	
2.116000e+03	1.636500e+04	
2.049000e+03	1.551800e+04	
2.068000e+03	1.619100e+04	
1.997000e+03	1.478000e+04	
1.917000e+03	1.464500e+04	
2.048000e+03	1.549000e+04	
2.174000e+03	1.677400e+04	
2.009000e+03	1.516200e+04	
2.057000e+03	1.541900e+04	
1.997000e+03	1.481600e+04	
2.089000e+03	1.573400e+04	
2.114000e+03	1.586500e+04	
2.073000e+03	1.579100e+04	
2.080000e+03	1.550500e+04	
2.057000e+03	1.570300e+04	
2.185000e+03	1.682300e+04	
2.146000e+03	1.642600e+04	
1.964000e+03	1.501900e+04	
1.931000e+03	1.484200e+04	
1.961000e+03	1.515700e+04	
1.886000e+03	1.410800e+04	
2.027000e+03	1.503700e+04	
2.189000e+03	1.702400e+04	
2.048000e+03	1.559300e+04	
2.020000e+03	1.495900e+04	
2.095000e+03	1.603300e+04	
2.138000e+03	1.663900e+04	
1.852000e+03	1.379200e+04	
2.151000e+03	1.667400e+04	
2.037000e+03	1.517800e+04	
1.986000e+03	1.527100e+04	
2.173000e+03	1.662200e+04	
2.101000e+03	1.573300e+04	
2.097000e+03	1.610700e+04	
2.142000e+03	1.667600e+04	
2.092000e+03	1.575700e+04	
2.060000e+03	1.560900e+04	
2.062000e+03	1.531300e+04	
2.004000e+03	1.494200e+04	
2.052000e+03	1.578900e+04	
2.066000e+03	1.580900e+04	
2.086000e+03	1.607500e+04	
1.972000e+03	1.525500e+04	
2.123000e+03	1.645500e+04	
1.964000e+03	1.465100e+04	
2.058000e+03	1.575900e+04	
2.074000e+03	1.593300e+04	
2.095000e+03	1.595500e+04	
2.004000e+03	1.538300e+04	
2.032000e+03	1.538500e+04	
1.995000e+03	1.482200e+04	
2.142000e+03	1.675400e+04	
1.909000e+03	1.476100e+04	
1.895000e+03	1.442900e+04	
1.999000e+03	1.557600e+04	
2.047000e+03	1.565000e+04	
1.906000e+03	1.467900e+04	
2.117000e+03	1.622900e+04	
2.104000e+03	1.597400e+04	
1.926000e+03	1.511900e+04	
2.082000e+03	1.601800e+04	
2.104000e+03	1.634400e+04	
2.154000e+03	1.699500e+04	
2.073000e+03	1.564000e+04	
2.061000e+03	1.547300e+04	
2.148000e+03	1.606900e+04	
2.075000e+03	1.582400e+04	
1.972000e+03	1.513800e+04	
2.118000e+03	1.621900e+04	
1.907000e+03	1.461000e+04	
2.112000e+03	1.644000e+04	
2.112000e+03	1.647200e+04	
2.063000e+03	1.601200e+04	
1.980000e+03	1.530800e+04	
2.213000e+03	1.675700e+04	
1.908000e+03	1.468100e+04	
2.211000e+03	1.739200e+04	
2.038000e+03	1.574100e+04	
1.964000e+03	1.529200e+04	
2.188000e+03	1.710100e+04	
2.078000e+03	1.629900e+04	
2.060000e+03	1.563100e+04	
2.080000e+03	1.542200e+04	
2.084000e+03	1.619100e+04	
2.213000e+03	1.703200e+04	
1.929000e+03	1.488300e+04	
1.979000e+03	1.467700e+04	
1.962000e+03	1.529700e+04	
2.023000e+03	1.535700e+04	
2.070000e+03	1.621600e+04	
1.995000e+03	1.484000e+04	
2.125000e+03	1.627800e+04	
1.966000e+03	1.527100e+04	
2.032000e+03	1.543300e+04	
2.031000e+03	1.545800e+04	
1.905000e+03	1.444800e+04	
1.972000e+03	1.514100e+04	
1.908000e+03	1.450700e+04	
1.906000e+03	1.420300e+04	
2.007000e+03	1.509200e+04	
2.018000e+03	1.555700e+04	
2.052000e+03	1.603200e+04	
2.176000e+03	1.677000e+04	
2.092000e+03	1.604000e+04	
1.926000e+03	1.501600e+04	
2.007000e+03	1.527300e+04	
1.961000e+03	1.505100e+04	
1.974000e+03	1.533200e+04	
1.982000e+03	1.484200e+04	
2.018000e+03	1.494500e+04	
2.032000e+03	1.530500e+04	
2.084000e+03	1.613400e+04	
1.961000e+03	1.506700e+04	
2.000000e+03	1.472000e+04	
2.116000e+03	1.640200e+04	
2.061000e+03	1.576500e+04	
2.024000e+03	1.513700e+04	
1.981000e+03	1.477500e+04	
1.995000e+03	1.528800e+04	
2.008000e+03	1.536700e+04	
2.213000e+03	1.691700e+04	
2.080000e+03	1.594800e+04	
2.184000e+03	1.675900e+04	
2.052000e+03	1.590200e+04	
2.105000e+03	1.599700e+04	
2.078000e+03	1.582000e+04	
2.053000e+03	1.555900e+04	
1.962000e+03	1.448700e+04	
2.109000e+03	1.616000e+04	
1.925000e+03	1.497900e+04	
2.048000e+03	1.576700e+04	
2.064000e+03	1.550600e+04	
2.047000e+03	1.553300e+04	
2.008000e+03	1.559500e+04	
2.052000e+03	1.539700e+04	
1.908000e+03	1.398000e+04	
2.079000e+03	1.599000e+04	
2.065000e+03	1.581500e+04	
2.178000e+03	1.642300e+04	
2.214000e+03	1.674900e+04	
2.121000e+03	1.658600e+04	
2.063000e+03	1.598100e+04	
2.127000e+03	1.615500e+04	
1.985000e+03	1.521400e+04	
2.031000e+03	1.568500e+04	
2.006000e+03	1.487200e+04	
2.108000e+03	1.602200e+04	
2.043000e+03	1.555800e+04	
2.036000e+03	1.571300e+04	
2.081000e+03	1.549700e+04	
1.998000e+03	1.525600e+04	
2.049000e+03	1.515600e+04	
2.007000e+03	1.505500e+04	
2.113000e+03	1.633600e+04	
2.044000e+03	1.522200e+04	
1.971000e+03	1.491700e+04	
2.045000e+03	1.502500e+04	
2.077000e+03	1.606200e+04	
2.099000e+03	1.612800e+04	
2.054000e+03	1.578400e+04	
2.028000e+03	1.516500e+04	
2.177000e+03	1.628400e+04	
2.096000e+03	1.594400e+04	
1.917000e+03	1.424200e+04	
2.021000e+03	1.495000e+04	
2.032000e+03	1.523300e+04	
2.061000e+03	1.568200e+04	
2.063000e+03	1.564700e+04	
2.022000e+03	1.532300e+04	
2.049000e+03	1.517800e+04	
1.952000e+03	1.445200e+04	
1.958000e+03	1.485000e+04	
1.917000e+03	1.465100e+04	
2.074000e+03	1.627700e+04	
1.974000e+03	1.483100e+04	
2.096000e+03	1.562200e+04	
2.107000e+03	1.614800e+04	
2.059000e+03	1.592500e+04	
2.039000e+03	1.541100e+04	
2.090000e+03	1.596700e+04	
1.918000e+03	1.417200e+04	
1.902000e+03	1.435400e+04	
2.152000e+03	1.679500e+04	
2.068000e+03	1.598900e+04	
2.086000e+03	1.613500e+04	
2.020000e+03	1.530000e+04	
1.926000e+03	1.505800e+04	
2.100000e+03	1.623700e+04	
2.132000e+03	1.622700e+04	
1.962000e+03	1.459600e+04	
2.032000e+03	1.521400e+04	
2.063000e+03	1.535800e+04	
2.104000e+03	1.591200e+04	
2.136000e+03	1.626300e+04	
2.105000e+03	1.602800e+04	
2.047000e+03	1.550900e+04	
2.108000e+03	1.617400e+04	
2.056000e+03	1.582000e+04	
2.036000e+03	1.560500e+04	
2.067000e+03	1.593400e+04	
1.957000e+03	1.445300e+04	
2.024000e+03	1.519500e+04	
2.026000e+03	1.536600e+04	
1.910000e+03	1.471000e+04	
2.072000e+03	1.584400e+04	
1.961000e+03	1.504700e+04	
