# This file contains the data of final population
# of objectives = 2, # of constraints = 0, # of real_var = 0, # of bits of bin_var = 33, constr_violation, rank, crowding_distance
7.700000e+00	7.770000e+02	
7.700000e+00	7.770000e+02	
7.700000e+00	7.770000e+02	
7.700000e+00	7.770000e+02	
7.700000e+00	7.770000e+02	
7.700000e+00	7.770000e+02	
7.700000e+00	7.770000e+02	
7.700000e+00	7.770000e+02	
7.700000e+00	7.770000e+02	
7.700000e+00	7.770000e+02	
7.700000e+00	7.770000e+02	
7.700000e+00	7.770000e+02	
7.700000e+00	7.770000e+02	
7.700000e+00	7.770000e+02	
7.700000e+00	7.770000e+02	
7.700000e+00	7.770000e+02	
7.700000e+00	7.770000e+02	
7.700000e+00	7.770000e+02	
7.700000e+00	7.770000e+02	
7.700000e+00	7.770000e+02	
7.700000e+00	7.770000e+02	
7.700000e+00	7.770000e+02	
7.700000e+00	7.770000e+02	
7.700000e+00	7.770000e+02	
7.700000e+00	7.770000e+02	
7.700000e+00	7.770000e+02	
7.700000e+00	7.770000e+02	
7.700000e+00	7.770000e+02	
7.700000e+00	7.770000e+02	
7.700000e+00	7.770000e+02	
7.700000e+00	7.770000e+02	
7.700000e+00	7.770000e+02	
7.700000e+00	7.770000e+02	
7.700000e+00	7.770000e+02	
7.700000e+00	7.770000e+02	
7.700000e+00	7.770000e+02	
7.700000e+00	7.770000e+02	
7.700000e+00	7.770000e+02	
7.700000e+00	7.770000e+02	
7.700000e+00	7.770000e+02	
7.700000e+00	7.770000e+02	
7.700000e+00	7.770000e+02	
7.700000e+00	7.770000e+02	
7.700000e+00	7.770000e+02	
7.700000e+00	7.770000e+02	
7.700000e+00	7.770000e+02	
7.700000e+00	7.770000e+02	
7.700000e+00	7.770000e+02	
7.700000e+00	7.770000e+02	
7.700000e+00	7.770000e+02	
7.700000e+00	7.770000e+02	
7.700000e+00	7.770000e+02	
7.700000e+00	7.770000e+02	
7.700000e+00	7.770000e+02	
7.700000e+00	7.770000e+02	
7.700000e+00	7.770000e+02	
7.700000e+00	7.770000e+02	
7.700000e+00	7.770000e+02	
7.700000e+00	7.770000e+02	
7.700000e+00	7.770000e+02	
7.700000e+00	7.770000e+02	
7.700000e+00	7.770000e+02	
7.700000e+00	7.770000e+02	
7.700000e+00	7.770000e+02	
7.700000e+00	7.770000e+02	
7.700000e+00	7.770000e+02	
7.700000e+00	7.770000e+02	
7.700000e+00	7.770000e+02	
7.700000e+00	7.770000e+02	
7.700000e+00	7.770000e+02	
7.700000e+00	7.770000e+02	
7.700000e+00	7.770000e+02	
7.700000e+00	8.020000e+02	
7.700000e+00	8.020000e+02	
7.700000e+00	8.020000e+02	
7.700000e+00	8.020000e+02	
7.700000e+00	8.020000e+02	
7.700000e+00	8.020000e+02	
7.700000e+00	8.020000e+02	
7.700000e+00	8.020000e+02	
7.700000e+00	8.020000e+02	
7.700000e+00	8.020000e+02	
7.700000e+00	8.020000e+02	
7.700000e+00	8.020000e+02	
7.700000e+00	8.020000e+02	
7.700000e+00	8.020000e+02	
7.700000e+00	8.020000e+02	
7.700000e+00	8.020000e+02	
7.700000e+00	8.020000e+02	
7.700000e+00	8.020000e+02	
7.700000e+00	8.020000e+02	
7.700000e+00	8.020000e+02	
7.700000e+00	8.020000e+02	
7.700000e+00	8.020000e+02	
7.700000e+00	8.020000e+02	
7.700000e+00	8.020000e+02	
7.700000e+00	8.020000e+02	
7.700000e+00	8.020000e+02	
7.700000e+00	8.020000e+02	
7.700000e+00	8.020000e+02	
7.700000e+00	8.020000e+02	
7.700000e+00	8.020000e+02	
7.700000e+00	8.020000e+02	
7.700000e+00	8.020000e+02	
7.700000e+00	8.020000e+02	
7.700000e+00	8.020000e+02	
7.700000e+00	8.020000e+02	
7.700000e+00	8.020000e+02	
7.700000e+00	8.020000e+02	
7.700000e+00	8.020000e+02	
7.700000e+00	8.020000e+02	
7.700000e+00	8.020000e+02	
7.700000e+00	8.020000e+02	
7.700000e+00	8.020000e+02	
7.700000e+00	8.020000e+02	
7.700000e+00	8.020000e+02	
7.700000e+00	8.020000e+02	
7.700000e+00	8.020000e+02	
7.700000e+00	8.020000e+02	
7.700000e+00	8.020000e+02	
7.700000e+00	8.020000e+02	
7.700000e+00	8.020000e+02	
7.700000e+00	8.020000e+02	
7.700000e+00	8.020000e+02	
7.700000e+00	8.020000e+02	
7.700000e+00	8.020000e+02	
7.700000e+00	8.020000e+02	
7.700000e+00	8.020000e+02	
7.700000e+00	8.020000e+02	
7.700000e+00	8.020000e+02	
7.700000e+00	8.020000e+02	
7.700000e+00	8.020000e+02	
7.700000e+00	8.020000e+02	
7.700000e+00	8.020000e+02	
7.700000e+00	8.020000e+02	
7.700000e+00	8.020000e+02	
7.700000e+00	8.020000e+02	
7.700000e+00	8.020000e+02	
7.700000e+00	8.020000e+02	
7.700000e+00	8.020000e+02	
7.700000e+00	8.020000e+02	
7.700000e+00	8.020000e+02	
7.700000e+00	8.020000e+02	
7.700000e+00	8.020000e+02	
7.700000e+00	8.140000e+02	
7.700000e+00	8.140000e+02	
7.700000e+00	8.140000e+02	
7.700000e+00	8.140000e+02	
7.700000e+00	8.140000e+02	
7.700000e+00	8.140000e+02	
7.700000e+00	8.140000e+02	
7.700000e+00	8.140000e+02	
7.700000e+00	8.140000e+02	
7.700000e+00	8.140000e+02	
7.700000e+00	8.140000e+02	
7.700000e+00	8.140000e+02	
7.700000e+00	8.140000e+02	
7.700000e+00	8.140000e+02	
7.700000e+00	8.140000e+02	
7.700000e+00	8.140000e+02	
7.700000e+00	8.140000e+02	
7.700000e+00	8.140000e+02	
7.700000e+00	8.140000e+02	
7.700000e+00	8.140000e+02	
7.700000e+00	8.140000e+02	
7.700000e+00	8.140000e+02	
7.700000e+00	8.140000e+02	
7.700000e+00	8.140000e+02	
7.700000e+00	8.140000e+02	
7.700000e+00	8.140000e+02	
7.700000e+00	8.140000e+02	
7.700000e+00	8.140000e+02	
7.700000e+00	8.140000e+02	
7.700000e+00	8.140000e+02	
7.700000e+00	8.140000e+02	
7.700000e+00	8.140000e+02	
8.300000e+00	8.060000e+02	
8.300000e+00	8.060000e+02	
7.700000e+00	8.140000e+02	
8.300000e+00	8.060000e+02	
7.700000e+00	8.140000e+02	
7.700000e+00	8.140000e+02	
8.300000e+00	8.060000e+02	
7.700000e+00	8.140000e+02	
7.700000e+00	8.140000e+02	
7.700000e+00	8.140000e+02	
7.700000e+00	8.140000e+02	
7.700000e+00	8.140000e+02	
7.700000e+00	8.140000e+02	
7.700000e+00	8.140000e+02	
7.700000e+00	8.140000e+02	
7.700000e+00	8.140000e+02	
8.300000e+00	8.060000e+02	
7.700000e+00	8.140000e+02	
8.300000e+00	8.060000e+02	
7.700000e+00	8.140000e+02	
7.700000e+00	8.140000e+02	
7.700000e+00	8.140000e+02	
7.700000e+00	8.140000e+02	
8.300000e+00	8.060000e+02	
7.700000e+00	8.140000e+02	
7.700000e+00	8.140000e+02	
7.700000e+00	8.140000e+02	
7.700000e+00	8.140000e+02	
7.700000e+00	8.140000e+02	
7.700000e+00	8.140000e+02	
7.700000e+00	8.140000e+02	
7.700000e+00	8.140000e+02	
7.700000e+00	8.140000e+02	
7.700000e+00	8.140000e+02	
7.700000e+00	8.140000e+02	
7.700000e+00	8.140000e+02	
7.700000e+00	8.140000e+02	
7.700000e+00	8.140000e+02	
7.700000e+00	8.140000e+02	
7.700000e+00	8.140000e+02	
8.300000e+00	8.080000e+02	
7.700000e+00	8.290000e+02	
7.800000e+00	8.220000e+02	
7.800000e+00	8.220000e+02	
8.300000e+00	8.080000e+02	
7.700000e+00	8.290000e+02	
7.800000e+00	8.220000e+02	
7.700000e+00	8.290000e+02	
8.300000e+00	8.080000e+02	
7.800000e+00	8.220000e+02	
7.700000e+00	8.290000e+02	
7.800000e+00	8.220000e+02	
7.800000e+00	8.220000e+02	
7.700000e+00	8.290000e+02	
7.700000e+00	8.290000e+02	
7.700000e+00	8.290000e+02	
7.800000e+00	8.220000e+02	
7.800000e+00	8.220000e+02	
7.800000e+00	8.220000e+02	
7.700000e+00	8.290000e+02	
7.800000e+00	8.220000e+02	
7.800000e+00	8.220000e+02	
7.700000e+00	8.290000e+02	
7.800000e+00	8.220000e+02	
7.800000e+00	8.220000e+02	
7.800000e+00	8.220000e+02	
7.800000e+00	8.220000e+02	
7.800000e+00	8.220000e+02	
7.800000e+00	8.220000e+02	
7.700000e+00	8.290000e+02	
7.700000e+00	8.290000e+02	
7.700000e+00	8.290000e+02	
7.800000e+00	8.220000e+02	
7.700000e+00	8.290000e+02	
7.800000e+00	8.220000e+02	
7.800000e+00	8.220000e+02	
7.700000e+00	8.290000e+02	
7.800000e+00	8.220000e+02	
7.800000e+00	8.220000e+02	
7.800000e+00	8.220000e+02	
