# This file contains the data of initial population
# of objectives = 2, # of constraints = 0, # of real_var = 0, # of bits of bin_var = 51, constr_violation, rank, crowding_distance
1.770000e+01	4.125000e+03	
1.740000e+01	4.748000e+03	
1.990000e+01	4.999000e+03	
1.820000e+01	5.005000e+03	
1.990000e+01	4.733000e+03	
1.780000e+01	4.577000e+03	
1.920000e+01	4.572000e+03	
1.710000e+01	4.413000e+03	
1.710000e+01	3.578000e+03	
1.810000e+01	4.474000e+03	
1.560000e+01	4.525000e+03	
1.890000e+01	4.844000e+03	
1.770000e+01	4.525000e+03	
1.650000e+01	3.402000e+03	
1.770000e+01	4.330000e+03	
1.680000e+01	3.490000e+03	
1.770000e+01	4.354000e+03	
1.620000e+01	4.510000e+03	
1.940000e+01	4.226000e+03	
1.710000e+01	3.560000e+03	
1.660000e+01	3.700000e+03	
1.920000e+01	4.684000e+03	
1.740000e+01	4.591000e+03	
1.820000e+01	4.540000e+03	
1.680000e+01	4.477000e+03	
1.770000e+01	4.650000e+03	
1.760000e+01	4.400000e+03	
1.710000e+01	4.339000e+03	
1.770000e+01	4.567000e+03	
1.940000e+01	4.352000e+03	
1.800000e+01	4.220000e+03	
1.610000e+01	4.742000e+03	
1.870000e+01	4.192000e+03	
1.610000e+01	4.591000e+03	
1.610000e+01	4.522000e+03	
1.830000e+01	4.602000e+03	
1.710000e+01	4.374000e+03	
1.680000e+01	4.339000e+03	
1.940000e+01	4.686000e+03	
1.990000e+01	4.513000e+03	
1.660000e+01	4.459000e+03	
1.770000e+01	4.492000e+03	
1.660000e+01	4.956000e+03	
1.770000e+01	4.475000e+03	
1.660000e+01	3.695000e+03	
1.490000e+01	4.498000e+03	
1.990000e+01	4.818000e+03	
1.610000e+01	4.833000e+03	
1.770000e+01	4.318000e+03	
1.770000e+01	4.683000e+03	
1.770000e+01	4.159000e+03	
1.710000e+01	4.482000e+03	
2.030000e+01	4.871000e+03	
1.740000e+01	4.268000e+03	
1.810000e+01	4.841000e+03	
1.710000e+01	3.589000e+03	
1.770000e+01	4.577000e+03	
1.710000e+01	4.166000e+03	
1.820000e+01	4.832000e+03	
1.560000e+01	4.583000e+03	
1.920000e+01	4.259000e+03	
1.710000e+01	4.333000e+03	
1.720000e+01	4.556000e+03	
1.770000e+01	3.907000e+03	
1.770000e+01	4.373000e+03	
1.700000e+01	4.371000e+03	
1.700000e+01	4.839000e+03	
1.710000e+01	4.106000e+03	
1.950000e+01	5.082000e+03	
1.680000e+01	4.592000e+03	
1.770000e+01	4.332000e+03	
1.710000e+01	3.575000e+03	
1.610000e+01	4.535000e+03	
1.710000e+01	4.458000e+03	
1.770000e+01	3.577000e+03	
1.770000e+01	4.473000e+03	
1.610000e+01	4.865000e+03	
1.920000e+01	4.484000e+03	
1.740000e+01	4.321000e+03	
1.710000e+01	4.134000e+03	
1.770000e+01	4.736000e+03	
1.520000e+01	4.331000e+03	
1.620000e+01	4.404000e+03	
1.660000e+01	4.345000e+03	
1.500000e+01	4.539000e+03	
1.810000e+01	4.479000e+03	
1.520000e+01	4.904000e+03	
1.710000e+01	3.446000e+03	
1.820000e+01	4.565000e+03	
1.930000e+01	4.888000e+03	
1.520000e+01	4.494000e+03	
1.860000e+01	4.601000e+03	
1.610000e+01	4.852000e+03	
1.840000e+01	4.345000e+03	
1.610000e+01	4.643000e+03	
1.910000e+01	4.183000e+03	
1.620000e+01	4.784000e+03	
1.750000e+01	4.249000e+03	
1.710000e+01	4.300000e+03	
1.910000e+01	4.620000e+03	
1.710000e+01	4.360000e+03	
1.870000e+01	4.757000e+03	
1.810000e+01	4.494000e+03	
1.660000e+01	4.673000e+03	
1.990000e+01	4.628000e+03	
1.740000e+01	4.385000e+03	
1.710000e+01	3.679000e+03	
1.810000e+01	4.573000e+03	
1.690000e+01	3.479000e+03	
1.990000e+01	4.576000e+03	
1.990000e+01	4.567000e+03	
1.810000e+01	4.507000e+03	
1.770000e+01	4.785000e+03	
1.820000e+01	4.888000e+03	
1.740000e+01	3.622000e+03	
1.780000e+01	4.492000e+03	
1.770000e+01	4.327000e+03	
1.810000e+01	4.643000e+03	
1.770000e+01	3.917000e+03	
1.740000e+01	4.461000e+03	
1.810000e+01	4.461000e+03	
1.770000e+01	4.887000e+03	
1.710000e+01	4.274000e+03	
1.820000e+01	4.513000e+03	
1.800000e+01	3.977000e+03	
1.610000e+01	4.384000e+03	
1.770000e+01	4.057000e+03	
1.870000e+01	4.720000e+03	
1.860000e+01	4.443000e+03	
1.740000e+01	4.359000e+03	
1.910000e+01	4.593000e+03	
1.710000e+01	3.481000e+03	
1.630000e+01	4.565000e+03	
1.710000e+01	3.597000e+03	
1.610000e+01	4.435000e+03	
1.890000e+01	4.668000e+03	
1.710000e+01	3.524000e+03	
1.760000e+01	3.443000e+03	
1.710000e+01	4.171000e+03	
1.760000e+01	4.368000e+03	
1.710000e+01	4.177000e+03	
1.590000e+01	4.642000e+03	
1.860000e+01	4.522000e+03	
1.910000e+01	4.142000e+03	
1.820000e+01	4.230000e+03	
1.820000e+01	3.562000e+03	
1.740000e+01	4.156000e+03	
1.710000e+01	4.259000e+03	
1.740000e+01	4.585000e+03	
1.880000e+01	4.524000e+03	
1.770000e+01	4.324000e+03	
1.580000e+01	4.806000e+03	
1.810000e+01	4.427000e+03	
1.820000e+01	4.154000e+03	
1.770000e+01	4.675000e+03	
1.880000e+01	4.609000e+03	
1.740000e+01	4.163000e+03	
1.990000e+01	4.485000e+03	
1.920000e+01	4.453000e+03	
1.920000e+01	4.800000e+03	
1.870000e+01	4.299000e+03	
1.710000e+01	3.991000e+03	
1.690000e+01	3.458000e+03	
1.740000e+01	4.498000e+03	
1.770000e+01	4.671000e+03	
1.600000e+01	4.702000e+03	
1.820000e+01	3.622000e+03	
1.470000e+01	4.629000e+03	
1.670000e+01	4.904000e+03	
1.770000e+01	4.744000e+03	
1.820000e+01	4.278000e+03	
1.740000e+01	4.303000e+03	
1.860000e+01	4.739000e+03	
1.590000e+01	4.667000e+03	
1.800000e+01	4.779000e+03	
1.770000e+01	3.387000e+03	
1.660000e+01	4.946000e+03	
1.630000e+01	4.669000e+03	
1.800000e+01	4.681000e+03	
1.770000e+01	4.711000e+03	
1.610000e+01	4.891000e+03	
1.770000e+01	3.429000e+03	
1.610000e+01	4.823000e+03	
1.500000e+01	4.929000e+03	
1.770000e+01	4.068000e+03	
1.710000e+01	3.383000e+03	
1.770000e+01	4.057000e+03	
1.610000e+01	4.822000e+03	
1.770000e+01	4.547000e+03	
1.770000e+01	4.793000e+03	
1.830000e+01	4.262000e+03	
1.660000e+01	4.915000e+03	
1.630000e+01	4.692000e+03	
1.740000e+01	4.400000e+03	
1.820000e+01	3.445000e+03	
1.650000e+01	4.572000e+03	
1.800000e+01	4.998000e+03	
1.530000e+01	4.557000e+03	
1.860000e+01	4.568000e+03	
1.840000e+01	4.830000e+03	
1.800000e+01	3.704000e+03	
1.500000e+01	4.578000e+03	
1.610000e+01	4.846000e+03	
1.810000e+01	4.596000e+03	
1.470000e+01	4.632000e+03	
1.710000e+01	4.083000e+03	
1.770000e+01	4.666000e+03	
1.730000e+01	3.727000e+03	
1.770000e+01	4.652000e+03	
1.610000e+01	4.600000e+03	
1.880000e+01	4.559000e+03	
1.990000e+01	4.541000e+03	
1.940000e+01	4.939000e+03	
1.710000e+01	3.662000e+03	
1.740000e+01	4.567000e+03	
1.630000e+01	4.938000e+03	
1.470000e+01	4.773000e+03	
1.710000e+01	4.181000e+03	
1.600000e+01	4.656000e+03	
1.770000e+01	3.338000e+03	
1.800000e+01	4.838000e+03	
1.840000e+01	4.692000e+03	
1.730000e+01	4.890000e+03	
1.610000e+01	4.719000e+03	
1.770000e+01	4.821000e+03	
1.920000e+01	4.440000e+03	
1.710000e+01	4.278000e+03	
1.800000e+01	4.175000e+03	
1.610000e+01	4.291000e+03	
1.610000e+01	4.752000e+03	
1.810000e+01	4.529000e+03	
1.780000e+01	4.603000e+03	
1.680000e+01	4.597000e+03	
1.770000e+01	4.519000e+03	
1.770000e+01	4.542000e+03	
1.920000e+01	4.717000e+03	
1.740000e+01	4.174000e+03	
1.760000e+01	5.086000e+03	
1.890000e+01	4.684000e+03	
1.610000e+01	4.799000e+03	
1.710000e+01	3.267000e+03	
1.630000e+01	4.555000e+03	
1.770000e+01	4.311000e+03	
1.710000e+01	4.485000e+03	
1.990000e+01	4.882000e+03	
1.820000e+01	4.691000e+03	
1.670000e+01	4.878000e+03	
1.820000e+01	4.596000e+03	
1.710000e+01	3.654000e+03	
1.830000e+01	4.247000e+03	
1.710000e+01	4.332000e+03	
1.630000e+01	5.003000e+03	
1.880000e+01	4.612000e+03	
1.720000e+01	4.605000e+03	
1.820000e+01	4.198000e+03	
1.890000e+01	4.871000e+03	
