# This file contains the data of final population
# of objectives = 2, # of constraints = 0, # of real_var = 0, # of bits of bin_var = 104, constr_violation, rank, crowding_distance
8.480000e+02	6.428000e+03	
8.450000e+02	6.645000e+03	
8.460000e+02	6.638000e+03	
8.460000e+02	6.708000e+03	
8.470000e+02	6.694000e+03	
8.450000e+02	6.771000e+03	
8.560000e+02	6.437000e+03	
8.490000e+02	6.458000e+03	
8.520000e+02	6.440000e+03	
8.480000e+02	6.475000e+03	
8.500000e+02	6.453000e+03	
8.500000e+02	6.455000e+03	
8.460000e+02	6.718000e+03	
8.480000e+02	6.499000e+03	
8.490000e+02	6.494000e+03	
8.520000e+02	6.443000e+03	
8.470000e+02	6.701000e+03	
8.470000e+02	6.717000e+03	
8.510000e+02	6.471000e+03	
8.460000e+02	6.740000e+03	
8.530000e+02	6.448000e+03	
8.520000e+02	6.464000e+03	
8.500000e+02	6.494000e+03	
8.490000e+02	6.497000e+03	
8.480000e+02	6.512000e+03	
8.470000e+02	6.720000e+03	
8.510000e+02	6.487000e+03	
8.460000e+02	6.749000e+03	
8.520000e+02	6.468000e+03	
8.530000e+02	6.451000e+03	
8.490000e+02	6.535000e+03	
8.480000e+02	6.599000e+03	
8.500000e+02	6.496000e+03	
8.470000e+02	6.729000e+03	
8.530000e+02	6.452000e+03	
8.460000e+02	6.764000e+03	
8.520000e+02	6.474000e+03	
8.500000e+02	6.498000e+03	
8.480000e+02	6.637000e+03	
8.490000e+02	6.575000e+03	
8.470000e+02	6.730000e+03	
8.460000e+02	6.770000e+03	
8.490000e+02	6.576000e+03	
8.500000e+02	6.502000e+03	
8.520000e+02	6.480000e+03	
8.480000e+02	6.649000e+03	
8.510000e+02	6.500000e+03	
8.530000e+02	6.473000e+03	
8.540000e+02	6.453000e+03	
8.470000e+02	6.734000e+03	
8.460000e+02	6.771000e+03	
8.490000e+02	6.581000e+03	
8.520000e+02	6.488000e+03	
8.480000e+02	6.658000e+03	
8.500000e+02	6.503000e+03	
8.560000e+02	6.462000e+03	
8.540000e+02	6.467000e+03	
8.530000e+02	6.475000e+03	
8.470000e+02	6.740000e+03	
8.460000e+02	6.781000e+03	
8.490000e+02	6.585000e+03	
8.520000e+02	6.496000e+03	
8.480000e+02	6.663000e+03	
8.510000e+02	6.509000e+03	
8.500000e+02	6.518000e+03	
8.540000e+02	6.468000e+03	
8.530000e+02	6.479000e+03	
8.470000e+02	6.741000e+03	
8.470000e+02	6.741000e+03	
8.460000e+02	6.784000e+03	
8.490000e+02	6.596000e+03	
8.520000e+02	6.500000e+03	
8.480000e+02	6.665000e+03	
8.500000e+02	6.571000e+03	
8.510000e+02	6.510000e+03	
8.550000e+02	6.468000e+03	
8.540000e+02	6.469000e+03	
8.530000e+02	6.482000e+03	
8.470000e+02	6.743000e+03	
8.470000e+02	6.743000e+03	
8.460000e+02	6.786000e+03	
8.490000e+02	6.604000e+03	
8.520000e+02	6.508000e+03	
8.500000e+02	6.572000e+03	
8.510000e+02	6.515000e+03	
8.510000e+02	6.515000e+03	
8.480000e+02	6.677000e+03	
8.530000e+02	6.484000e+03	
8.540000e+02	6.472000e+03	
8.470000e+02	6.747000e+03	
8.480000e+02	6.683000e+03	
8.460000e+02	6.790000e+03	
8.490000e+02	6.610000e+03	
8.520000e+02	6.518000e+03	
8.510000e+02	6.530000e+03	
8.500000e+02	6.583000e+03	
8.530000e+02	6.487000e+03	
8.540000e+02	6.473000e+03	
8.470000e+02	6.752000e+03	
8.500000e+02	6.597000e+03	
8.480000e+02	6.686000e+03	
8.490000e+02	6.619000e+03	
8.520000e+02	6.526000e+03	
8.510000e+02	6.575000e+03	
8.460000e+02	6.798000e+03	
8.550000e+02	6.479000e+03	
8.540000e+02	6.486000e+03	
8.530000e+02	6.488000e+03	
8.470000e+02	6.754000e+03	
8.500000e+02	6.599000e+03	
8.480000e+02	6.699000e+03	
8.490000e+02	6.629000e+03	
8.520000e+02	6.537000e+03	
8.510000e+02	6.587000e+03	
8.550000e+02	6.485000e+03	
8.530000e+02	6.489000e+03	
8.460000e+02	6.800000e+03	
8.460000e+02	6.802000e+03	
8.470000e+02	6.755000e+03	
8.500000e+02	6.601000e+03	
8.480000e+02	6.702000e+03	
8.490000e+02	6.630000e+03	
8.520000e+02	6.538000e+03	
8.510000e+02	6.589000e+03	
8.560000e+02	6.487000e+03	
8.530000e+02	6.499000e+03	
8.540000e+02	6.489000e+03	
8.460000e+02	6.804000e+03	
8.470000e+02	6.756000e+03	
8.470000e+02	6.756000e+03	
8.480000e+02	6.704000e+03	
8.490000e+02	6.638000e+03	
8.510000e+02	6.592000e+03	
8.500000e+02	6.612000e+03	
8.580000e+02	6.487000e+03	
8.540000e+02	6.493000e+03	
8.530000e+02	6.510000e+03	
8.520000e+02	6.547000e+03	
8.460000e+02	6.809000e+03	
8.520000e+02	6.563000e+03	
8.470000e+02	6.757000e+03	
8.480000e+02	6.707000e+03	
8.490000e+02	6.646000e+03	
8.510000e+02	6.599000e+03	
8.510000e+02	6.599000e+03	
8.500000e+02	6.617000e+03	
8.590000e+02	6.488000e+03	
8.540000e+02	6.503000e+03	
8.550000e+02	6.495000e+03	
8.530000e+02	6.511000e+03	
8.460000e+02	6.810000e+03	
8.470000e+02	6.758000e+03	
8.520000e+02	6.565000e+03	
8.480000e+02	6.710000e+03	
8.510000e+02	6.602000e+03	
8.490000e+02	6.650000e+03	
8.500000e+02	6.618000e+03	
8.630000e+02	6.494000e+03	
8.550000e+02	6.500000e+03	
8.570000e+02	6.496000e+03	
8.560000e+02	6.497000e+03	
8.550000e+02	6.500000e+03	
8.540000e+02	6.509000e+03	
8.530000e+02	6.514000e+03	
8.460000e+02	6.811000e+03	
8.470000e+02	6.760000e+03	
8.520000e+02	6.567000e+03	
8.480000e+02	6.714000e+03	
8.490000e+02	6.651000e+03	
8.510000e+02	6.605000e+03	
8.500000e+02	6.621000e+03	
8.550000e+02	6.508000e+03	
8.570000e+02	6.497000e+03	
8.540000e+02	6.513000e+03	
8.530000e+02	6.517000e+03	
8.460000e+02	6.812000e+03	
8.470000e+02	6.761000e+03	
8.520000e+02	6.574000e+03	
8.480000e+02	6.716000e+03	
8.490000e+02	6.654000e+03	
8.510000e+02	6.606000e+03	
8.500000e+02	6.624000e+03	
8.550000e+02	6.514000e+03	
8.570000e+02	6.504000e+03	
8.540000e+02	6.523000e+03	
8.530000e+02	6.526000e+03	
8.560000e+02	6.512000e+03	
8.460000e+02	6.821000e+03	
8.520000e+02	6.575000e+03	
8.470000e+02	6.763000e+03	
8.470000e+02	6.763000e+03	
8.480000e+02	6.718000e+03	
8.490000e+02	6.655000e+03	
8.510000e+02	6.609000e+03	
8.500000e+02	6.631000e+03	
8.500000e+02	6.631000e+03	
8.580000e+02	6.506000e+03	
8.530000e+02	6.530000e+03	
8.550000e+02	6.516000e+03	
8.560000e+02	6.514000e+03	
8.540000e+02	6.526000e+03	
8.460000e+02	6.825000e+03	
8.460000e+02	6.825000e+03	
8.520000e+02	6.576000e+03	
8.470000e+02	6.764000e+03	
8.480000e+02	6.720000e+03	
8.480000e+02	6.720000e+03	
8.490000e+02	6.658000e+03	
8.490000e+02	6.658000e+03	
8.490000e+02	6.658000e+03	
8.510000e+02	6.611000e+03	
8.500000e+02	6.633000e+03	
8.540000e+02	6.527000e+03	
8.530000e+02	6.532000e+03	
8.600000e+02	6.513000e+03	
8.560000e+02	6.516000e+03	
8.550000e+02	6.517000e+03	
8.460000e+02	6.826000e+03	
8.520000e+02	6.577000e+03	
8.470000e+02	6.765000e+03	
8.470000e+02	6.765000e+03	
8.480000e+02	6.721000e+03	
8.480000e+02	6.721000e+03	
8.490000e+02	6.661000e+03	
8.510000e+02	6.612000e+03	
8.500000e+02	6.635000e+03	
8.540000e+02	6.530000e+03	
8.530000e+02	6.542000e+03	
8.630000e+02	6.520000e+03	
8.570000e+02	6.521000e+03	
8.550000e+02	6.528000e+03	
8.460000e+02	6.831000e+03	
8.520000e+02	6.583000e+03	
8.470000e+02	6.766000e+03	
8.480000e+02	6.725000e+03	
8.490000e+02	6.663000e+03	
8.510000e+02	6.624000e+03	
8.500000e+02	6.636000e+03	
8.540000e+02	6.536000e+03	
8.530000e+02	6.544000e+03	
8.550000e+02	6.531000e+03	
8.520000e+02	6.589000e+03	
8.470000e+02	6.768000e+03	
8.510000e+02	6.628000e+03	
8.490000e+02	6.665000e+03	
8.500000e+02	6.642000e+03	
8.540000e+02	6.542000e+03	
8.530000e+02	6.549000e+03	
8.570000e+02	6.531000e+03	
8.560000e+02	6.537000e+03	
8.460000e+02	6.833000e+03	
8.480000e+02	6.726000e+03	
8.460000e+02	6.838000e+03	
8.580000e+02	6.532000e+03	
8.520000e+02	6.591000e+03	
8.470000e+02	6.800000e+03	
