# This file contains the data of initial population
# of objectives = 2, # of constraints = 0, # of real_var = 0, # of bits of bin_var = 91, constr_violation, rank, crowding_distance
1.299600e+04	1.512090e+05	
8.240000e+03	9.293800e+04	
1.039500e+04	1.178750e+05	
8.258000e+03	9.237200e+04	
1.136000e+04	1.299360e+05	
1.190600e+04	1.378550e+05	
1.403200e+04	1.646150e+05	
1.348400e+04	1.568400e+05	
1.090300e+04	1.243630e+05	
9.660000e+03	1.085400e+05	
8.264000e+03	9.211200e+04	
1.090400e+04	1.238880e+05	
8.258000e+03	9.157300e+04	
1.287500e+04	1.496150e+05	
1.029500e+04	1.161570e+05	
1.187500e+04	1.371770e+05	
8.276000e+03	9.299900e+04	
1.145200e+04	1.314660e+05	
1.289200e+04	1.498400e+05	
7.072000e+03	7.784800e+04	
1.146800e+04	1.312080e+05	
8.408000e+03	9.393800e+04	
1.157000e+04	1.335530e+05	
1.266000e+04	1.462450e+05	
1.242000e+04	1.431530e+05	
1.292400e+04	1.503630e+05	
7.184000e+03	7.706200e+04	
1.002400e+04	1.127100e+05	
1.204700e+04	1.383020e+05	
1.202400e+04	1.388330e+05	
1.278000e+04	1.475560e+05	
1.146100e+04	1.307710e+05	
1.119200e+04	1.280500e+05	
9.980000e+03	1.120260e+05	
1.335600e+04	1.557850e+05	
7.072000e+03	7.733200e+04	
1.162600e+04	1.334830e+05	
1.138200e+04	1.308250e+05	
8.040000e+03	9.051800e+04	
9.855000e+03	1.113940e+05	
8.172000e+03	9.060000e+04	
8.112000e+03	9.023100e+04	
1.322500e+04	1.540790e+05	
8.133000e+03	9.051000e+04	
1.200600e+04	1.384850e+05	
1.358000e+04	1.582660e+05	
1.139600e+04	1.299300e+05	
1.157200e+04	1.322860e+05	
1.219400e+04	1.410740e+05	
1.394000e+04	1.628430e+05	
1.103600e+04	1.255390e+05	
1.244400e+04	1.441480e+05	
1.264500e+04	1.471200e+05	
8.376000e+03	9.303900e+04	
1.140500e+04	1.314750e+05	
8.112000e+03	9.068600e+04	
1.225200e+04	1.416320e+05	
1.260100e+04	1.454560e+05	
1.133900e+04	1.299380e+05	
1.117300e+04	1.278660e+05	
1.197200e+04	1.374810e+05	
1.240400e+04	1.429380e+05	
1.081200e+04	1.231580e+05	
1.070800e+04	1.218610e+05	
1.249600e+04	1.446120e+05	
8.213000e+03	9.093100e+04	
1.126800e+04	1.287400e+05	
9.951000e+03	1.124110e+05	
1.260800e+04	1.463520e+05	
8.282000e+03	9.322200e+04	
1.222000e+04	1.406550e+05	
1.195700e+04	1.377540e+05	
1.195100e+04	1.380190e+05	
1.147100e+04	1.312780e+05	
9.788000e+03	1.094010e+05	
1.191600e+04	1.372280e+05	
1.260000e+04	1.465950e+05	
1.167000e+04	1.343810e+05	
8.370000e+03	9.270600e+04	
1.137600e+04	1.307140e+05	
8.130000e+03	9.109800e+04	
8.214000e+03	9.243900e+04	
1.137400e+04	1.300630e+05	
1.218000e+04	1.407730e+05	
1.296200e+04	1.513080e+05	
1.277600e+04	1.484290e+05	
8.085000e+03	9.015400e+04	
1.424500e+04	1.676100e+05	
1.214200e+04	1.399140e+05	
1.390500e+04	1.630400e+05	
1.139000e+04	1.303060e+05	
1.054000e+04	1.192540e+05	
1.271000e+04	1.476750e+05	
1.140400e+04	1.305860e+05	
8.097000e+03	9.120800e+04	
1.229700e+04	1.416800e+05	
1.168400e+04	1.341780e+05	
1.300400e+04	1.509480e+05	
8.282000e+03	9.235200e+04	
8.776000e+03	9.691800e+04	
1.122800e+04	1.280840e+05	
1.332900e+04	1.553430e+05	
1.295500e+04	1.512440e+05	
1.426800e+04	1.669000e+05	
8.085000e+03	9.183200e+04	
8.258000e+03	9.227300e+04	
1.160500e+04	1.334190e+05	
1.204000e+04	1.382500e+05	
8.040000e+03	8.932400e+04	
1.244200e+04	1.439480e+05	
1.361800e+04	1.593350e+05	
8.264000e+03	9.205400e+04	
1.009200e+04	1.145350e+05	
1.336400e+04	1.561740e+05	
1.081400e+04	1.230050e+05	
1.321200e+04	1.539460e+05	
1.217400e+04	1.414230e+05	
1.286800e+04	1.487000e+05	
1.244800e+04	1.442200e+05	
8.085000e+03	9.007300e+04	
1.320800e+04	1.537330e+05	
1.097200e+04	1.248570e+05	
8.294000e+03	9.316000e+04	
1.044000e+04	1.181650e+05	
1.275600e+04	1.479960e+05	
1.183000e+04	1.358340e+05	
1.331800e+04	1.555860e+05	
1.295100e+04	1.504800e+05	
1.275600e+04	1.483770e+05	
6.296000e+03	6.605800e+04	
1.256300e+04	1.454970e+05	
8.258000e+03	9.202800e+04	
9.725000e+03	1.095090e+05	
8.984000e+03	9.948600e+04	
1.006000e+04	1.130240e+05	
1.211100e+04	1.392880e+05	
1.166200e+04	1.340130e+05	
1.119200e+04	1.283460e+05	
1.208900e+04	1.397900e+05	
1.263600e+04	1.460240e+05	
1.077700e+04	1.229140e+05	
8.282000e+03	9.223700e+04	
1.033800e+04	1.173510e+05	
1.013200e+04	1.139880e+05	
1.271500e+04	1.476720e+05	
1.246200e+04	1.443910e+05	
8.257000e+03	9.165800e+04	
1.126000e+04	1.290720e+05	
1.122000e+04	1.284940e+05	
9.724000e+03	1.085020e+05	
1.234800e+04	1.420240e+05	
1.399800e+04	1.645160e+05	
1.110000e+04	1.268290e+05	
1.254400e+04	1.452080e+05	
8.448000e+03	9.437200e+04	
1.242200e+04	1.439330e+05	
1.144700e+04	1.310520e+05	
1.221000e+04	1.410230e+05	
1.150400e+04	1.313900e+05	
1.032400e+04	1.168680e+05	
8.173000e+03	9.132700e+04	
1.456900e+04	1.717000e+05	
1.092400e+04	1.245940e+05	
1.213600e+04	1.401130e+05	
1.228000e+04	1.422760e+05	
1.332400e+04	1.549440e+05	
1.147400e+04	1.315550e+05	
1.224800e+04	1.414950e+05	
1.217900e+04	1.406680e+05	
8.266000e+03	9.375100e+04	
1.252700e+04	1.448600e+05	
7.072000e+03	7.588600e+04	
1.310200e+04	1.526310e+05	
9.810000e+03	1.105960e+05	
8.282000e+03	9.227300e+04	
1.194200e+04	1.373060e+05	
1.061200e+04	1.201120e+05	
9.484000e+03	1.058460e+05	
1.138400e+04	1.300120e+05	
1.381200e+04	1.619480e+05	
1.078800e+04	1.224840e+05	
1.217900e+04	1.400250e+05	
1.086400e+04	1.235650e+05	
1.259000e+04	1.460160e+05	
1.396800e+04	1.634260e+05	
9.850000e+03	1.112400e+05	
1.038900e+04	1.173810e+05	
1.172800e+04	1.347340e+05	
1.238300e+04	1.436110e+05	
1.155600e+04	1.328530e+05	
8.130000e+03	9.129700e+04	
1.235600e+04	1.427060e+05	
1.094300e+04	1.245660e+05	
1.362400e+04	1.593680e+05	
1.285000e+04	1.492270e+05	
1.066600e+04	1.212590e+05	
1.058800e+04	1.197840e+05	
1.181400e+04	1.361350e+05	
1.223600e+04	1.415710e+05	
1.146000e+04	1.314310e+05	
1.274500e+04	1.479300e+05	
1.058100e+04	1.196230e+05	
8.127000e+03	9.147100e+04	
1.161600e+04	1.332870e+05	
1.154500e+04	1.318400e+05	
8.207000e+03	9.200400e+04	
9.496000e+03	1.065570e+05	
9.595000e+03	1.075620e+05	
1.190000e+04	1.368060e+05	
1.120900e+04	1.285500e+05	
1.263600e+04	1.465320e+05	
9.888000e+03	1.113640e+05	
1.249200e+04	1.445620e+05	
8.130000e+03	9.018100e+04	
1.297100e+04	1.513110e+05	
8.412000e+03	9.396100e+04	
1.198900e+04	1.381950e+05	
1.282100e+04	1.483650e+05	
8.244000e+03	9.159200e+04	
8.258000e+03	9.158200e+04	
1.329200e+04	1.543740e+05	
1.285600e+04	1.493710e+05	
1.084600e+04	1.238510e+05	
8.034000e+03	9.047200e+04	
1.344200e+04	1.569410e+05	
1.115200e+04	1.275820e+05	
9.935000e+03	1.115790e+05	
1.122200e+04	1.284070e+05	
1.327900e+04	1.554440e+05	
8.040000e+03	9.015300e+04	
1.326400e+04	1.547850e+05	
1.256200e+04	1.456640e+05	
1.265800e+04	1.465130e+05	
1.144800e+04	1.311750e+05	
1.214000e+04	1.402100e+05	
1.267900e+04	1.476480e+05	
1.341500e+04	1.563070e+05	
6.232000e+03	6.532700e+04	
1.278000e+04	1.477200e+05	
1.166800e+04	1.336550e+05	
1.040900e+04	1.176400e+05	
8.288000e+03	9.306300e+04	
1.400400e+04	1.637500e+05	
1.223600e+04	1.419880e+05	
1.127700e+04	1.293680e+05	
1.328400e+04	1.549130e+05	
8.294000e+03	9.335600e+04	
8.392000e+03	9.307600e+04	
1.226000e+04	1.412340e+05	
1.155700e+04	1.329490e+05	
1.331800e+04	1.548160e+05	
1.255400e+04	1.454520e+05	
1.334000e+04	1.550880e+05	
1.119600e+04	1.282030e+05	
7.072000e+03	7.596700e+04	
8.175000e+03	9.246100e+04	
