# This file contains the data of final population
# of objectives = 2, # of constraints = 0, # of real_var = 0, # of bits of bin_var = 44, constr_violation, rank, crowding_distance
3.000000e+00	1.030000e+02	
4.000000e+00	1.010000e+02	
3.000000e+00	1.030000e+02	
3.000000e+00	1.030000e+02	
4.000000e+00	1.010000e+02	
3.000000e+00	1.030000e+02	
4.000000e+00	1.010000e+02	
4.000000e+00	1.010000e+02	
3.000000e+00	1.030000e+02	
4.000000e+00	1.010000e+02	
4.000000e+00	1.010000e+02	
4.000000e+00	1.010000e+02	
4.000000e+00	1.010000e+02	
4.000000e+00	1.010000e+02	
4.000000e+00	1.010000e+02	
4.000000e+00	1.010000e+02	
4.000000e+00	1.010000e+02	
3.000000e+00	1.030000e+02	
4.000000e+00	1.010000e+02	
4.000000e+00	1.010000e+02	
4.000000e+00	1.010000e+02	
4.000000e+00	1.010000e+02	
4.000000e+00	1.010000e+02	
4.000000e+00	1.010000e+02	
4.000000e+00	1.010000e+02	
3.000000e+00	1.030000e+02	
3.000000e+00	1.030000e+02	
4.000000e+00	1.010000e+02	
4.000000e+00	1.010000e+02	
4.000000e+00	1.010000e+02	
3.000000e+00	1.030000e+02	
3.000000e+00	1.030000e+02	
4.000000e+00	1.010000e+02	
4.000000e+00	1.010000e+02	
4.000000e+00	1.010000e+02	
3.000000e+00	1.030000e+02	
4.000000e+00	1.010000e+02	
4.000000e+00	1.010000e+02	
4.000000e+00	1.010000e+02	
3.000000e+00	1.030000e+02	
4.000000e+00	1.010000e+02	
4.000000e+00	1.010000e+02	
4.000000e+00	1.010000e+02	
4.000000e+00	1.010000e+02	
4.000000e+00	1.010000e+02	
4.000000e+00	1.010000e+02	
4.000000e+00	1.010000e+02	
4.000000e+00	1.010000e+02	
4.000000e+00	1.010000e+02	
4.000000e+00	1.010000e+02	
4.000000e+00	1.010000e+02	
4.000000e+00	1.010000e+02	
4.000000e+00	1.010000e+02	
4.000000e+00	1.010000e+02	
3.000000e+00	1.030000e+02	
4.000000e+00	1.010000e+02	
4.000000e+00	1.010000e+02	
4.000000e+00	1.010000e+02	
4.000000e+00	1.010000e+02	
4.000000e+00	1.010000e+02	
4.000000e+00	1.010000e+02	
4.000000e+00	1.010000e+02	
3.000000e+00	1.030000e+02	
4.000000e+00	1.010000e+02	
4.000000e+00	1.010000e+02	
4.000000e+00	1.010000e+02	
4.000000e+00	1.010000e+02	
4.000000e+00	1.010000e+02	
4.000000e+00	1.010000e+02	
4.000000e+00	1.010000e+02	
4.000000e+00	1.010000e+02	
4.000000e+00	1.010000e+02	
4.000000e+00	1.010000e+02	
4.000000e+00	1.010000e+02	
4.000000e+00	1.010000e+02	
4.000000e+00	1.010000e+02	
4.000000e+00	1.010000e+02	
4.000000e+00	1.010000e+02	
4.000000e+00	1.010000e+02	
4.000000e+00	1.010000e+02	
4.000000e+00	1.010000e+02	
3.000000e+00	1.030000e+02	
3.000000e+00	1.030000e+02	
3.000000e+00	1.030000e+02	
4.000000e+00	1.010000e+02	
3.000000e+00	1.030000e+02	
4.000000e+00	1.010000e+02	
4.000000e+00	1.010000e+02	
4.000000e+00	1.010000e+02	
3.000000e+00	1.030000e+02	
4.000000e+00	1.010000e+02	
4.000000e+00	1.010000e+02	
4.000000e+00	1.010000e+02	
4.000000e+00	1.010000e+02	
4.000000e+00	1.010000e+02	
4.000000e+00	1.010000e+02	
4.000000e+00	1.010000e+02	
3.000000e+00	1.030000e+02	
3.000000e+00	1.030000e+02	
3.000000e+00	1.030000e+02	
4.000000e+00	1.010000e+02	
4.000000e+00	1.010000e+02	
4.000000e+00	1.010000e+02	
4.000000e+00	1.010000e+02	
3.000000e+00	1.030000e+02	
4.000000e+00	1.010000e+02	
3.000000e+00	1.030000e+02	
4.000000e+00	1.010000e+02	
4.000000e+00	1.010000e+02	
4.000000e+00	1.010000e+02	
3.000000e+00	1.030000e+02	
3.000000e+00	1.030000e+02	
4.000000e+00	1.010000e+02	
4.000000e+00	1.010000e+02	
4.000000e+00	1.010000e+02	
4.000000e+00	1.010000e+02	
3.000000e+00	1.030000e+02	
4.000000e+00	1.010000e+02	
4.000000e+00	1.010000e+02	
3.000000e+00	1.030000e+02	
4.000000e+00	1.010000e+02	
3.000000e+00	1.030000e+02	
3.000000e+00	1.030000e+02	
4.000000e+00	1.010000e+02	
4.000000e+00	1.010000e+02	
4.000000e+00	1.010000e+02	
4.000000e+00	1.010000e+02	
4.000000e+00	1.010000e+02	
4.000000e+00	1.010000e+02	
4.000000e+00	1.010000e+02	
4.000000e+00	1.010000e+02	
4.000000e+00	1.010000e+02	
4.000000e+00	1.010000e+02	
3.000000e+00	1.030000e+02	
4.000000e+00	1.010000e+02	
3.000000e+00	1.030000e+02	
4.000000e+00	1.010000e+02	
4.000000e+00	1.010000e+02	
3.000000e+00	1.030000e+02	
4.000000e+00	1.010000e+02	
3.000000e+00	1.030000e+02	
4.000000e+00	1.010000e+02	
3.000000e+00	1.030000e+02	
4.000000e+00	1.010000e+02	
4.000000e+00	1.010000e+02	
4.000000e+00	1.010000e+02	
4.000000e+00	1.010000e+02	
4.000000e+00	1.010000e+02	
3.000000e+00	1.030000e+02	
4.000000e+00	1.010000e+02	
4.000000e+00	1.010000e+02	
3.000000e+00	1.030000e+02	
4.000000e+00	1.010000e+02	
4.000000e+00	1.010000e+02	
4.000000e+00	1.010000e+02	
4.000000e+00	1.010000e+02	
4.000000e+00	1.010000e+02	
4.000000e+00	1.010000e+02	
4.000000e+00	1.010000e+02	
3.000000e+00	1.030000e+02	
4.000000e+00	1.010000e+02	
3.000000e+00	1.030000e+02	
4.000000e+00	1.010000e+02	
4.000000e+00	1.010000e+02	
4.000000e+00	1.010000e+02	
4.000000e+00	1.010000e+02	
4.000000e+00	1.010000e+02	
4.000000e+00	1.010000e+02	
4.000000e+00	1.010000e+02	
3.000000e+00	1.050000e+02	
4.000000e+00	1.020000e+02	
3.000000e+00	1.050000e+02	
3.000000e+00	1.050000e+02	
4.000000e+00	1.020000e+02	
3.000000e+00	1.050000e+02	
3.000000e+00	1.050000e+02	
3.000000e+00	1.050000e+02	
3.000000e+00	1.050000e+02	
3.000000e+00	1.050000e+02	
3.000000e+00	1.050000e+02	
3.000000e+00	1.050000e+02	
3.000000e+00	1.050000e+02	
3.000000e+00	1.050000e+02	
3.000000e+00	1.050000e+02	
3.000000e+00	1.050000e+02	
3.000000e+00	1.050000e+02	
3.000000e+00	1.050000e+02	
3.000000e+00	1.050000e+02	
3.000000e+00	1.050000e+02	
3.000000e+00	1.050000e+02	
3.000000e+00	1.050000e+02	
3.000000e+00	1.050000e+02	
3.000000e+00	1.050000e+02	
3.000000e+00	1.050000e+02	
3.000000e+00	1.050000e+02	
3.000000e+00	1.050000e+02	
3.000000e+00	1.050000e+02	
3.000000e+00	1.050000e+02	
3.000000e+00	1.050000e+02	
3.000000e+00	1.050000e+02	
3.000000e+00	1.050000e+02	
3.000000e+00	1.050000e+02	
3.000000e+00	1.050000e+02	
3.000000e+00	1.050000e+02	
3.000000e+00	1.050000e+02	
3.000000e+00	1.050000e+02	
3.000000e+00	1.050000e+02	
3.000000e+00	1.050000e+02	
3.000000e+00	1.050000e+02	
3.000000e+00	1.050000e+02	
3.000000e+00	1.050000e+02	
3.000000e+00	1.050000e+02	
3.000000e+00	1.050000e+02	
3.000000e+00	1.050000e+02	
3.000000e+00	1.050000e+02	
3.000000e+00	1.050000e+02	
3.000000e+00	1.050000e+02	
3.000000e+00	1.050000e+02	
3.000000e+00	1.050000e+02	
3.000000e+00	1.050000e+02	
3.000000e+00	1.050000e+02	
3.000000e+00	1.050000e+02	
3.000000e+00	1.050000e+02	
3.000000e+00	1.050000e+02	
3.000000e+00	1.050000e+02	
3.000000e+00	1.050000e+02	
3.000000e+00	1.050000e+02	
3.000000e+00	1.050000e+02	
3.000000e+00	1.050000e+02	
3.000000e+00	1.050000e+02	
3.000000e+00	1.050000e+02	
3.000000e+00	1.050000e+02	
3.000000e+00	1.050000e+02	
3.000000e+00	1.050000e+02	
3.000000e+00	1.050000e+02	
3.000000e+00	1.050000e+02	
3.000000e+00	1.050000e+02	
3.000000e+00	1.050000e+02	
3.000000e+00	1.050000e+02	
3.000000e+00	1.050000e+02	
4.000000e+00	1.020000e+02	
3.000000e+00	1.050000e+02	
3.000000e+00	1.050000e+02	
3.000000e+00	1.050000e+02	
3.000000e+00	1.050000e+02	
3.000000e+00	1.050000e+02	
3.000000e+00	1.050000e+02	
3.000000e+00	1.050000e+02	
3.000000e+00	1.050000e+02	
3.000000e+00	1.050000e+02	
3.000000e+00	1.050000e+02	
3.000000e+00	1.050000e+02	
3.000000e+00	1.050000e+02	
3.000000e+00	1.050000e+02	
3.000000e+00	1.050000e+02	
3.000000e+00	1.050000e+02	
