# This file contains the data of initial population
# of objectives = 2, # of constraints = 0, # of real_var = 0, # of bits of bin_var = 45, constr_violation, rank, crowding_distance
1.990000e+01	1.726800e+04	
1.990000e+01	1.724600e+04	
1.990000e+01	1.726800e+04	
2.110000e+01	1.730200e+04	
1.990000e+01	1.726000e+04	
1.990000e+01	1.726800e+04	
1.990000e+01	1.726800e+04	
1.990000e+01	1.719500e+04	
1.990000e+01	1.726800e+04	
2.020000e+01	1.712800e+04	
1.990000e+01	1.720900e+04	
1.990000e+01	1.398100e+04	
1.990000e+01	1.721600e+04	
1.990000e+01	1.723000e+04	
1.990000e+01	1.726800e+04	
1.990000e+01	1.721500e+04	
2.040000e+01	1.260000e+04	
1.990000e+01	1.726800e+04	
1.990000e+01	1.726500e+04	
2.100000e+01	1.716300e+04	
1.990000e+01	1.715600e+04	
1.990000e+01	1.726800e+04	
1.990000e+01	1.712300e+04	
1.990000e+01	1.726800e+04	
2.100000e+01	1.624500e+04	
1.990000e+01	1.702400e+04	
1.990000e+01	1.726800e+04	
1.990000e+01	1.726800e+04	
1.990000e+01	1.725300e+04	
1.990000e+01	1.726800e+04	
1.990000e+01	1.700400e+04	
1.930000e+01	1.727300e+04	
1.990000e+01	1.750000e+04	
1.990000e+01	1.726800e+04	
1.990000e+01	1.648000e+04	
1.990000e+01	1.726800e+04	
2.030000e+01	1.708100e+04	
1.990000e+01	1.718500e+04	
1.990000e+01	1.645200e+04	
1.990000e+01	1.719400e+04	
1.990000e+01	1.726200e+04	
1.990000e+01	1.726800e+04	
1.930000e+01	1.269300e+04	
1.990000e+01	1.726800e+04	
1.990000e+01	1.727900e+04	
1.990000e+01	1.725600e+04	
1.990000e+01	1.735800e+04	
1.990000e+01	1.714000e+04	
1.990000e+01	1.744800e+04	
1.940000e+01	1.703200e+04	
1.990000e+01	1.726800e+04	
1.990000e+01	1.726800e+04	
1.990000e+01	1.726800e+04	
1.940000e+01	1.682000e+04	
1.990000e+01	1.726800e+04	
1.990000e+01	1.726800e+04	
2.100000e+01	1.727100e+04	
1.990000e+01	1.726400e+04	
1.990000e+01	1.726800e+04	
1.960000e+01	1.699900e+04	
1.990000e+01	1.726800e+04	
1.990000e+01	1.744800e+04	
1.990000e+01	1.726800e+04	
1.990000e+01	1.726800e+04	
1.990000e+01	1.726800e+04	
1.990000e+01	1.726800e+04	
1.940000e+01	1.708400e+04	
1.990000e+01	1.744100e+04	
1.990000e+01	1.726800e+04	
1.990000e+01	1.726800e+04	
1.990000e+01	1.745400e+04	
1.990000e+01	1.726800e+04	
1.990000e+01	1.726800e+04	
1.990000e+01	1.744800e+04	
1.960000e+01	1.716000e+04	
1.990000e+01	1.726800e+04	
1.990000e+01	1.726800e+04	
1.990000e+01	1.712300e+04	
1.990000e+01	1.724800e+04	
1.990000e+01	1.719700e+04	
1.990000e+01	1.726800e+04	
1.990000e+01	1.724400e+04	
1.990000e+01	1.720300e+04	
1.990000e+01	1.700400e+04	
1.990000e+01	1.726800e+04	
1.990000e+01	1.726800e+04	
1.990000e+01	1.726800e+04	
1.990000e+01	1.725400e+04	
1.990000e+01	1.316900e+04	
1.990000e+01	1.726800e+04	
1.990000e+01	1.733400e+04	
1.990000e+01	1.726800e+04	
1.990000e+01	1.726800e+04	
1.990000e+01	1.746500e+04	
2.100000e+01	1.733900e+04	
1.990000e+01	1.738000e+04	
1.990000e+01	1.726800e+04	
1.990000e+01	1.744800e+04	
1.990000e+01	1.744800e+04	
1.990000e+01	1.717200e+04	
1.990000e+01	1.726000e+04	
1.990000e+01	1.726800e+04	
1.990000e+01	1.722700e+04	
1.990000e+01	1.726800e+04	
1.990000e+01	1.727300e+04	
1.990000e+01	1.744800e+04	
1.990000e+01	1.726000e+04	
1.990000e+01	1.726800e+04	
1.990000e+01	1.726800e+04	
2.110000e+01	1.698000e+04	
1.850000e+01	1.279900e+04	
1.990000e+01	1.717900e+04	
1.990000e+01	1.726800e+04	
1.990000e+01	1.744800e+04	
2.020000e+01	1.573100e+04	
1.990000e+01	1.744800e+04	
1.980000e+01	1.557000e+04	
1.990000e+01	1.726800e+04	
1.990000e+01	1.744800e+04	
1.990000e+01	1.726800e+04	
1.990000e+01	1.726800e+04	
1.990000e+01	1.744800e+04	
1.990000e+01	1.733100e+04	
1.990000e+01	1.727700e+04	
1.990000e+01	1.719500e+04	
1.990000e+01	1.726800e+04	
1.960000e+01	1.716000e+04	
1.990000e+01	1.700400e+04	
1.930000e+01	1.711800e+04	
1.990000e+01	1.726000e+04	
1.990000e+01	1.710200e+04	
2.070000e+01	1.711300e+04	
2.020000e+01	1.551700e+04	
1.970000e+01	1.723000e+04	
2.010000e+01	1.727500e+04	
1.990000e+01	1.718500e+04	
1.990000e+01	1.726800e+04	
1.990000e+01	1.726800e+04	
1.990000e+01	1.726200e+04	
1.990000e+01	1.726800e+04	
2.020000e+01	1.703000e+04	
1.990000e+01	1.721400e+04	
1.990000e+01	1.744800e+04	
1.990000e+01	1.744800e+04	
1.990000e+01	1.719700e+04	
1.990000e+01	1.726800e+04	
1.990000e+01	1.684000e+04	
1.990000e+01	1.744800e+04	
2.100000e+01	1.726700e+04	
1.930000e+01	1.728600e+04	
1.990000e+01	1.726800e+04	
2.100000e+01	1.624500e+04	
1.990000e+01	1.720100e+04	
1.990000e+01	1.726200e+04	
1.990000e+01	1.750000e+04	
1.990000e+01	1.726800e+04	
1.990000e+01	1.726800e+04	
1.990000e+01	1.681200e+04	
1.990000e+01	1.727900e+04	
1.990000e+01	1.726800e+04	
1.990000e+01	1.726800e+04	
1.990000e+01	1.726800e+04	
1.990000e+01	1.726800e+04	
1.990000e+01	1.728200e+04	
1.940000e+01	1.708400e+04	
1.990000e+01	1.726800e+04	
1.990000e+01	1.726800e+04	
1.990000e+01	1.724800e+04	
1.990000e+01	1.726000e+04	
1.990000e+01	1.719500e+04	
1.990000e+01	1.726800e+04	
1.990000e+01	1.719500e+04	
1.990000e+01	1.744800e+04	
1.990000e+01	1.726800e+04	
1.990000e+01	1.726800e+04	
1.990000e+01	1.721800e+04	
1.990000e+01	1.707000e+04	
1.990000e+01	1.726800e+04	
1.990000e+01	1.726800e+04	
1.990000e+01	1.726800e+04	
1.990000e+01	1.726800e+04	
1.990000e+01	1.724300e+04	
1.990000e+01	1.727200e+04	
1.990000e+01	1.725500e+04	
1.940000e+01	1.683300e+04	
1.990000e+01	1.681200e+04	
1.990000e+01	1.726800e+04	
1.990000e+01	1.726800e+04	
1.990000e+01	1.708700e+04	
1.990000e+01	1.719700e+04	
2.100000e+01	1.650200e+04	
1.990000e+01	1.726800e+04	
1.990000e+01	1.744600e+04	
1.990000e+01	1.726800e+04	
1.990000e+01	1.726800e+04	
1.990000e+01	1.727300e+04	
1.990000e+01	1.726800e+04	
1.990000e+01	1.726800e+04	
1.990000e+01	1.377600e+04	
2.330000e+01	1.708300e+04	
1.900000e+01	1.713800e+04	
2.030000e+01	1.708100e+04	
1.930000e+01	1.716100e+04	
1.990000e+01	1.744800e+04	
1.990000e+01	1.746500e+04	
1.990000e+01	1.726500e+04	
1.940000e+01	1.711500e+04	
1.990000e+01	1.726800e+04	
1.990000e+01	1.726800e+04	
1.990000e+01	1.725700e+04	
1.990000e+01	1.726800e+04	
1.990000e+01	1.726800e+04	
1.990000e+01	1.726200e+04	
1.900000e+01	1.314600e+04	
1.990000e+01	1.709700e+04	
1.990000e+01	1.720200e+04	
1.990000e+01	1.726800e+04	
1.990000e+01	1.714100e+04	
1.930000e+01	1.726100e+04	
1.990000e+01	1.726800e+04	
1.990000e+01	1.726800e+04	
2.100000e+01	1.706900e+04	
1.990000e+01	1.744800e+04	
1.910000e+01	1.282100e+04	
1.990000e+01	1.726800e+04	
2.110000e+01	1.269200e+04	
1.990000e+01	1.726700e+04	
1.990000e+01	1.723400e+04	
1.990000e+01	1.726800e+04	
1.990000e+01	1.726800e+04	
2.040000e+01	1.598300e+04	
1.990000e+01	1.719900e+04	
1.990000e+01	1.744800e+04	
1.990000e+01	1.718800e+04	
1.990000e+01	1.726900e+04	
1.990000e+01	1.726800e+04	
1.990000e+01	1.744800e+04	
1.990000e+01	1.726800e+04	
1.940000e+01	1.682000e+04	
1.900000e+01	1.723800e+04	
1.990000e+01	1.726000e+04	
1.990000e+01	1.725600e+04	
1.990000e+01	1.726800e+04	
1.990000e+01	1.726800e+04	
1.990000e+01	1.726800e+04	
1.940000e+01	1.714500e+04	
1.990000e+01	1.726800e+04	
1.990000e+01	1.726800e+04	
1.990000e+01	1.726800e+04	
1.990000e+01	1.726800e+04	
1.990000e+01	1.726800e+04	
1.990000e+01	1.726200e+04	
2.330000e+01	1.708300e+04	
1.990000e+01	1.732100e+04	
1.990000e+01	1.726800e+04	
1.990000e+01	1.719500e+04	
