# This file contains the data of initial population
# of objectives = 2, # of constraints = 0, # of real_var = 0, # of bits of bin_var = 156, constr_violation, rank, crowding_distance
1.330000e+01	4.220000e+03	
1.330000e+01	4.172000e+03	
1.450000e+01	4.343000e+03	
1.460000e+01	4.178000e+03	
1.460000e+01	4.158000e+03	
1.380000e+01	4.242000e+03	
1.330000e+01	4.232000e+03	
1.690000e+01	4.257000e+03	
1.330000e+01	4.288000e+03	
1.330000e+01	4.310000e+03	
1.330000e+01	4.234000e+03	
1.330000e+01	4.232000e+03	
1.470000e+01	4.280000e+03	
1.470000e+01	4.495000e+03	
1.690000e+01	4.296000e+03	
1.460000e+01	4.457000e+03	
1.250000e+01	4.222000e+03	
1.370000e+01	4.291000e+03	
1.380000e+01	4.270000e+03	
1.400000e+01	4.284000e+03	
1.350000e+01	4.372000e+03	
1.330000e+01	4.175000e+03	
1.470000e+01	4.310000e+03	
1.420000e+01	4.203000e+03	
1.330000e+01	4.168000e+03	
1.330000e+01	4.178000e+03	
1.450000e+01	4.494000e+03	
1.330000e+01	4.190000e+03	
1.370000e+01	4.416000e+03	
1.330000e+01	4.202000e+03	
1.330000e+01	4.254000e+03	
1.500000e+01	4.366000e+03	
1.390000e+01	4.382000e+03	
1.330000e+01	4.182000e+03	
1.330000e+01	4.174000e+03	
1.460000e+01	4.079000e+03	
1.330000e+01	4.219000e+03	
1.460000e+01	4.190000e+03	
1.330000e+01	4.182000e+03	
1.470000e+01	4.565000e+03	
1.380000e+01	4.433000e+03	
1.430000e+01	4.232000e+03	
1.330000e+01	4.219000e+03	
1.330000e+01	4.190000e+03	
1.330000e+01	4.138000e+03	
1.330000e+01	4.350000e+03	
1.330000e+01	4.334000e+03	
1.350000e+01	4.412000e+03	
1.330000e+01	4.187000e+03	
1.400000e+01	4.662000e+03	
1.450000e+01	4.236000e+03	
1.520000e+01	4.907000e+03	
1.460000e+01	4.280000e+03	
1.690000e+01	4.698000e+03	
1.330000e+01	4.166000e+03	
1.330000e+01	4.206000e+03	
1.330000e+01	4.154000e+03	
1.330000e+01	4.220000e+03	
1.330000e+01	4.175000e+03	
1.330000e+01	4.256000e+03	
1.460000e+01	4.244000e+03	
1.330000e+01	4.196000e+03	
1.520000e+01	4.562000e+03	
1.330000e+01	4.186000e+03	
1.350000e+01	4.443000e+03	
1.330000e+01	4.203000e+03	
1.330000e+01	4.182000e+03	
1.330000e+01	4.204000e+03	
1.450000e+01	4.182000e+03	
1.460000e+01	4.145000e+03	
1.370000e+01	4.178000e+03	
1.690000e+01	4.281000e+03	
1.330000e+01	4.300000e+03	
1.370000e+01	4.178000e+03	
1.450000e+01	4.212000e+03	
1.330000e+01	4.547000e+03	
1.690000e+01	4.311000e+03	
1.330000e+01	4.198000e+03	
1.460000e+01	4.272000e+03	
1.430000e+01	4.218000e+03	
1.500000e+01	4.405000e+03	
1.330000e+01	4.122000e+03	
1.470000e+01	4.298000e+03	
1.460000e+01	4.123000e+03	
1.330000e+01	4.171000e+03	
1.460000e+01	4.232000e+03	
1.400000e+01	4.350000e+03	
1.330000e+01	4.247000e+03	
1.330000e+01	4.236000e+03	
1.500000e+01	4.374000e+03	
1.500000e+01	4.342000e+03	
1.330000e+01	4.210000e+03	
1.470000e+01	4.575000e+03	
1.460000e+01	4.427000e+03	
1.250000e+01	4.305000e+03	
1.330000e+01	4.198000e+03	
1.330000e+01	4.267000e+03	
1.330000e+01	4.246000e+03	
1.330000e+01	4.173000e+03	
1.330000e+01	4.229000e+03	
1.330000e+01	4.172000e+03	
1.450000e+01	4.471000e+03	
1.330000e+01	4.242000e+03	
1.330000e+01	4.211000e+03	
1.330000e+01	4.314000e+03	
1.330000e+01	4.280000e+03	
1.330000e+01	4.358000e+03	
1.340000e+01	4.405000e+03	
1.360000e+01	4.302000e+03	
1.330000e+01	4.191000e+03	
1.430000e+01	4.302000e+03	
1.450000e+01	4.369000e+03	
1.430000e+01	4.234000e+03	
1.390000e+01	4.493000e+03	
1.460000e+01	4.447000e+03	
1.330000e+01	4.218000e+03	
1.330000e+01	4.210000e+03	
1.330000e+01	4.207000e+03	
1.400000e+01	4.350000e+03	
1.330000e+01	4.378000e+03	
1.330000e+01	4.236000e+03	
1.460000e+01	4.339000e+03	
1.330000e+01	4.147000e+03	
1.500000e+01	4.408000e+03	
1.500000e+01	4.286000e+03	
1.250000e+01	4.290000e+03	
1.330000e+01	4.212000e+03	
1.400000e+01	4.622000e+03	
1.330000e+01	4.228000e+03	
1.330000e+01	4.225000e+03	
1.330000e+01	4.222000e+03	
1.460000e+01	4.216000e+03	
1.330000e+01	4.205000e+03	
1.330000e+01	4.205000e+03	
1.360000e+01	4.332000e+03	
1.330000e+01	4.216000e+03	
1.330000e+01	4.245000e+03	
1.330000e+01	4.216000e+03	
1.360000e+01	4.354000e+03	
1.330000e+01	4.370000e+03	
1.430000e+01	4.186000e+03	
1.500000e+01	4.386000e+03	
1.460000e+01	4.342000e+03	
1.430000e+01	4.220000e+03	
1.400000e+01	4.614000e+03	
1.330000e+01	4.344000e+03	
1.340000e+01	4.522000e+03	
1.330000e+01	4.236000e+03	
1.400000e+01	4.376000e+03	
1.460000e+01	4.409000e+03	
1.330000e+01	4.224000e+03	
1.330000e+01	4.165000e+03	
1.330000e+01	4.324000e+03	
1.330000e+01	4.186000e+03	
1.330000e+01	4.217000e+03	
1.390000e+01	4.302000e+03	
1.330000e+01	4.241000e+03	
1.400000e+01	4.278000e+03	
1.340000e+01	4.096000e+03	
1.330000e+01	4.218000e+03	
1.330000e+01	4.188000e+03	
1.330000e+01	4.204000e+03	
1.300000e+01	4.158000e+03	
1.530000e+01	4.393000e+03	
1.460000e+01	4.421000e+03	
1.330000e+01	4.246000e+03	
1.430000e+01	4.226000e+03	
1.330000e+01	4.210000e+03	
1.330000e+01	4.292000e+03	
1.330000e+01	4.172000e+03	
1.330000e+01	4.294000e+03	
1.330000e+01	4.173000e+03	
1.470000e+01	4.276000e+03	
1.470000e+01	4.280000e+03	
1.330000e+01	4.268000e+03	
1.330000e+01	4.232000e+03	
1.330000e+01	4.232000e+03	
1.330000e+01	4.186000e+03	
1.330000e+01	4.185000e+03	
1.400000e+01	4.540000e+03	
1.330000e+01	4.212000e+03	
1.390000e+01	4.488000e+03	
1.450000e+01	4.162000e+03	
1.330000e+01	4.174000e+03	
1.450000e+01	4.218000e+03	
1.450000e+01	4.346000e+03	
1.330000e+01	4.220000e+03	
1.400000e+01	4.398000e+03	
1.430000e+01	4.236000e+03	
1.330000e+01	4.262000e+03	
1.330000e+01	4.233000e+03	
1.330000e+01	4.154000e+03	
1.370000e+01	4.212000e+03	
1.330000e+01	4.196000e+03	
1.330000e+01	4.219000e+03	
1.370000e+01	4.304000e+03	
1.430000e+01	4.224000e+03	
1.360000e+01	4.290000e+03	
1.330000e+01	4.268000e+03	
1.470000e+01	4.374000e+03	
1.500000e+01	4.346000e+03	
1.330000e+01	4.184000e+03	
1.330000e+01	4.252000e+03	
1.340000e+01	4.124000e+03	
1.460000e+01	4.425000e+03	
1.460000e+01	4.207000e+03	
1.400000e+01	4.284000e+03	
1.330000e+01	4.197000e+03	
1.330000e+01	4.168000e+03	
1.380000e+01	4.391000e+03	
1.460000e+01	4.166000e+03	
1.330000e+01	4.268000e+03	
1.340000e+01	4.516000e+03	
1.460000e+01	4.190000e+03	
1.460000e+01	4.421000e+03	
1.330000e+01	4.214000e+03	
1.250000e+01	4.259000e+03	
1.450000e+01	4.284000e+03	
1.330000e+01	4.233000e+03	
1.250000e+01	4.314000e+03	
1.330000e+01	4.238000e+03	
1.330000e+01	4.244000e+03	
1.330000e+01	4.189000e+03	
1.460000e+01	4.454000e+03	
1.470000e+01	4.564000e+03	
1.390000e+01	4.292000e+03	
1.340000e+01	4.451000e+03	
1.330000e+01	4.237000e+03	
1.470000e+01	4.501000e+03	
1.500000e+01	4.302000e+03	
1.380000e+01	4.199000e+03	
1.330000e+01	4.187000e+03	
1.460000e+01	4.435000e+03	
1.340000e+01	4.359000e+03	
1.500000e+01	4.346000e+03	
1.360000e+01	4.294000e+03	
1.330000e+01	4.154000e+03	
1.330000e+01	4.260000e+03	
1.570000e+01	4.290000e+03	
1.400000e+01	4.270000e+03	
1.330000e+01	4.204000e+03	
1.400000e+01	4.473000e+03	
1.330000e+01	4.180000e+03	
1.490000e+01	4.338000e+03	
1.370000e+01	4.240000e+03	
1.500000e+01	4.411000e+03	
1.340000e+01	4.367000e+03	
1.450000e+01	4.520000e+03	
1.450000e+01	4.222000e+03	
1.340000e+01	4.389000e+03	
1.330000e+01	4.242000e+03	
1.500000e+01	4.372000e+03	
1.470000e+01	4.258000e+03	
1.330000e+01	4.354000e+03	
1.490000e+01	4.290000e+03	
1.330000e+01	4.236000e+03	
