# This file contains the data of initial population
# of objectives = 2, # of constraints = 0, # of real_var = 0, # of bits of bin_var = 22, constr_violation, rank, crowding_distance
1.840000e+01	9.928000e+03	
1.880000e+01	8.794000e+03	
2.050000e+01	1.014900e+04	
1.940000e+01	1.029000e+04	
1.940000e+01	1.031700e+04	
1.950000e+01	9.156000e+03	
1.920000e+01	1.058300e+04	
1.840000e+01	8.010000e+03	
1.960000e+01	8.414000e+03	
2.000000e+01	1.025700e+04	
1.880000e+01	1.117300e+04	
1.790000e+01	9.079000e+03	
1.870000e+01	1.074500e+04	
1.830000e+01	8.843000e+03	
1.870000e+01	9.431000e+03	
1.920000e+01	8.791000e+03	
1.910000e+01	9.911000e+03	
1.740000e+01	1.013000e+04	
1.820000e+01	9.990000e+03	
1.910000e+01	9.256000e+03	
1.810000e+01	9.161000e+03	
2.030000e+01	9.750000e+03	
1.850000e+01	9.736000e+03	
1.920000e+01	9.860000e+03	
1.810000e+01	1.017000e+04	
1.980000e+01	1.002300e+04	
1.890000e+01	9.495000e+03	
1.880000e+01	1.007800e+04	
1.870000e+01	8.907000e+03	
1.830000e+01	8.733000e+03	
1.890000e+01	9.509000e+03	
2.060000e+01	8.929000e+03	
1.930000e+01	9.881000e+03	
1.900000e+01	9.709000e+03	
1.880000e+01	1.147200e+04	
1.840000e+01	8.519000e+03	
1.830000e+01	8.503000e+03	
1.960000e+01	8.458000e+03	
1.950000e+01	9.425000e+03	
1.770000e+01	9.951000e+03	
2.030000e+01	9.785000e+03	
1.880000e+01	1.029200e+04	
1.930000e+01	9.063000e+03	
1.890000e+01	9.392000e+03	
1.830000e+01	9.291000e+03	
1.890000e+01	9.618000e+03	
1.800000e+01	9.546000e+03	
1.900000e+01	9.708000e+03	
1.860000e+01	8.790000e+03	
1.860000e+01	8.492000e+03	
1.850000e+01	9.603000e+03	
1.890000e+01	1.002500e+04	
2.070000e+01	9.343000e+03	
1.910000e+01	8.883000e+03	
1.940000e+01	1.060200e+04	
1.890000e+01	9.262000e+03	
1.940000e+01	9.456000e+03	
1.890000e+01	9.587000e+03	
1.940000e+01	9.869000e+03	
1.950000e+01	8.916000e+03	
1.890000e+01	8.671000e+03	
1.960000e+01	9.154000e+03	
1.880000e+01	9.559000e+03	
1.970000e+01	1.071100e+04	
1.950000e+01	1.012200e+04	
2.150000e+01	9.606000e+03	
1.890000e+01	1.040500e+04	
2.010000e+01	1.040200e+04	
1.830000e+01	8.945000e+03	
1.950000e+01	9.035000e+03	
1.890000e+01	9.427000e+03	
1.860000e+01	8.791000e+03	
1.910000e+01	9.306000e+03	
1.950000e+01	9.334000e+03	
1.840000e+01	1.066200e+04	
1.940000e+01	9.914000e+03	
2.060000e+01	1.028600e+04	
1.860000e+01	1.009600e+04	
1.890000e+01	8.660000e+03	
2.050000e+01	1.006400e+04	
1.970000e+01	1.094500e+04	
1.910000e+01	9.699000e+03	
2.030000e+01	9.153000e+03	
1.860000e+01	1.090300e+04	
1.890000e+01	8.523000e+03	
1.940000e+01	9.685000e+03	
1.880000e+01	1.114500e+04	
1.960000e+01	9.453000e+03	
1.880000e+01	1.080700e+04	
1.890000e+01	1.075700e+04	
1.900000e+01	1.039500e+04	
1.880000e+01	1.078600e+04	
1.960000e+01	1.020800e+04	
2.050000e+01	1.026600e+04	
2.000000e+01	9.484000e+03	
2.100000e+01	1.053300e+04	
1.870000e+01	9.399000e+03	
1.930000e+01	1.002100e+04	
1.900000e+01	9.779000e+03	
1.890000e+01	9.185000e+03	
1.880000e+01	8.719000e+03	
1.930000e+01	9.297000e+03	
1.870000e+01	9.468000e+03	
1.900000e+01	9.723000e+03	
2.000000e+01	9.846000e+03	
1.940000e+01	9.813000e+03	
1.830000e+01	9.126000e+03	
1.850000e+01	1.094300e+04	
1.920000e+01	9.279000e+03	
1.860000e+01	9.438000e+03	
1.930000e+01	1.024300e+04	
2.000000e+01	9.839000e+03	
1.870000e+01	1.028100e+04	
1.930000e+01	9.367000e+03	
1.960000e+01	1.045500e+04	
1.930000e+01	1.032400e+04	
1.900000e+01	1.026100e+04	
1.890000e+01	9.177000e+03	
1.950000e+01	1.100900e+04	
1.800000e+01	8.957000e+03	
1.900000e+01	1.033200e+04	
1.860000e+01	9.512000e+03	
1.900000e+01	8.845000e+03	
2.010000e+01	9.536000e+03	
2.230000e+01	1.054600e+04	
1.820000e+01	1.001600e+04	
1.910000e+01	9.596000e+03	
1.890000e+01	8.789000e+03	
1.880000e+01	9.157000e+03	
1.940000e+01	1.068200e+04	
2.000000e+01	8.600000e+03	
1.980000e+01	8.612000e+03	
1.920000e+01	9.350000e+03	
1.870000e+01	1.118800e+04	
1.810000e+01	9.945000e+03	
1.950000e+01	9.670000e+03	
1.940000e+01	9.450000e+03	
1.890000e+01	1.079800e+04	
1.780000e+01	1.062600e+04	
1.840000e+01	8.944000e+03	
1.990000e+01	8.416000e+03	
1.890000e+01	9.707000e+03	
1.860000e+01	9.437000e+03	
1.790000e+01	9.368000e+03	
1.910000e+01	9.489000e+03	
1.770000e+01	1.099200e+04	
2.100000e+01	1.023100e+04	
2.010000e+01	1.039400e+04	
1.810000e+01	1.000100e+04	
1.910000e+01	9.754000e+03	
1.850000e+01	8.068000e+03	
1.890000e+01	1.048200e+04	
1.790000e+01	9.414000e+03	
2.080000e+01	9.106000e+03	
1.890000e+01	1.030300e+04	
1.790000e+01	9.811000e+03	
1.880000e+01	1.150600e+04	
1.850000e+01	8.542000e+03	
2.000000e+01	8.941000e+03	
1.890000e+01	1.088500e+04	
1.950000e+01	9.105000e+03	
1.880000e+01	9.584000e+03	
1.910000e+01	9.229000e+03	
1.840000e+01	9.049000e+03	
1.840000e+01	1.073500e+04	
1.730000e+01	9.021000e+03	
1.860000e+01	9.902000e+03	
1.800000e+01	9.071000e+03	
1.940000e+01	9.692000e+03	
2.030000e+01	9.278000e+03	
2.150000e+01	8.676000e+03	
1.950000e+01	9.152000e+03	
1.790000e+01	1.093800e+04	
2.050000e+01	1.035200e+04	
1.880000e+01	9.667000e+03	
1.910000e+01	9.124000e+03	
1.810000e+01	9.064000e+03	
1.860000e+01	9.652000e+03	
2.020000e+01	1.010500e+04	
1.850000e+01	9.630000e+03	
1.980000e+01	8.714000e+03	
1.820000e+01	9.192000e+03	
2.220000e+01	9.511000e+03	
1.990000e+01	1.100100e+04	
1.990000e+01	8.784000e+03	
1.790000e+01	9.479000e+03	
2.120000e+01	1.004900e+04	
1.770000e+01	9.747000e+03	
1.910000e+01	9.670000e+03	
2.170000e+01	8.704000e+03	
1.900000e+01	9.260000e+03	
1.940000e+01	1.009100e+04	
1.850000e+01	1.019200e+04	
1.880000e+01	8.918000e+03	
1.890000e+01	9.319000e+03	
1.830000e+01	9.088000e+03	
1.870000e+01	9.205000e+03	
2.070000e+01	9.308000e+03	
1.900000e+01	8.966000e+03	
2.130000e+01	9.676000e+03	
1.800000e+01	9.341000e+03	
1.940000e+01	9.690000e+03	
1.950000e+01	8.618000e+03	
1.850000e+01	9.602000e+03	
1.890000e+01	8.773000e+03	
1.900000e+01	9.604000e+03	
2.050000e+01	1.010700e+04	
1.840000e+01	9.570000e+03	
1.860000e+01	9.968000e+03	
1.960000e+01	8.616000e+03	
2.010000e+01	9.941000e+03	
1.960000e+01	9.441000e+03	
1.900000e+01	1.009500e+04	
1.900000e+01	9.521000e+03	
1.880000e+01	9.894000e+03	
1.910000e+01	8.787000e+03	
1.800000e+01	9.243000e+03	
2.050000e+01	1.019100e+04	
1.870000e+01	9.384000e+03	
1.890000e+01	8.547000e+03	
1.850000e+01	9.451000e+03	
1.990000e+01	8.784000e+03	
2.190000e+01	9.032000e+03	
1.900000e+01	9.461000e+03	
1.890000e+01	1.043900e+04	
1.960000e+01	8.578000e+03	
1.840000e+01	8.792000e+03	
1.880000e+01	1.009200e+04	
1.820000e+01	1.059100e+04	
1.940000e+01	9.914000e+03	
1.960000e+01	8.596000e+03	
1.900000e+01	1.044400e+04	
1.790000e+01	9.170000e+03	
2.050000e+01	9.827000e+03	
1.950000e+01	9.354000e+03	
1.880000e+01	9.377000e+03	
2.100000e+01	1.051500e+04	
1.950000e+01	9.518000e+03	
1.830000e+01	9.991000e+03	
2.050000e+01	1.051200e+04	
1.900000e+01	8.644000e+03	
1.890000e+01	9.649000e+03	
2.100000e+01	1.046200e+04	
1.830000e+01	8.733000e+03	
1.890000e+01	1.005000e+04	
2.020000e+01	1.025500e+04	
1.940000e+01	9.209000e+03	
1.820000e+01	9.367000e+03	
1.820000e+01	8.927000e+03	
1.840000e+01	8.134000e+03	
1.910000e+01	8.964000e+03	
1.890000e+01	1.040700e+04	
1.910000e+01	9.890000e+03	
1.880000e+01	1.107200e+04	
1.930000e+01	1.007600e+04	
2.020000e+01	9.006000e+03	
