# This file contains the data of final population
# of objectives = 2, # of constraints = 0, # of real_var = 0, # of bits of bin_var = 76, constr_violation, rank, crowding_distance
1.014000e+03	1.275900e+04	
1.013000e+03	1.283800e+04	
1.013000e+03	1.283900e+04	
1.014000e+03	1.276300e+04	
1.013000e+03	1.285000e+04	
1.014000e+03	1.277500e+04	
1.013000e+03	1.286600e+04	
1.015000e+03	1.279400e+04	
1.014000e+03	1.279500e+04	
1.013000e+03	1.287000e+04	
1.014000e+03	1.279700e+04	
1.013000e+03	1.288500e+04	
1.015000e+03	1.280300e+04	
1.014000e+03	1.281200e+04	
1.013000e+03	1.290000e+04	
1.017000e+03	1.280500e+04	
1.014000e+03	1.282000e+04	
1.013000e+03	1.290300e+04	
1.015000e+03	1.282100e+04	
1.014000e+03	1.282700e+04	
1.018000e+03	1.281900e+04	
1.013000e+03	1.291200e+04	
1.014000e+03	1.283400e+04	
1.015000e+03	1.282700e+04	
1.013000e+03	1.291400e+04	
1.015000e+03	1.283100e+04	
1.014000e+03	1.284500e+04	
1.013000e+03	1.292100e+04	
1.015000e+03	1.283700e+04	
1.014000e+03	1.284800e+04	
1.013000e+03	1.292600e+04	
1.013000e+03	1.292600e+04	
1.013000e+03	1.292600e+04	
1.014000e+03	1.285300e+04	
1.015000e+03	1.284500e+04	
1.013000e+03	1.292800e+04	
1.013000e+03	1.292800e+04	
1.015000e+03	1.284700e+04	
1.014000e+03	1.285700e+04	
1.014000e+03	1.285700e+04	
1.018000e+03	1.284500e+04	
1.015000e+03	1.284700e+04	
1.013000e+03	1.292900e+04	
1.013000e+03	1.292900e+04	
1.014000e+03	1.286600e+04	
1.015000e+03	1.285200e+04	
1.016000e+03	1.285100e+04	
1.019000e+03	1.284600e+04	
1.013000e+03	1.293600e+04	
1.014000e+03	1.288400e+04	
1.014000e+03	1.288400e+04	
1.015000e+03	1.286600e+04	
1.019000e+03	1.284800e+04	
1.015000e+03	1.286600e+04	
1.013000e+03	1.293800e+04	
1.014000e+03	1.288500e+04	
1.015000e+03	1.286800e+04	
1.016000e+03	1.286600e+04	
1.013000e+03	1.293900e+04	
1.013000e+03	1.293900e+04	
1.014000e+03	1.288900e+04	
1.020000e+03	1.286800e+04	
1.015000e+03	1.286900e+04	
1.013000e+03	1.294000e+04	
1.013000e+03	1.294000e+04	
1.014000e+03	1.289100e+04	
1.015000e+03	1.287100e+04	
1.013000e+03	1.294100e+04	
1.014000e+03	1.290500e+04	
1.015000e+03	1.287300e+04	
1.015000e+03	1.287300e+04	
1.013000e+03	1.294200e+04	
1.014000e+03	1.292100e+04	
1.014000e+03	1.292100e+04	
1.014000e+03	1.292100e+04	
1.018000e+03	1.287300e+04	
1.015000e+03	1.287400e+04	
1.013000e+03	1.294400e+04	
1.013000e+03	1.294400e+04	
1.014000e+03	1.292500e+04	
1.015000e+03	1.287500e+04	
1.015000e+03	1.287500e+04	
1.015000e+03	1.287900e+04	
1.013000e+03	1.294500e+04	
1.014000e+03	1.293500e+04	
1.020000e+03	1.287500e+04	
1.015000e+03	1.287900e+04	
1.013000e+03	1.294600e+04	
1.014000e+03	1.294100e+04	
1.018000e+03	1.288000e+04	
1.015000e+03	1.288300e+04	
1.015000e+03	1.288300e+04	
1.013000e+03	1.294800e+04	
1.014000e+03	1.294400e+04	
1.017000e+03	1.289500e+04	
1.018000e+03	1.288200e+04	
1.015000e+03	1.289600e+04	
1.013000e+03	1.295300e+04	
1.014000e+03	1.294800e+04	
1.020000e+03	1.288300e+04	
1.018000e+03	1.288500e+04	
1.015000e+03	1.289700e+04	
1.013000e+03	1.295400e+04	
1.014000e+03	1.295000e+04	
1.015000e+03	1.290400e+04	
1.015000e+03	1.290400e+04	
1.016000e+03	1.289900e+04	
1.018000e+03	1.288600e+04	
1.019000e+03	1.288500e+04	
1.013000e+03	1.295500e+04	
1.016000e+03	1.290000e+04	
1.015000e+03	1.290500e+04	
1.015000e+03	1.290500e+04	
1.018000e+03	1.288800e+04	
1.014000e+03	1.295500e+04	
1.013000e+03	1.295600e+04	
1.013000e+03	1.295600e+04	
1.015000e+03	1.290700e+04	
1.016000e+03	1.290400e+04	
1.022000e+03	1.290200e+04	
1.013000e+03	1.295800e+04	
1.014000e+03	1.295700e+04	
1.013000e+03	1.295800e+04	
1.013000e+03	1.295800e+04	
1.015000e+03	1.290900e+04	
1.018000e+03	1.290400e+04	
1.023000e+03	1.290200e+04	
1.014000e+03	1.295900e+04	
1.013000e+03	1.296000e+04	
1.015000e+03	1.291000e+04	
1.022000e+03	1.290800e+04	
1.018000e+03	1.290900e+04	
1.014000e+03	1.296000e+04	
1.013000e+03	1.296300e+04	
1.015000e+03	1.291100e+04	
1.013000e+03	1.296400e+04	
1.015000e+03	1.291300e+04	
1.013000e+03	1.296500e+04	
1.013000e+03	1.296500e+04	
1.014000e+03	1.296400e+04	
1.015000e+03	1.291500e+04	
1.015000e+03	1.291500e+04	
1.016000e+03	1.291300e+04	
1.013000e+03	1.296600e+04	
1.014000e+03	1.296500e+04	
1.013000e+03	1.296600e+04	
1.013000e+03	1.296600e+04	
1.018000e+03	1.291400e+04	
1.016000e+03	1.291500e+04	
1.015000e+03	1.291700e+04	
1.015000e+03	1.291700e+04	
1.014000e+03	1.296600e+04	
1.013000e+03	1.296700e+04	
1.016000e+03	1.291700e+04	
1.015000e+03	1.291900e+04	
1.013000e+03	1.296800e+04	
1.013000e+03	1.296800e+04	
1.015000e+03	1.292200e+04	
1.015000e+03	1.292200e+04	
1.015000e+03	1.292200e+04	
1.018000e+03	1.291700e+04	
1.016000e+03	1.292000e+04	
1.013000e+03	1.296900e+04	
1.013000e+03	1.296900e+04	
1.013000e+03	1.296900e+04	
1.015000e+03	1.292300e+04	
1.015000e+03	1.292300e+04	
1.018000e+03	1.291800e+04	
1.016000e+03	1.292100e+04	
1.015000e+03	1.292300e+04	
1.013000e+03	1.297000e+04	
1.013000e+03	1.297000e+04	
1.015000e+03	1.292500e+04	
1.021000e+03	1.291900e+04	
1.018000e+03	1.292100e+04	
1.015000e+03	1.292500e+04	
1.014000e+03	1.297100e+04	
1.013000e+03	1.297200e+04	
1.013000e+03	1.297200e+04	
1.018000e+03	1.292500e+04	
1.015000e+03	1.292600e+04	
1.015000e+03	1.292600e+04	
1.013000e+03	1.297300e+04	
1.014000e+03	1.297200e+04	
1.014000e+03	1.297200e+04	
1.015000e+03	1.292700e+04	
1.015000e+03	1.292700e+04	
1.016000e+03	1.292600e+04	
1.019000e+03	1.292500e+04	
1.014000e+03	1.297300e+04	
1.014000e+03	1.297300e+04	
1.013000e+03	1.297500e+04	
1.013000e+03	1.297500e+04	
1.016000e+03	1.292700e+04	
1.015000e+03	1.292900e+04	
1.020000e+03	1.292500e+04	
1.014000e+03	1.297400e+04	
1.013000e+03	1.297600e+04	
1.013000e+03	1.297600e+04	
1.015000e+03	1.293000e+04	
1.016000e+03	1.292800e+04	
1.020000e+03	1.292600e+04	
1.014000e+03	1.297600e+04	
1.014000e+03	1.297600e+04	
1.013000e+03	1.297700e+04	
1.018000e+03	1.292800e+04	
1.016000e+03	1.292900e+04	
1.016000e+03	1.292900e+04	
1.015000e+03	1.293100e+04	
1.021000e+03	1.292700e+04	
1.014000e+03	1.297700e+04	
1.014000e+03	1.297700e+04	
1.013000e+03	1.297800e+04	
1.013000e+03	1.297800e+04	
1.016000e+03	1.293000e+04	
1.016000e+03	1.293000e+04	
1.015000e+03	1.293300e+04	
1.016000e+03	1.293000e+04	
1.013000e+03	1.298000e+04	
1.014000e+03	1.297800e+04	
1.015000e+03	1.293500e+04	
1.016000e+03	1.293100e+04	
1.022000e+03	1.293000e+04	
1.016000e+03	1.293100e+04	
1.013000e+03	1.298100e+04	
1.013000e+03	1.298100e+04	
1.013000e+03	1.298100e+04	
1.014000e+03	1.297900e+04	
1.014000e+03	1.297900e+04	
1.023000e+03	1.293000e+04	
1.015000e+03	1.293800e+04	
1.015000e+03	1.293800e+04	
1.015000e+03	1.293800e+04	
1.023000e+03	1.293000e+04	
1.016000e+03	1.293200e+04	
1.013000e+03	1.298200e+04	
1.017000e+03	1.293400e+04	
1.016000e+03	1.293700e+04	
1.019000e+03	1.293300e+04	
1.022000e+03	1.293200e+04	
1.015000e+03	1.293900e+04	
1.015000e+03	1.293900e+04	
1.015000e+03	1.293900e+04	
1.013000e+03	1.298300e+04	
1.014000e+03	1.298200e+04	
1.014000e+03	1.298200e+04	
1.013000e+03	1.298300e+04	
1.016000e+03	1.293800e+04	
1.016000e+03	1.293800e+04	
1.019000e+03	1.293400e+04	
1.019000e+03	1.293400e+04	
1.015000e+03	1.294000e+04	
1.013000e+03	1.298400e+04	
1.020000e+03	1.293400e+04	
1.015000e+03	1.294100e+04	
1.019000e+03	1.293600e+04	
