# This file contains the data of initial population
# of objectives = 2, # of constraints = 0, # of real_var = 0, # of bits of bin_var = 28, constr_violation, rank, crowding_distance
1.870000e+01	1.201500e+04	
1.840000e+01	1.309500e+04	
1.980000e+01	1.318000e+04	
1.880000e+01	1.257200e+04	
1.780000e+01	1.210200e+04	
1.800000e+01	1.038500e+04	
1.900000e+01	1.114900e+04	
1.890000e+01	1.305800e+04	
1.850000e+01	1.454400e+04	
1.790000e+01	1.118400e+04	
1.900000e+01	1.251900e+04	
1.930000e+01	1.301700e+04	
1.930000e+01	1.412000e+04	
1.770000e+01	1.188200e+04	
1.840000e+01	1.286400e+04	
1.780000e+01	1.426800e+04	
1.830000e+01	1.300200e+04	
1.890000e+01	1.381500e+04	
1.880000e+01	1.255100e+04	
1.840000e+01	1.378800e+04	
1.820000e+01	1.197600e+04	
1.880000e+01	1.177300e+04	
1.800000e+01	1.119600e+04	
1.860000e+01	1.208300e+04	
1.930000e+01	1.263700e+04	
1.880000e+01	1.226800e+04	
1.900000e+01	1.331700e+04	
1.860000e+01	1.422600e+04	
1.770000e+01	1.194100e+04	
1.770000e+01	1.444400e+04	
1.950000e+01	1.538300e+04	
1.780000e+01	1.418100e+04	
1.930000e+01	1.265900e+04	
1.790000e+01	1.250700e+04	
1.760000e+01	1.126300e+04	
1.860000e+01	1.370200e+04	
1.770000e+01	1.257900e+04	
1.770000e+01	1.039900e+04	
1.950000e+01	1.369800e+04	
1.800000e+01	1.359000e+04	
1.790000e+01	1.268000e+04	
1.800000e+01	1.175200e+04	
1.830000e+01	1.437500e+04	
1.850000e+01	1.350100e+04	
1.840000e+01	1.130900e+04	
1.780000e+01	1.137100e+04	
1.860000e+01	1.332500e+04	
1.790000e+01	1.278700e+04	
1.880000e+01	1.421300e+04	
1.830000e+01	1.247300e+04	
2.000000e+01	1.419000e+04	
1.770000e+01	1.258800e+04	
1.780000e+01	1.238900e+04	
1.790000e+01	1.296900e+04	
1.840000e+01	1.344500e+04	
1.790000e+01	1.162800e+04	
1.800000e+01	1.422200e+04	
1.820000e+01	1.230000e+04	
1.780000e+01	1.128600e+04	
1.830000e+01	1.398800e+04	
1.830000e+01	1.221200e+04	
1.800000e+01	1.299700e+04	
1.830000e+01	1.356400e+04	
1.830000e+01	1.294700e+04	
1.860000e+01	1.309300e+04	
1.870000e+01	1.184000e+04	
1.790000e+01	1.219500e+04	
1.940000e+01	1.324500e+04	
1.870000e+01	1.307300e+04	
1.930000e+01	1.550800e+04	
1.840000e+01	1.184400e+04	
1.770000e+01	1.159400e+04	
1.890000e+01	1.285600e+04	
1.900000e+01	1.449400e+04	
1.900000e+01	1.462300e+04	
1.840000e+01	1.434900e+04	
1.840000e+01	1.178500e+04	
1.850000e+01	1.171000e+04	
1.810000e+01	1.255300e+04	
1.900000e+01	1.093300e+04	
1.900000e+01	1.132600e+04	
1.950000e+01	1.433600e+04	
1.790000e+01	1.364100e+04	
1.810000e+01	1.269700e+04	
1.860000e+01	1.401600e+04	
1.890000e+01	1.162300e+04	
1.770000e+01	1.118200e+04	
1.950000e+01	1.383700e+04	
1.880000e+01	1.326000e+04	
1.940000e+01	1.455000e+04	
1.840000e+01	1.352300e+04	
1.880000e+01	1.251200e+04	
1.770000e+01	1.203700e+04	
1.820000e+01	1.380900e+04	
1.840000e+01	1.176100e+04	
1.810000e+01	1.364600e+04	
1.820000e+01	1.264300e+04	
1.830000e+01	1.145400e+04	
1.840000e+01	1.178900e+04	
1.870000e+01	1.449000e+04	
1.800000e+01	1.112000e+04	
1.900000e+01	1.352800e+04	
1.850000e+01	1.044000e+04	
1.760000e+01	1.112000e+04	
1.800000e+01	1.127800e+04	
1.830000e+01	1.334900e+04	
1.790000e+01	1.318400e+04	
1.790000e+01	1.160300e+04	
1.890000e+01	1.170200e+04	
1.770000e+01	1.231700e+04	
1.780000e+01	1.334000e+04	
1.880000e+01	1.257200e+04	
1.810000e+01	1.245200e+04	
1.850000e+01	1.266300e+04	
1.840000e+01	1.170400e+04	
1.800000e+01	1.412200e+04	
1.790000e+01	1.219300e+04	
1.990000e+01	1.355700e+04	
1.880000e+01	1.326100e+04	
1.830000e+01	1.450600e+04	
1.710000e+01	1.086900e+04	
1.850000e+01	1.365000e+04	
1.830000e+01	1.235800e+04	
1.840000e+01	1.189700e+04	
1.850000e+01	1.214600e+04	
1.930000e+01	1.332200e+04	
1.830000e+01	1.328100e+04	
1.860000e+01	1.267000e+04	
1.870000e+01	1.108000e+04	
1.770000e+01	1.256800e+04	
1.790000e+01	1.522000e+04	
1.930000e+01	1.299500e+04	
1.850000e+01	1.270700e+04	
1.780000e+01	1.206600e+04	
1.890000e+01	1.199600e+04	
1.780000e+01	1.277700e+04	
1.820000e+01	1.170600e+04	
1.870000e+01	1.230400e+04	
1.890000e+01	1.439400e+04	
1.830000e+01	1.311700e+04	
1.770000e+01	1.321000e+04	
1.870000e+01	1.398400e+04	
1.930000e+01	1.187200e+04	
1.840000e+01	1.184200e+04	
1.830000e+01	1.220900e+04	
1.830000e+01	1.304600e+04	
1.760000e+01	1.387400e+04	
1.890000e+01	1.233200e+04	
1.820000e+01	1.115700e+04	
1.830000e+01	1.383600e+04	
1.830000e+01	1.208600e+04	
1.780000e+01	1.262000e+04	
1.860000e+01	1.203400e+04	
1.790000e+01	1.395400e+04	
1.770000e+01	1.326900e+04	
1.980000e+01	1.362700e+04	
1.770000e+01	1.171500e+04	
1.870000e+01	1.348300e+04	
1.800000e+01	1.300200e+04	
1.990000e+01	1.311100e+04	
1.890000e+01	1.240200e+04	
1.900000e+01	1.366500e+04	
1.840000e+01	1.357700e+04	
1.910000e+01	1.203700e+04	
1.960000e+01	1.220500e+04	
1.780000e+01	1.121800e+04	
1.850000e+01	1.214400e+04	
1.770000e+01	1.295200e+04	
1.830000e+01	1.449500e+04	
1.770000e+01	1.161200e+04	
1.840000e+01	1.174300e+04	
1.770000e+01	1.370100e+04	
1.870000e+01	1.384800e+04	
1.860000e+01	1.447700e+04	
1.740000e+01	1.028200e+04	
1.810000e+01	1.386100e+04	
1.850000e+01	1.546200e+04	
1.960000e+01	1.079300e+04	
1.900000e+01	1.122400e+04	
1.870000e+01	1.520100e+04	
1.770000e+01	1.205800e+04	
1.790000e+01	1.244500e+04	
1.770000e+01	1.148100e+04	
1.850000e+01	1.418200e+04	
1.830000e+01	1.163900e+04	
1.800000e+01	1.135600e+04	
1.710000e+01	1.253400e+04	
1.860000e+01	1.300700e+04	
1.800000e+01	1.068000e+04	
1.730000e+01	1.230200e+04	
1.840000e+01	1.364200e+04	
1.840000e+01	1.246200e+04	
1.810000e+01	1.220600e+04	
1.820000e+01	1.443400e+04	
1.770000e+01	1.073400e+04	
1.850000e+01	1.353600e+04	
1.830000e+01	1.199800e+04	
1.820000e+01	1.271200e+04	
1.880000e+01	1.286300e+04	
1.820000e+01	1.482500e+04	
1.880000e+01	1.284700e+04	
1.840000e+01	1.185100e+04	
1.800000e+01	1.071800e+04	
1.890000e+01	1.360500e+04	
1.780000e+01	1.060300e+04	
1.770000e+01	1.245300e+04	
1.890000e+01	1.260000e+04	
1.860000e+01	1.335700e+04	
1.910000e+01	1.483900e+04	
1.740000e+01	1.131800e+04	
1.780000e+01	1.360000e+04	
1.860000e+01	1.307000e+04	
1.880000e+01	1.434200e+04	
1.900000e+01	1.443500e+04	
1.790000e+01	1.266300e+04	
1.790000e+01	1.335400e+04	
1.880000e+01	1.192100e+04	
1.820000e+01	1.226400e+04	
1.820000e+01	1.307600e+04	
1.980000e+01	1.366300e+04	
1.780000e+01	1.334200e+04	
1.790000e+01	9.942000e+03	
1.850000e+01	1.262500e+04	
1.780000e+01	1.277400e+04	
1.850000e+01	1.295700e+04	
1.890000e+01	1.446400e+04	
1.840000e+01	1.562800e+04	
1.890000e+01	1.177200e+04	
1.850000e+01	1.081700e+04	
1.740000e+01	1.074000e+04	
1.860000e+01	1.165100e+04	
1.770000e+01	1.222000e+04	
1.740000e+01	1.192900e+04	
1.780000e+01	1.149800e+04	
1.790000e+01	1.225400e+04	
1.800000e+01	1.258500e+04	
1.770000e+01	1.254500e+04	
1.940000e+01	1.189600e+04	
1.770000e+01	1.229100e+04	
1.780000e+01	1.492300e+04	
1.850000e+01	1.360800e+04	
1.830000e+01	1.118600e+04	
1.840000e+01	1.589300e+04	
1.820000e+01	1.299100e+04	
1.880000e+01	1.268800e+04	
1.770000e+01	1.287100e+04	
1.750000e+01	1.068800e+04	
1.810000e+01	1.202600e+04	
1.850000e+01	1.483700e+04	
1.770000e+01	1.125900e+04	
1.830000e+01	1.299000e+04	
1.930000e+01	1.329900e+04	
1.820000e+01	1.440100e+04	
1.770000e+01	1.158000e+04	
2.000000e+01	1.412800e+04	
1.860000e+01	1.205000e+04	
