# This file contains the data of initial population
# of objectives = 2, # of constraints = 0, # of real_var = 0, # of bits of bin_var = 22, constr_violation, rank, crowding_distance
6.000000e+00	1.333000e+03	
5.000000e+00	1.257000e+03	
5.000000e+00	1.229000e+03	
6.000000e+00	1.529000e+03	
5.000000e+00	1.242000e+03	
6.000000e+00	1.440000e+03	
6.000000e+00	1.189000e+03	
6.000000e+00	1.321000e+03	
5.000000e+00	1.188000e+03	
6.000000e+00	1.458000e+03	
5.000000e+00	1.280000e+03	
5.000000e+00	1.331000e+03	
5.000000e+00	1.406000e+03	
6.000000e+00	1.295000e+03	
6.000000e+00	1.536000e+03	
5.000000e+00	1.294000e+03	
6.000000e+00	1.388000e+03	
6.000000e+00	1.220000e+03	
6.000000e+00	1.434000e+03	
6.000000e+00	1.317000e+03	
6.000000e+00	1.322000e+03	
6.000000e+00	1.315000e+03	
5.000000e+00	1.286000e+03	
5.000000e+00	1.229000e+03	
6.000000e+00	1.232000e+03	
6.000000e+00	1.257000e+03	
6.000000e+00	1.392000e+03	
6.000000e+00	1.340000e+03	
6.000000e+00	1.423000e+03	
5.000000e+00	1.258000e+03	
6.000000e+00	1.512000e+03	
5.000000e+00	1.195000e+03	
6.000000e+00	1.361000e+03	
6.000000e+00	1.304000e+03	
6.000000e+00	1.275000e+03	
6.000000e+00	1.306000e+03	
6.000000e+00	1.419000e+03	
6.000000e+00	1.255000e+03	
6.000000e+00	1.247000e+03	
6.000000e+00	1.154000e+03	
6.000000e+00	1.438000e+03	
6.000000e+00	1.532000e+03	
5.000000e+00	1.061000e+03	
6.000000e+00	1.158000e+03	
6.000000e+00	1.416000e+03	
6.000000e+00	1.411000e+03	
6.000000e+00	1.417000e+03	
5.000000e+00	1.374000e+03	
6.000000e+00	1.335000e+03	
5.000000e+00	1.231000e+03	
5.000000e+00	1.251000e+03	
5.000000e+00	1.176000e+03	
5.000000e+00	1.254000e+03	
5.000000e+00	1.364000e+03	
6.000000e+00	1.600000e+03	
6.000000e+00	1.093000e+03	
6.000000e+00	1.170000e+03	
5.000000e+00	1.516000e+03	
5.000000e+00	1.212000e+03	
5.000000e+00	1.404000e+03	
6.000000e+00	1.403000e+03	
6.000000e+00	1.322000e+03	
6.000000e+00	1.173000e+03	
5.000000e+00	1.292000e+03	
6.000000e+00	1.486000e+03	
6.000000e+00	1.234000e+03	
5.000000e+00	1.251000e+03	
6.000000e+00	1.500000e+03	
5.000000e+00	1.233000e+03	
5.000000e+00	1.566000e+03	
5.000000e+00	1.174000e+03	
5.000000e+00	1.229000e+03	
6.000000e+00	1.279000e+03	
6.000000e+00	1.293000e+03	
6.000000e+00	1.376000e+03	
5.000000e+00	1.350000e+03	
6.000000e+00	1.402000e+03	
6.000000e+00	1.310000e+03	
5.000000e+00	1.238000e+03	
6.000000e+00	1.400000e+03	
6.000000e+00	1.451000e+03	
6.000000e+00	1.296000e+03	
6.000000e+00	1.328000e+03	
5.000000e+00	1.259000e+03	
6.000000e+00	1.429000e+03	
6.000000e+00	1.279000e+03	
6.000000e+00	1.376000e+03	
5.000000e+00	1.374000e+03	
6.000000e+00	1.361000e+03	
6.000000e+00	1.438000e+03	
5.000000e+00	1.147000e+03	
6.000000e+00	1.345000e+03	
6.000000e+00	1.160000e+03	
5.000000e+00	1.320000e+03	
6.000000e+00	1.291000e+03	
5.000000e+00	1.316000e+03	
6.000000e+00	1.394000e+03	
6.000000e+00	1.164000e+03	
5.000000e+00	1.207000e+03	
5.000000e+00	1.271000e+03	
6.000000e+00	1.235000e+03	
5.000000e+00	1.529000e+03	
6.000000e+00	1.433000e+03	
6.000000e+00	1.219000e+03	
5.000000e+00	1.578000e+03	
5.000000e+00	1.236000e+03	
6.000000e+00	1.448000e+03	
6.000000e+00	1.271000e+03	
6.000000e+00	1.200000e+03	
6.000000e+00	1.280000e+03	
6.000000e+00	1.165000e+03	
5.000000e+00	1.251000e+03	
5.000000e+00	1.315000e+03	
5.000000e+00	1.260000e+03	
5.000000e+00	1.284000e+03	
5.000000e+00	1.269000e+03	
5.000000e+00	1.293000e+03	
6.000000e+00	1.314000e+03	
6.000000e+00	1.336000e+03	
6.000000e+00	1.126000e+03	
6.000000e+00	1.205000e+03	
6.000000e+00	1.326000e+03	
5.000000e+00	1.193000e+03	
6.000000e+00	1.239000e+03	
6.000000e+00	1.506000e+03	
6.000000e+00	1.233000e+03	
5.000000e+00	1.177000e+03	
6.000000e+00	1.416000e+03	
5.000000e+00	1.251000e+03	
6.000000e+00	1.260000e+03	
6.000000e+00	1.545000e+03	
5.000000e+00	1.406000e+03	
6.000000e+00	1.451000e+03	
5.000000e+00	1.271000e+03	
6.000000e+00	1.443000e+03	
6.000000e+00	1.396000e+03	
5.000000e+00	1.147000e+03	
5.000000e+00	1.224000e+03	
5.000000e+00	1.161000e+03	
5.000000e+00	1.336000e+03	
6.000000e+00	1.287000e+03	
5.000000e+00	1.207000e+03	
5.000000e+00	1.405000e+03	
5.000000e+00	1.336000e+03	
6.000000e+00	1.206000e+03	
5.000000e+00	1.239000e+03	
6.000000e+00	1.284000e+03	
5.000000e+00	1.288000e+03	
5.000000e+00	1.159000e+03	
5.000000e+00	1.250000e+03	
5.000000e+00	1.366000e+03	
5.000000e+00	1.245000e+03	
6.000000e+00	1.407000e+03	
5.000000e+00	1.266000e+03	
6.000000e+00	1.377000e+03	
5.000000e+00	1.181000e+03	
5.000000e+00	1.278000e+03	
5.000000e+00	1.291000e+03	
5.000000e+00	1.348000e+03	
5.000000e+00	1.325000e+03	
5.000000e+00	1.414000e+03	
6.000000e+00	1.322000e+03	
5.000000e+00	1.467000e+03	
5.000000e+00	1.417000e+03	
5.000000e+00	1.281000e+03	
5.000000e+00	1.176000e+03	
5.000000e+00	1.583000e+03	
5.000000e+00	1.523000e+03	
5.000000e+00	1.473000e+03	
5.000000e+00	1.338000e+03	
5.000000e+00	1.319000e+03	
5.000000e+00	1.349000e+03	
5.000000e+00	1.286000e+03	
5.000000e+00	1.339000e+03	
6.000000e+00	1.518000e+03	
6.000000e+00	1.175000e+03	
6.000000e+00	1.440000e+03	
5.000000e+00	1.217000e+03	
5.000000e+00	1.401000e+03	
6.000000e+00	1.460000e+03	
6.000000e+00	1.298000e+03	
5.000000e+00	1.232000e+03	
5.000000e+00	1.276000e+03	
6.000000e+00	1.312000e+03	
6.000000e+00	1.332000e+03	
5.000000e+00	1.182000e+03	
6.000000e+00	1.198000e+03	
5.000000e+00	1.281000e+03	
6.000000e+00	1.344000e+03	
6.000000e+00	1.325000e+03	
6.000000e+00	1.405000e+03	
5.000000e+00	1.335000e+03	
5.000000e+00	1.245000e+03	
5.000000e+00	1.194000e+03	
6.000000e+00	1.523000e+03	
6.000000e+00	1.238000e+03	
5.000000e+00	1.329000e+03	
5.000000e+00	1.266000e+03	
6.000000e+00	1.236000e+03	
5.000000e+00	1.338000e+03	
6.000000e+00	1.536000e+03	
6.000000e+00	1.304000e+03	
5.000000e+00	1.319000e+03	
6.000000e+00	1.249000e+03	
5.000000e+00	1.255000e+03	
6.000000e+00	1.487000e+03	
6.000000e+00	1.397000e+03	
6.000000e+00	1.497000e+03	
5.000000e+00	1.546000e+03	
6.000000e+00	1.357000e+03	
6.000000e+00	1.377000e+03	
5.000000e+00	1.292000e+03	
5.000000e+00	1.308000e+03	
5.000000e+00	1.170000e+03	
5.000000e+00	1.277000e+03	
6.000000e+00	1.373000e+03	
5.000000e+00	1.435000e+03	
5.000000e+00	1.165000e+03	
5.000000e+00	1.316000e+03	
5.000000e+00	1.298000e+03	
6.000000e+00	1.259000e+03	
5.000000e+00	1.403000e+03	
6.000000e+00	1.330000e+03	
6.000000e+00	1.272000e+03	
6.000000e+00	1.374000e+03	
5.000000e+00	1.179000e+03	
6.000000e+00	1.325000e+03	
5.000000e+00	1.213000e+03	
5.000000e+00	1.365000e+03	
6.000000e+00	1.171000e+03	
5.000000e+00	1.057000e+03	
5.000000e+00	1.285000e+03	
5.000000e+00	1.271000e+03	
5.000000e+00	1.358000e+03	
6.000000e+00	1.359000e+03	
6.000000e+00	1.208000e+03	
5.000000e+00	1.286000e+03	
6.000000e+00	1.525000e+03	
5.000000e+00	1.333000e+03	
5.000000e+00	1.272000e+03	
6.000000e+00	1.282000e+03	
6.000000e+00	1.406000e+03	
5.000000e+00	1.165000e+03	
6.000000e+00	1.126000e+03	
5.000000e+00	1.157000e+03	
6.000000e+00	1.377000e+03	
6.000000e+00	1.249000e+03	
5.000000e+00	1.215000e+03	
5.000000e+00	1.403000e+03	
6.000000e+00	1.246000e+03	
5.000000e+00	1.381000e+03	
6.000000e+00	1.312000e+03	
6.000000e+00	1.295000e+03	
5.000000e+00	1.428000e+03	
6.000000e+00	1.533000e+03	
5.000000e+00	1.161000e+03	
