# This file contains the data of initial population
# of objectives = 2, # of constraints = 0, # of real_var = 0, # of bits of bin_var = 130, constr_violation, rank, crowding_distance
2.780000e+02	8.377000e+03	
2.720000e+02	8.546000e+03	
2.300000e+02	6.686000e+03	
2.670000e+02	7.963000e+03	
2.500000e+02	7.884000e+03	
3.420000e+02	1.022900e+04	
3.180000e+02	9.574000e+03	
2.780000e+02	7.441000e+03	
2.260000e+02	6.621000e+03	
2.060000e+02	6.407000e+03	
2.430000e+02	7.339000e+03	
2.640000e+02	7.587000e+03	
2.160000e+02	6.581000e+03	
2.880000e+02	7.995000e+03	
3.290000e+02	9.678000e+03	
3.800000e+02	1.131900e+04	
2.620000e+02	8.613000e+03	
2.760000e+02	7.442000e+03	
3.360000e+02	1.002600e+04	
2.650000e+02	7.312000e+03	
3.610000e+02	1.093000e+04	
2.400000e+02	6.809000e+03	
2.600000e+02	8.487000e+03	
3.450000e+02	1.021200e+04	
3.300000e+02	9.658000e+03	
3.110000e+02	8.735000e+03	
3.290000e+02	9.568000e+03	
2.660000e+02	7.203000e+03	
2.920000e+02	8.008000e+03	
2.730000e+02	7.574000e+03	
3.490000e+02	1.077800e+04	
2.260000e+02	6.564000e+03	
3.490000e+02	1.048400e+04	
2.770000e+02	7.484000e+03	
2.770000e+02	8.540000e+03	
2.260000e+02	6.848000e+03	
2.700000e+02	8.325000e+03	
2.860000e+02	8.348000e+03	
3.740000e+02	1.090500e+04	
3.230000e+02	9.241000e+03	
2.420000e+02	6.958000e+03	
2.480000e+02	6.872000e+03	
2.640000e+02	7.543000e+03	
3.030000e+02	8.589000e+03	
2.690000e+02	7.434000e+03	
2.740000e+02	7.561000e+03	
2.450000e+02	7.586000e+03	
3.200000e+02	9.383000e+03	
3.530000e+02	1.060400e+04	
3.520000e+02	1.013500e+04	
2.210000e+02	6.566000e+03	
2.720000e+02	7.894000e+03	
3.040000e+02	8.480000e+03	
2.500000e+02	7.160000e+03	
2.370000e+02	6.832000e+03	
2.740000e+02	7.578000e+03	
2.670000e+02	7.299000e+03	
3.010000e+02	9.006000e+03	
2.450000e+02	6.812000e+03	
2.760000e+02	7.594000e+03	
2.590000e+02	8.389000e+03	
2.950000e+02	8.323000e+03	
2.260000e+02	6.533000e+03	
2.330000e+02	6.668000e+03	
2.930000e+02	8.152000e+03	
2.930000e+02	8.840000e+03	
2.500000e+02	7.850000e+03	
2.990000e+02	8.509000e+03	
2.830000e+02	7.969000e+03	
2.420000e+02	6.757000e+03	
2.390000e+02	6.813000e+03	
2.280000e+02	6.661000e+03	
2.950000e+02	8.223000e+03	
2.440000e+02	7.257000e+03	
3.180000e+02	9.420000e+03	
2.630000e+02	7.177000e+03	
2.910000e+02	8.673000e+03	
2.830000e+02	8.507000e+03	
3.250000e+02	9.322000e+03	
2.530000e+02	7.500000e+03	
3.170000e+02	9.290000e+03	
2.460000e+02	7.263000e+03	
2.590000e+02	7.957000e+03	
2.720000e+02	8.258000e+03	
3.640000e+02	1.114300e+04	
2.400000e+02	6.835000e+03	
2.760000e+02	8.274000e+03	
3.150000e+02	8.655000e+03	
3.030000e+02	8.601000e+03	
3.050000e+02	8.646000e+03	
3.890000e+02	1.220200e+04	
2.560000e+02	7.082000e+03	
2.460000e+02	7.054000e+03	
3.300000e+02	1.018000e+04	
3.120000e+02	9.395000e+03	
3.140000e+02	8.491000e+03	
3.440000e+02	9.925000e+03	
2.470000e+02	7.189000e+03	
2.940000e+02	8.576000e+03	
2.610000e+02	7.560000e+03	
2.680000e+02	8.513000e+03	
2.640000e+02	7.335000e+03	
2.100000e+02	6.485000e+03	
2.530000e+02	8.022000e+03	
2.660000e+02	7.510000e+03	
2.260000e+02	6.590000e+03	
2.810000e+02	7.682000e+03	
2.630000e+02	7.957000e+03	
2.210000e+02	6.704000e+03	
2.220000e+02	6.732000e+03	
2.790000e+02	7.899000e+03	
3.180000e+02	8.485000e+03	
2.060000e+02	6.430000e+03	
2.550000e+02	7.741000e+03	
3.130000e+02	8.872000e+03	
3.260000e+02	9.363000e+03	
2.560000e+02	7.724000e+03	
2.370000e+02	7.104000e+03	
3.490000e+02	1.054400e+04	
3.150000e+02	8.711000e+03	
3.260000e+02	9.691000e+03	
2.320000e+02	6.778000e+03	
3.570000e+02	1.115800e+04	
2.680000e+02	8.220000e+03	
2.530000e+02	7.834000e+03	
2.270000e+02	6.701000e+03	
2.270000e+02	6.541000e+03	
2.520000e+02	7.189000e+03	
2.410000e+02	7.408000e+03	
2.670000e+02	8.205000e+03	
3.060000e+02	8.574000e+03	
2.540000e+02	7.085000e+03	
2.770000e+02	8.134000e+03	
2.800000e+02	7.659000e+03	
2.820000e+02	8.262000e+03	
2.900000e+02	8.731000e+03	
2.300000e+02	6.871000e+03	
3.200000e+02	9.480000e+03	
2.710000e+02	7.521000e+03	
2.670000e+02	7.677000e+03	
2.350000e+02	6.795000e+03	
3.140000e+02	9.128000e+03	
2.350000e+02	6.775000e+03	
2.290000e+02	6.578000e+03	
2.990000e+02	8.749000e+03	
2.990000e+02	8.053000e+03	
3.260000e+02	9.358000e+03	
2.880000e+02	8.080000e+03	
2.560000e+02	7.930000e+03	
3.190000e+02	9.161000e+03	
2.310000e+02	6.685000e+03	
3.580000e+02	1.098700e+04	
2.570000e+02	7.270000e+03	
3.450000e+02	1.000200e+04	
2.850000e+02	8.292000e+03	
2.790000e+02	7.895000e+03	
3.740000e+02	1.129500e+04	
2.280000e+02	6.574000e+03	
2.510000e+02	7.475000e+03	
3.060000e+02	8.451000e+03	
2.840000e+02	8.121000e+03	
2.910000e+02	8.203000e+03	
3.450000e+02	1.034400e+04	
3.630000e+02	1.086500e+04	
2.580000e+02	8.358000e+03	
3.160000e+02	9.214000e+03	
2.840000e+02	8.173000e+03	
2.910000e+02	8.011000e+03	
2.640000e+02	7.386000e+03	
3.590000e+02	1.159100e+04	
2.410000e+02	6.994000e+03	
3.250000e+02	9.586000e+03	
2.480000e+02	6.870000e+03	
2.700000e+02	7.344000e+03	
3.120000e+02	8.422000e+03	
3.390000e+02	9.613000e+03	
2.860000e+02	8.102000e+03	
2.620000e+02	7.397000e+03	
2.430000e+02	7.201000e+03	
2.200000e+02	6.529000e+03	
3.240000e+02	9.245000e+03	
3.190000e+02	8.919000e+03	
2.840000e+02	8.159000e+03	
2.800000e+02	7.802000e+03	
3.330000e+02	9.676000e+03	
2.840000e+02	7.665000e+03	
3.380000e+02	1.031300e+04	
2.200000e+02	6.684000e+03	
2.960000e+02	8.218000e+03	
3.050000e+02	8.812000e+03	
2.310000e+02	6.681000e+03	
3.020000e+02	8.488000e+03	
2.280000e+02	6.914000e+03	
1.990000e+02	6.385000e+03	
2.480000e+02	6.905000e+03	
1.990000e+02	6.384000e+03	
2.060000e+02	6.434000e+03	
2.540000e+02	7.690000e+03	
3.490000e+02	1.073400e+04	
2.510000e+02	7.259000e+03	
2.930000e+02	8.796000e+03	
3.220000e+02	9.390000e+03	
2.220000e+02	6.525000e+03	
2.100000e+02	6.456000e+03	
2.660000e+02	7.396000e+03	
3.080000e+02	9.029000e+03	
2.590000e+02	7.197000e+03	
2.360000e+02	7.195000e+03	
2.200000e+02	6.559000e+03	
3.510000e+02	1.030700e+04	
3.650000e+02	1.074200e+04	
3.480000e+02	1.059700e+04	
2.980000e+02	8.480000e+03	
3.210000e+02	8.872000e+03	
2.700000e+02	8.188000e+03	
2.450000e+02	7.428000e+03	
2.870000e+02	7.701000e+03	
3.140000e+02	8.814000e+03	
2.300000e+02	6.854000e+03	
2.660000e+02	7.220000e+03	
3.650000e+02	1.108400e+04	
2.310000e+02	6.621000e+03	
2.850000e+02	7.842000e+03	
2.680000e+02	7.875000e+03	
2.930000e+02	8.460000e+03	
3.510000e+02	1.019100e+04	
2.620000e+02	7.683000e+03	
2.160000e+02	6.481000e+03	
2.280000e+02	6.652000e+03	
2.620000e+02	7.893000e+03	
2.750000e+02	8.045000e+03	
2.850000e+02	8.280000e+03	
3.030000e+02	8.323000e+03	
2.810000e+02	8.016000e+03	
2.850000e+02	7.966000e+03	
2.220000e+02	6.726000e+03	
2.460000e+02	7.456000e+03	
2.870000e+02	8.195000e+03	
2.820000e+02	8.152000e+03	
2.400000e+02	7.355000e+03	
2.550000e+02	7.215000e+03	
2.940000e+02	8.540000e+03	
2.620000e+02	7.669000e+03	
2.650000e+02	7.450000e+03	
3.410000e+02	9.912000e+03	
2.770000e+02	8.450000e+03	
2.480000e+02	7.774000e+03	
3.200000e+02	9.063000e+03	
2.590000e+02	7.405000e+03	
3.070000e+02	8.199000e+03	
2.400000e+02	7.361000e+03	
2.180000e+02	6.497000e+03	
2.930000e+02	8.478000e+03	
2.820000e+02	8.663000e+03	
3.020000e+02	8.542000e+03	
2.050000e+02	6.417000e+03	
