# This file contains the data of final population
# of objectives = 2, # of constraints = 0, # of real_var = 0, # of bits of bin_var = 28, constr_violation, rank, crowding_distance
4.000000e+00	9.210000e+02	
4.000000e+00	9.280000e+02	
4.000000e+00	9.290000e+02	
4.000000e+00	9.290000e+02	
4.000000e+00	9.290000e+02	
4.000000e+00	9.320000e+02	
4.000000e+00	9.320000e+02	
4.000000e+00	9.330000e+02	
4.000000e+00	9.340000e+02	
4.000000e+00	9.340000e+02	
4.000000e+00	9.350000e+02	
4.000000e+00	9.360000e+02	
4.000000e+00	9.370000e+02	
4.000000e+00	9.370000e+02	
4.000000e+00	9.370000e+02	
4.000000e+00	9.390000e+02	
4.000000e+00	9.400000e+02	
4.000000e+00	9.410000e+02	
4.000000e+00	9.410000e+02	
4.000000e+00	9.410000e+02	
4.000000e+00	9.430000e+02	
4.000000e+00	9.430000e+02	
4.000000e+00	9.430000e+02	
4.000000e+00	9.440000e+02	
4.000000e+00	9.450000e+02	
4.000000e+00	9.450000e+02	
4.000000e+00	9.460000e+02	
4.000000e+00	9.460000e+02	
4.000000e+00	9.470000e+02	
4.000000e+00	9.480000e+02	
4.000000e+00	9.490000e+02	
4.000000e+00	9.490000e+02	
4.000000e+00	9.500000e+02	
4.000000e+00	9.500000e+02	
4.000000e+00	9.510000e+02	
4.000000e+00	9.510000e+02	
4.000000e+00	9.520000e+02	
4.000000e+00	9.520000e+02	
4.000000e+00	9.520000e+02	
4.000000e+00	9.520000e+02	
4.000000e+00	9.520000e+02	
4.000000e+00	9.530000e+02	
4.000000e+00	9.530000e+02	
4.000000e+00	9.530000e+02	
4.000000e+00	9.530000e+02	
4.000000e+00	9.540000e+02	
4.000000e+00	9.540000e+02	
4.000000e+00	9.540000e+02	
4.000000e+00	9.540000e+02	
4.000000e+00	9.540000e+02	
4.000000e+00	9.540000e+02	
4.000000e+00	9.540000e+02	
4.000000e+00	9.540000e+02	
4.000000e+00	9.540000e+02	
4.000000e+00	9.550000e+02	
4.000000e+00	9.550000e+02	
4.000000e+00	9.550000e+02	
4.000000e+00	9.550000e+02	
4.000000e+00	9.550000e+02	
4.000000e+00	9.560000e+02	
4.000000e+00	9.560000e+02	
4.000000e+00	9.560000e+02	
4.000000e+00	9.560000e+02	
4.000000e+00	9.560000e+02	
4.000000e+00	9.560000e+02	
4.000000e+00	9.570000e+02	
4.000000e+00	9.570000e+02	
4.000000e+00	9.570000e+02	
4.000000e+00	9.570000e+02	
4.000000e+00	9.570000e+02	
4.000000e+00	9.570000e+02	
4.000000e+00	9.580000e+02	
4.000000e+00	9.580000e+02	
4.000000e+00	9.580000e+02	
4.000000e+00	9.580000e+02	
4.000000e+00	9.580000e+02	
4.000000e+00	9.580000e+02	
4.000000e+00	9.590000e+02	
4.000000e+00	9.590000e+02	
4.000000e+00	9.590000e+02	
4.000000e+00	9.590000e+02	
4.000000e+00	9.590000e+02	
4.000000e+00	9.590000e+02	
4.000000e+00	9.590000e+02	
4.000000e+00	9.590000e+02	
4.000000e+00	9.590000e+02	
4.000000e+00	9.600000e+02	
4.000000e+00	9.600000e+02	
4.000000e+00	9.600000e+02	
4.000000e+00	9.600000e+02	
4.000000e+00	9.600000e+02	
4.000000e+00	9.600000e+02	
4.000000e+00	9.600000e+02	
4.000000e+00	9.600000e+02	
4.000000e+00	9.600000e+02	
4.000000e+00	9.600000e+02	
4.000000e+00	9.600000e+02	
4.000000e+00	9.600000e+02	
4.000000e+00	9.610000e+02	
4.000000e+00	9.610000e+02	
4.000000e+00	9.610000e+02	
4.000000e+00	9.610000e+02	
4.000000e+00	9.610000e+02	
4.000000e+00	9.610000e+02	
4.000000e+00	9.610000e+02	
4.000000e+00	9.610000e+02	
4.000000e+00	9.610000e+02	
4.000000e+00	9.610000e+02	
4.000000e+00	9.610000e+02	
4.000000e+00	9.610000e+02	
4.000000e+00	9.610000e+02	
4.000000e+00	9.620000e+02	
4.000000e+00	9.620000e+02	
4.000000e+00	9.620000e+02	
4.000000e+00	9.630000e+02	
4.000000e+00	9.630000e+02	
4.000000e+00	9.630000e+02	
4.000000e+00	9.630000e+02	
4.000000e+00	9.630000e+02	
4.000000e+00	9.630000e+02	
4.000000e+00	9.630000e+02	
4.000000e+00	9.630000e+02	
4.000000e+00	9.640000e+02	
4.000000e+00	9.640000e+02	
4.000000e+00	9.640000e+02	
4.000000e+00	9.640000e+02	
4.000000e+00	9.640000e+02	
4.000000e+00	9.640000e+02	
4.000000e+00	9.640000e+02	
4.000000e+00	9.640000e+02	
4.000000e+00	9.640000e+02	
4.000000e+00	9.640000e+02	
4.000000e+00	9.640000e+02	
4.000000e+00	9.640000e+02	
4.000000e+00	9.640000e+02	
4.000000e+00	9.650000e+02	
4.000000e+00	9.650000e+02	
4.000000e+00	9.650000e+02	
4.000000e+00	9.650000e+02	
4.000000e+00	9.650000e+02	
4.000000e+00	9.650000e+02	
4.000000e+00	9.650000e+02	
4.000000e+00	9.650000e+02	
4.000000e+00	9.650000e+02	
4.000000e+00	9.650000e+02	
4.000000e+00	9.650000e+02	
4.000000e+00	9.650000e+02	
4.000000e+00	9.650000e+02	
4.000000e+00	9.650000e+02	
4.000000e+00	9.650000e+02	
4.000000e+00	9.660000e+02	
4.000000e+00	9.660000e+02	
4.000000e+00	9.660000e+02	
4.000000e+00	9.660000e+02	
4.000000e+00	9.660000e+02	
4.000000e+00	9.660000e+02	
4.000000e+00	9.660000e+02	
4.000000e+00	9.660000e+02	
4.000000e+00	9.670000e+02	
4.000000e+00	9.670000e+02	
4.000000e+00	9.670000e+02	
4.000000e+00	9.670000e+02	
4.000000e+00	9.670000e+02	
4.000000e+00	9.670000e+02	
4.000000e+00	9.670000e+02	
4.000000e+00	9.670000e+02	
4.000000e+00	9.670000e+02	
4.000000e+00	9.670000e+02	
4.000000e+00	9.670000e+02	
4.000000e+00	9.670000e+02	
4.000000e+00	9.670000e+02	
4.000000e+00	9.670000e+02	
4.000000e+00	9.670000e+02	
4.000000e+00	9.680000e+02	
4.000000e+00	9.680000e+02	
4.000000e+00	9.680000e+02	
4.000000e+00	9.680000e+02	
4.000000e+00	9.680000e+02	
4.000000e+00	9.680000e+02	
4.000000e+00	9.680000e+02	
4.000000e+00	9.680000e+02	
4.000000e+00	9.680000e+02	
4.000000e+00	9.680000e+02	
4.000000e+00	9.680000e+02	
4.000000e+00	9.680000e+02	
4.000000e+00	9.680000e+02	
4.000000e+00	9.680000e+02	
4.000000e+00	9.690000e+02	
4.000000e+00	9.690000e+02	
4.000000e+00	9.690000e+02	
4.000000e+00	9.690000e+02	
4.000000e+00	9.690000e+02	
4.000000e+00	9.690000e+02	
4.000000e+00	9.690000e+02	
4.000000e+00	9.690000e+02	
4.000000e+00	9.690000e+02	
4.000000e+00	9.690000e+02	
4.000000e+00	9.690000e+02	
4.000000e+00	9.690000e+02	
4.000000e+00	9.690000e+02	
4.000000e+00	9.690000e+02	
4.000000e+00	9.690000e+02	
4.000000e+00	9.690000e+02	
4.000000e+00	9.690000e+02	
4.000000e+00	9.700000e+02	
4.000000e+00	9.700000e+02	
4.000000e+00	9.700000e+02	
4.000000e+00	9.700000e+02	
4.000000e+00	9.700000e+02	
4.000000e+00	9.700000e+02	
4.000000e+00	9.700000e+02	
4.000000e+00	9.700000e+02	
4.000000e+00	9.700000e+02	
4.000000e+00	9.700000e+02	
4.000000e+00	9.700000e+02	
4.000000e+00	9.700000e+02	
4.000000e+00	9.700000e+02	
4.000000e+00	9.700000e+02	
4.000000e+00	9.700000e+02	
4.000000e+00	9.700000e+02	
4.000000e+00	9.700000e+02	
4.000000e+00	9.700000e+02	
4.000000e+00	9.700000e+02	
4.000000e+00	9.700000e+02	
4.000000e+00	9.700000e+02	
4.000000e+00	9.700000e+02	
4.000000e+00	9.700000e+02	
4.000000e+00	9.710000e+02	
4.000000e+00	9.710000e+02	
4.000000e+00	9.710000e+02	
4.000000e+00	9.710000e+02	
4.000000e+00	9.710000e+02	
4.000000e+00	9.710000e+02	
4.000000e+00	9.710000e+02	
4.000000e+00	9.710000e+02	
4.000000e+00	9.710000e+02	
4.000000e+00	9.710000e+02	
4.000000e+00	9.710000e+02	
4.000000e+00	9.710000e+02	
4.000000e+00	9.710000e+02	
4.000000e+00	9.710000e+02	
4.000000e+00	9.710000e+02	
4.000000e+00	9.710000e+02	
4.000000e+00	9.710000e+02	
4.000000e+00	9.710000e+02	
4.000000e+00	9.710000e+02	
4.000000e+00	9.720000e+02	
4.000000e+00	9.720000e+02	
4.000000e+00	9.720000e+02	
4.000000e+00	9.720000e+02	
4.000000e+00	9.720000e+02	
4.000000e+00	9.720000e+02	
4.000000e+00	9.720000e+02	
4.000000e+00	9.720000e+02	
4.000000e+00	9.720000e+02	
4.000000e+00	9.720000e+02	
