# This file contains the data of initial population
# of objectives = 2, # of constraints = 0, # of real_var = 0, # of bits of bin_var = 28, constr_violation, rank, crowding_distance
4.000000e+00	1.194000e+03	
4.000000e+00	1.119000e+03	
4.000000e+00	1.106000e+03	
4.000000e+00	1.215000e+03	
4.000000e+00	1.114000e+03	
4.000000e+00	1.127000e+03	
4.000000e+00	1.279000e+03	
4.000000e+00	1.191000e+03	
4.000000e+00	1.088000e+03	
4.000000e+00	1.232000e+03	
4.000000e+00	1.092000e+03	
4.000000e+00	1.130000e+03	
4.000000e+00	1.154000e+03	
4.000000e+00	1.071000e+03	
4.000000e+00	1.153000e+03	
4.000000e+00	1.219000e+03	
4.000000e+00	1.210000e+03	
4.000000e+00	1.036000e+03	
4.000000e+00	1.164000e+03	
4.000000e+00	1.226000e+03	
4.000000e+00	1.185000e+03	
4.000000e+00	1.152000e+03	
4.000000e+00	1.140000e+03	
4.000000e+00	1.126000e+03	
4.000000e+00	1.161000e+03	
4.000000e+00	1.229000e+03	
4.000000e+00	1.129000e+03	
4.000000e+00	1.203000e+03	
4.000000e+00	1.125000e+03	
4.000000e+00	1.082000e+03	
4.000000e+00	1.125000e+03	
4.000000e+00	1.102000e+03	
4.000000e+00	1.169000e+03	
4.000000e+00	1.168000e+03	
4.000000e+00	1.105000e+03	
4.000000e+00	1.241000e+03	
4.000000e+00	1.133000e+03	
4.000000e+00	1.169000e+03	
4.000000e+00	1.118000e+03	
4.000000e+00	1.141000e+03	
4.000000e+00	1.149000e+03	
4.000000e+00	1.116000e+03	
4.000000e+00	1.059000e+03	
4.000000e+00	1.128000e+03	
4.000000e+00	1.151000e+03	
4.000000e+00	1.089000e+03	
4.000000e+00	1.179000e+03	
4.000000e+00	1.258000e+03	
4.000000e+00	1.093000e+03	
4.000000e+00	1.119000e+03	
4.000000e+00	1.080000e+03	
4.000000e+00	1.197000e+03	
4.000000e+00	1.191000e+03	
4.000000e+00	1.154000e+03	
4.000000e+00	1.140000e+03	
4.000000e+00	1.097000e+03	
4.000000e+00	1.186000e+03	
4.000000e+00	1.049000e+03	
4.000000e+00	1.201000e+03	
4.000000e+00	1.043000e+03	
4.000000e+00	1.194000e+03	
4.000000e+00	1.170000e+03	
4.000000e+00	1.217000e+03	
4.000000e+00	1.232000e+03	
4.000000e+00	1.116000e+03	
4.000000e+00	1.231000e+03	
4.000000e+00	1.225000e+03	
4.000000e+00	1.187000e+03	
4.000000e+00	1.164000e+03	
4.000000e+00	1.211000e+03	
4.000000e+00	1.165000e+03	
4.000000e+00	1.280000e+03	
4.000000e+00	1.085000e+03	
4.000000e+00	1.211000e+03	
4.000000e+00	1.189000e+03	
4.000000e+00	9.720000e+02	
4.000000e+00	1.256000e+03	
4.000000e+00	1.115000e+03	
4.000000e+00	1.125000e+03	
4.000000e+00	1.125000e+03	
4.000000e+00	1.135000e+03	
4.000000e+00	1.054000e+03	
4.000000e+00	1.082000e+03	
4.000000e+00	1.116000e+03	
4.000000e+00	1.227000e+03	
4.000000e+00	1.093000e+03	
4.000000e+00	1.112000e+03	
4.000000e+00	1.137000e+03	
4.000000e+00	1.188000e+03	
4.000000e+00	1.123000e+03	
4.000000e+00	1.063000e+03	
4.000000e+00	1.150000e+03	
4.000000e+00	1.102000e+03	
4.000000e+00	1.205000e+03	
4.000000e+00	1.197000e+03	
4.000000e+00	1.149000e+03	
4.000000e+00	1.085000e+03	
4.000000e+00	1.157000e+03	
4.000000e+00	1.214000e+03	
4.000000e+00	1.187000e+03	
4.000000e+00	1.108000e+03	
4.000000e+00	1.200000e+03	
4.000000e+00	1.176000e+03	
4.000000e+00	1.099000e+03	
4.000000e+00	1.135000e+03	
4.000000e+00	1.223000e+03	
4.000000e+00	1.170000e+03	
4.000000e+00	1.203000e+03	
4.000000e+00	1.187000e+03	
4.000000e+00	1.150000e+03	
4.000000e+00	1.135000e+03	
4.000000e+00	1.086000e+03	
4.000000e+00	1.236000e+03	
4.000000e+00	1.132000e+03	
4.000000e+00	1.127000e+03	
4.000000e+00	1.268000e+03	
4.000000e+00	1.177000e+03	
4.000000e+00	1.149000e+03	
4.000000e+00	1.154000e+03	
4.000000e+00	1.178000e+03	
4.000000e+00	1.155000e+03	
4.000000e+00	1.149000e+03	
4.000000e+00	1.229000e+03	
4.000000e+00	1.157000e+03	
4.000000e+00	1.212000e+03	
4.000000e+00	1.190000e+03	
4.000000e+00	1.175000e+03	
4.000000e+00	1.115000e+03	
4.000000e+00	1.164000e+03	
4.000000e+00	1.070000e+03	
4.000000e+00	1.045000e+03	
4.000000e+00	1.153000e+03	
4.000000e+00	1.126000e+03	
4.000000e+00	1.183000e+03	
4.000000e+00	1.148000e+03	
4.000000e+00	1.043000e+03	
4.000000e+00	1.085000e+03	
4.000000e+00	1.152000e+03	
4.000000e+00	1.123000e+03	
4.000000e+00	1.117000e+03	
4.000000e+00	1.162000e+03	
4.000000e+00	1.221000e+03	
4.000000e+00	1.197000e+03	
4.000000e+00	1.154000e+03	
4.000000e+00	1.242000e+03	
4.000000e+00	1.116000e+03	
4.000000e+00	1.047000e+03	
4.000000e+00	1.073000e+03	
4.000000e+00	1.198000e+03	
4.000000e+00	1.200000e+03	
4.000000e+00	1.219000e+03	
4.000000e+00	1.091000e+03	
4.000000e+00	1.144000e+03	
4.000000e+00	1.131000e+03	
4.000000e+00	1.175000e+03	
4.000000e+00	1.211000e+03	
4.000000e+00	1.145000e+03	
4.000000e+00	1.192000e+03	
5.000000e+00	1.225000e+03	
4.000000e+00	1.136000e+03	
4.000000e+00	1.054000e+03	
4.000000e+00	1.122000e+03	
4.000000e+00	1.113000e+03	
4.000000e+00	1.047000e+03	
4.000000e+00	1.255000e+03	
4.000000e+00	1.180000e+03	
4.000000e+00	1.140000e+03	
4.000000e+00	1.154000e+03	
4.000000e+00	1.212000e+03	
4.000000e+00	1.101000e+03	
4.000000e+00	1.190000e+03	
4.000000e+00	1.218000e+03	
4.000000e+00	1.159000e+03	
4.000000e+00	1.179000e+03	
4.000000e+00	1.214000e+03	
4.000000e+00	1.083000e+03	
4.000000e+00	1.221000e+03	
4.000000e+00	1.154000e+03	
4.000000e+00	1.105000e+03	
4.000000e+00	1.268000e+03	
4.000000e+00	1.190000e+03	
4.000000e+00	1.165000e+03	
4.000000e+00	1.141000e+03	
4.000000e+00	1.113000e+03	
4.000000e+00	1.170000e+03	
4.000000e+00	1.134000e+03	
4.000000e+00	1.264000e+03	
4.000000e+00	1.150000e+03	
4.000000e+00	1.139000e+03	
4.000000e+00	1.092000e+03	
4.000000e+00	1.134000e+03	
4.000000e+00	1.109000e+03	
4.000000e+00	1.232000e+03	
4.000000e+00	1.134000e+03	
4.000000e+00	1.154000e+03	
4.000000e+00	1.183000e+03	
4.000000e+00	1.029000e+03	
4.000000e+00	1.119000e+03	
4.000000e+00	1.167000e+03	
4.000000e+00	1.139000e+03	
4.000000e+00	1.036000e+03	
4.000000e+00	1.245000e+03	
4.000000e+00	1.071000e+03	
4.000000e+00	1.194000e+03	
4.000000e+00	1.147000e+03	
4.000000e+00	1.141000e+03	
4.000000e+00	1.134000e+03	
4.000000e+00	1.097000e+03	
4.000000e+00	1.075000e+03	
4.000000e+00	1.074000e+03	
4.000000e+00	1.222000e+03	
4.000000e+00	1.189000e+03	
4.000000e+00	1.229000e+03	
4.000000e+00	1.138000e+03	
4.000000e+00	1.185000e+03	
4.000000e+00	1.201000e+03	
4.000000e+00	1.164000e+03	
4.000000e+00	1.130000e+03	
4.000000e+00	1.136000e+03	
4.000000e+00	1.123000e+03	
4.000000e+00	1.099000e+03	
4.000000e+00	1.211000e+03	
4.000000e+00	1.051000e+03	
4.000000e+00	1.212000e+03	
4.000000e+00	1.153000e+03	
4.000000e+00	1.180000e+03	
4.000000e+00	1.266000e+03	
4.000000e+00	1.152000e+03	
4.000000e+00	1.151000e+03	
4.000000e+00	1.197000e+03	
4.000000e+00	1.097000e+03	
4.000000e+00	1.090000e+03	
4.000000e+00	1.211000e+03	
4.000000e+00	1.136000e+03	
4.000000e+00	1.204000e+03	
4.000000e+00	1.213000e+03	
4.000000e+00	1.165000e+03	
4.000000e+00	1.133000e+03	
4.000000e+00	1.129000e+03	
4.000000e+00	1.149000e+03	
4.000000e+00	1.126000e+03	
4.000000e+00	1.134000e+03	
4.000000e+00	1.133000e+03	
4.000000e+00	1.168000e+03	
4.000000e+00	1.157000e+03	
4.000000e+00	1.165000e+03	
4.000000e+00	1.174000e+03	
4.000000e+00	1.074000e+03	
4.000000e+00	1.115000e+03	
4.000000e+00	1.193000e+03	
4.000000e+00	1.184000e+03	
4.000000e+00	1.144000e+03	
4.000000e+00	1.103000e+03	
4.000000e+00	1.220000e+03	
4.000000e+00	1.122000e+03	
4.000000e+00	1.145000e+03	
