# This file contains the data of initial population
# of objectives = 2, # of constraints = 0, # of real_var = 35, # of bits of bin_var = 0, constr_violation, rank, crowding_distance
2.330000e+01	1.153000e+04	
2.460000e+01	1.170400e+04	
2.380000e+01	1.176400e+04	
2.360000e+01	1.177000e+04	
2.390000e+01	1.178800e+04	
2.330000e+01	1.180600e+04	
2.450000e+01	1.159300e+04	
2.540000e+01	1.169900e+04	
2.440000e+01	1.182800e+04	
2.370000e+01	1.161400e+04	
2.390000e+01	1.183400e+04	
2.290000e+01	1.172100e+04	
2.440000e+01	1.168400e+04	
2.390000e+01	1.175300e+04	
2.380000e+01	1.186400e+04	
2.380000e+01	1.149100e+04	
2.530000e+01	1.177100e+04	
2.380000e+01	1.189100e+04	
2.360000e+01	1.177600e+04	
2.390000e+01	1.166600e+04	
2.390000e+01	1.153100e+04	
2.450000e+01	1.178600e+04	
2.330000e+01	1.182900e+04	
2.330000e+01	1.161600e+04	
2.380000e+01	1.180000e+04	
2.330000e+01	1.189900e+04	
2.290000e+01	1.177400e+04	
2.470000e+01	1.197200e+04	
2.540000e+01	1.173100e+04	
2.380000e+01	1.177000e+04	
2.490000e+01	1.169200e+04	
2.330000e+01	1.188100e+04	
2.330000e+01	1.187500e+04	
2.320000e+01	1.201800e+04	
2.330000e+01	1.170900e+04	
2.480000e+01	1.175000e+04	
2.450000e+01	1.158100e+04	
2.380000e+01	1.200900e+04	
2.530000e+01	1.149500e+04	
2.440000e+01	1.151800e+04	
2.350000e+01	1.169700e+04	
2.380000e+01	1.177800e+04	
2.320000e+01	1.172800e+04	
2.540000e+01	1.190800e+04	
2.590000e+01	1.163500e+04	
2.380000e+01	1.171700e+04	
2.390000e+01	1.146200e+04	
2.440000e+01	1.185700e+04	
2.540000e+01	1.179600e+04	
2.330000e+01	1.164300e+04	
2.530000e+01	1.193400e+04	
2.330000e+01	1.176600e+04	
2.460000e+01	1.180700e+04	
2.380000e+01	1.174500e+04	
2.260000e+01	1.184500e+04	
2.460000e+01	1.166400e+04	
2.390000e+01	1.190400e+04	
2.330000e+01	1.171400e+04	
2.330000e+01	1.178700e+04	
2.280000e+01	1.158000e+04	
2.530000e+01	1.159100e+04	
2.380000e+01	1.197900e+04	
2.330000e+01	1.176900e+04	
2.380000e+01	1.175800e+04	
2.390000e+01	1.174000e+04	
2.390000e+01	1.179700e+04	
2.330000e+01	1.176300e+04	
2.280000e+01	1.160200e+04	
2.330000e+01	1.181900e+04	
2.290000e+01	1.162600e+04	
2.380000e+01	1.178100e+04	
2.490000e+01	1.197600e+04	
2.450000e+01	1.167900e+04	
2.330000e+01	1.161800e+04	
2.440000e+01	1.159500e+04	
2.530000e+01	1.188400e+04	
2.360000e+01	1.173100e+04	
2.290000e+01	1.177300e+04	
2.320000e+01	1.181000e+04	
2.380000e+01	1.179900e+04	
2.330000e+01	1.175800e+04	
2.360000e+01	1.166500e+04	
2.380000e+01	1.161300e+04	
2.390000e+01	1.206100e+04	
2.380000e+01	1.189600e+04	
2.390000e+01	1.132800e+04	
2.380000e+01	1.181300e+04	
2.440000e+01	1.145500e+04	
2.380000e+01	1.178200e+04	
2.360000e+01	1.186200e+04	
2.390000e+01	1.183400e+04	
2.420000e+01	1.166900e+04	
2.330000e+01	1.168000e+04	
2.390000e+01	1.155500e+04	
2.540000e+01	1.201800e+04	
2.380000e+01	1.202000e+04	
2.330000e+01	1.185700e+04	
2.380000e+01	1.161300e+04	
2.330000e+01	1.151200e+04	
2.490000e+01	1.170100e+04	
2.450000e+01	1.175300e+04	
2.440000e+01	1.193900e+04	
2.380000e+01	1.180500e+04	
2.450000e+01	1.171500e+04	
2.380000e+01	1.172500e+04	
2.390000e+01	1.185000e+04	
2.330000e+01	1.152600e+04	
2.380000e+01	1.168800e+04	
2.380000e+01	1.175500e+04	
2.450000e+01	1.177600e+04	
2.370000e+01	1.178100e+04	
2.410000e+01	1.169800e+04	
2.290000e+01	1.163900e+04	
2.540000e+01	1.162000e+04	
2.330000e+01	1.194000e+04	
2.330000e+01	1.156300e+04	
2.380000e+01	1.169700e+04	
2.330000e+01	1.180100e+04	
2.330000e+01	1.174600e+04	
2.370000e+01	1.182200e+04	
2.420000e+01	1.168900e+04	
2.380000e+01	1.204500e+04	
2.290000e+01	1.172100e+04	
2.480000e+01	1.166900e+04	
2.390000e+01	1.167500e+04	
2.290000e+01	1.182200e+04	
2.330000e+01	1.185700e+04	
2.280000e+01	1.193600e+04	
2.320000e+01	1.171600e+04	
2.380000e+01	1.184000e+04	
2.480000e+01	1.175700e+04	
2.390000e+01	1.201400e+04	
2.530000e+01	1.152300e+04	
2.390000e+01	1.194500e+04	
2.390000e+01	1.191000e+04	
2.460000e+01	1.170400e+04	
2.390000e+01	1.182300e+04	
2.380000e+01	1.184800e+04	
2.370000e+01	1.184300e+04	
2.330000e+01	1.193200e+04	
2.540000e+01	1.185400e+04	
2.350000e+01	1.186300e+04	
2.330000e+01	1.178500e+04	
2.440000e+01	1.179300e+04	
2.390000e+01	1.170800e+04	
2.540000e+01	1.179500e+04	
2.330000e+01	1.182800e+04	
2.390000e+01	1.170200e+04	
2.340000e+01	1.171400e+04	
2.460000e+01	1.191600e+04	
2.380000e+01	1.204500e+04	
2.280000e+01	1.176100e+04	
2.290000e+01	1.188500e+04	
2.540000e+01	1.166900e+04	
2.390000e+01	1.185900e+04	
2.320000e+01	1.169700e+04	
2.380000e+01	1.168200e+04	
2.390000e+01	1.170900e+04	
2.530000e+01	1.169400e+04	
2.290000e+01	1.178700e+04	
2.380000e+01	1.172000e+04	
2.440000e+01	1.188800e+04	
2.330000e+01	1.186800e+04	
2.420000e+01	1.162200e+04	
2.330000e+01	1.193200e+04	
2.280000e+01	1.179800e+04	
2.380000e+01	1.189700e+04	
2.330000e+01	1.188600e+04	
2.320000e+01	1.166500e+04	
2.280000e+01	1.179100e+04	
2.330000e+01	1.191300e+04	
2.390000e+01	1.173500e+04	
2.380000e+01	1.175700e+04	
2.230000e+01	1.173200e+04	
2.380000e+01	1.151300e+04	
2.380000e+01	1.171400e+04	
2.330000e+01	1.192300e+04	
2.440000e+01	1.162400e+04	
2.390000e+01	1.164300e+04	
2.330000e+01	1.189800e+04	
2.420000e+01	1.178800e+04	
2.360000e+01	1.183100e+04	
2.450000e+01	1.181600e+04	
2.460000e+01	1.188500e+04	
2.330000e+01	1.180900e+04	
2.330000e+01	1.155400e+04	
2.330000e+01	1.190600e+04	
2.450000e+01	1.162500e+04	
2.390000e+01	1.175200e+04	
2.530000e+01	1.185600e+04	
2.530000e+01	1.172900e+04	
2.330000e+01	1.192800e+04	
2.330000e+01	1.164400e+04	
2.390000e+01	1.147200e+04	
2.390000e+01	1.176900e+04	
2.540000e+01	1.183200e+04	
2.530000e+01	1.199100e+04	
2.330000e+01	1.192900e+04	
2.440000e+01	1.166600e+04	
2.370000e+01	1.163700e+04	
2.360000e+01	1.163600e+04	
2.320000e+01	1.166900e+04	
2.430000e+01	1.191900e+04	
2.380000e+01	1.158500e+04	
2.290000e+01	1.177200e+04	
2.330000e+01	1.185200e+04	
2.320000e+01	1.163200e+04	
2.380000e+01	1.176200e+04	
2.450000e+01	1.161800e+04	
2.380000e+01	1.182500e+04	
2.380000e+01	1.171500e+04	
2.440000e+01	1.169300e+04	
2.390000e+01	1.163600e+04	
2.390000e+01	1.190700e+04	
2.450000e+01	1.168400e+04	
2.380000e+01	1.187300e+04	
2.380000e+01	1.167800e+04	
2.380000e+01	1.190400e+04	
2.380000e+01	1.161400e+04	
2.420000e+01	1.169800e+04	
2.390000e+01	1.171900e+04	
2.330000e+01	1.175100e+04	
2.330000e+01	1.148800e+04	
2.390000e+01	1.193100e+04	
2.290000e+01	1.165600e+04	
2.540000e+01	1.163700e+04	
2.540000e+01	1.185900e+04	
2.330000e+01	1.179600e+04	
2.390000e+01	1.187700e+04	
2.380000e+01	1.194500e+04	
2.330000e+01	1.178700e+04	
2.540000e+01	1.164700e+04	
2.360000e+01	1.173000e+04	
2.380000e+01	1.186200e+04	
2.450000e+01	1.163200e+04	
2.280000e+01	1.150000e+04	
2.540000e+01	1.189900e+04	
2.380000e+01	1.192200e+04	
2.290000e+01	1.163100e+04	
2.330000e+01	1.168100e+04	
2.330000e+01	1.167900e+04	
2.390000e+01	1.168500e+04	
2.420000e+01	1.191400e+04	
2.380000e+01	1.194000e+04	
2.380000e+01	1.172200e+04	
2.390000e+01	1.188500e+04	
2.330000e+01	1.173600e+04	
2.540000e+01	1.186900e+04	
2.360000e+01	1.190700e+04	
2.380000e+01	1.169000e+04	
2.390000e+01	1.154900e+04	
2.450000e+01	1.175400e+04	
2.330000e+01	1.180400e+04	
2.440000e+01	1.183200e+04	
2.290000e+01	1.170300e+04	
2.430000e+01	1.185900e+04	
