# This file contains the data of final population
# of objectives = 2, # of constraints = 0, # of real_var = 0, # of bits of bin_var = 104, constr_violation, rank, crowding_distance
1.350000e+01	9.518000e+03	
1.360000e+01	9.478000e+03	
1.320000e+01	9.646000e+03	
1.370000e+01	9.471000e+03	
1.320000e+01	9.631000e+03	
1.340000e+01	9.549000e+03	
1.450000e+01	9.426000e+03	
1.430000e+01	9.439000e+03	
1.360000e+01	9.484000e+03	
1.420000e+01	9.442000e+03	
1.390000e+01	9.461000e+03	
1.410000e+01	9.445000e+03	
1.320000e+01	9.646000e+03	
1.400000e+01	9.462000e+03	
1.360000e+01	9.502000e+03	
1.320000e+01	9.648000e+03	
1.390000e+01	9.470000e+03	
1.370000e+01	9.477000e+03	
1.360000e+01	9.502000e+03	
1.370000e+01	9.472000e+03	
1.450000e+01	9.447000e+03	
1.340000e+01	9.552000e+03	
1.360000e+01	9.491000e+03	
1.350000e+01	9.539000e+03	
1.360000e+01	9.503000e+03	
1.320000e+01	9.659000e+03	
1.320000e+01	9.660000e+03	
1.450000e+01	9.452000e+03	
1.360000e+01	9.492000e+03	
1.360000e+01	9.492000e+03	
1.340000e+01	9.566000e+03	
1.390000e+01	9.474000e+03	
1.340000e+01	9.552000e+03	
1.370000e+01	9.479000e+03	
1.350000e+01	9.541000e+03	
1.470000e+01	9.447000e+03	
1.410000e+01	9.465000e+03	
1.430000e+01	9.463000e+03	
1.340000e+01	9.575000e+03	
1.320000e+01	9.662000e+03	
1.360000e+01	9.495000e+03	
1.360000e+01	9.495000e+03	
1.340000e+01	9.575000e+03	
1.400000e+01	9.475000e+03	
1.360000e+01	9.495000e+03	
1.370000e+01	9.482000e+03	
1.450000e+01	9.453000e+03	
1.340000e+01	9.554000e+03	
1.350000e+01	9.545000e+03	
1.360000e+01	9.504000e+03	
1.420000e+01	9.466000e+03	
1.410000e+01	9.472000e+03	
1.380000e+01	9.480000e+03	
1.320000e+01	9.663000e+03	
1.450000e+01	9.454000e+03	
1.340000e+01	9.558000e+03	
1.320000e+01	9.663000e+03	
1.320000e+01	9.662000e+03	
1.370000e+01	9.483000e+03	
1.370000e+01	9.485000e+03	
1.360000e+01	9.497000e+03	
1.340000e+01	9.597000e+03	
1.350000e+01	9.546000e+03	
1.360000e+01	9.505000e+03	
1.430000e+01	9.466000e+03	
1.410000e+01	9.474000e+03	
1.450000e+01	9.456000e+03	
1.340000e+01	9.569000e+03	
1.360000e+01	9.500000e+03	
1.320000e+01	9.665000e+03	
1.380000e+01	9.484000e+03	
1.340000e+01	9.634000e+03	
1.320000e+01	9.663000e+03	
1.450000e+01	9.456000e+03	
1.350000e+01	9.550000e+03	
1.350000e+01	9.550000e+03	
1.370000e+01	9.486000e+03	
1.360000e+01	9.508000e+03	
1.430000e+01	9.467000e+03	
1.410000e+01	9.482000e+03	
1.420000e+01	9.476000e+03	
1.320000e+01	9.668000e+03	
1.370000e+01	9.487000e+03	
1.360000e+01	9.501000e+03	
1.340000e+01	9.579000e+03	
1.390000e+01	9.484000e+03	
1.380000e+01	9.486000e+03	
1.340000e+01	9.645000e+03	
1.360000e+01	9.501000e+03	
1.360000e+01	9.501000e+03	
1.450000e+01	9.459000e+03	
1.350000e+01	9.551000e+03	
1.350000e+01	9.551000e+03	
1.360000e+01	9.511000e+03	
1.430000e+01	9.469000e+03	
1.420000e+01	9.477000e+03	
1.450000e+01	9.457000e+03	
1.420000e+01	9.478000e+03	
1.340000e+01	9.672000e+03	
1.370000e+01	9.489000e+03	
1.340000e+01	9.580000e+03	
1.340000e+01	9.672000e+03	
1.400000e+01	9.487000e+03	
1.410000e+01	9.485000e+03	
1.410000e+01	9.485000e+03	
1.360000e+01	9.506000e+03	
1.350000e+01	9.559000e+03	
1.450000e+01	9.460000e+03	
1.360000e+01	9.514000e+03	
1.430000e+01	9.472000e+03	
1.430000e+01	9.472000e+03	
1.320000e+01	9.674000e+03	
1.410000e+01	9.486000e+03	
1.450000e+01	9.461000e+03	
1.390000e+01	9.489000e+03	
1.370000e+01	9.491000e+03	
1.400000e+01	9.488000e+03	
1.360000e+01	9.508000e+03	
1.360000e+01	9.508000e+03	
1.350000e+01	9.564000e+03	
1.350000e+01	9.564000e+03	
1.340000e+01	9.584000e+03	
1.360000e+01	9.515000e+03	
1.340000e+01	9.674000e+03	
1.430000e+01	9.474000e+03	
1.320000e+01	9.677000e+03	
1.420000e+01	9.479000e+03	
1.450000e+01	9.461000e+03	
1.450000e+01	9.462000e+03	
1.450000e+01	9.462000e+03	
1.340000e+01	9.588000e+03	
1.370000e+01	9.492000e+03	
1.370000e+01	9.492000e+03	
1.370000e+01	9.492000e+03	
1.360000e+01	9.509000e+03	
1.360000e+01	9.509000e+03	
1.360000e+01	9.509000e+03	
1.350000e+01	9.566000e+03	
1.410000e+01	9.489000e+03	
1.360000e+01	9.517000e+03	
1.360000e+01	9.517000e+03	
1.430000e+01	9.476000e+03	
1.430000e+01	9.476000e+03	
1.430000e+01	9.476000e+03	
1.320000e+01	9.678000e+03	
1.320000e+01	9.684000e+03	
1.420000e+01	9.480000e+03	
1.370000e+01	9.493000e+03	
1.410000e+01	9.491000e+03	
1.450000e+01	9.467000e+03	
1.450000e+01	9.465000e+03	
1.370000e+01	9.493000e+03	
1.380000e+01	9.492000e+03	
1.360000e+01	9.511000e+03	
1.360000e+01	9.511000e+03	
1.350000e+01	9.571000e+03	
1.340000e+01	9.590000e+03	
1.340000e+01	9.590000e+03	
1.360000e+01	9.518000e+03	
1.430000e+01	9.477000e+03	
1.320000e+01	9.687000e+03	
1.320000e+01	9.681000e+03	
1.320000e+01	9.687000e+03	
1.420000e+01	9.481000e+03	
1.450000e+01	9.468000e+03	
1.390000e+01	9.492000e+03	
1.370000e+01	9.494000e+03	
1.380000e+01	9.493000e+03	
1.380000e+01	9.493000e+03	
1.360000e+01	9.512000e+03	
1.350000e+01	9.572000e+03	
1.340000e+01	9.591000e+03	
1.360000e+01	9.519000e+03	
1.430000e+01	9.478000e+03	
1.430000e+01	9.478000e+03	
1.320000e+01	9.697000e+03	
1.340000e+01	9.682000e+03	
1.320000e+01	9.686000e+03	
1.420000e+01	9.482000e+03	
1.350000e+01	9.574000e+03	
1.340000e+01	9.593000e+03	
1.450000e+01	9.470000e+03	
1.400000e+01	9.493000e+03	
1.400000e+01	9.493000e+03	
1.380000e+01	9.494000e+03	
1.380000e+01	9.494000e+03	
1.370000e+01	9.495000e+03	
1.410000e+01	9.492000e+03	
1.410000e+01	9.492000e+03	
1.410000e+01	9.492000e+03	
1.360000e+01	9.515000e+03	
1.340000e+01	9.593000e+03	
1.360000e+01	9.520000e+03	
1.430000e+01	9.480000e+03	
1.320000e+01	9.696000e+03	
1.340000e+01	9.688000e+03	
1.320000e+01	9.696000e+03	
1.320000e+01	9.700000e+03	
1.420000e+01	9.483000e+03	
1.340000e+01	9.594000e+03	
1.450000e+01	9.471000e+03	
1.450000e+01	9.471000e+03	
1.370000e+01	9.496000e+03	
1.380000e+01	9.495000e+03	
1.380000e+01	9.495000e+03	
1.370000e+01	9.496000e+03	
1.370000e+01	9.496000e+03	
1.360000e+01	9.518000e+03	
1.450000e+01	9.471000e+03	
1.360000e+01	9.521000e+03	
1.360000e+01	9.521000e+03	
1.350000e+01	9.575000e+03	
1.430000e+01	9.481000e+03	
1.320000e+01	9.701000e+03	
1.320000e+01	9.698000e+03	
1.340000e+01	9.690000e+03	
1.320000e+01	9.701000e+03	
1.420000e+01	9.485000e+03	
1.430000e+01	9.482000e+03	
1.470000e+01	9.471000e+03	
1.450000e+01	9.472000e+03	
1.410000e+01	9.495000e+03	
1.410000e+01	9.495000e+03	
1.390000e+01	9.496000e+03	
1.410000e+01	9.495000e+03	
1.370000e+01	9.498000e+03	
1.360000e+01	9.519000e+03	
1.360000e+01	9.519000e+03	
1.360000e+01	9.522000e+03	
1.350000e+01	9.576000e+03	
1.430000e+01	9.482000e+03	
1.430000e+01	9.482000e+03	
1.320000e+01	9.699000e+03	
1.340000e+01	9.692000e+03	
1.320000e+01	9.713000e+03	
1.320000e+01	9.713000e+03	
1.340000e+01	9.597000e+03	
1.420000e+01	9.486000e+03	
1.420000e+01	9.486000e+03	
1.340000e+01	9.600000e+03	
1.450000e+01	9.473000e+03	
1.350000e+01	9.579000e+03	
1.400000e+01	9.497000e+03	
1.360000e+01	9.523000e+03	
1.370000e+01	9.500000e+03	
1.380000e+01	9.498000e+03	
1.450000e+01	9.474000e+03	
1.430000e+01	9.483000e+03	
1.430000e+01	9.483000e+03	
1.430000e+01	9.483000e+03	
1.340000e+01	9.695000e+03	
1.320000e+01	9.701000e+03	
1.320000e+01	9.715000e+03	
1.420000e+01	9.487000e+03	
1.420000e+01	9.487000e+03	
1.450000e+01	9.477000e+03	
