# This file contains the data of final population
# of objectives = 2, # of constraints = 0, # of real_var = 0, # of bits of bin_var = 130, constr_violation, rank, crowding_distance
4.160000e+01	5.381000e+03	
3.960000e+01	5.561000e+03	
3.600000e+01	6.007000e+03	
3.730000e+01	5.689000e+03	
4.060000e+01	5.626000e+03	
3.880000e+01	5.724000e+03	
4.160000e+01	5.592000e+03	
4.520001e+01	5.412000e+03	
3.960000e+01	5.641000e+03	
4.290001e+01	5.504000e+03	
3.730000e+01	6.242000e+03	
4.340001e+01	5.474000e+03	
3.780000e+01	5.747000e+03	
3.680000e+01	6.529000e+03	
3.880000e+01	5.755000e+03	
3.680000e+01	6.778000e+03	
3.780000e+01	5.776000e+03	
4.570001e+01	5.454000e+03	
3.960000e+01	5.642000e+03	
4.290001e+01	5.548000e+03	
4.240001e+01	5.605000e+03	
3.730000e+01	6.350000e+03	
4.340001e+01	5.518000e+03	
4.060000e+01	5.630000e+03	
3.780000e+01	5.836000e+03	
3.730000e+01	6.696000e+03	
4.240001e+01	5.616000e+03	
3.680000e+01	6.994000e+03	
4.290001e+01	5.559000e+03	
3.960000e+01	5.687000e+03	
4.010000e+01	5.664000e+03	
4.570001e+01	5.516000e+03	
4.060000e+01	5.631000e+03	
3.880000e+01	5.759000e+03	
4.240001e+01	5.645000e+03	
3.730000e+01	7.190000e+03	
4.440001e+01	5.582000e+03	
4.290001e+01	5.597000e+03	
4.290001e+01	5.597000e+03	
3.960000e+01	5.701000e+03	
4.010000e+01	5.692000e+03	
4.060000e+01	5.657000e+03	
4.570001e+01	5.530000e+03	
3.780000e+01	5.934000e+03	
3.780000e+01	6.047000e+03	
3.880000e+01	5.781000e+03	
4.570001e+01	5.543000e+03	
3.730000e+01	7.403000e+03	
4.340001e+01	5.615000e+03	
4.290001e+01	5.627000e+03	
4.440001e+01	5.606000e+03	
4.520001e+01	5.601000e+03	
4.010000e+01	5.701000e+03	
3.960000e+01	5.724000e+03	
4.060000e+01	5.663000e+03	
3.780000e+01	6.066000e+03	
3.880000e+01	5.787000e+03	
4.570001e+01	5.564000e+03	
4.010000e+01	5.739000e+03	
4.340001e+01	5.618000e+03	
4.290001e+01	5.664000e+03	
3.960000e+01	5.780000e+03	
4.060000e+01	5.704000e+03	
4.160000e+01	5.681000e+03	
4.240001e+01	5.678000e+03	
3.780000e+01	6.090000e+03	
3.880000e+01	5.828000e+03	
4.570001e+01	5.580000e+03	
4.340001e+01	5.627000e+03	
4.060000e+01	5.723000e+03	
3.960000e+01	5.808000e+03	
4.240001e+01	5.696000e+03	
3.780000e+01	6.187000e+03	
3.880000e+01	5.832000e+03	
4.520001e+01	5.639000e+03	
4.340001e+01	5.659000e+03	
4.440001e+01	5.649000e+03	
4.160000e+01	5.755000e+03	
4.010000e+01	5.832000e+03	
4.060000e+01	5.756000e+03	
4.240001e+01	5.717000e+03	
3.780000e+01	6.207000e+03	
3.880000e+01	5.841000e+03	
4.570001e+01	5.639000e+03	
4.340001e+01	5.666000e+03	
4.520001e+01	5.642000e+03	
4.060000e+01	5.778000e+03	
4.160000e+01	5.773000e+03	
4.290001e+01	5.722000e+03	
4.240001e+01	5.744000e+03	
3.780000e+01	6.315000e+03	
3.880000e+01	5.862000e+03	
3.960000e+01	5.853000e+03	
4.440001e+01	5.653000e+03	
4.440001e+01	5.655000e+03	
4.060000e+01	5.783000e+03	
4.340001e+01	5.681000e+03	
4.520001e+01	5.645000e+03	
4.160000e+01	5.782000e+03	
4.240001e+01	5.749000e+03	
4.290001e+01	5.748000e+03	
3.780000e+01	6.557000e+03	
4.010000e+01	5.861000e+03	
3.880000e+01	5.869000e+03	
4.440001e+01	5.671000e+03	
4.520001e+01	5.646000e+03	
4.340001e+01	5.700000e+03	
4.290001e+01	5.765000e+03	
4.240001e+01	5.773000e+03	
3.780000e+01	6.997000e+03	
3.780000e+01	6.850000e+03	
4.010000e+01	5.878000e+03	
3.880000e+01	5.879000e+03	
4.060000e+01	5.792000e+03	
4.440001e+01	5.676000e+03	
4.290001e+01	5.769000e+03	
4.520001e+01	5.654000e+03	
4.340001e+01	5.732000e+03	
4.240001e+01	5.777000e+03	
3.780000e+01	6.998000e+03	
3.880000e+01	5.982000e+03	
3.960000e+01	5.883000e+03	
4.570001e+01	5.646000e+03	
4.060000e+01	5.801000e+03	
4.440001e+01	5.681000e+03	
4.570001e+01	5.652000e+03	
4.340001e+01	5.745000e+03	
4.520001e+01	5.663000e+03	
3.780000e+01	7.222000e+03	
4.290001e+01	5.771000e+03	
3.880000e+01	5.988000e+03	
3.960000e+01	5.889000e+03	
4.010000e+01	5.886000e+03	
4.160000e+01	5.801000e+03	
4.160000e+01	5.801000e+03	
4.060000e+01	5.824000e+03	
4.010000e+01	5.887000e+03	
4.440001e+01	5.708000e+03	
4.570001e+01	5.653000e+03	
4.340001e+01	5.764000e+03	
4.520001e+01	5.671000e+03	
3.780000e+01	7.546000e+03	
4.290001e+01	5.776000e+03	
3.960000e+01	5.906000e+03	
3.880000e+01	6.031000e+03	
4.160000e+01	5.817000e+03	
4.240001e+01	5.801000e+03	
4.060000e+01	5.831000e+03	
4.570001e+01	5.665000e+03	
4.440001e+01	5.714000e+03	
4.340001e+01	5.766000e+03	
4.520001e+01	5.675000e+03	
4.290001e+01	5.783000e+03	
3.880000e+01	6.039000e+03	
3.960000e+01	5.921000e+03	
4.240001e+01	5.807000e+03	
4.160000e+01	5.822000e+03	
4.060000e+01	5.833000e+03	
4.010000e+01	5.902000e+03	
4.440001e+01	5.736000e+03	
4.340001e+01	5.771000e+03	
4.520001e+01	5.709000e+03	
4.570001e+01	5.675000e+03	
4.290001e+01	5.791000e+03	
3.880000e+01	6.093000e+03	
3.960000e+01	5.957000e+03	
4.160000e+01	5.832000e+03	
4.240001e+01	5.813000e+03	
4.060000e+01	5.843000e+03	
4.010000e+01	5.903000e+03	
3.880000e+01	6.128000e+03	
4.440001e+01	5.745000e+03	
4.290001e+01	5.804000e+03	
4.570001e+01	5.680000e+03	
4.340001e+01	5.776000e+03	
4.520001e+01	5.715000e+03	
3.960000e+01	5.983000e+03	
4.240001e+01	5.817000e+03	
4.160000e+01	5.837000e+03	
4.060000e+01	5.849000e+03	
4.010000e+01	5.916000e+03	
4.440001e+01	5.749000e+03	
4.340001e+01	5.779000e+03	
4.520001e+01	5.716000e+03	
4.570001e+01	5.684000e+03	
3.960000e+01	5.989000e+03	
4.240001e+01	5.822000e+03	
4.160000e+01	5.845000e+03	
4.060000e+01	5.859000e+03	
4.290001e+01	5.805000e+03	
4.290001e+01	5.805000e+03	
4.010000e+01	5.925000e+03	
3.880000e+01	6.232000e+03	
4.440001e+01	5.750000e+03	
4.340001e+01	5.800000e+03	
4.520001e+01	5.721000e+03	
4.570001e+01	5.688000e+03	
3.960000e+01	6.018000e+03	
4.160000e+01	5.863000e+03	
4.060001e+01	5.865000e+03	
4.060000e+01	5.884000e+03	
4.240001e+01	5.825000e+03	
4.290001e+01	5.818000e+03	
4.290001e+01	5.818000e+03	
4.010000e+01	5.935000e+03	
3.880000e+01	6.239000e+03	
4.440001e+01	5.757000e+03	
4.520001e+01	5.722000e+03	
4.570001e+01	5.699000e+03	
3.960000e+01	6.021000e+03	
4.240001e+01	5.827000e+03	
4.160000e+01	5.868000e+03	
4.060000e+01	5.903000e+03	
4.290001e+01	5.822000e+03	
4.010000e+01	5.937000e+03	
3.880000e+01	6.277000e+03	
4.440001e+01	5.761000e+03	
4.520001e+01	5.723000e+03	
4.520001e+01	5.723000e+03	
4.570001e+01	5.709000e+03	
3.960000e+01	6.034000e+03	
4.160000e+01	5.871000e+03	
4.060000e+01	5.926000e+03	
4.240001e+01	5.828000e+03	
4.010001e+01	5.949000e+03	
4.010000e+01	5.956000e+03	
3.880000e+01	6.339000e+03	
4.440001e+01	5.770000e+03	
3.960000e+01	6.078000e+03	
4.570001e+01	5.710000e+03	
4.520001e+01	5.727000e+03	
4.570001e+01	5.710000e+03	
4.160000e+01	5.884000e+03	
4.060000e+01	5.933000e+03	
4.240001e+01	5.833000e+03	
4.290001e+01	5.830000e+03	
4.010000e+01	5.958000e+03	
3.880000e+01	6.523000e+03	
4.440001e+01	5.775000e+03	
3.960000e+01	6.092000e+03	
4.520001e+01	5.733000e+03	
4.570001e+01	5.711000e+03	
4.160000e+01	5.890000e+03	
4.060000e+01	5.935000e+03	
4.240001e+01	5.836000e+03	
4.290001e+01	5.835000e+03	
4.340001e+01	5.830000e+03	
4.010000e+01	5.961000e+03	
3.880000e+01	6.839000e+03	
4.570001e+01	5.714000e+03	
3.880000e+01	6.871000e+03	
3.960000e+01	6.167000e+03	
4.340001e+01	5.839000e+03	
4.160000e+01	5.891000e+03	
4.440001e+01	5.782000e+03	
4.010000e+01	5.966000e+03	
