# This file contains the data of initial population
# of objectives = 2, # of constraints = 0, # of real_var = 8, # of bits of bin_var = 0, constr_violation, rank, crowding_distance
1.660000e+01	6.532000e+03	
1.660000e+01	6.566000e+03	
1.660000e+01	6.550000e+03	
1.690000e+01	6.520000e+03	
1.660000e+01	6.517000e+03	
1.660000e+01	6.557000e+03	
1.660000e+01	6.591000e+03	
1.660000e+01	6.554000e+03	
1.660000e+01	6.547000e+03	
1.660000e+01	6.580000e+03	
1.660000e+01	6.560000e+03	
1.690000e+01	6.543000e+03	
1.660000e+01	6.547000e+03	
1.690000e+01	6.497000e+03	
1.660000e+01	6.568000e+03	
1.660000e+01	6.511000e+03	
1.660000e+01	6.527000e+03	
1.690000e+01	6.527000e+03	
1.660000e+01	6.520000e+03	
1.660000e+01	6.529000e+03	
1.660000e+01	6.541000e+03	
1.660000e+01	6.511000e+03	
1.660000e+01	6.450000e+03	
1.660000e+01	6.561000e+03	
1.660000e+01	6.490000e+03	
1.690000e+01	6.498000e+03	
1.660000e+01	6.556000e+03	
1.660000e+01	6.563000e+03	
1.660000e+01	6.593000e+03	
1.690000e+01	6.551000e+03	
1.690000e+01	6.541000e+03	
1.660000e+01	6.487000e+03	
1.690000e+01	6.531000e+03	
1.690000e+01	6.479000e+03	
1.660000e+01	6.587000e+03	
1.660000e+01	6.583000e+03	
1.690000e+01	6.530000e+03	
1.660000e+01	6.552000e+03	
1.660000e+01	6.591000e+03	
1.690000e+01	6.551000e+03	
1.660000e+01	6.592000e+03	
1.660000e+01	6.559000e+03	
1.690000e+01	6.542000e+03	
1.660000e+01	6.491000e+03	
1.660000e+01	6.554000e+03	
1.660000e+01	6.588000e+03	
1.660000e+01	6.549000e+03	
1.660000e+01	6.400000e+03	
1.690000e+01	6.498000e+03	
1.660000e+01	6.575000e+03	
1.690000e+01	6.507000e+03	
1.660000e+01	6.579000e+03	
1.690000e+01	6.479000e+03	
1.660000e+01	6.565000e+03	
1.690000e+01	6.544000e+03	
1.660000e+01	6.531000e+03	
1.660000e+01	6.491000e+03	
1.660000e+01	6.550000e+03	
1.660000e+01	6.557000e+03	
1.660000e+01	6.595000e+03	
1.660000e+01	6.514000e+03	
1.660000e+01	6.528000e+03	
1.690000e+01	6.579000e+03	
1.690000e+01	6.537000e+03	
1.690000e+01	6.593000e+03	
1.660000e+01	6.557000e+03	
1.660000e+01	6.416000e+03	
1.690000e+01	6.542000e+03	
1.660000e+01	6.476000e+03	
1.660000e+01	6.576000e+03	
1.660000e+01	6.588000e+03	
1.660000e+01	6.583000e+03	
1.660000e+01	6.503000e+03	
1.660000e+01	6.588000e+03	
1.690000e+01	6.570000e+03	
1.690000e+01	6.396000e+03	
1.660000e+01	6.596000e+03	
1.660000e+01	6.547000e+03	
1.660000e+01	6.544000e+03	
1.690000e+01	6.554000e+03	
1.690000e+01	6.515000e+03	
1.690000e+01	6.508000e+03	
1.690000e+01	6.569000e+03	
1.690000e+01	6.554000e+03	
1.660000e+01	6.554000e+03	
1.660000e+01	6.506000e+03	
1.660000e+01	6.601000e+03	
1.690000e+01	6.530000e+03	
1.690000e+01	6.525000e+03	
1.660000e+01	6.466000e+03	
1.660000e+01	6.577000e+03	
1.660000e+01	6.565000e+03	
1.690000e+01	6.548000e+03	
1.660000e+01	6.524000e+03	
1.660000e+01	6.561000e+03	
1.690000e+01	6.533000e+03	
1.660000e+01	6.513000e+03	
1.690000e+01	6.535000e+03	
1.660000e+01	6.555000e+03	
1.660000e+01	6.585000e+03	
1.660000e+01	6.546000e+03	
1.690000e+01	6.499000e+03	
1.690000e+01	6.578000e+03	
1.690000e+01	6.503000e+03	
1.660000e+01	6.537000e+03	
1.660000e+01	6.606000e+03	
1.660000e+01	6.524000e+03	
1.660000e+01	6.570000e+03	
1.660000e+01	6.564000e+03	
1.660000e+01	6.559000e+03	
1.690000e+01	6.540000e+03	
1.690000e+01	6.513000e+03	
1.690000e+01	6.531000e+03	
1.690000e+01	6.538000e+03	
1.690000e+01	6.505000e+03	
1.660000e+01	6.543000e+03	
1.660000e+01	6.544000e+03	
1.660000e+01	6.499000e+03	
1.690000e+01	6.559000e+03	
1.690000e+01	6.549000e+03	
1.690000e+01	6.553000e+03	
1.660000e+01	6.452000e+03	
1.660000e+01	6.563000e+03	
1.690000e+01	6.536000e+03	
1.660000e+01	6.576000e+03	
1.660000e+01	6.573000e+03	
1.690000e+01	6.558000e+03	
1.660000e+01	6.538000e+03	
1.690000e+01	6.501000e+03	
1.660000e+01	6.572000e+03	
1.690000e+01	6.571000e+03	
1.660000e+01	6.537000e+03	
1.660000e+01	6.562000e+03	
1.660000e+01	6.570000e+03	
1.660000e+01	6.553000e+03	
1.660000e+01	6.572000e+03	
1.660000e+01	6.552000e+03	
1.660000e+01	6.479000e+03	
1.660000e+01	6.600000e+03	
1.660000e+01	6.558000e+03	
1.660000e+01	6.535000e+03	
1.690000e+01	6.568000e+03	
1.660000e+01	6.547000e+03	
1.690000e+01	6.512000e+03	
1.660000e+01	6.534000e+03	
1.660000e+01	6.574000e+03	
1.660000e+01	6.542000e+03	
1.660000e+01	6.588000e+03	
1.660000e+01	6.514000e+03	
1.660000e+01	6.584000e+03	
1.660000e+01	6.536000e+03	
1.660000e+01	6.606000e+03	
1.660000e+01	6.517000e+03	
1.690000e+01	6.578000e+03	
1.690000e+01	6.507000e+03	
1.690000e+01	6.541000e+03	
1.690000e+01	6.534000e+03	
1.660000e+01	6.517000e+03	
1.690000e+01	6.565000e+03	
1.690000e+01	6.553000e+03	
1.660000e+01	6.562000e+03	
1.660000e+01	6.526000e+03	
1.690000e+01	6.475000e+03	
1.660000e+01	6.554000e+03	
1.660000e+01	6.608000e+03	
1.660000e+01	6.606000e+03	
1.660000e+01	6.559000e+03	
1.660000e+01	6.538000e+03	
1.660000e+01	6.549000e+03	
1.660000e+01	6.530000e+03	
1.660000e+01	6.531000e+03	
1.660000e+01	6.587000e+03	
1.660000e+01	6.574000e+03	
1.660000e+01	6.570000e+03	
1.660000e+01	6.561000e+03	
1.690000e+01	6.512000e+03	
1.690000e+01	6.530000e+03	
1.690000e+01	6.486000e+03	
1.690000e+01	6.560000e+03	
1.660000e+01	6.580000e+03	
1.690000e+01	6.593000e+03	
1.660000e+01	6.544000e+03	
1.690000e+01	6.527000e+03	
1.660000e+01	6.557000e+03	
1.690000e+01	6.550000e+03	
1.660000e+01	6.543000e+03	
1.660000e+01	6.555000e+03	
1.660000e+01	6.533000e+03	
1.690000e+01	6.582000e+03	
1.660000e+01	6.521000e+03	
1.690000e+01	6.555000e+03	
1.660000e+01	6.563000e+03	
1.660000e+01	6.545000e+03	
1.660000e+01	6.580000e+03	
1.660000e+01	6.575000e+03	
1.660000e+01	6.567000e+03	
1.690000e+01	6.569000e+03	
1.660000e+01	6.539000e+03	
1.690000e+01	6.521000e+03	
1.690000e+01	6.515000e+03	
1.690000e+01	6.531000e+03	
1.660000e+01	6.570000e+03	
1.660000e+01	6.575000e+03	
1.660000e+01	6.535000e+03	
1.660000e+01	6.492000e+03	
1.690000e+01	6.543000e+03	
1.660000e+01	6.561000e+03	
1.690000e+01	6.490000e+03	
1.690000e+01	6.533000e+03	
1.690000e+01	6.550000e+03	
1.690000e+01	6.535000e+03	
1.660000e+01	6.569000e+03	
1.690000e+01	6.459000e+03	
1.690000e+01	6.517000e+03	
1.690000e+01	6.544000e+03	
1.660000e+01	6.529000e+03	
1.660000e+01	6.489000e+03	
1.660000e+01	6.547000e+03	
1.690000e+01	6.542000e+03	
1.660000e+01	6.517000e+03	
1.660000e+01	6.517000e+03	
1.690000e+01	6.530000e+03	
1.690000e+01	6.516000e+03	
1.690000e+01	6.506000e+03	
1.660000e+01	6.578000e+03	
1.690000e+01	6.558000e+03	
1.690000e+01	6.563000e+03	
1.660000e+01	6.601000e+03	
1.660000e+01	6.559000e+03	
1.660000e+01	6.441000e+03	
1.690000e+01	6.543000e+03	
1.690000e+01	6.549000e+03	
1.690000e+01	6.519000e+03	
1.690000e+01	6.541000e+03	
1.660000e+01	6.586000e+03	
1.690000e+01	6.544000e+03	
1.660000e+01	6.546000e+03	
1.660000e+01	6.561000e+03	
1.660000e+01	6.582000e+03	
1.660000e+01	6.508000e+03	
1.660000e+01	6.502000e+03	
1.690000e+01	6.573000e+03	
1.660000e+01	6.481000e+03	
1.690000e+01	6.492000e+03	
1.660000e+01	6.565000e+03	
1.660000e+01	6.551000e+03	
1.660000e+01	6.564000e+03	
1.660000e+01	6.529000e+03	
1.660000e+01	6.583000e+03	
1.690000e+01	6.467000e+03	
1.690000e+01	6.500000e+03	
1.660000e+01	6.569000e+03	
1.660000e+01	6.561000e+03	
1.660000e+01	6.537000e+03	
1.660000e+01	6.548000e+03	
1.660000e+01	6.479000e+03	
