# This file contains the data of initial population
# of objectives = 2, # of constraints = 0, # of real_var = 0, # of bits of bin_var = 8, constr_violation, rank, crowding_distance
4.600000e+01	1.930000e+02	
4.600000e+01	1.890000e+02	
4.500000e+01	1.860000e+02	
3.700000e+01	1.400000e+02	
4.600000e+01	1.920000e+02	
4.800000e+01	2.030000e+02	
4.800000e+01	2.030000e+02	
3.700000e+01	1.390000e+02	
3.700000e+01	1.400000e+02	
3.600000e+01	1.310000e+02	
4.800000e+01	2.030000e+02	
3.600000e+01	1.310000e+02	
4.800000e+01	2.030000e+02	
3.600000e+01	1.310000e+02	
4.800000e+01	2.020000e+02	
4.400000e+01	1.830000e+02	
4.600000e+01	1.910000e+02	
4.800000e+01	2.000000e+02	
4.600000e+01	1.890000e+02	
4.800000e+01	2.040000e+02	
3.700000e+01	1.390000e+02	
4.600000e+01	1.930000e+02	
4.600000e+01	1.910000e+02	
4.800000e+01	2.000000e+02	
4.600000e+01	1.930000e+02	
4.800000e+01	2.040000e+02	
4.800000e+01	2.040000e+02	
4.800000e+01	2.030000e+02	
4.800000e+01	2.020000e+02	
4.600000e+01	1.910000e+02	
4.600000e+01	1.910000e+02	
4.600000e+01	1.890000e+02	
3.700000e+01	1.400000e+02	
4.400000e+01	1.830000e+02	
4.600000e+01	1.910000e+02	
4.600000e+01	1.910000e+02	
4.400000e+01	1.830000e+02	
4.400000e+01	1.830000e+02	
4.600000e+01	1.890000e+02	
4.600000e+01	1.910000e+02	
4.800000e+01	2.030000e+02	
3.700000e+01	1.390000e+02	
4.800000e+01	2.040000e+02	
4.800000e+01	2.020000e+02	
4.800000e+01	2.040000e+02	
3.600000e+01	1.290000e+02	
3.700000e+01	1.400000e+02	
4.800000e+01	2.040000e+02	
4.800000e+01	2.040000e+02	
4.600000e+01	1.920000e+02	
3.700000e+01	1.400000e+02	
4.600000e+01	1.920000e+02	
4.600000e+01	1.890000e+02	
4.400000e+01	1.830000e+02	
4.600000e+01	1.890000e+02	
4.600000e+01	1.930000e+02	
4.600000e+01	1.890000e+02	
4.800000e+01	2.000000e+02	
3.700000e+01	1.400000e+02	
4.600000e+01	1.910000e+02	
4.600000e+01	1.890000e+02	
3.600000e+01	1.310000e+02	
4.800000e+01	2.000000e+02	
3.600000e+01	1.310000e+02	
4.600000e+01	1.910000e+02	
4.800000e+01	2.000000e+02	
4.600000e+01	1.890000e+02	
4.600000e+01	1.890000e+02	
4.600000e+01	1.930000e+02	
4.800000e+01	2.030000e+02	
4.600000e+01	1.920000e+02	
4.600000e+01	1.890000e+02	
4.600000e+01	1.890000e+02	
4.600000e+01	1.890000e+02	
4.500000e+01	1.860000e+02	
4.400000e+01	1.830000e+02	
4.600000e+01	1.930000e+02	
3.600000e+01	1.290000e+02	
3.600000e+01	1.290000e+02	
4.600000e+01	1.890000e+02	
3.700000e+01	1.390000e+02	
4.800000e+01	2.030000e+02	
3.700000e+01	1.390000e+02	
4.800000e+01	2.030000e+02	
4.500000e+01	1.860000e+02	
4.600000e+01	1.930000e+02	
4.600000e+01	1.910000e+02	
4.600000e+01	1.930000e+02	
4.600000e+01	1.890000e+02	
4.600000e+01	1.890000e+02	
4.800000e+01	2.000000e+02	
3.700000e+01	1.400000e+02	
4.600000e+01	1.910000e+02	
4.600000e+01	1.910000e+02	
4.600000e+01	1.920000e+02	
4.800000e+01	2.040000e+02	
4.600000e+01	1.890000e+02	
4.600000e+01	1.930000e+02	
4.600000e+01	1.920000e+02	
4.800000e+01	2.000000e+02	
4.500000e+01	1.860000e+02	
3.600000e+01	1.310000e+02	
4.500000e+01	1.860000e+02	
4.600000e+01	1.890000e+02	
4.600000e+01	1.910000e+02	
4.800000e+01	2.040000e+02	
3.600000e+01	1.290000e+02	
3.700000e+01	1.390000e+02	
4.600000e+01	1.890000e+02	
3.700000e+01	1.390000e+02	
3.600000e+01	1.310000e+02	
4.600000e+01	1.930000e+02	
3.700000e+01	1.400000e+02	
4.600000e+01	1.910000e+02	
3.600000e+01	1.290000e+02	
3.700000e+01	1.390000e+02	
4.800000e+01	2.000000e+02	
4.500000e+01	1.860000e+02	
4.600000e+01	1.890000e+02	
3.600000e+01	1.290000e+02	
4.800000e+01	2.030000e+02	
3.600000e+01	1.290000e+02	
4.600000e+01	1.890000e+02	
4.600000e+01	1.890000e+02	
4.600000e+01	1.890000e+02	
4.800000e+01	2.040000e+02	
4.800000e+01	2.040000e+02	
4.600000e+01	1.910000e+02	
4.600000e+01	1.920000e+02	
3.600000e+01	1.310000e+02	
4.600000e+01	1.890000e+02	
4.600000e+01	1.890000e+02	
4.600000e+01	1.920000e+02	
4.500000e+01	1.860000e+02	
3.700000e+01	1.390000e+02	
4.600000e+01	1.910000e+02	
4.800000e+01	2.030000e+02	
4.600000e+01	1.910000e+02	
3.600000e+01	1.290000e+02	
4.600000e+01	1.890000e+02	
4.600000e+01	1.930000e+02	
4.600000e+01	1.930000e+02	
4.500000e+01	1.860000e+02	
4.600000e+01	1.920000e+02	
4.600000e+01	1.890000e+02	
4.600000e+01	1.930000e+02	
4.800000e+01	2.040000e+02	
4.600000e+01	1.920000e+02	
4.600000e+01	1.890000e+02	
4.400000e+01	1.830000e+02	
4.800000e+01	2.040000e+02	
3.700000e+01	1.400000e+02	
4.800000e+01	2.040000e+02	
4.600000e+01	1.920000e+02	
3.600000e+01	1.310000e+02	
4.600000e+01	1.930000e+02	
4.600000e+01	1.910000e+02	
4.600000e+01	1.890000e+02	
4.800000e+01	2.040000e+02	
4.800000e+01	2.020000e+02	
4.800000e+01	2.020000e+02	
4.500000e+01	1.860000e+02	
4.600000e+01	1.930000e+02	
4.800000e+01	2.040000e+02	
4.600000e+01	1.890000e+02	
4.600000e+01	1.930000e+02	
4.600000e+01	1.890000e+02	
3.600000e+01	1.310000e+02	
3.700000e+01	1.400000e+02	
4.800000e+01	2.020000e+02	
4.600000e+01	1.910000e+02	
4.600000e+01	1.910000e+02	
4.600000e+01	1.930000e+02	
4.800000e+01	2.020000e+02	
4.600000e+01	1.890000e+02	
4.600000e+01	1.930000e+02	
4.600000e+01	1.890000e+02	
3.600000e+01	1.310000e+02	
3.700000e+01	1.390000e+02	
3.600000e+01	1.310000e+02	
3.600000e+01	1.290000e+02	
4.600000e+01	1.910000e+02	
3.700000e+01	1.390000e+02	
3.700000e+01	1.390000e+02	
4.800000e+01	2.030000e+02	
4.600000e+01	1.890000e+02	
4.600000e+01	1.890000e+02	
4.500000e+01	1.860000e+02	
4.600000e+01	1.890000e+02	
4.800000e+01	2.030000e+02	
4.600000e+01	1.910000e+02	
4.800000e+01	2.000000e+02	
4.600000e+01	1.930000e+02	
3.700000e+01	1.400000e+02	
4.600000e+01	1.910000e+02	
4.600000e+01	1.930000e+02	
3.600000e+01	1.310000e+02	
4.600000e+01	1.890000e+02	
4.800000e+01	2.030000e+02	
4.600000e+01	1.910000e+02	
3.700000e+01	1.400000e+02	
4.600000e+01	1.910000e+02	
4.600000e+01	1.930000e+02	
4.800000e+01	2.040000e+02	
3.600000e+01	1.310000e+02	
4.800000e+01	2.040000e+02	
4.600000e+01	1.890000e+02	
3.600000e+01	1.290000e+02	
4.800000e+01	2.030000e+02	
4.500000e+01	1.860000e+02	
3.700000e+01	1.390000e+02	
4.800000e+01	2.020000e+02	
4.600000e+01	1.910000e+02	
3.600000e+01	1.290000e+02	
3.600000e+01	1.310000e+02	
3.700000e+01	1.400000e+02	
4.800000e+01	2.020000e+02	
3.700000e+01	1.400000e+02	
4.600000e+01	1.930000e+02	
3.600000e+01	1.310000e+02	
4.800000e+01	2.040000e+02	
3.700000e+01	1.390000e+02	
4.500000e+01	1.860000e+02	
4.800000e+01	2.040000e+02	
4.600000e+01	1.910000e+02	
4.600000e+01	1.910000e+02	
4.500000e+01	1.860000e+02	
4.600000e+01	1.920000e+02	
4.600000e+01	1.910000e+02	
4.500000e+01	1.860000e+02	
4.600000e+01	1.930000e+02	
4.600000e+01	1.910000e+02	
4.800000e+01	2.000000e+02	
4.600000e+01	1.890000e+02	
3.700000e+01	1.390000e+02	
4.600000e+01	1.910000e+02	
4.500000e+01	1.860000e+02	
3.600000e+01	1.310000e+02	
4.600000e+01	1.930000e+02	
3.700000e+01	1.390000e+02	
4.600000e+01	1.890000e+02	
4.600000e+01	1.910000e+02	
4.600000e+01	1.910000e+02	
3.700000e+01	1.400000e+02	
3.700000e+01	1.390000e+02	
4.600000e+01	1.930000e+02	
4.600000e+01	1.910000e+02	
3.700000e+01	1.390000e+02	
4.600000e+01	1.910000e+02	
4.600000e+01	1.920000e+02	
4.600000e+01	1.930000e+02	
4.600000e+01	1.920000e+02	
4.800000e+01	2.040000e+02	
3.700000e+01	1.400000e+02	
3.700000e+01	1.390000e+02	
4.800000e+01	2.030000e+02	
