# This file contains the data of initial population
# of objectives = 2, # of constraints = 0, # of real_var = 0, # of bits of bin_var = 14, constr_violation, rank, crowding_distance
1.770000e+01	1.495100e+04	
1.810000e+01	1.305300e+04	
1.770000e+01	1.274600e+04	
1.780000e+01	1.457300e+04	
1.780000e+01	1.433800e+04	
1.780000e+01	1.364900e+04	
1.770000e+01	1.364100e+04	
1.780000e+01	1.453700e+04	
1.780000e+01	1.411600e+04	
1.790000e+01	1.378400e+04	
1.890000e+01	1.403200e+04	
1.730000e+01	1.332000e+04	
1.790000e+01	1.307700e+04	
1.780000e+01	1.307500e+04	
1.770000e+01	1.308700e+04	
1.790000e+01	1.307700e+04	
1.770000e+01	1.384100e+04	
1.780000e+01	1.366900e+04	
1.740000e+01	1.312300e+04	
1.780000e+01	1.330100e+04	
1.770000e+01	1.368600e+04	
1.780000e+01	1.330500e+04	
1.750000e+01	1.320300e+04	
1.780000e+01	1.419400e+04	
1.780000e+01	1.344300e+04	
1.890000e+01	1.377200e+04	
1.770000e+01	1.541300e+04	
1.780000e+01	1.471900e+04	
1.800000e+01	1.268200e+04	
1.780000e+01	1.420500e+04	
1.770000e+01	1.388000e+04	
1.720000e+01	1.453200e+04	
1.770000e+01	1.388000e+04	
1.740000e+01	1.489600e+04	
1.830000e+01	1.535800e+04	
1.780000e+01	1.296700e+04	
1.740000e+01	1.347200e+04	
1.830000e+01	1.520500e+04	
1.740000e+01	1.530000e+04	
1.770000e+01	1.341200e+04	
1.770000e+01	1.346300e+04	
1.780000e+01	1.364000e+04	
1.780000e+01	1.374000e+04	
1.890000e+01	1.416000e+04	
1.830000e+01	1.398800e+04	
1.740000e+01	1.489600e+04	
1.780000e+01	1.307500e+04	
1.730000e+01	1.352800e+04	
1.750000e+01	1.369600e+04	
1.670000e+01	1.244900e+04	
1.780000e+01	1.315100e+04	
1.770000e+01	1.370900e+04	
1.770000e+01	1.347200e+04	
1.740000e+01	1.489600e+04	
1.780000e+01	1.499300e+04	
1.780000e+01	1.562100e+04	
1.750000e+01	1.493800e+04	
1.740000e+01	1.370900e+04	
1.850000e+01	1.259600e+04	
1.740000e+01	1.513600e+04	
1.780000e+01	1.409200e+04	
1.770000e+01	1.274600e+04	
1.780000e+01	1.600300e+04	
1.770000e+01	1.334500e+04	
1.770000e+01	1.337100e+04	
1.770000e+01	1.495100e+04	
1.810000e+01	1.451300e+04	
1.790000e+01	1.379500e+04	
1.890000e+01	1.416000e+04	
1.790000e+01	1.509800e+04	
1.740000e+01	1.370900e+04	
1.780000e+01	1.514600e+04	
1.800000e+01	1.525500e+04	
1.770000e+01	1.345400e+04	
1.780000e+01	1.499300e+04	
1.770000e+01	1.495100e+04	
1.740000e+01	1.471300e+04	
1.780000e+01	1.433200e+04	
1.770000e+01	1.341200e+04	
1.780000e+01	1.409200e+04	
1.780000e+01	1.433200e+04	
1.780000e+01	1.514600e+04	
1.770000e+01	1.507400e+04	
1.780000e+01	1.339500e+04	
1.780000e+01	1.472400e+04	
1.750000e+01	1.540900e+04	
1.780000e+01	1.330500e+04	
1.750000e+01	1.493800e+04	
1.800000e+01	1.256400e+04	
1.740000e+01	1.530000e+04	
1.780000e+01	1.235400e+04	
1.780000e+01	1.573600e+04	
1.740000e+01	1.326300e+04	
1.770000e+01	1.466100e+04	
1.830000e+01	1.373600e+04	
1.770000e+01	1.337100e+04	
1.790000e+01	1.349400e+04	
1.780000e+01	1.411600e+04	
1.830000e+01	1.582800e+04	
1.780000e+01	1.411600e+04	
1.780000e+01	1.235400e+04	
1.780000e+01	1.315100e+04	
1.790000e+01	1.307700e+04	
1.740000e+01	1.347200e+04	
1.770000e+01	1.345400e+04	
1.770000e+01	1.347200e+04	
1.770000e+01	1.364100e+04	
1.670000e+01	1.244900e+04	
1.830000e+01	1.535800e+04	
1.790000e+01	1.509800e+04	
1.770000e+01	1.277200e+04	
1.670000e+01	1.244900e+04	
1.800000e+01	1.477000e+04	
1.770000e+01	1.339300e+04	
1.810000e+01	1.305300e+04	
1.770000e+01	1.320500e+04	
1.780000e+01	1.330500e+04	
1.740000e+01	1.264500e+04	
1.750000e+01	1.320300e+04	
1.890000e+01	1.416000e+04	
1.740000e+01	1.272000e+04	
1.770000e+01	1.465500e+04	
1.780000e+01	1.424900e+04	
1.890000e+01	1.282800e+04	
1.750000e+01	1.540900e+04	
1.740000e+01	1.513600e+04	
1.800000e+01	1.256400e+04	
1.770000e+01	1.402100e+04	
1.780000e+01	1.344300e+04	
1.780000e+01	1.457300e+04	
1.790000e+01	1.411800e+04	
1.730000e+01	1.341900e+04	
1.740000e+01	1.312300e+04	
1.680000e+01	1.232000e+04	
1.780000e+01	1.416900e+04	
1.790000e+01	1.296700e+04	
1.780000e+01	1.420500e+04	
1.730000e+01	1.568900e+04	
1.770000e+01	1.291800e+04	
1.870000e+01	1.460500e+04	
1.730000e+01	1.568900e+04	
1.730000e+01	1.341900e+04	
1.800000e+01	1.256400e+04	
1.780000e+01	1.411600e+04	
1.800000e+01	1.455100e+04	
1.780000e+01	1.307500e+04	
1.830000e+01	1.547500e+04	
1.780000e+01	1.346100e+04	
1.750000e+01	1.320300e+04	
1.790000e+01	1.414800e+04	
1.780000e+01	1.299400e+04	
1.770000e+01	1.297100e+04	
1.770000e+01	1.370900e+04	
1.780000e+01	1.330500e+04	
1.830000e+01	1.547500e+04	
1.780000e+01	1.448500e+04	
1.780000e+01	1.411600e+04	
1.780000e+01	1.453600e+04	
1.740000e+01	1.525700e+04	
1.770000e+01	1.277200e+04	
1.730000e+01	1.341900e+04	
1.790000e+01	1.490800e+04	
1.790000e+01	1.509800e+04	
1.830000e+01	1.518300e+04	
1.850000e+01	1.238100e+04	
1.770000e+01	1.294200e+04	
1.780000e+01	1.364900e+04	
1.810000e+01	1.297100e+04	
1.740000e+01	1.326300e+04	
1.810000e+01	1.297100e+04	
1.890000e+01	1.403200e+04	
1.770000e+01	1.451900e+04	
1.780000e+01	1.453600e+04	
1.770000e+01	1.346300e+04	
1.740000e+01	1.369100e+04	
1.800000e+01	1.489500e+04	
1.750000e+01	1.540900e+04	
1.780000e+01	1.411600e+04	
1.770000e+01	1.537500e+04	
1.790000e+01	1.460300e+04	
1.780000e+01	1.247800e+04	
1.780000e+01	1.448500e+04	
1.780000e+01	1.562100e+04	
1.780000e+01	1.325500e+04	
1.780000e+01	1.320800e+04	
1.780000e+01	1.472400e+04	
1.740000e+01	1.530000e+04	
1.890000e+01	1.416000e+04	
1.700000e+01	1.446700e+04	
1.780000e+01	1.325500e+04	
1.790000e+01	1.431000e+04	
1.780000e+01	1.364000e+04	
1.790000e+01	1.473000e+04	
1.780000e+01	1.472400e+04	
1.730000e+01	1.332000e+04	
1.780000e+01	1.343700e+04	
1.770000e+01	1.370000e+04	
1.750000e+01	1.369600e+04	
1.780000e+01	1.556500e+04	
1.750000e+01	1.501100e+04	
1.780000e+01	1.562100e+04	
1.820000e+01	1.565100e+04	
1.780000e+01	1.339500e+04	
1.890000e+01	1.377200e+04	
1.780000e+01	1.343700e+04	
1.810000e+01	1.305300e+04	
1.740000e+01	1.530000e+04	
1.770000e+01	1.341200e+04	
1.780000e+01	1.424900e+04	
1.770000e+01	1.495100e+04	
1.790000e+01	1.530700e+04	
1.850000e+01	1.238100e+04	
1.830000e+01	1.398800e+04	
1.780000e+01	1.320400e+04	
1.780000e+01	1.422400e+04	
1.770000e+01	1.297100e+04	
1.830000e+01	1.382500e+04	
1.780000e+01	1.409200e+04	
1.780000e+01	1.316300e+04	
1.780000e+01	1.493500e+04	
1.780000e+01	1.401200e+04	
1.780000e+01	1.315100e+04	
1.830000e+01	1.518300e+04	
1.790000e+01	1.340100e+04	
1.810000e+01	1.451300e+04	
1.830000e+01	1.518300e+04	
1.780000e+01	1.364900e+04	
1.770000e+01	1.388000e+04	
1.830000e+01	1.314800e+04	
1.770000e+01	1.294200e+04	
1.700000e+01	1.446700e+04	
1.800000e+01	1.525500e+04	
1.740000e+01	1.347200e+04	
1.770000e+01	1.379700e+04	
1.790000e+01	1.435700e+04	
1.790000e+01	1.559400e+04	
1.770000e+01	1.334500e+04	
1.770000e+01	1.337100e+04	
1.780000e+01	1.339500e+04	
1.770000e+01	1.511200e+04	
1.780000e+01	1.499300e+04	
1.780000e+01	1.416900e+04	
1.770000e+01	1.294200e+04	
1.830000e+01	1.563400e+04	
1.770000e+01	1.507400e+04	
1.820000e+01	1.296100e+04	
1.780000e+01	1.366900e+04	
1.770000e+01	1.370900e+04	
1.790000e+01	1.340100e+04	
1.780000e+01	1.330500e+04	
1.740000e+01	1.416500e+04	
1.670000e+01	1.244900e+04	
1.780000e+01	1.455600e+04	
1.780000e+01	1.364000e+04	
1.780000e+01	1.433200e+04	
1.810000e+01	1.297100e+04	
