# This file contains the data of initial population
# of objectives = 2, # of constraints = 0, # of real_var = 0, # of bits of bin_var = 76, constr_violation, rank, crowding_distance
6.000000e+00	2.416000e+03	
6.000000e+00	2.366000e+03	
6.000000e+00	2.620000e+03	
6.000000e+00	2.386000e+03	
6.000000e+00	2.529000e+03	
6.000000e+00	2.536000e+03	
6.000000e+00	2.683000e+03	
6.000000e+00	2.722000e+03	
6.000000e+00	2.426000e+03	
7.000000e+00	2.664000e+03	
6.000000e+00	2.380000e+03	
6.000000e+00	2.401000e+03	
6.000000e+00	2.835000e+03	
6.000000e+00	2.203000e+03	
6.000000e+00	2.044000e+03	
6.000000e+00	2.419000e+03	
6.000000e+00	2.428000e+03	
6.000000e+00	1.921000e+03	
6.000000e+00	2.681000e+03	
6.000000e+00	2.706000e+03	
6.000000e+00	2.422000e+03	
6.000000e+00	2.562000e+03	
7.000000e+00	2.535000e+03	
7.000000e+00	1.811000e+03	
6.000000e+00	2.601000e+03	
6.000000e+00	2.420000e+03	
6.000000e+00	2.333000e+03	
7.000000e+00	2.305000e+03	
6.000000e+00	1.840000e+03	
6.000000e+00	2.223000e+03	
6.000000e+00	2.605000e+03	
6.000000e+00	2.563000e+03	
6.000000e+00	2.392000e+03	
6.000000e+00	2.578000e+03	
6.000000e+00	1.923000e+03	
6.000000e+00	2.429000e+03	
6.000000e+00	2.606000e+03	
6.000000e+00	2.544000e+03	
6.000000e+00	2.492000e+03	
6.000000e+00	2.455000e+03	
6.000000e+00	2.556000e+03	
6.000000e+00	2.548000e+03	
6.000000e+00	2.770000e+03	
6.000000e+00	2.394000e+03	
6.000000e+00	2.598000e+03	
6.000000e+00	2.842000e+03	
7.000000e+00	2.613000e+03	
6.000000e+00	2.829000e+03	
6.000000e+00	1.816000e+03	
6.000000e+00	2.587000e+03	
6.000000e+00	1.889000e+03	
6.000000e+00	2.763000e+03	
6.000000e+00	2.833000e+03	
7.000000e+00	2.408000e+03	
6.000000e+00	2.550000e+03	
7.000000e+00	2.165000e+03	
6.000000e+00	2.617000e+03	
6.000000e+00	2.589000e+03	
6.000000e+00	2.675000e+03	
6.000000e+00	2.635000e+03	
6.000000e+00	2.846000e+03	
6.000000e+00	3.090000e+03	
6.000000e+00	2.397000e+03	
6.000000e+00	2.232000e+03	
6.000000e+00	2.563000e+03	
6.000000e+00	1.802000e+03	
6.000000e+00	2.446000e+03	
6.000000e+00	2.479000e+03	
6.000000e+00	2.424000e+03	
6.000000e+00	2.460000e+03	
6.000000e+00	2.488000e+03	
6.000000e+00	2.418000e+03	
6.000000e+00	2.594000e+03	
7.000000e+00	2.687000e+03	
6.000000e+00	2.490000e+03	
6.000000e+00	2.578000e+03	
6.000000e+00	2.421000e+03	
6.000000e+00	2.071000e+03	
7.000000e+00	2.436000e+03	
6.000000e+00	2.758000e+03	
6.000000e+00	2.092000e+03	
6.000000e+00	2.923000e+03	
6.000000e+00	2.594000e+03	
6.000000e+00	2.598000e+03	
6.000000e+00	2.534000e+03	
6.000000e+00	2.504000e+03	
6.000000e+00	2.570000e+03	
6.000000e+00	2.657000e+03	
6.000000e+00	2.531000e+03	
6.000000e+00	2.515000e+03	
6.000000e+00	2.456000e+03	
6.000000e+00	2.544000e+03	
6.000000e+00	2.695000e+03	
6.000000e+00	2.518000e+03	
6.000000e+00	2.566000e+03	
6.000000e+00	2.468000e+03	
7.000000e+00	2.423000e+03	
6.000000e+00	2.673000e+03	
6.000000e+00	2.476000e+03	
6.000000e+00	2.863000e+03	
6.000000e+00	2.588000e+03	
6.000000e+00	2.365000e+03	
7.000000e+00	2.231000e+03	
7.000000e+00	2.395000e+03	
7.000000e+00	1.930000e+03	
7.000000e+00	2.358000e+03	
6.000000e+00	1.853000e+03	
6.000000e+00	2.536000e+03	
7.000000e+00	2.637000e+03	
7.000000e+00	2.379000e+03	
6.000000e+00	2.680000e+03	
6.000000e+00	2.533000e+03	
6.000000e+00	1.844000e+03	
6.000000e+00	2.249000e+03	
6.000000e+00	2.568000e+03	
6.000000e+00	2.242000e+03	
6.000000e+00	2.557000e+03	
6.000000e+00	2.406000e+03	
6.000000e+00	2.446000e+03	
6.000000e+00	1.835000e+03	
6.000000e+00	2.545000e+03	
6.000000e+00	2.475000e+03	
6.000000e+00	2.559000e+03	
6.000000e+00	2.740000e+03	
6.000000e+00	1.916000e+03	
6.000000e+00	2.455000e+03	
6.000000e+00	2.795000e+03	
7.000000e+00	2.384000e+03	
6.000000e+00	1.926000e+03	
6.000000e+00	1.946000e+03	
6.000000e+00	2.327000e+03	
6.000000e+00	2.630000e+03	
6.000000e+00	2.451000e+03	
6.000000e+00	1.837000e+03	
6.000000e+00	2.424000e+03	
7.000000e+00	2.417000e+03	
6.000000e+00	2.460000e+03	
6.000000e+00	2.394000e+03	
6.000000e+00	2.501000e+03	
6.000000e+00	2.647000e+03	
6.000000e+00	1.891000e+03	
6.000000e+00	2.355000e+03	
6.000000e+00	2.422000e+03	
6.000000e+00	2.412000e+03	
6.000000e+00	2.503000e+03	
6.000000e+00	2.408000e+03	
6.000000e+00	2.457000e+03	
6.000000e+00	2.489000e+03	
6.000000e+00	2.643000e+03	
6.000000e+00	1.996000e+03	
6.000000e+00	2.735000e+03	
6.000000e+00	2.514000e+03	
6.000000e+00	2.588000e+03	
6.000000e+00	2.183000e+03	
6.000000e+00	1.982000e+03	
6.000000e+00	2.713000e+03	
6.000000e+00	2.549000e+03	
6.000000e+00	2.436000e+03	
6.000000e+00	2.521000e+03	
6.000000e+00	2.560000e+03	
6.000000e+00	2.661000e+03	
6.000000e+00	2.430000e+03	
6.000000e+00	2.627000e+03	
6.000000e+00	2.598000e+03	
6.000000e+00	2.748000e+03	
6.000000e+00	2.467000e+03	
6.000000e+00	2.375000e+03	
6.000000e+00	2.696000e+03	
6.000000e+00	2.516000e+03	
6.000000e+00	2.393000e+03	
6.000000e+00	2.316000e+03	
6.000000e+00	2.516000e+03	
7.000000e+00	2.826000e+03	
6.000000e+00	2.004000e+03	
6.000000e+00	2.661000e+03	
6.000000e+00	2.609000e+03	
6.000000e+00	2.243000e+03	
6.000000e+00	2.442000e+03	
6.000000e+00	2.503000e+03	
6.000000e+00	2.222000e+03	
6.000000e+00	1.825000e+03	
7.000000e+00	2.695000e+03	
6.000000e+00	2.505000e+03	
6.000000e+00	2.557000e+03	
6.000000e+00	2.534000e+03	
6.000000e+00	1.949000e+03	
6.000000e+00	2.531000e+03	
7.000000e+00	2.669000e+03	
6.000000e+00	2.618000e+03	
6.000000e+00	2.353000e+03	
7.000000e+00	2.442000e+03	
7.000000e+00	2.354000e+03	
6.000000e+00	2.446000e+03	
6.000000e+00	2.476000e+03	
6.000000e+00	2.379000e+03	
6.000000e+00	2.555000e+03	
6.000000e+00	2.318000e+03	
6.000000e+00	2.558000e+03	
6.000000e+00	2.863000e+03	
6.000000e+00	2.643000e+03	
6.000000e+00	2.458000e+03	
6.000000e+00	2.482000e+03	
6.000000e+00	2.591000e+03	
6.000000e+00	2.252000e+03	
6.000000e+00	2.405000e+03	
6.000000e+00	2.536000e+03	
6.000000e+00	2.579000e+03	
6.000000e+00	2.423000e+03	
6.000000e+00	2.418000e+03	
6.000000e+00	2.228000e+03	
6.000000e+00	1.821000e+03	
6.000000e+00	2.544000e+03	
7.000000e+00	2.347000e+03	
6.000000e+00	2.447000e+03	
6.000000e+00	2.580000e+03	
6.000000e+00	2.544000e+03	
6.000000e+00	2.250000e+03	
6.000000e+00	2.646000e+03	
6.000000e+00	1.807000e+03	
6.000000e+00	2.459000e+03	
6.000000e+00	2.384000e+03	
6.000000e+00	2.634000e+03	
6.000000e+00	2.494000e+03	
6.000000e+00	2.455000e+03	
6.000000e+00	2.453000e+03	
7.000000e+00	2.566000e+03	
7.000000e+00	2.574000e+03	
6.000000e+00	2.784000e+03	
6.000000e+00	2.601000e+03	
6.000000e+00	2.536000e+03	
6.000000e+00	2.622000e+03	
6.000000e+00	2.537000e+03	
6.000000e+00	2.683000e+03	
6.000000e+00	2.496000e+03	
6.000000e+00	2.468000e+03	
6.000000e+00	2.565000e+03	
6.000000e+00	2.560000e+03	
6.000000e+00	2.643000e+03	
7.000000e+00	2.691000e+03	
6.000000e+00	2.349000e+03	
6.000000e+00	2.866000e+03	
6.000000e+00	2.460000e+03	
6.000000e+00	2.762000e+03	
7.000000e+00	2.930000e+03	
6.000000e+00	2.648000e+03	
6.000000e+00	2.454000e+03	
6.000000e+00	2.474000e+03	
6.000000e+00	2.332000e+03	
6.000000e+00	2.411000e+03	
6.000000e+00	2.444000e+03	
6.000000e+00	2.400000e+03	
6.000000e+00	2.235000e+03	
6.000000e+00	2.437000e+03	
6.000000e+00	2.495000e+03	
6.000000e+00	2.450000e+03	
6.000000e+00	2.668000e+03	
