# This file contains the data of initial population
# of objectives = 2, # of constraints = 0, # of real_var = 0, # of bits of bin_var = 29, constr_violation, rank, crowding_distance
9.100000e+00	5.260000e+02	
7.700000e+00	5.830000e+02	
6.800000e+00	5.820000e+02	
1.070000e+01	6.110000e+02	
7.500000e+00	5.600000e+02	
9.600000e+00	7.050000e+02	
7.700000e+00	4.850000e+02	
7.500000e+00	5.570000e+02	
6.500000e+00	5.150000e+02	
7.500000e+00	5.690000e+02	
7.700000e+00	5.520000e+02	
9.800000e+00	6.840000e+02	
7.700000e+00	5.180000e+02	
7.700000e+00	5.360000e+02	
9.500000e+00	5.590000e+02	
9.200000e+00	6.450000e+02	
7.800000e+00	5.260000e+02	
8.700000e+00	5.270000e+02	
7.500000e+00	5.280000e+02	
7.700000e+00	5.360000e+02	
7.700000e+00	4.930000e+02	
7.900000e+00	6.770000e+02	
7.500000e+00	5.470000e+02	
8.299999e+00	6.190000e+02	
7.500000e+00	5.400000e+02	
7.700000e+00	6.500000e+02	
8.299999e+00	6.000000e+02	
7.700000e+00	4.970000e+02	
1.000000e+01	6.720000e+02	
8.900000e+00	6.090000e+02	
8.900000e+00	6.210000e+02	
6.500000e+00	5.390000e+02	
9.900000e+00	6.760000e+02	
6.500000e+00	6.150000e+02	
7.700000e+00	6.190000e+02	
7.500000e+00	5.940000e+02	
8.700000e+00	4.450000e+02	
7.000000e+00	6.160000e+02	
8.900000e+00	4.850000e+02	
7.700000e+00	5.810000e+02	
6.600000e+00	6.110000e+02	
9.900000e+00	6.330000e+02	
8.900000e+00	6.630000e+02	
9.299999e+00	5.770000e+02	
6.700000e+00	6.080000e+02	
8.400000e+00	5.090000e+02	
9.000000e+00	6.200000e+02	
7.400000e+00	4.570000e+02	
9.500000e+00	6.580000e+02	
9.600000e+00	6.170000e+02	
1.060000e+01	6.680000e+02	
9.600000e+00	6.930000e+02	
7.700000e+00	5.110000e+02	
8.700000e+00	5.170000e+02	
8.900000e+00	5.360000e+02	
8.299999e+00	5.070000e+02	
8.100000e+00	6.910000e+02	
9.600000e+00	7.450000e+02	
7.800000e+00	4.970000e+02	
7.400000e+00	4.730000e+02	
6.500000e+00	5.060000e+02	
9.000000e+00	5.940000e+02	
7.700000e+00	5.230000e+02	
9.300000e+00	6.620000e+02	
8.900000e+00	7.100000e+02	
9.400000e+00	5.460000e+02	
1.000000e+01	6.320000e+02	
8.400000e+00	7.210000e+02	
7.200000e+00	6.320000e+02	
9.100000e+00	5.690000e+02	
7.800000e+00	5.020000e+02	
7.600000e+00	5.340000e+02	
6.500000e+00	4.950000e+02	
7.700000e+00	4.970000e+02	
6.500000e+00	4.970000e+02	
8.000000e+00	5.520000e+02	
9.100000e+00	5.930000e+02	
7.700000e+00	5.280000e+02	
7.000000e+00	6.520000e+02	
7.700000e+00	5.370000e+02	
7.500000e+00	5.160000e+02	
9.000000e+00	5.870000e+02	
9.300000e+00	5.490000e+02	
9.100000e+00	6.630000e+02	
8.100000e+00	5.780000e+02	
1.040000e+01	6.670000e+02	
7.800000e+00	5.560000e+02	
8.299999e+00	6.890000e+02	
7.400000e+00	5.250000e+02	
6.500000e+00	6.680000e+02	
9.100000e+00	6.830000e+02	
8.100000e+00	5.600000e+02	
7.700000e+00	5.200000e+02	
6.400000e+00	5.200000e+02	
7.400000e+00	3.800000e+02	
7.800000e+00	5.060000e+02	
9.000000e+00	6.150000e+02	
7.200000e+00	6.020000e+02	
7.400000e+00	4.780000e+02	
6.700000e+00	5.670000e+02	
8.900000e+00	5.610000e+02	
7.800000e+00	5.050000e+02	
9.300000e+00	6.850000e+02	
8.400000e+00	6.370000e+02	
8.300000e+00	5.480000e+02	
7.400000e+00	4.950000e+02	
7.800000e+00	5.380000e+02	
7.700000e+00	5.330000e+02	
8.900000e+00	6.900000e+02	
7.400000e+00	4.460000e+02	
8.900000e+00	5.840000e+02	
7.700000e+00	5.900000e+02	
9.000000e+00	5.740000e+02	
7.400000e+00	5.000000e+02	
8.000000e+00	5.420000e+02	
6.700000e+00	4.590000e+02	
5.900000e+00	4.920000e+02	
7.700000e+00	5.380000e+02	
9.299999e+00	5.770000e+02	
5.900000e+00	4.520000e+02	
7.700000e+00	5.510000e+02	
6.600000e+00	4.540000e+02	
7.800000e+00	5.170000e+02	
7.600000e+00	6.100000e+02	
8.400000e+00	6.680000e+02	
7.500000e+00	5.370000e+02	
9.300000e+00	5.640000e+02	
9.200000e+00	6.550000e+02	
7.000000e+00	5.290000e+02	
7.800000e+00	5.290000e+02	
7.700000e+00	5.000000e+02	
8.900000e+00	6.820000e+02	
8.500000e+00	5.750000e+02	
7.400000e+00	4.350000e+02	
7.500000e+00	5.780000e+02	
7.800000e+00	5.520000e+02	
9.100000e+00	6.860000e+02	
8.600000e+00	6.710000e+02	
9.300000e+00	6.860000e+02	
9.000000e+00	5.650000e+02	
8.900000e+00	5.500000e+02	
8.400000e+00	6.380000e+02	
9.100000e+00	6.520000e+02	
7.500000e+00	6.250000e+02	
8.700000e+00	6.680000e+02	
6.700000e+00	6.000000e+02	
8.600000e+00	6.010000e+02	
7.700000e+00	5.240000e+02	
9.700001e+00	6.720000e+02	
8.600000e+00	5.110000e+02	
8.900000e+00	5.800000e+02	
9.000000e+00	5.670000e+02	
7.000000e+00	6.330000e+02	
7.600000e+00	5.230000e+02	
1.030000e+01	6.940000e+02	
6.300000e+00	5.640000e+02	
8.300000e+00	5.780000e+02	
6.400000e+00	4.870000e+02	
8.600000e+00	6.010000e+02	
6.800000e+00	5.750000e+02	
6.600000e+00	5.160000e+02	
8.900000e+00	5.800000e+02	
8.600000e+00	6.190000e+02	
6.300000e+00	5.030000e+02	
7.800000e+00	5.440000e+02	
9.300000e+00	5.410000e+02	
8.500000e+00	6.230000e+02	
7.400000e+00	4.480000e+02	
9.300000e+00	6.370000e+02	
9.000000e+00	6.440000e+02	
9.200000e+00	4.910000e+02	
8.600000e+00	5.550000e+02	
9.900000e+00	6.230000e+02	
1.040000e+01	6.240000e+02	
7.300000e+00	4.920000e+02	
7.700000e+00	5.280000e+02	
9.500000e+00	7.130000e+02	
1.070000e+01	7.600000e+02	
7.800000e+00	5.050000e+02	
7.300000e+00	5.300000e+02	
7.800000e+00	4.980000e+02	
6.400000e+00	4.900000e+02	
9.000000e+00	6.500000e+02	
9.300000e+00	6.690000e+02	
7.800000e+00	5.400000e+02	
8.400000e+00	5.180000e+02	
9.299999e+00	6.340000e+02	
7.300000e+00	5.120000e+02	
9.600000e+00	6.540000e+02	
7.000000e+00	4.660000e+02	
8.299999e+00	4.750000e+02	
9.099999e+00	6.480000e+02	
7.600000e+00	5.270000e+02	
8.600000e+00	5.980000e+02	
7.700000e+00	7.040000e+02	
9.299999e+00	5.980000e+02	
8.500000e+00	4.560000e+02	
7.000000e+00	5.160000e+02	
6.800000e+00	5.880000e+02	
8.900000e+00	7.080000e+02	
8.700000e+00	5.360000e+02	
7.000000e+00	5.100000e+02	
8.500000e+00	5.300000e+02	
8.900000e+00	5.910000e+02	
7.200000e+00	5.300000e+02	
8.900000e+00	6.150000e+02	
7.700000e+00	5.330000e+02	
9.299999e+00	5.780000e+02	
8.900000e+00	5.810000e+02	
6.400000e+00	4.900000e+02	
1.050000e+01	6.880000e+02	
9.100000e+00	6.020000e+02	
6.500000e+00	4.830000e+02	
6.500000e+00	5.790000e+02	
7.800000e+00	5.080000e+02	
8.600000e+00	5.510000e+02	
6.800000e+00	6.280000e+02	
8.900000e+00	6.110000e+02	
7.700000e+00	5.820000e+02	
7.600000e+00	5.230000e+02	
8.900000e+00	6.830000e+02	
8.900000e+00	6.740000e+02	
7.700000e+00	5.040000e+02	
8.900000e+00	6.420000e+02	
9.800000e+00	6.720000e+02	
7.700000e+00	5.210000e+02	
6.100000e+00	5.210000e+02	
7.700000e+00	6.470000e+02	
7.500000e+00	4.920000e+02	
9.600000e+00	6.000000e+02	
7.800000e+00	5.080000e+02	
8.900000e+00	6.780000e+02	
8.900000e+00	7.090000e+02	
6.500000e+00	5.090000e+02	
7.500000e+00	5.320000e+02	
7.000000e+00	5.390000e+02	
9.300000e+00	6.400000e+02	
8.900000e+00	5.980000e+02	
7.800000e+00	5.310000e+02	
7.700000e+00	5.370000e+02	
6.400000e+00	5.810000e+02	
8.100000e+00	5.400000e+02	
9.000000e+00	5.360000e+02	
8.600000e+00	6.340000e+02	
7.400000e+00	4.160000e+02	
9.400000e+00	5.110000e+02	
8.900000e+00	6.550000e+02	
6.700000e+00	6.260000e+02	
7.500000e+00	5.780000e+02	
8.400000e+00	5.930000e+02	
9.100000e+00	6.680000e+02	
9.100000e+00	6.740000e+02	
7.700000e+00	5.210000e+02	
8.900000e+00	5.720000e+02	
6.200000e+00	5.560000e+02	
6.400000e+00	5.320000e+02	
