# This file contains the data of final population
# of objectives = 2, # of constraints = 0, # of real_var = 65, # of bits of bin_var = 0, constr_violation, rank, crowding_distance
8.000000e+00	3.324000e+03	
8.000000e+00	3.324000e+03	
8.000000e+00	3.324000e+03	
8.000000e+00	3.325000e+03	
8.000000e+00	3.325000e+03	
8.000000e+00	3.325000e+03	
8.000000e+00	3.325000e+03	
8.000000e+00	3.325000e+03	
8.000000e+00	3.325000e+03	
8.000000e+00	3.325000e+03	
8.000000e+00	3.325000e+03	
8.000000e+00	3.325000e+03	
8.000000e+00	3.325000e+03	
8.000000e+00	3.325000e+03	
8.000000e+00	3.325000e+03	
8.000000e+00	3.325000e+03	
8.000000e+00	3.325000e+03	
8.000000e+00	3.325000e+03	
8.000000e+00	3.325000e+03	
8.000000e+00	3.325000e+03	
8.000000e+00	3.325000e+03	
8.000000e+00	3.325000e+03	
8.000000e+00	3.325000e+03	
8.000000e+00	3.325000e+03	
8.000000e+00	3.325000e+03	
8.000000e+00	3.325000e+03	
8.000000e+00	3.325000e+03	
8.000000e+00	3.325000e+03	
8.000000e+00	3.325000e+03	
8.000000e+00	3.325000e+03	
8.000000e+00	3.325000e+03	
8.000000e+00	3.326000e+03	
8.000000e+00	3.326000e+03	
8.000000e+00	3.326000e+03	
8.000000e+00	3.326000e+03	
8.000000e+00	3.326000e+03	
8.000000e+00	3.326000e+03	
8.000000e+00	3.326000e+03	
8.000000e+00	3.326000e+03	
8.000000e+00	3.326000e+03	
8.000000e+00	3.326000e+03	
8.000000e+00	3.326000e+03	
8.000000e+00	3.326000e+03	
8.000000e+00	3.326000e+03	
8.000000e+00	3.326000e+03	
8.000000e+00	3.327000e+03	
8.000000e+00	3.327000e+03	
8.000000e+00	3.327000e+03	
8.000000e+00	3.327000e+03	
8.000000e+00	3.327000e+03	
8.000000e+00	3.327000e+03	
8.000000e+00	3.327000e+03	
8.000000e+00	3.327000e+03	
8.000000e+00	3.327000e+03	
8.000000e+00	3.327000e+03	
8.000000e+00	3.327000e+03	
8.000000e+00	3.327000e+03	
8.000000e+00	3.327000e+03	
8.000000e+00	3.327000e+03	
8.000000e+00	3.327000e+03	
8.000000e+00	3.327000e+03	
8.000000e+00	3.327000e+03	
8.000000e+00	3.327000e+03	
8.000000e+00	3.327000e+03	
8.000000e+00	3.327000e+03	
8.000000e+00	3.327000e+03	
8.000000e+00	3.327000e+03	
8.000000e+00	3.327000e+03	
8.000000e+00	3.327000e+03	
8.000000e+00	3.327000e+03	
8.000000e+00	3.327000e+03	
8.000000e+00	3.327000e+03	
8.000000e+00	3.327000e+03	
8.000000e+00	3.327000e+03	
8.000000e+00	3.327000e+03	
8.000000e+00	3.327000e+03	
8.000000e+00	3.327000e+03	
8.000000e+00	3.327000e+03	
8.000000e+00	3.327000e+03	
8.000000e+00	3.327000e+03	
8.000000e+00	3.327000e+03	
8.000000e+00	3.327000e+03	
8.000000e+00	3.327000e+03	
8.000000e+00	3.327000e+03	
8.000000e+00	3.327000e+03	
8.000000e+00	3.327000e+03	
8.000000e+00	3.327000e+03	
8.000000e+00	3.327000e+03	
8.000000e+00	3.327000e+03	
8.000000e+00	3.327000e+03	
8.000000e+00	3.327000e+03	
8.000000e+00	3.327000e+03	
8.000000e+00	3.327000e+03	
8.000000e+00	3.327000e+03	
8.000000e+00	3.327000e+03	
8.000000e+00	3.327000e+03	
8.000000e+00	3.327000e+03	
8.000000e+00	3.327000e+03	
8.000000e+00	3.327000e+03	
8.000000e+00	3.327000e+03	
8.000000e+00	3.327000e+03	
8.000000e+00	3.327000e+03	
8.000000e+00	3.327000e+03	
8.000000e+00	3.327000e+03	
8.000000e+00	3.327000e+03	
8.000000e+00	3.327000e+03	
8.000000e+00	3.327000e+03	
8.000000e+00	3.327000e+03	
8.000000e+00	3.327000e+03	
8.000000e+00	3.327000e+03	
8.000000e+00	3.327000e+03	
8.000000e+00	3.327000e+03	
8.000000e+00	3.327000e+03	
8.000000e+00	3.327000e+03	
8.000000e+00	3.327000e+03	
8.000000e+00	3.327000e+03	
8.000000e+00	3.327000e+03	
8.000000e+00	3.327000e+03	
8.000000e+00	3.327000e+03	
8.000000e+00	3.327000e+03	
8.000000e+00	3.327000e+03	
8.000000e+00	3.327000e+03	
8.000000e+00	3.327000e+03	
8.000000e+00	3.327000e+03	
8.000000e+00	3.327000e+03	
8.000000e+00	3.327000e+03	
8.000000e+00	3.327000e+03	
8.000000e+00	3.327000e+03	
8.000000e+00	3.327000e+03	
8.000000e+00	3.327000e+03	
8.000000e+00	3.327000e+03	
8.000000e+00	3.327000e+03	
8.000000e+00	3.327000e+03	
8.000000e+00	3.327000e+03	
8.000000e+00	3.327000e+03	
8.000000e+00	3.327000e+03	
8.000000e+00	3.327000e+03	
8.000000e+00	3.327000e+03	
8.000000e+00	3.327000e+03	
8.000000e+00	3.327000e+03	
8.000000e+00	3.327000e+03	
8.000000e+00	3.327000e+03	
8.000000e+00	3.327000e+03	
8.000000e+00	3.327000e+03	
8.000000e+00	3.327000e+03	
8.000000e+00	3.327000e+03	
8.000000e+00	3.327000e+03	
8.000000e+00	3.327000e+03	
8.000000e+00	3.327000e+03	
8.000000e+00	3.327000e+03	
8.000000e+00	3.327000e+03	
8.000000e+00	3.327000e+03	
8.000000e+00	3.327000e+03	
8.000000e+00	3.327000e+03	
8.000000e+00	3.327000e+03	
8.000000e+00	3.327000e+03	
8.000000e+00	3.327000e+03	
8.000000e+00	3.327000e+03	
8.000000e+00	3.327000e+03	
8.000000e+00	3.327000e+03	
8.000000e+00	3.327000e+03	
8.000000e+00	3.327000e+03	
8.000000e+00	3.327000e+03	
8.000000e+00	3.327000e+03	
8.000000e+00	3.327000e+03	
8.000000e+00	3.327000e+03	
8.000000e+00	3.327000e+03	
8.000000e+00	3.327000e+03	
8.000000e+00	3.327000e+03	
8.000000e+00	3.327000e+03	
8.000000e+00	3.327000e+03	
8.000000e+00	3.327000e+03	
8.000000e+00	3.327000e+03	
8.000000e+00	3.327000e+03	
8.000000e+00	3.327000e+03	
8.000000e+00	3.327000e+03	
8.000000e+00	3.327000e+03	
8.000000e+00	3.327000e+03	
8.000000e+00	3.327000e+03	
8.000000e+00	3.327000e+03	
8.000000e+00	3.327000e+03	
8.000000e+00	3.327000e+03	
8.000000e+00	3.327000e+03	
8.000000e+00	3.327000e+03	
8.000000e+00	3.327000e+03	
8.000000e+00	3.327000e+03	
8.000000e+00	3.327000e+03	
8.000000e+00	3.327000e+03	
8.000000e+00	3.327000e+03	
8.000000e+00	3.327000e+03	
8.000000e+00	3.327000e+03	
8.000000e+00	3.327000e+03	
8.000000e+00	3.327000e+03	
8.000000e+00	3.327000e+03	
8.000000e+00	3.327000e+03	
8.000000e+00	3.327000e+03	
8.000000e+00	3.327000e+03	
8.000000e+00	3.327000e+03	
8.000000e+00	3.327000e+03	
8.000000e+00	3.327000e+03	
8.000000e+00	3.327000e+03	
8.000000e+00	3.327000e+03	
8.000000e+00	3.327000e+03	
8.000000e+00	3.327000e+03	
8.000000e+00	3.327000e+03	
8.000000e+00	3.327000e+03	
8.000000e+00	3.327000e+03	
8.000000e+00	3.327000e+03	
8.000000e+00	3.327000e+03	
8.000000e+00	3.327000e+03	
8.000000e+00	3.327000e+03	
8.000000e+00	3.327000e+03	
8.000000e+00	3.327000e+03	
8.000000e+00	3.327000e+03	
8.000000e+00	3.327000e+03	
8.000000e+00	3.327000e+03	
8.000000e+00	3.327000e+03	
8.000000e+00	3.327000e+03	
8.000000e+00	3.327000e+03	
8.000000e+00	3.327000e+03	
8.000000e+00	3.327000e+03	
8.000000e+00	3.327000e+03	
8.000000e+00	3.327000e+03	
8.000000e+00	3.327000e+03	
8.000000e+00	3.327000e+03	
8.000000e+00	3.327000e+03	
8.000000e+00	3.327000e+03	
8.000000e+00	3.327000e+03	
8.000000e+00	3.327000e+03	
8.000000e+00	3.327000e+03	
8.000000e+00	3.327000e+03	
8.000000e+00	3.327000e+03	
8.000000e+00	3.327000e+03	
8.000000e+00	3.327000e+03	
8.000000e+00	3.327000e+03	
8.000000e+00	3.327000e+03	
8.000000e+00	3.327000e+03	
8.000000e+00	3.327000e+03	
8.000000e+00	3.327000e+03	
8.000000e+00	3.327000e+03	
8.000000e+00	3.327000e+03	
8.000000e+00	3.327000e+03	
8.000000e+00	3.327000e+03	
8.000000e+00	3.327000e+03	
8.000000e+00	3.327000e+03	
8.000000e+00	3.327000e+03	
8.000000e+00	3.327000e+03	
8.000000e+00	3.327000e+03	
8.000000e+00	3.327000e+03	
8.000000e+00	3.327000e+03	
8.000000e+00	3.327000e+03	
8.000000e+00	3.327000e+03	
8.000000e+00	3.327000e+03	
8.000000e+00	3.327000e+03	
8.000000e+00	3.327000e+03	
8.000000e+00	3.327000e+03	
