# This file contains the data of initial population
# of objectives = 2, # of constraints = 0, # of real_var = 0, # of bits of bin_var = 46, constr_violation, rank, crowding_distance
5.400000e+02	2.249000e+03	
3.760000e+02	1.317000e+03	
4.530000e+02	1.722000e+03	
3.680000e+02	1.253000e+03	
4.040000e+02	1.465000e+03	
4.000000e+02	1.408000e+03	
4.850000e+02	1.912000e+03	
3.350000e+02	1.112000e+03	
3.760000e+02	1.340000e+03	
4.000000e+02	1.438000e+03	
3.560000e+02	1.285000e+03	
3.760000e+02	1.344000e+03	
4.520000e+02	1.730000e+03	
5.040000e+02	1.988000e+03	
3.870000e+02	1.367000e+03	
5.080000e+02	2.042000e+03	
3.820000e+02	1.366000e+03	
4.510000e+02	1.730000e+03	
5.080000e+02	2.016000e+03	
3.750000e+02	1.296000e+03	
3.310000e+02	1.130000e+03	
3.600000e+02	1.247000e+03	
3.590000e+02	1.288000e+03	
3.590000e+02	1.262000e+03	
5.560000e+02	2.288000e+03	
3.880000e+02	1.373000e+03	
5.080000e+02	2.022000e+03	
3.540000e+02	1.272000e+03	
5.000000e+02	1.965000e+03	
3.090000e+02	1.005000e+03	
4.550000e+02	1.739000e+03	
4.240000e+02	1.590000e+03	
5.280000e+02	2.092000e+03	
4.060000e+02	1.534000e+03	
3.800000e+02	1.342000e+03	
4.670000e+02	1.803000e+03	
4.480000e+02	1.738000e+03	
4.120000e+02	1.596000e+03	
5.760000e+02	2.418000e+03	
5.000000e+02	2.000000e+03	
3.920000e+02	1.426000e+03	
4.040000e+02	1.530000e+03	
3.800000e+02	1.371000e+03	
4.000000e+02	1.443000e+03	
4.480000e+02	1.698000e+03	
3.760000e+02	1.332000e+03	
2.990000e+02	9.740000e+02	
3.280000e+02	1.110000e+03	
4.550000e+02	1.751000e+03	
3.220000e+02	1.059000e+03	
3.980000e+02	1.503000e+03	
4.440000e+02	1.636000e+03	
3.920000e+02	1.390000e+03	
4.780000e+02	1.900000e+03	
3.560000e+02	1.208000e+03	
3.800000e+02	1.346000e+03	
3.680000e+02	1.276000e+03	
3.880000e+02	1.392000e+03	
4.710000e+02	1.882000e+03	
3.940000e+02	1.444000e+03	
5.260000e+02	2.210000e+03	
3.390000e+02	1.158000e+03	
3.740000e+02	1.420000e+03	
4.390000e+02	1.695000e+03	
3.230000e+02	1.103000e+03	
4.840000e+02	1.908000e+03	
4.040000e+02	1.426000e+03	
3.510000e+02	1.200000e+03	
4.200000e+02	1.514000e+03	
3.560000e+02	1.200000e+03	
4.550000e+02	1.705000e+03	
4.000000e+02	1.532000e+03	
4.160000e+02	1.507000e+03	
4.620000e+02	1.760000e+03	
3.640000e+02	1.290000e+03	
4.670000e+02	1.836000e+03	
3.660000e+02	1.292000e+03	
3.390000e+02	1.152000e+03	
3.440000e+02	1.175000e+03	
4.200000e+02	1.580000e+03	
3.560000e+02	1.235000e+03	
3.270000e+02	1.082000e+03	
4.880000e+02	1.937000e+03	
5.280000e+02	2.096000e+03	
4.790000e+02	1.875000e+03	
4.560000e+02	1.808000e+03	
3.890000e+02	1.430000e+03	
3.960000e+02	1.404000e+03	
4.080000e+02	1.528000e+03	
3.680000e+02	1.282000e+03	
4.080000e+02	1.510000e+03	
3.710000e+02	1.294000e+03	
4.160000e+02	1.614000e+03	
4.050000e+02	1.529000e+03	
4.880000e+02	1.900000e+03	
4.680000e+02	1.788000e+03	
5.320000e+02	2.140000e+03	
4.590000e+02	1.822000e+03	
4.440000e+02	1.660000e+03	
4.360000e+02	1.667000e+03	
3.480000e+02	1.198000e+03	
3.880000e+02	1.368000e+03	
4.960000e+02	2.024000e+03	
4.600000e+02	1.736000e+03	
3.530000e+02	1.274000e+03	
4.080000e+02	1.545000e+03	
3.640000e+02	1.250000e+03	
3.630000e+02	1.270000e+03	
4.440000e+02	1.718000e+03	
3.610000e+02	1.279000e+03	
4.280000e+02	1.576000e+03	
4.080000e+02	1.472000e+03	
4.240000e+02	1.572000e+03	
5.160000e+02	2.024000e+03	
4.640000e+02	1.765000e+03	
3.640000e+02	1.296000e+03	
4.760000e+02	1.860000e+03	
3.840000e+02	1.394000e+03	
3.760000e+02	1.312000e+03	
4.030000e+02	1.465000e+03	
4.320000e+02	1.594000e+03	
4.340000e+02	1.695000e+03	
3.090000e+02	1.016000e+03	
4.040000e+02	1.502000e+03	
3.840000e+02	1.334000e+03	
4.880000e+02	1.966000e+03	
3.920000e+02	1.443000e+03	
3.510000e+02	1.230000e+03	
4.520000e+02	1.696000e+03	
3.750000e+02	1.386000e+03	
4.440000e+02	1.675000e+03	
4.760000e+02	1.808000e+03	
3.670000e+02	1.379000e+03	
4.340000e+02	1.667000e+03	
3.920000e+02	1.467000e+03	
3.510000e+02	1.256000e+03	
5.000000e+02	2.002000e+03	
3.820000e+02	1.412000e+03	
5.000000e+02	1.972000e+03	
4.660000e+02	1.850000e+03	
4.520000e+02	1.741000e+03	
4.120000e+02	1.481000e+03	
4.200000e+02	1.516000e+03	
3.900000e+02	1.464000e+03	
3.800000e+02	1.386000e+03	
4.200000e+02	1.512000e+03	
4.260000e+02	1.610000e+03	
3.510000e+02	1.196000e+03	
4.160000e+02	1.554000e+03	
3.600000e+02	1.212000e+03	
3.800000e+02	1.348000e+03	
3.710000e+02	1.353000e+03	
3.190000e+02	1.122000e+03	
4.680000e+02	1.793000e+03	
3.510000e+02	1.216000e+03	
5.040000e+02	1.992000e+03	
4.760000e+02	1.800000e+03	
3.600000e+02	1.258000e+03	
4.830000e+02	1.906000e+03	
3.430000e+02	1.175000e+03	
3.840000e+02	1.388000e+03	
4.320000e+02	1.596000e+03	
4.120000e+02	1.514000e+03	
3.900000e+02	1.384000e+03	
3.880000e+02	1.400000e+03	
4.040000e+02	1.464000e+03	
4.150000e+02	1.543000e+03	
3.750000e+02	1.354000e+03	
3.890000e+02	1.437000e+03	
3.920000e+02	1.434000e+03	
4.310000e+02	1.581000e+03	
3.840000e+02	1.336000e+03	
3.600000e+02	1.279000e+03	
3.680000e+02	1.279000e+03	
5.320000e+02	2.180000e+03	
4.440000e+02	1.700000e+03	
4.480000e+02	1.668000e+03	
4.080000e+02	1.513000e+03	
4.240000e+02	1.555000e+03	
4.080000e+02	1.531000e+03	
4.560000e+02	1.749000e+03	
3.920000e+02	1.470000e+03	
3.880000e+02	1.410000e+03	
3.680000e+02	1.298000e+03	
3.010000e+02	9.790000e+02	
3.470000e+02	1.171000e+03	
5.280000e+02	2.113000e+03	
4.840000e+02	1.864000e+03	
4.270000e+02	1.621000e+03	
4.020000e+02	1.468000e+03	
4.200000e+02	1.516000e+03	
4.950000e+02	1.982000e+03	
4.220000e+02	1.678000e+03	
3.470000e+02	1.186000e+03	
4.920000e+02	1.912000e+03	
4.240000e+02	1.566000e+03	
3.680000e+02	1.297000e+03	
4.880000e+02	1.952000e+03	
4.440000e+02	1.650000e+03	
3.920000e+02	1.411000e+03	
4.640000e+02	1.870000e+03	
4.680000e+02	1.821000e+03	
4.140000e+02	1.586000e+03	
3.140000e+02	1.027000e+03	
4.600000e+02	1.818000e+03	
3.510000e+02	1.186000e+03	
4.040000e+02	1.531000e+03	
4.380000e+02	1.644000e+03	
4.380000e+02	1.715000e+03	
4.000000e+02	1.450000e+03	
3.680000e+02	1.312000e+03	
3.590000e+02	1.264000e+03	
3.750000e+02	1.335000e+03	
3.520000e+02	1.296000e+03	
4.320000e+02	1.640000e+03	
3.430000e+02	1.152000e+03	
5.480000e+02	2.199000e+03	
4.000000e+02	1.416000e+03	
4.680000e+02	1.808000e+03	
5.030000e+02	2.002000e+03	
3.630000e+02	1.285000e+03	
4.760000e+02	1.839000e+03	
3.840000e+02	1.323000e+03	
4.240000e+02	1.564000e+03	
4.300000e+02	1.651000e+03	
4.870000e+02	1.923000e+03	
5.480000e+02	2.220000e+03	
4.080000e+02	1.498000e+03	
4.020000e+02	1.492000e+03	
3.840000e+02	1.416000e+03	
4.240000e+02	1.508000e+03	
4.120000e+02	1.500000e+03	
3.800000e+02	1.318000e+03	
4.950000e+02	1.984000e+03	
3.960000e+02	1.411000e+03	
4.180000e+02	1.583000e+03	
5.080000e+02	2.071000e+03	
5.560000e+02	2.264000e+03	
4.500000e+02	1.706000e+03	
3.820000e+02	1.418000e+03	
4.000000e+02	1.413000e+03	
3.390000e+02	1.156000e+03	
3.480000e+02	1.196000e+03	
4.560000e+02	1.738000e+03	
5.160000e+02	2.100000e+03	
4.320000e+02	1.615000e+03	
3.460000e+02	1.206000e+03	
5.000000e+02	1.972000e+03	
4.270000e+02	1.592000e+03	
3.350000e+02	1.132000e+03	
4.470000e+02	1.703000e+03	
5.350000e+02	2.183000e+03	
3.770000e+02	1.377000e+03	
3.590000e+02	1.282000e+03	
3.560000e+02	1.223000e+03	
4.220000e+02	1.618000e+03	
