# This file contains the data of initial population
# of objectives = 2, # of constraints = 0, # of real_var = 0, # of bits of bin_var = 25, constr_violation, rank, crowding_distance
2.000000e+00	7.200000e+01	
2.000000e+00	7.200000e+01	
2.000000e+00	7.600000e+01	
2.000000e+00	7.200000e+01	
2.000000e+00	7.200000e+01	
2.000000e+00	7.200000e+01	
2.000000e+00	7.200000e+01	
2.000000e+00	7.200000e+01	
2.000000e+00	7.200000e+01	
2.000000e+00	7.500000e+01	
2.000000e+00	7.200000e+01	
2.000000e+00	7.200000e+01	
2.000000e+00	7.200000e+01	
2.000000e+00	7.200000e+01	
2.000000e+00	7.200000e+01	
2.000000e+00	7.200000e+01	
2.000000e+00	7.200000e+01	
2.000000e+00	7.200000e+01	
2.000000e+00	7.200000e+01	
2.000000e+00	7.200000e+01	
2.000000e+00	6.800000e+01	
2.000000e+00	6.800000e+01	
2.000000e+00	7.200000e+01	
2.000000e+00	7.200000e+01	
2.000000e+00	7.200000e+01	
2.000000e+00	7.200000e+01	
2.000000e+00	7.200000e+01	
2.000000e+00	7.200000e+01	
2.000000e+00	7.200000e+01	
2.000000e+00	7.200000e+01	
2.000000e+00	7.200000e+01	
2.000000e+00	7.200000e+01	
2.000000e+00	7.200000e+01	
2.000000e+00	7.200000e+01	
2.000000e+00	7.200000e+01	
2.000000e+00	7.200000e+01	
2.000000e+00	7.200000e+01	
2.000000e+00	7.500000e+01	
2.000000e+00	7.200000e+01	
2.000000e+00	7.200000e+01	
2.000000e+00	7.200000e+01	
2.000000e+00	7.200000e+01	
2.000000e+00	7.200000e+01	
2.000000e+00	7.200000e+01	
2.000000e+00	7.200000e+01	
2.000000e+00	7.200000e+01	
2.000000e+00	7.200000e+01	
2.000000e+00	7.200000e+01	
2.000000e+00	7.200000e+01	
2.000000e+00	7.200000e+01	
2.000000e+00	7.200000e+01	
2.000000e+00	7.200000e+01	
2.000000e+00	7.200000e+01	
2.000000e+00	7.200000e+01	
2.000000e+00	6.800000e+01	
2.000000e+00	7.500000e+01	
2.000000e+00	7.200000e+01	
2.000000e+00	6.800000e+01	
2.000000e+00	7.200000e+01	
2.000000e+00	7.200000e+01	
2.000000e+00	7.200000e+01	
2.000000e+00	7.500000e+01	
2.000000e+00	7.200000e+01	
2.000000e+00	6.800000e+01	
2.000000e+00	7.200000e+01	
2.000000e+00	7.200000e+01	
2.000000e+00	7.200000e+01	
2.000000e+00	7.200000e+01	
2.000000e+00	7.200000e+01	
2.000000e+00	7.200000e+01	
2.000000e+00	7.200000e+01	
2.000000e+00	7.200000e+01	
2.000000e+00	7.200000e+01	
2.000000e+00	7.200000e+01	
2.000000e+00	7.200000e+01	
2.000000e+00	7.200000e+01	
2.000000e+00	7.200000e+01	
2.000000e+00	7.200000e+01	
2.000000e+00	7.200000e+01	
2.000000e+00	7.500000e+01	
2.000000e+00	7.200000e+01	
2.000000e+00	7.200000e+01	
2.000000e+00	7.100000e+01	
2.000000e+00	7.200000e+01	
2.000000e+00	7.200000e+01	
2.000000e+00	7.200000e+01	
2.000000e+00	7.100000e+01	
2.000000e+00	7.200000e+01	
2.000000e+00	7.200000e+01	
2.000000e+00	7.200000e+01	
2.000000e+00	7.200000e+01	
2.000000e+00	7.200000e+01	
2.000000e+00	7.200000e+01	
2.000000e+00	6.800000e+01	
2.000000e+00	7.200000e+01	
2.000000e+00	7.300000e+01	
2.000000e+00	7.200000e+01	
2.000000e+00	7.200000e+01	
2.000000e+00	7.200000e+01	
2.000000e+00	7.200000e+01	
2.000000e+00	7.200000e+01	
2.000000e+00	7.200000e+01	
2.000000e+00	7.200000e+01	
2.000000e+00	7.200000e+01	
2.000000e+00	7.200000e+01	
2.000000e+00	7.500000e+01	
2.000000e+00	7.200000e+01	
2.000000e+00	7.200000e+01	
2.000000e+00	7.200000e+01	
2.000000e+00	7.200000e+01	
2.000000e+00	7.200000e+01	
2.000000e+00	7.200000e+01	
2.000000e+00	7.200000e+01	
2.000000e+00	7.200000e+01	
2.000000e+00	7.200000e+01	
2.000000e+00	7.500000e+01	
2.000000e+00	7.500000e+01	
2.000000e+00	7.200000e+01	
2.000000e+00	7.200000e+01	
2.000000e+00	7.200000e+01	
2.000000e+00	7.200000e+01	
2.000000e+00	7.200000e+01	
2.000000e+00	7.200000e+01	
2.000000e+00	7.200000e+01	
2.000000e+00	7.200000e+01	
2.000000e+00	7.200000e+01	
2.000000e+00	7.200000e+01	
2.000000e+00	7.200000e+01	
2.000000e+00	7.200000e+01	
2.000000e+00	7.200000e+01	
2.000000e+00	7.200000e+01	
2.000000e+00	7.200000e+01	
2.000000e+00	7.200000e+01	
2.000000e+00	7.500000e+01	
2.000000e+00	7.200000e+01	
2.000000e+00	7.200000e+01	
2.000000e+00	7.200000e+01	
2.000000e+00	7.200000e+01	
2.000000e+00	7.200000e+01	
2.000000e+00	7.200000e+01	
2.000000e+00	7.200000e+01	
2.000000e+00	7.200000e+01	
2.000000e+00	7.200000e+01	
2.000000e+00	6.800000e+01	
2.000000e+00	7.200000e+01	
2.000000e+00	6.800000e+01	
2.000000e+00	7.200000e+01	
2.000000e+00	7.100000e+01	
2.000000e+00	7.200000e+01	
2.000000e+00	7.200000e+01	
2.000000e+00	7.200000e+01	
2.000000e+00	7.200000e+01	
2.000000e+00	7.200000e+01	
2.000000e+00	7.200000e+01	
2.000000e+00	7.200000e+01	
2.000000e+00	7.200000e+01	
2.000000e+00	7.200000e+01	
2.000000e+00	7.200000e+01	
2.000000e+00	7.200000e+01	
2.000000e+00	7.200000e+01	
2.000000e+00	7.200000e+01	
2.000000e+00	6.800000e+01	
2.000000e+00	7.200000e+01	
2.000000e+00	7.200000e+01	
2.000000e+00	7.200000e+01	
2.000000e+00	7.200000e+01	
2.000000e+00	7.200000e+01	
2.000000e+00	7.200000e+01	
2.000000e+00	7.500000e+01	
2.000000e+00	7.200000e+01	
2.000000e+00	7.200000e+01	
2.000000e+00	7.200000e+01	
2.000000e+00	7.200000e+01	
2.000000e+00	7.200000e+01	
2.000000e+00	7.200000e+01	
2.000000e+00	7.200000e+01	
2.000000e+00	7.200000e+01	
2.000000e+00	7.200000e+01	
2.000000e+00	7.200000e+01	
2.000000e+00	7.200000e+01	
2.000000e+00	7.200000e+01	
2.000000e+00	7.200000e+01	
2.000000e+00	7.200000e+01	
2.000000e+00	7.200000e+01	
2.000000e+00	7.200000e+01	
2.000000e+00	7.200000e+01	
2.000000e+00	7.200000e+01	
2.000000e+00	7.200000e+01	
2.000000e+00	6.800000e+01	
2.000000e+00	7.200000e+01	
2.000000e+00	7.200000e+01	
2.000000e+00	7.200000e+01	
2.000000e+00	7.200000e+01	
2.000000e+00	7.500000e+01	
2.000000e+00	7.200000e+01	
2.000000e+00	7.000000e+01	
2.000000e+00	7.200000e+01	
2.000000e+00	7.500000e+01	
2.000000e+00	7.200000e+01	
2.000000e+00	7.200000e+01	
2.000000e+00	7.200000e+01	
2.000000e+00	7.200000e+01	
2.000000e+00	7.200000e+01	
2.000000e+00	7.200000e+01	
2.000000e+00	7.200000e+01	
2.000000e+00	7.200000e+01	
2.000000e+00	7.200000e+01	
2.000000e+00	7.200000e+01	
2.000000e+00	7.200000e+01	
2.000000e+00	7.200000e+01	
2.000000e+00	7.200000e+01	
2.000000e+00	7.200000e+01	
2.000000e+00	7.200000e+01	
2.000000e+00	7.200000e+01	
2.000000e+00	7.200000e+01	
2.000000e+00	6.800000e+01	
2.000000e+00	7.200000e+01	
2.000000e+00	7.200000e+01	
2.000000e+00	7.200000e+01	
2.000000e+00	7.200000e+01	
2.000000e+00	7.500000e+01	
2.000000e+00	7.200000e+01	
2.000000e+00	7.200000e+01	
2.000000e+00	7.200000e+01	
2.000000e+00	7.200000e+01	
2.000000e+00	7.500000e+01	
2.000000e+00	7.200000e+01	
2.000000e+00	6.800000e+01	
2.000000e+00	7.200000e+01	
2.000000e+00	7.200000e+01	
2.000000e+00	7.200000e+01	
2.000000e+00	7.200000e+01	
2.000000e+00	7.200000e+01	
2.000000e+00	7.200000e+01	
2.000000e+00	7.200000e+01	
2.000000e+00	6.800000e+01	
2.000000e+00	7.200000e+01	
2.000000e+00	7.200000e+01	
2.000000e+00	7.200000e+01	
2.000000e+00	7.200000e+01	
2.000000e+00	7.200000e+01	
2.000000e+00	6.800000e+01	
2.000000e+00	7.200000e+01	
2.000000e+00	7.200000e+01	
2.000000e+00	7.500000e+01	
2.000000e+00	7.200000e+01	
2.000000e+00	7.200000e+01	
2.000000e+00	7.200000e+01	
2.000000e+00	7.000000e+01	
2.000000e+00	7.200000e+01	
2.000000e+00	7.100000e+01	
2.000000e+00	7.200000e+01	
2.000000e+00	7.200000e+01	
2.000000e+00	7.200000e+01	
2.000000e+00	7.200000e+01	
2.000000e+00	6.800000e+01	
