# This file contains the data of final population
# of objectives = 2, # of constraints = 0, # of real_var = 0, # of bits of bin_var = 156, constr_violation, rank, crowding_distance
1.320000e+01	3.177000e+03	
1.300000e+01	3.772000e+03	
1.310000e+01	3.635000e+03	
1.310000e+01	3.639000e+03	
1.310000e+01	3.639000e+03	
1.310000e+01	3.639000e+03	
1.320000e+01	3.179000e+03	
1.310000e+01	3.647000e+03	
1.320000e+01	3.180000e+03	
1.320000e+01	3.180000e+03	
1.320000e+01	3.180000e+03	
1.320000e+01	3.180000e+03	
1.320000e+01	3.184000e+03	
1.320000e+01	3.184000e+03	
1.320000e+01	3.184000e+03	
1.320000e+01	3.184000e+03	
1.320000e+01	3.184000e+03	
1.320000e+01	3.184000e+03	
1.320000e+01	3.184000e+03	
1.310000e+01	3.651000e+03	
1.310000e+01	3.651000e+03	
1.310000e+01	3.651000e+03	
1.310000e+01	3.651000e+03	
1.320000e+01	3.185000e+03	
1.310000e+01	3.655000e+03	
1.310000e+01	3.659000e+03	
1.320000e+01	3.186000e+03	
1.320000e+01	3.186000e+03	
1.310000e+01	3.659000e+03	
1.320000e+01	3.187000e+03	
1.320000e+01	3.187000e+03	
1.310000e+01	3.663000e+03	
1.310000e+01	3.663000e+03	
1.310000e+01	3.663000e+03	
1.310000e+01	3.666000e+03	
1.320000e+01	3.188000e+03	
1.320000e+01	3.188000e+03	
1.320000e+01	3.188000e+03	
1.320000e+01	3.188000e+03	
1.320000e+01	3.188000e+03	
1.320000e+01	3.188000e+03	
1.320000e+01	3.188000e+03	
1.320000e+01	3.188000e+03	
1.320000e+01	3.188000e+03	
1.320000e+01	3.188000e+03	
1.320000e+01	3.188000e+03	
1.310000e+01	3.667000e+03	
1.320000e+01	3.189000e+03	
1.310000e+01	3.667000e+03	
1.310000e+01	3.667000e+03	
1.320000e+01	3.189000e+03	
1.310000e+01	3.667000e+03	
1.310000e+01	3.671000e+03	
1.320000e+01	3.190000e+03	
1.320000e+01	3.190000e+03	
1.320000e+01	3.190000e+03	
1.320000e+01	3.190000e+03	
1.320000e+01	3.190000e+03	
1.320000e+01	3.190000e+03	
1.310000e+01	3.671000e+03	
1.310000e+01	3.671000e+03	
1.310000e+01	3.671000e+03	
1.310000e+01	3.671000e+03	
1.310000e+01	3.671000e+03	
1.310000e+01	3.671000e+03	
1.320000e+01	3.191000e+03	
1.320000e+01	3.191000e+03	
1.320000e+01	3.191000e+03	
1.320000e+01	3.191000e+03	
1.320000e+01	3.191000e+03	
1.320000e+01	3.191000e+03	
1.320000e+01	3.191000e+03	
1.320000e+01	3.191000e+03	
1.320000e+01	3.191000e+03	
1.320000e+01	3.191000e+03	
1.320000e+01	3.191000e+03	
1.320000e+01	3.191000e+03	
1.320000e+01	3.191000e+03	
1.310000e+01	3.674000e+03	
1.320000e+01	3.192000e+03	
1.320000e+01	3.192000e+03	
1.320000e+01	3.192000e+03	
1.320000e+01	3.192000e+03	
1.320000e+01	3.192000e+03	
1.320000e+01	3.192000e+03	
1.320000e+01	3.192000e+03	
1.320000e+01	3.192000e+03	
1.320000e+01	3.192000e+03	
1.320000e+01	3.192000e+03	
1.320000e+01	3.192000e+03	
1.320000e+01	3.192000e+03	
1.320000e+01	3.192000e+03	
1.320000e+01	3.192000e+03	
1.320000e+01	3.192000e+03	
1.320000e+01	3.192000e+03	
1.320000e+01	3.192000e+03	
1.320000e+01	3.192000e+03	
1.320000e+01	3.192000e+03	
1.320000e+01	3.192000e+03	
1.320000e+01	3.192000e+03	
1.320000e+01	3.192000e+03	
1.320000e+01	3.192000e+03	
1.320000e+01	3.192000e+03	
1.320000e+01	3.192000e+03	
1.320000e+01	3.192000e+03	
1.320000e+01	3.192000e+03	
1.310000e+01	3.675000e+03	
1.320000e+01	3.192000e+03	
1.320000e+01	3.193000e+03	
1.320000e+01	3.193000e+03	
1.320000e+01	3.193000e+03	
1.320000e+01	3.193000e+03	
1.320000e+01	3.193000e+03	
1.320000e+01	3.193000e+03	
1.320000e+01	3.193000e+03	
1.320000e+01	3.193000e+03	
1.320000e+01	3.193000e+03	
1.320000e+01	3.193000e+03	
1.320000e+01	3.193000e+03	
1.320000e+01	3.193000e+03	
1.310000e+01	3.679000e+03	
1.310000e+01	3.679000e+03	
1.310000e+01	3.679000e+03	
1.310000e+01	3.679000e+03	
1.310000e+01	3.679000e+03	
1.310000e+01	3.679000e+03	
1.310000e+01	3.679000e+03	
1.310000e+01	3.683000e+03	
1.320000e+01	3.194000e+03	
1.310000e+01	3.683000e+03	
1.310000e+01	3.683000e+03	
1.320000e+01	3.194000e+03	
1.320000e+01	3.194000e+03	
1.320000e+01	3.194000e+03	
1.320000e+01	3.194000e+03	
1.320000e+01	3.194000e+03	
1.320000e+01	3.194000e+03	
1.320000e+01	3.194000e+03	
1.320000e+01	3.194000e+03	
1.320000e+01	3.194000e+03	
1.320000e+01	3.194000e+03	
1.320000e+01	3.194000e+03	
1.320000e+01	3.194000e+03	
1.310000e+01	3.683000e+03	
1.310000e+01	3.683000e+03	
1.310000e+01	3.683000e+03	
1.310000e+01	3.683000e+03	
1.320000e+01	3.195000e+03	
1.320000e+01	3.195000e+03	
1.320000e+01	3.195000e+03	
1.320000e+01	3.195000e+03	
1.320000e+01	3.195000e+03	
1.320000e+01	3.195000e+03	
1.320000e+01	3.195000e+03	
1.320000e+01	3.195000e+03	
1.320000e+01	3.195000e+03	
1.320000e+01	3.195000e+03	
1.320000e+01	3.195000e+03	
1.320000e+01	3.195000e+03	
1.320000e+01	3.195000e+03	
1.320000e+01	3.195000e+03	
1.320000e+01	3.195000e+03	
1.320000e+01	3.195000e+03	
1.320000e+01	3.195000e+03	
1.310000e+01	3.687000e+03	
1.320000e+01	3.195000e+03	
1.320000e+01	3.196000e+03	
1.320000e+01	3.196000e+03	
1.320000e+01	3.196000e+03	
1.320000e+01	3.196000e+03	
1.320000e+01	3.196000e+03	
1.320000e+01	3.196000e+03	
1.320000e+01	3.196000e+03	
1.320000e+01	3.196000e+03	
1.320000e+01	3.196000e+03	
1.320000e+01	3.196000e+03	
1.320000e+01	3.196000e+03	
1.320000e+01	3.196000e+03	
1.320000e+01	3.196000e+03	
1.320000e+01	3.196000e+03	
1.320000e+01	3.196000e+03	
1.320000e+01	3.196000e+03	
1.320000e+01	3.196000e+03	
1.320000e+01	3.196000e+03	
1.320000e+01	3.196000e+03	
1.320000e+01	3.196000e+03	
1.320000e+01	3.196000e+03	
1.320000e+01	3.196000e+03	
1.320000e+01	3.196000e+03	
1.320000e+01	3.196000e+03	
1.320000e+01	3.196000e+03	
1.320000e+01	3.196000e+03	
1.320000e+01	3.196000e+03	
1.320000e+01	3.196000e+03	
1.320000e+01	3.196000e+03	
1.320000e+01	3.196000e+03	
1.320000e+01	3.196000e+03	
1.320000e+01	3.196000e+03	
1.320000e+01	3.196000e+03	
1.320000e+01	3.196000e+03	
1.320000e+01	3.196000e+03	
1.320000e+01	3.196000e+03	
1.320000e+01	3.196000e+03	
1.320000e+01	3.196000e+03	
1.320000e+01	3.196000e+03	
1.320000e+01	3.196000e+03	
1.320000e+01	3.196000e+03	
1.320000e+01	3.196000e+03	
1.320000e+01	3.196000e+03	
1.320000e+01	3.196000e+03	
1.320000e+01	3.196000e+03	
1.310000e+01	3.691000e+03	
1.310000e+01	3.691000e+03	
1.310000e+01	3.691000e+03	
1.310000e+01	3.691000e+03	
1.320000e+01	3.196000e+03	
1.320000e+01	3.196000e+03	
1.310000e+01	3.695000e+03	
1.310000e+01	3.695000e+03	
1.320000e+01	3.197000e+03	
1.320000e+01	3.197000e+03	
1.320000e+01	3.197000e+03	
1.320000e+01	3.197000e+03	
1.320000e+01	3.197000e+03	
1.320000e+01	3.197000e+03	
1.320000e+01	3.197000e+03	
1.320000e+01	3.197000e+03	
1.320000e+01	3.197000e+03	
1.320000e+01	3.197000e+03	
1.320000e+01	3.197000e+03	
1.320000e+01	3.197000e+03	
1.320000e+01	3.197000e+03	
1.320000e+01	3.197000e+03	
1.320000e+01	3.197000e+03	
1.320000e+01	3.197000e+03	
1.320000e+01	3.197000e+03	
1.320000e+01	3.197000e+03	
1.310000e+01	3.695000e+03	
1.310000e+01	3.695000e+03	
1.310000e+01	3.695000e+03	
1.310000e+01	3.695000e+03	
1.310000e+01	3.696000e+03	
1.320000e+01	3.198000e+03	
1.320000e+01	3.198000e+03	
1.320000e+01	3.198000e+03	
1.320000e+01	3.198000e+03	
1.320000e+01	3.198000e+03	
1.320000e+01	3.198000e+03	
1.320000e+01	3.198000e+03	
1.320000e+01	3.198000e+03	
1.320000e+01	3.198000e+03	
1.320000e+01	3.198000e+03	
1.320000e+01	3.198000e+03	
1.320000e+01	3.198000e+03	
1.320000e+01	3.198000e+03	
1.320000e+01	3.198000e+03	
