# This file contains the data of initial population
# of objectives = 2, # of constraints = 0, # of real_var = 0, # of bits of bin_var = 28, constr_violation, rank, crowding_distance
7.000000e+00	5.430000e+02	
7.400000e+00	5.330000e+02	
6.200000e+00	5.150000e+02	
6.600000e+00	5.580000e+02	
7.200000e+00	6.290000e+02	
6.200000e+00	5.200000e+02	
6.700000e+00	5.470000e+02	
6.700000e+00	5.210000e+02	
7.500000e+00	5.010000e+02	
7.700000e+00	4.400000e+02	
7.600000e+00	6.460000e+02	
7.500000e+00	7.480000e+02	
7.200000e+00	4.730000e+02	
7.200000e+00	4.770000e+02	
7.200000e+00	5.330000e+02	
7.400000e+00	6.470000e+02	
7.200000e+00	5.300000e+02	
6.600000e+00	6.290000e+02	
7.500000e+00	5.100000e+02	
7.500000e+00	6.140000e+02	
6.900000e+00	4.600000e+02	
7.100000e+00	4.970000e+02	
7.700000e+00	6.760000e+02	
7.700000e+00	6.140000e+02	
6.700000e+00	5.880000e+02	
7.700000e+00	5.120000e+02	
7.600000e+00	4.840000e+02	
6.400000e+00	5.350000e+02	
6.600000e+00	5.910000e+02	
7.200000e+00	6.860000e+02	
6.700000e+00	5.850000e+02	
7.300000e+00	5.110000e+02	
7.600000e+00	5.100000e+02	
6.200000e+00	5.220000e+02	
7.200000e+00	4.870000e+02	
7.400000e+00	6.430000e+02	
7.600000e+00	6.450000e+02	
6.700000e+00	5.290000e+02	
7.200000e+00	7.260000e+02	
6.700000e+00	5.130000e+02	
7.200000e+00	5.270000e+02	
6.900000e+00	6.690000e+02	
7.500000e+00	6.100000e+02	
7.000000e+00	6.260000e+02	
6.700000e+00	6.640000e+02	
7.600000e+00	4.820000e+02	
7.600000e+00	6.790000e+02	
6.400000e+00	4.840000e+02	
7.300000e+00	5.120000e+02	
7.600000e+00	5.230000e+02	
6.700000e+00	5.210000e+02	
7.200000e+00	5.310000e+02	
6.400000e+00	5.600000e+02	
6.900000e+00	5.070000e+02	
6.600000e+00	6.230000e+02	
7.200000e+00	5.920000e+02	
7.300000e+00	4.750000e+02	
7.500000e+00	5.550000e+02	
6.700000e+00	5.080000e+02	
6.500000e+00	5.480000e+02	
7.000000e+00	5.340000e+02	
6.700000e+00	5.020000e+02	
7.200000e+00	4.780000e+02	
7.000000e+00	5.250000e+02	
7.000000e+00	5.270000e+02	
7.600000e+00	6.940000e+02	
7.200000e+00	5.170000e+02	
6.500000e+00	5.180000e+02	
6.600000e+00	4.880000e+02	
6.700000e+00	6.650000e+02	
6.600000e+00	5.670000e+02	
6.400000e+00	5.630000e+02	
7.600000e+00	5.230000e+02	
7.000000e+00	5.190000e+02	
7.700000e+00	5.100000e+02	
7.000000e+00	5.500000e+02	
7.600000e+00	6.110000e+02	
7.000000e+00	5.440000e+02	
6.400000e+00	5.100000e+02	
6.400000e+00	5.300000e+02	
6.800000e+00	4.940000e+02	
6.400000e+00	5.400000e+02	
7.600000e+00	6.080000e+02	
7.100000e+00	4.990000e+02	
7.100000e+00	5.040000e+02	
6.900000e+00	5.310000e+02	
7.000000e+00	5.610000e+02	
6.100000e+00	5.460000e+02	
7.000000e+00	5.230000e+02	
7.600000e+00	6.060000e+02	
6.400000e+00	5.720000e+02	
6.600000e+00	5.380000e+02	
6.700000e+00	5.150000e+02	
6.200000e+00	5.190000e+02	
6.400000e+00	5.300000e+02	
7.200000e+00	5.600000e+02	
6.200000e+00	4.540000e+02	
7.200000e+00	5.740000e+02	
7.600000e+00	6.940000e+02	
7.700000e+00	6.580000e+02	
7.500000e+00	4.950000e+02	
7.100000e+00	5.060000e+02	
7.300000e+00	4.810000e+02	
6.600000e+00	5.150000e+02	
6.900000e+00	5.800000e+02	
6.600000e+00	6.110000e+02	
7.300000e+00	5.440000e+02	
6.800000e+00	4.940000e+02	
7.300000e+00	5.750000e+02	
7.100000e+00	4.970000e+02	
7.600000e+00	5.250000e+02	
5.800000e+00	5.210000e+02	
7.300000e+00	5.520000e+02	
7.600000e+00	5.500000e+02	
7.700000e+00	6.580000e+02	
7.000000e+00	6.200000e+02	
6.600000e+00	5.950000e+02	
7.600000e+00	6.420000e+02	
7.100000e+00	4.980000e+02	
7.100000e+00	4.990000e+02	
7.000000e+00	5.070000e+02	
6.600000e+00	4.900000e+02	
7.600000e+00	6.780000e+02	
7.400000e+00	5.000000e+02	
7.100000e+00	4.980000e+02	
7.600000e+00	6.050000e+02	
7.000000e+00	5.710000e+02	
7.300000e+00	5.110000e+02	
7.300000e+00	6.090000e+02	
7.000000e+00	6.290000e+02	
6.900000e+00	5.450000e+02	
7.000000e+00	5.410000e+02	
6.600000e+00	5.280000e+02	
6.200000e+00	4.930000e+02	
7.600000e+00	5.560000e+02	
7.000000e+00	5.550000e+02	
7.600000e+00	6.260000e+02	
7.600000e+00	5.250000e+02	
7.600000e+00	5.240000e+02	
7.000000e+00	5.410000e+02	
7.600000e+00	6.850000e+02	
7.000000e+00	5.100000e+02	
7.200000e+00	5.750000e+02	
7.200000e+00	4.200000e+02	
6.900000e+00	5.280000e+02	
7.000000e+00	6.750000e+02	
7.000000e+00	5.210000e+02	
6.100000e+00	5.270000e+02	
7.600000e+00	5.380000e+02	
7.700000e+00	5.390000e+02	
7.200000e+00	5.520000e+02	
7.700000e+00	6.690000e+02	
7.200000e+00	5.670000e+02	
7.500000e+00	5.580000e+02	
7.000000e+00	5.150000e+02	
6.000000e+00	5.150000e+02	
7.200000e+00	5.090000e+02	
6.300000e+00	4.860000e+02	
7.600000e+00	5.490000e+02	
7.500000e+00	5.240000e+02	
7.100000e+00	4.760000e+02	
7.200000e+00	5.070000e+02	
7.700000e+00	5.010000e+02	
7.600000e+00	5.350000e+02	
7.000000e+00	5.470000e+02	
7.600000e+00	6.850000e+02	
7.500000e+00	5.350000e+02	
7.500000e+00	4.960000e+02	
7.200000e+00	5.220000e+02	
6.400000e+00	4.460000e+02	
7.100000e+00	5.180000e+02	
7.600000e+00	5.570000e+02	
7.300000e+00	5.880000e+02	
6.300000e+00	5.000000e+02	
6.000000e+00	5.020000e+02	
7.200000e+00	5.410000e+02	
7.400000e+00	4.970000e+02	
7.500000e+00	5.720000e+02	
7.600000e+00	6.350000e+02	
6.400000e+00	5.260000e+02	
6.400000e+00	4.610000e+02	
6.700000e+00	5.360000e+02	
6.800000e+00	5.890000e+02	
7.000000e+00	5.280000e+02	
6.900000e+00	6.500000e+02	
6.900000e+00	6.760000e+02	
6.200000e+00	5.240000e+02	
7.600000e+00	7.250000e+02	
6.600000e+00	5.790000e+02	
7.200000e+00	5.520000e+02	
7.200000e+00	4.970000e+02	
7.000000e+00	5.580000e+02	
6.600000e+00	6.190000e+02	
7.000000e+00	4.150000e+02	
7.100000e+00	4.910000e+02	
7.100000e+00	5.800000e+02	
7.300000e+00	5.330000e+02	
7.700000e+00	5.000000e+02	
7.000000e+00	5.220000e+02	
6.600000e+00	5.470000e+02	
7.700000e+00	5.090000e+02	
7.000000e+00	5.220000e+02	
6.700000e+00	5.740000e+02	
7.300000e+00	5.360000e+02	
6.400000e+00	4.850000e+02	
7.200000e+00	4.770000e+02	
7.000000e+00	5.120000e+02	
7.000000e+00	5.620000e+02	
6.900000e+00	6.220000e+02	
7.100000e+00	5.290000e+02	
6.700000e+00	5.250000e+02	
7.700000e+00	5.970000e+02	
7.400000e+00	5.030000e+02	
7.600000e+00	5.420000e+02	
6.600000e+00	6.660000e+02	
7.100000e+00	5.060000e+02	
6.400000e+00	5.200000e+02	
7.400000e+00	4.820000e+02	
7.500000e+00	5.160000e+02	
7.700000e+00	4.840000e+02	
6.500000e+00	5.570000e+02	
7.400000e+00	7.040000e+02	
6.700000e+00	5.020000e+02	
7.200000e+00	6.380000e+02	
7.000000e+00	5.290000e+02	
6.700000e+00	5.160000e+02	
7.200000e+00	5.600000e+02	
6.900000e+00	5.720000e+02	
6.600000e+00	6.400000e+02	
7.600000e+00	5.440000e+02	
6.400000e+00	5.470000e+02	
7.100000e+00	5.650000e+02	
6.200000e+00	5.340000e+02	
7.600000e+00	4.930000e+02	
6.900000e+00	5.080000e+02	
7.600000e+00	4.160000e+02	
7.500000e+00	4.840000e+02	
7.300000e+00	6.730000e+02	
7.100000e+00	6.660000e+02	
7.600000e+00	6.470000e+02	
7.300000e+00	5.950000e+02	
7.000000e+00	5.450000e+02	
6.700000e+00	6.580000e+02	
7.300000e+00	5.140000e+02	
7.500000e+00	5.630000e+02	
6.200000e+00	5.000000e+02	
7.100000e+00	5.270000e+02	
7.300000e+00	6.330000e+02	
6.600000e+00	5.190000e+02	
7.100000e+00	5.170000e+02	
6.700000e+00	5.150000e+02	
7.200000e+00	7.090000e+02	
7.200000e+00	6.140000e+02	
6.100000e+00	5.020000e+02	
6.600000e+00	5.950000e+02	
7.500000e+00	6.950000e+02	
