# This file contains the data of initial population
# of objectives = 2, # of constraints = 0, # of real_var = 8, # of bits of bin_var = 0, constr_violation, rank, crowding_distance
1.830000e+01	7.571000e+03	
1.830000e+01	7.669000e+03	
1.830000e+01	7.646000e+03	
1.830000e+01	7.655000e+03	
1.830000e+01	7.667000e+03	
1.830000e+01	7.671000e+03	
1.830000e+01	7.513000e+03	
1.830000e+01	7.657000e+03	
1.830000e+01	7.674000e+03	
1.830000e+01	7.531000e+03	
1.830000e+01	7.639000e+03	
1.830000e+01	7.669000e+03	
1.830000e+01	7.574000e+03	
1.830000e+01	7.659000e+03	
1.830000e+01	7.550000e+03	
1.830000e+01	7.625000e+03	
1.830000e+01	7.666000e+03	
1.830000e+01	7.627000e+03	
1.830000e+01	7.653000e+03	
1.830000e+01	7.668000e+03	
1.830000e+01	7.664000e+03	
1.830000e+01	7.617000e+03	
1.830000e+01	7.675000e+03	
1.830000e+01	7.642000e+03	
1.830000e+01	7.657000e+03	
1.830000e+01	7.663000e+03	
1.830000e+01	7.662000e+03	
1.830000e+01	7.603000e+03	
1.830000e+01	7.626000e+03	
1.830000e+01	7.598000e+03	
1.830000e+01	7.656000e+03	
1.830000e+01	7.552000e+03	
1.830000e+01	7.670000e+03	
1.830000e+01	7.599000e+03	
1.830000e+01	7.575000e+03	
1.830000e+01	7.652000e+03	
1.830000e+01	7.572000e+03	
1.830000e+01	7.662000e+03	
1.830000e+01	7.592000e+03	
1.830000e+01	7.639000e+03	
1.830000e+01	7.663000e+03	
1.830000e+01	7.595000e+03	
1.830000e+01	7.636000e+03	
1.830000e+01	7.596000e+03	
1.830000e+01	7.623000e+03	
1.830000e+01	7.621000e+03	
1.830000e+01	7.636000e+03	
1.830000e+01	7.672000e+03	
1.830000e+01	7.630000e+03	
1.830000e+01	7.573000e+03	
1.830000e+01	7.592000e+03	
1.830000e+01	7.594000e+03	
1.830000e+01	7.635000e+03	
1.830000e+01	7.669000e+03	
1.830000e+01	7.658000e+03	
1.830000e+01	7.662000e+03	
1.830000e+01	7.670000e+03	
1.830000e+01	7.591000e+03	
1.830000e+01	7.639000e+03	
1.830000e+01	7.671000e+03	
1.830000e+01	7.623000e+03	
1.830000e+01	7.565000e+03	
1.830000e+01	7.662000e+03	
1.830000e+01	7.662000e+03	
1.830000e+01	7.647000e+03	
1.830000e+01	7.567000e+03	
1.830000e+01	7.611000e+03	
1.830000e+01	7.635000e+03	
1.830000e+01	7.603000e+03	
1.830000e+01	7.655000e+03	
1.830000e+01	7.618000e+03	
1.830000e+01	7.667000e+03	
1.830000e+01	7.634000e+03	
1.830000e+01	7.619000e+03	
1.830000e+01	7.665000e+03	
1.830000e+01	7.656000e+03	
1.830000e+01	7.672000e+03	
1.830000e+01	7.631000e+03	
1.830000e+01	7.555000e+03	
1.830000e+01	7.639000e+03	
1.830000e+01	7.576000e+03	
1.830000e+01	7.535000e+03	
1.830000e+01	7.657000e+03	
1.830000e+01	7.673000e+03	
1.830000e+01	7.645000e+03	
1.830000e+01	7.673000e+03	
1.830000e+01	7.656000e+03	
1.830000e+01	7.622000e+03	
1.830000e+01	7.575000e+03	
1.830000e+01	7.653000e+03	
1.830000e+01	7.673000e+03	
1.830000e+01	7.663000e+03	
1.830000e+01	7.547000e+03	
1.830000e+01	7.607000e+03	
1.830000e+01	7.664000e+03	
1.830000e+01	7.651000e+03	
1.830000e+01	7.550000e+03	
1.830000e+01	7.644000e+03	
1.830000e+01	7.664000e+03	
1.830000e+01	7.665000e+03	
1.830000e+01	7.665000e+03	
1.830000e+01	7.670000e+03	
1.830000e+01	7.666000e+03	
1.830000e+01	7.636000e+03	
1.830000e+01	7.566000e+03	
1.830000e+01	7.629000e+03	
1.830000e+01	7.612000e+03	
1.830000e+01	7.677000e+03	
1.830000e+01	7.616000e+03	
1.830000e+01	7.671000e+03	
1.830000e+01	7.665000e+03	
1.830000e+01	7.589000e+03	
1.830000e+01	7.670000e+03	
1.830000e+01	7.622000e+03	
1.830000e+01	7.636000e+03	
1.830000e+01	7.677000e+03	
1.830000e+01	7.662000e+03	
1.830000e+01	7.641000e+03	
1.830000e+01	7.557000e+03	
1.830000e+01	7.638000e+03	
1.830000e+01	7.622000e+03	
1.830000e+01	7.674000e+03	
1.830000e+01	7.653000e+03	
1.830000e+01	7.674000e+03	
1.830000e+01	7.602000e+03	
1.830000e+01	7.664000e+03	
1.830000e+01	7.661000e+03	
1.830000e+01	7.618000e+03	
1.830000e+01	7.618000e+03	
1.830000e+01	7.555000e+03	
1.830000e+01	7.566000e+03	
1.830000e+01	7.616000e+03	
1.830000e+01	7.587000e+03	
1.830000e+01	7.663000e+03	
1.830000e+01	7.663000e+03	
1.830000e+01	7.669000e+03	
1.830000e+01	7.667000e+03	
1.830000e+01	7.585000e+03	
1.830000e+01	7.609000e+03	
1.830000e+01	7.677000e+03	
1.830000e+01	7.513000e+03	
1.830000e+01	7.629000e+03	
1.830000e+01	7.571000e+03	
1.830000e+01	7.662000e+03	
1.830000e+01	7.583000e+03	
1.830000e+01	7.618000e+03	
1.830000e+01	7.662000e+03	
1.830000e+01	7.629000e+03	
1.830000e+01	7.674000e+03	
1.830000e+01	7.556000e+03	
1.830000e+01	7.649000e+03	
1.830000e+01	7.647000e+03	
1.830000e+01	7.583000e+03	
1.830000e+01	7.572000e+03	
1.830000e+01	7.675000e+03	
1.830000e+01	7.541000e+03	
1.830000e+01	7.487000e+03	
1.830000e+01	7.575000e+03	
1.830000e+01	7.674000e+03	
1.830000e+01	7.656000e+03	
1.830000e+01	7.672000e+03	
1.830000e+01	7.658000e+03	
1.830000e+01	7.557000e+03	
1.830000e+01	7.661000e+03	
1.830000e+01	7.541000e+03	
1.830000e+01	7.576000e+03	
1.830000e+01	7.631000e+03	
1.830000e+01	7.581000e+03	
1.830000e+01	7.653000e+03	
1.830000e+01	7.677000e+03	
1.830000e+01	7.585000e+03	
1.830000e+01	7.672000e+03	
1.830000e+01	7.642000e+03	
1.830000e+01	7.621000e+03	
1.830000e+01	7.591000e+03	
1.830000e+01	7.669000e+03	
1.830000e+01	7.641000e+03	
1.830000e+01	7.583000e+03	
1.830000e+01	7.659000e+03	
1.830000e+01	7.591000e+03	
1.830000e+01	7.672000e+03	
1.830000e+01	7.657000e+03	
1.830000e+01	7.657000e+03	
1.830000e+01	7.670000e+03	
1.830000e+01	7.661000e+03	
1.830000e+01	7.631000e+03	
1.830000e+01	7.646000e+03	
1.830000e+01	7.661000e+03	
1.830000e+01	7.666000e+03	
1.830000e+01	7.607000e+03	
1.830000e+01	7.636000e+03	
1.830000e+01	7.637000e+03	
1.830000e+01	7.680000e+03	
1.830000e+01	7.663000e+03	
1.830000e+01	7.675000e+03	
1.830000e+01	7.628000e+03	
1.830000e+01	7.660000e+03	
1.830000e+01	7.674000e+03	
1.830000e+01	7.639000e+03	
1.830000e+01	7.674000e+03	
1.830000e+01	7.639000e+03	
1.830000e+01	7.631000e+03	
1.830000e+01	7.678000e+03	
1.830000e+01	7.621000e+03	
1.830000e+01	7.634000e+03	
1.830000e+01	7.656000e+03	
1.830000e+01	7.643000e+03	
1.830000e+01	7.658000e+03	
1.830000e+01	7.665000e+03	
1.830000e+01	7.608000e+03	
1.830000e+01	7.570000e+03	
1.830000e+01	7.663000e+03	
1.830000e+01	7.638000e+03	
1.830000e+01	7.671000e+03	
1.830000e+01	7.565000e+03	
1.830000e+01	7.635000e+03	
1.830000e+01	7.616000e+03	
1.830000e+01	7.645000e+03	
1.830000e+01	7.572000e+03	
1.830000e+01	7.671000e+03	
1.830000e+01	7.517000e+03	
1.830000e+01	7.559000e+03	
1.830000e+01	7.661000e+03	
1.830000e+01	7.664000e+03	
1.830000e+01	7.571000e+03	
1.830000e+01	7.638000e+03	
1.830000e+01	7.673000e+03	
1.830000e+01	7.638000e+03	
1.830000e+01	7.532000e+03	
1.830000e+01	7.599000e+03	
1.830000e+01	7.669000e+03	
1.830000e+01	7.639000e+03	
1.830000e+01	7.673000e+03	
1.830000e+01	7.637000e+03	
1.830000e+01	7.576000e+03	
1.830000e+01	7.664000e+03	
1.830000e+01	7.668000e+03	
1.830000e+01	7.637000e+03	
1.830000e+01	7.624000e+03	
1.830000e+01	7.585000e+03	
1.830000e+01	7.666000e+03	
1.830000e+01	7.670000e+03	
1.830000e+01	7.669000e+03	
1.830000e+01	7.593000e+03	
1.830000e+01	7.654000e+03	
1.830000e+01	7.663000e+03	
1.830000e+01	7.634000e+03	
1.830000e+01	7.653000e+03	
1.830000e+01	7.625000e+03	
1.830000e+01	7.665000e+03	
1.830000e+01	7.558000e+03	
1.830000e+01	7.611000e+03	
1.830000e+01	7.671000e+03	
1.830000e+01	7.661000e+03	
1.830000e+01	7.678000e+03	
1.830000e+01	7.674000e+03	
