# This file contains the data of final feasible population (if found)
# of objectives = 2, # of constraints = 0, # of real_var = 0, # of bits of bin_var = 14, constr_violation, rank, crowding_distance
1.000000e+01	3.260000e+02	
9.500000e+00	4.380000e+02	
9.600000e+00	4.270000e+02	
1.000000e+01	3.260000e+02	
1.000000e+01	3.260000e+02	
9.600000e+00	4.270000e+02	
9.600000e+00	4.270000e+02	
9.500000e+00	4.380000e+02	
9.500000e+00	4.380000e+02	
9.600000e+00	4.270000e+02	
9.500000e+00	4.380000e+02	
1.000000e+01	3.260000e+02	
1.000000e+01	3.260000e+02	
1.000000e+01	3.260000e+02	
1.000000e+01	3.260000e+02	
9.500000e+00	4.380000e+02	
1.000000e+01	3.260000e+02	
1.000000e+01	3.260000e+02	
1.000000e+01	3.260000e+02	
1.000000e+01	3.260000e+02	
1.000000e+01	3.260000e+02	
1.000000e+01	3.260000e+02	
1.000000e+01	3.260000e+02	
9.500000e+00	4.380000e+02	
1.000000e+01	3.260000e+02	
9.500000e+00	4.380000e+02	
9.600000e+00	4.270000e+02	
1.000000e+01	3.260000e+02	
1.000000e+01	3.260000e+02	
1.000000e+01	3.260000e+02	
9.600000e+00	4.270000e+02	
1.000000e+01	3.260000e+02	
1.000000e+01	3.260000e+02	
1.000000e+01	3.260000e+02	
1.000000e+01	3.260000e+02	
1.000000e+01	3.260000e+02	
1.000000e+01	3.260000e+02	
1.000000e+01	3.260000e+02	
1.000000e+01	3.260000e+02	
1.000000e+01	3.260000e+02	
1.000000e+01	3.260000e+02	
1.000000e+01	3.260000e+02	
1.000000e+01	3.260000e+02	
1.000000e+01	3.260000e+02	
1.000000e+01	3.260000e+02	
9.500000e+00	4.380000e+02	
9.600000e+00	4.270000e+02	
1.000000e+01	3.260000e+02	
1.000000e+01	3.260000e+02	
1.000000e+01	3.260000e+02	
1.000000e+01	3.260000e+02	
1.000000e+01	3.260000e+02	
9.600000e+00	4.270000e+02	
1.000000e+01	3.260000e+02	
1.000000e+01	3.260000e+02	
9.500000e+00	4.380000e+02	
9.500000e+00	4.380000e+02	
1.000000e+01	3.260000e+02	
1.000000e+01	3.260000e+02	
1.000000e+01	3.260000e+02	
1.000000e+01	3.260000e+02	
1.000000e+01	3.260000e+02	
1.000000e+01	3.260000e+02	
9.500000e+00	4.380000e+02	
1.000000e+01	3.260000e+02	
1.000000e+01	3.260000e+02	
1.000000e+01	3.260000e+02	
9.500000e+00	4.380000e+02	
1.000000e+01	3.260000e+02	
9.600000e+00	4.270000e+02	
1.000000e+01	3.260000e+02	
1.000000e+01	3.260000e+02	
1.000000e+01	3.260000e+02	
1.000000e+01	3.260000e+02	
1.000000e+01	3.260000e+02	
1.000000e+01	3.260000e+02	
1.000000e+01	3.260000e+02	
1.000000e+01	3.260000e+02	
1.000000e+01	3.260000e+02	
1.000000e+01	3.260000e+02	
1.000000e+01	3.260000e+02	
9.600000e+00	4.270000e+02	
1.000000e+01	3.260000e+02	
1.000000e+01	3.260000e+02	
1.000000e+01	3.260000e+02	
1.000000e+01	3.260000e+02	
1.000000e+01	3.260000e+02	
9.600000e+00	4.270000e+02	
1.000000e+01	3.260000e+02	
1.000000e+01	3.260000e+02	
1.000000e+01	3.260000e+02	
1.000000e+01	3.260000e+02	
1.000000e+01	3.260000e+02	
1.000000e+01	3.260000e+02	
9.600000e+00	4.270000e+02	
9.500000e+00	4.380000e+02	
1.000000e+01	3.260000e+02	
1.000000e+01	3.260000e+02	
1.000000e+01	3.260000e+02	
1.000000e+01	3.260000e+02	
1.000000e+01	3.260000e+02	
1.000000e+01	3.260000e+02	
1.000000e+01	3.260000e+02	
1.000000e+01	3.260000e+02	
1.000000e+01	3.260000e+02	
1.000000e+01	3.260000e+02	
1.000000e+01	3.260000e+02	
1.000000e+01	3.260000e+02	
9.600000e+00	4.270000e+02	
9.500000e+00	4.380000e+02	
9.600000e+00	4.270000e+02	
1.000000e+01	3.260000e+02	
1.000000e+01	3.260000e+02	
1.000000e+01	3.260000e+02	
1.000000e+01	3.260000e+02	
1.000000e+01	3.260000e+02	
9.600000e+00	4.270000e+02	
1.000000e+01	3.260000e+02	
9.500000e+00	4.380000e+02	
1.000000e+01	3.260000e+02	
1.000000e+01	3.260000e+02	
1.000000e+01	3.260000e+02	
1.000000e+01	3.260000e+02	
1.000000e+01	3.260000e+02	
9.600000e+00	4.270000e+02	
1.000000e+01	3.260000e+02	
9.600000e+00	4.270000e+02	
1.000000e+01	3.260000e+02	
1.000000e+01	3.260000e+02	
1.000000e+01	3.260000e+02	
9.500000e+00	4.380000e+02	
1.000000e+01	3.260000e+02	
9.600000e+00	4.270000e+02	
1.000000e+01	3.260000e+02	
1.000000e+01	3.260000e+02	
1.000000e+01	3.260000e+02	
9.500000e+00	4.380000e+02	
1.000000e+01	3.260000e+02	
1.000000e+01	3.260000e+02	
1.000000e+01	3.260000e+02	
1.000000e+01	3.260000e+02	
1.000000e+01	3.260000e+02	
1.000000e+01	3.260000e+02	
1.000000e+01	3.260000e+02	
1.000000e+01	3.260000e+02	
1.000000e+01	3.260000e+02	
1.000000e+01	3.260000e+02	
1.000000e+01	3.260000e+02	
9.500000e+00	4.380000e+02	
1.000000e+01	3.260000e+02	
1.000000e+01	3.260000e+02	
9.500000e+00	4.380000e+02	
1.000000e+01	3.260000e+02	
9.500000e+00	4.380000e+02	
9.600000e+00	4.270000e+02	
1.000000e+01	3.260000e+02	
1.000000e+01	3.260000e+02	
1.000000e+01	3.260000e+02	
1.000000e+01	3.260000e+02	
1.000000e+01	3.260000e+02	
1.000000e+01	3.260000e+02	
1.000000e+01	3.260000e+02	
9.500000e+00	4.380000e+02	
1.000000e+01	3.260000e+02	
9.600000e+00	4.270000e+02	
1.000000e+01	3.260000e+02	
1.000000e+01	3.260000e+02	
1.000000e+01	3.260000e+02	
1.000000e+01	3.260000e+02	
9.500000e+00	4.380000e+02	
1.000000e+01	3.260000e+02	
1.000000e+01	3.260000e+02	
9.600000e+00	4.270000e+02	
9.500000e+00	4.380000e+02	
9.600000e+00	4.270000e+02	
1.000000e+01	3.260000e+02	
1.000000e+01	3.260000e+02	
1.000000e+01	3.260000e+02	
1.000000e+01	3.260000e+02	
1.000000e+01	3.260000e+02	
1.000000e+01	3.260000e+02	
9.500000e+00	4.380000e+02	
1.000000e+01	3.260000e+02	
1.000000e+01	3.260000e+02	
1.000000e+01	3.260000e+02	
1.000000e+01	3.260000e+02	
1.000000e+01	3.260000e+02	
1.000000e+01	3.260000e+02	
1.000000e+01	3.260000e+02	
1.000000e+01	3.260000e+02	
1.000000e+01	3.260000e+02	
1.000000e+01	3.260000e+02	
1.000000e+01	3.260000e+02	
9.500000e+00	4.380000e+02	
1.000000e+01	3.260000e+02	
9.600000e+00	4.270000e+02	
1.000000e+01	3.260000e+02	
1.000000e+01	3.260000e+02	
1.000000e+01	3.260000e+02	
1.000000e+01	3.260000e+02	
1.000000e+01	3.260000e+02	
1.000000e+01	3.260000e+02	
1.000000e+01	3.260000e+02	
1.000000e+01	3.260000e+02	
1.000000e+01	3.260000e+02	
1.000000e+01	3.260000e+02	
9.600000e+00	4.270000e+02	
1.000000e+01	3.260000e+02	
9.500000e+00	4.380000e+02	
9.600000e+00	4.270000e+02	
9.500000e+00	4.380000e+02	
9.500000e+00	4.380000e+02	
1.000000e+01	3.260000e+02	
1.000000e+01	3.260000e+02	
1.000000e+01	3.260000e+02	
1.000000e+01	3.260000e+02	
9.600000e+00	4.270000e+02	
1.000000e+01	3.260000e+02	
9.600000e+00	4.270000e+02	
1.000000e+01	3.260000e+02	
1.000000e+01	3.260000e+02	
1.000000e+01	3.260000e+02	
1.000000e+01	3.260000e+02	
9.600000e+00	4.270000e+02	
9.600000e+00	4.270000e+02	
1.000000e+01	3.260000e+02	
1.000000e+01	3.260000e+02	
1.000000e+01	3.260000e+02	
1.000000e+01	3.260000e+02	
1.000000e+01	3.260000e+02	
9.600000e+00	4.270000e+02	
1.000000e+01	3.260000e+02	
1.000000e+01	3.260000e+02	
1.000000e+01	3.260000e+02	
1.000000e+01	3.260000e+02	
9.500000e+00	4.380000e+02	
1.000000e+01	3.260000e+02	
1.000000e+01	3.260000e+02	
1.000000e+01	3.260000e+02	
1.000000e+01	3.260000e+02	
1.000000e+01	3.260000e+02	
1.000000e+01	3.260000e+02	
1.000000e+01	3.260000e+02	
9.600000e+00	4.270000e+02	
1.000000e+01	3.260000e+02	
1.000000e+01	3.260000e+02	
1.000000e+01	3.260000e+02	
1.000000e+01	3.260000e+02	
1.000000e+01	3.260000e+02	
9.500000e+00	4.380000e+02	
1.000000e+01	3.260000e+02	
9.600000e+00	4.270000e+02	
1.000000e+01	3.260000e+02	
1.000000e+01	3.260000e+02	
1.000000e+01	3.260000e+02	
1.000000e+01	3.260000e+02	
