# This file contains the data of initial population
# of objectives = 2, # of constraints = 0, # of real_var = 0, # of bits of bin_var = 14, constr_violation, rank, crowding_distance
1.050000e+01	4.880000e+02	
1.050000e+01	4.840000e+02	
1.050000e+01	4.840000e+02	
1.050000e+01	4.850000e+02	
1.050000e+01	4.840000e+02	
1.050000e+01	4.920000e+02	
1.050000e+01	4.840000e+02	
1.110000e+01	4.800000e+02	
1.050000e+01	4.900000e+02	
1.050000e+01	4.590000e+02	
1.110000e+01	4.870000e+02	
1.050000e+01	4.880000e+02	
1.050000e+01	4.550000e+02	
1.050000e+01	4.880000e+02	
1.050000e+01	4.840000e+02	
1.050000e+01	4.880000e+02	
1.050000e+01	4.800000e+02	
1.050000e+01	4.770000e+02	
1.050000e+01	4.840000e+02	
1.050000e+01	4.550000e+02	
1.000000e+01	4.250000e+02	
1.110000e+01	4.900000e+02	
1.050000e+01	4.800000e+02	
1.050000e+01	4.800000e+02	
1.050000e+01	4.550000e+02	
1.020000e+01	3.410000e+02	
1.050000e+01	4.860000e+02	
1.050000e+01	4.800000e+02	
1.050000e+01	4.550000e+02	
1.050000e+01	4.840000e+02	
1.050000e+01	4.860000e+02	
1.050000e+01	4.770000e+02	
1.020000e+01	3.300000e+02	
1.050000e+01	4.820000e+02	
1.050000e+01	4.840000e+02	
1.050000e+01	4.800000e+02	
1.110000e+01	4.950000e+02	
1.110000e+01	4.900000e+02	
9.600000e+00	4.270000e+02	
1.000000e+01	4.720000e+02	
1.050000e+01	4.430000e+02	
1.050000e+01	4.860000e+02	
1.050000e+01	4.430000e+02	
1.050000e+01	4.700000e+02	
1.020000e+01	3.300000e+02	
1.110000e+01	4.820000e+02	
1.050000e+01	4.780000e+02	
1.050000e+01	4.800000e+02	
1.050000e+01	4.510000e+02	
1.110000e+01	4.840000e+02	
1.000000e+01	4.190000e+02	
1.050000e+01	4.430000e+02	
1.050000e+01	4.860000e+02	
1.050000e+01	4.860000e+02	
1.050000e+01	4.860000e+02	
1.050000e+01	4.840000e+02	
1.020000e+01	3.320000e+02	
1.050000e+01	4.840000e+02	
1.050000e+01	4.780000e+02	
1.110000e+01	4.950000e+02	
1.050000e+01	3.470000e+02	
1.020000e+01	3.320000e+02	
1.000000e+01	4.310000e+02	
1.050000e+01	4.880000e+02	
1.050000e+01	4.860000e+02	
1.000000e+01	3.260000e+02	
1.050000e+01	4.810000e+02	
1.050000e+01	4.840000e+02	
1.050000e+01	4.900000e+02	
1.050000e+01	4.830000e+02	
1.110000e+01	4.870000e+02	
1.050000e+01	4.800000e+02	
1.050000e+01	4.840000e+02	
1.050000e+01	4.820000e+02	
1.050000e+01	4.930000e+02	
1.050000e+01	4.800000e+02	
1.050000e+01	4.750000e+02	
1.000000e+01	4.250000e+02	
1.000000e+01	4.700000e+02	
1.110000e+01	4.840000e+02	
1.000000e+01	4.190000e+02	
1.050000e+01	4.410000e+02	
1.050000e+01	4.750000e+02	
1.050000e+01	4.800000e+02	
1.050000e+01	4.860000e+02	
1.050000e+01	4.860000e+02	
1.000000e+01	4.250000e+02	
1.000000e+01	4.780000e+02	
1.050000e+01	4.820000e+02	
1.110000e+01	4.820000e+02	
1.050000e+01	4.860000e+02	
1.050000e+01	4.860000e+02	
1.050000e+01	4.920000e+02	
1.050000e+01	4.900000e+02	
1.050000e+01	4.800000e+02	
1.000000e+01	3.260000e+02	
1.000000e+01	4.720000e+02	
1.110000e+01	4.900000e+02	
1.050000e+01	4.820000e+02	
1.020000e+01	3.410000e+02	
1.000000e+01	4.190000e+02	
9.600000e+00	4.270000e+02	
1.050000e+01	4.840000e+02	
1.050000e+01	4.720000e+02	
1.050000e+01	4.820000e+02	
1.110000e+01	4.900000e+02	
1.050000e+01	4.410000e+02	
1.050000e+01	4.820000e+02	
1.050000e+01	4.860000e+02	
1.000000e+01	4.170000e+02	
1.050000e+01	4.900000e+02	
1.110000e+01	4.890000e+02	
1.050000e+01	4.840000e+02	
1.020000e+01	3.300000e+02	
1.050000e+01	4.880000e+02	
1.050000e+01	4.620000e+02	
1.110000e+01	4.840000e+02	
1.050000e+01	4.840000e+02	
1.110000e+01	4.800000e+02	
1.050000e+01	4.930000e+02	
1.020000e+01	3.670000e+02	
1.110000e+01	4.780000e+02	
1.050000e+01	4.820000e+02	
1.000000e+01	4.720000e+02	
1.050000e+01	4.840000e+02	
1.050000e+01	4.860000e+02	
1.050000e+01	4.770000e+02	
1.000000e+01	4.170000e+02	
1.110000e+01	4.890000e+02	
9.600000e+00	4.370000e+02	
1.050000e+01	4.860000e+02	
1.110000e+01	4.900000e+02	
1.050000e+01	4.550000e+02	
1.050000e+01	4.770000e+02	
1.110000e+01	4.890000e+02	
1.110000e+01	4.800000e+02	
1.050000e+01	4.770000e+02	
1.050000e+01	4.770000e+02	
1.050000e+01	4.850000e+02	
1.050000e+01	4.820000e+02	
1.110000e+01	4.830000e+02	
1.110000e+01	4.830000e+02	
1.000000e+01	3.750000e+02	
1.050000e+01	4.930000e+02	
1.000000e+01	4.700000e+02	
1.000000e+01	4.250000e+02	
1.110000e+01	4.900000e+02	
1.050000e+01	4.720000e+02	
1.050000e+01	4.780000e+02	
1.050000e+01	4.550000e+02	
1.050000e+01	3.430000e+02	
1.050000e+01	4.900000e+02	
1.050000e+01	3.430000e+02	
1.050000e+01	4.840000e+02	
1.050000e+01	4.830000e+02	
1.000000e+01	4.170000e+02	
1.020000e+01	3.390000e+02	
1.050000e+01	4.800000e+02	
1.050000e+01	4.860000e+02	
1.050000e+01	4.800000e+02	
1.050000e+01	4.860000e+02	
1.050000e+01	4.840000e+02	
1.050000e+01	4.820000e+02	
1.000000e+01	4.250000e+02	
1.110000e+01	4.800000e+02	
1.050000e+01	4.700000e+02	
1.050000e+01	4.810000e+02	
1.050000e+01	4.860000e+02	
1.050000e+01	4.820000e+02	
1.050000e+01	4.840000e+02	
1.050000e+01	4.590000e+02	
1.050000e+01	4.900000e+02	
1.110000e+01	4.850000e+02	
1.050000e+01	4.620000e+02	
1.020000e+01	3.300000e+02	
1.000000e+01	4.790000e+02	
1.050000e+01	4.410000e+02	
1.000000e+01	4.250000e+02	
9.600000e+00	4.290000e+02	
1.050000e+01	4.550000e+02	
1.110000e+01	4.900000e+02	
1.000000e+01	4.330000e+02	
1.050000e+01	4.620000e+02	
1.050000e+01	4.630000e+02	
1.000000e+01	4.800000e+02	
1.020000e+01	3.390000e+02	
1.000000e+01	4.230000e+02	
1.110000e+01	4.870000e+02	
1.110000e+01	4.820000e+02	
1.050000e+01	4.860000e+02	
1.050000e+01	4.930000e+02	
1.050000e+01	4.860000e+02	
1.050000e+01	4.860000e+02	
1.050000e+01	4.840000e+02	
9.500000e+00	4.380000e+02	
1.110000e+01	4.850000e+02	
1.050000e+01	4.800000e+02	
1.050000e+01	4.840000e+02	
1.020000e+01	3.390000e+02	
1.020000e+01	3.670000e+02	
1.050000e+01	4.750000e+02	
1.050000e+01	4.750000e+02	
1.050000e+01	4.620000e+02	
1.050000e+01	4.410000e+02	
1.050000e+01	4.880000e+02	
1.050000e+01	4.860000e+02	
1.000000e+01	4.310000e+02	
1.110000e+01	4.870000e+02	
1.050000e+01	4.880000e+02	
1.050000e+01	4.800000e+02	
1.050000e+01	4.840000e+02	
1.110000e+01	4.900000e+02	
1.050000e+01	4.840000e+02	
1.000000e+01	3.750000e+02	
1.050000e+01	4.860000e+02	
1.000000e+01	4.350000e+02	
1.020000e+01	3.670000e+02	
1.050000e+01	4.860000e+02	
1.050000e+01	4.840000e+02	
1.050000e+01	4.880000e+02	
1.110000e+01	4.860000e+02	
1.050000e+01	4.810000e+02	
1.050000e+01	4.430000e+02	
1.110000e+01	4.910000e+02	
1.050000e+01	4.780000e+02	
1.050000e+01	4.840000e+02	
1.020000e+01	3.410000e+02	
1.050000e+01	4.410000e+02	
1.050000e+01	4.590000e+02	
1.000000e+01	3.260000e+02	
1.050000e+01	4.800000e+02	
1.000000e+01	3.260000e+02	
1.050000e+01	4.550000e+02	
1.050000e+01	4.770000e+02	
1.110000e+01	4.850000e+02	
1.050000e+01	4.900000e+02	
1.050000e+01	4.550000e+02	
9.600000e+00	4.370000e+02	
1.050000e+01	4.840000e+02	
1.000000e+01	4.720000e+02	
1.050000e+01	4.700000e+02	
1.110000e+01	4.900000e+02	
1.050000e+01	4.820000e+02	
1.000000e+01	4.700000e+02	
1.000000e+01	4.700000e+02	
1.050000e+01	4.700000e+02	
1.050000e+01	4.770000e+02	
1.000000e+01	4.700000e+02	
1.050000e+01	4.550000e+02	
1.050000e+01	4.860000e+02	
1.050000e+01	4.780000e+02	
1.050000e+01	4.720000e+02	
1.000000e+01	3.750000e+02	
1.050000e+01	4.410000e+02	
1.050000e+01	4.960000e+02	
1.050000e+01	4.930000e+02	
