# This file contains the data of initial population
# of objectives = 2, # of constraints = 0, # of real_var = 0, # of bits of bin_var = 76, constr_violation, rank, crowding_distance
2.700000e+01	1.867900e+04	
2.670000e+01	1.865800e+04	
2.600000e+01	1.754100e+04	
2.510000e+01	1.692100e+04	
2.650000e+01	1.840900e+04	
2.450000e+01	1.809500e+04	
2.630000e+01	1.775900e+04	
2.470000e+01	2.042600e+04	
2.590000e+01	1.951300e+04	
2.440000e+01	1.544800e+04	
2.700000e+01	1.854000e+04	
2.650000e+01	1.669800e+04	
2.740000e+01	1.822700e+04	
2.740000e+01	1.638100e+04	
2.560000e+01	1.731200e+04	
2.590000e+01	1.977900e+04	
2.760000e+01	2.094700e+04	
2.730000e+01	2.004000e+04	
2.490000e+01	1.420000e+04	
2.450000e+01	1.910100e+04	
2.590000e+01	1.321400e+04	
2.650000e+01	1.871700e+04	
2.550000e+01	1.955400e+04	
2.520000e+01	1.894600e+04	
2.480000e+01	1.810900e+04	
2.620000e+01	1.759800e+04	
2.700000e+01	1.653700e+04	
2.740000e+01	1.676100e+04	
2.860000e+01	1.984600e+04	
2.640000e+01	1.892900e+04	
2.420000e+01	1.871800e+04	
2.600000e+01	1.731500e+04	
2.630000e+01	1.681400e+04	
2.530000e+01	1.682400e+04	
2.650000e+01	1.826400e+04	
2.560000e+01	1.736000e+04	
2.580000e+01	1.861900e+04	
2.610000e+01	1.906800e+04	
2.770000e+01	1.823600e+04	
2.840000e+01	1.925200e+04	
2.670000e+01	2.064400e+04	
2.520000e+01	1.417200e+04	
2.600000e+01	1.663400e+04	
2.500000e+01	1.343100e+04	
2.550000e+01	1.441800e+04	
2.470000e+01	1.843900e+04	
2.510000e+01	1.788900e+04	
2.650000e+01	2.096600e+04	
2.590000e+01	1.550700e+04	
2.670000e+01	1.745400e+04	
2.520000e+01	1.952600e+04	
2.470000e+01	1.855400e+04	
2.600000e+01	1.869000e+04	
2.490000e+01	1.536100e+04	
2.500000e+01	1.362500e+04	
2.530000e+01	1.591300e+04	
2.660000e+01	1.670200e+04	
2.650000e+01	1.917700e+04	
2.770000e+01	2.077100e+04	
2.460000e+01	1.950300e+04	
2.630000e+01	1.897700e+04	
2.780000e+01	1.897500e+04	
2.550000e+01	1.632000e+04	
2.590000e+01	1.592800e+04	
2.660000e+01	1.721000e+04	
2.510000e+01	1.309900e+04	
2.640000e+01	1.849800e+04	
2.710000e+01	1.889100e+04	
2.770000e+01	1.785700e+04	
2.480000e+01	1.819300e+04	
2.550000e+01	1.819500e+04	
2.570000e+01	1.619900e+04	
2.670000e+01	1.735100e+04	
2.480000e+01	1.351100e+04	
2.780000e+01	1.942400e+04	
2.820000e+01	1.827200e+04	
2.800000e+01	1.601600e+04	
2.460000e+01	1.450600e+04	
2.610000e+01	1.368500e+04	
2.650000e+01	1.556400e+04	
2.650000e+01	1.990800e+04	
2.680000e+01	1.855200e+04	
2.640000e+01	1.767900e+04	
2.510000e+01	1.464400e+04	
2.630000e+01	1.863600e+04	
2.670000e+01	1.815000e+04	
2.660000e+01	1.884200e+04	
2.520000e+01	1.739400e+04	
2.560000e+01	1.986700e+04	
2.640000e+01	1.885000e+04	
2.580000e+01	1.774000e+04	
2.540000e+01	1.801500e+04	
2.640000e+01	2.044000e+04	
2.570000e+01	1.796700e+04	
2.600000e+01	1.879400e+04	
2.640000e+01	1.815700e+04	
2.780000e+01	1.589600e+04	
2.550000e+01	1.889600e+04	
2.740000e+01	1.715000e+04	
2.570000e+01	1.753800e+04	
2.600000e+01	1.859700e+04	
2.540000e+01	1.946400e+04	
2.500000e+01	1.344900e+04	
2.580000e+01	2.017700e+04	
2.730000e+01	1.868600e+04	
2.530000e+01	1.852900e+04	
2.780000e+01	1.790000e+04	
2.480000e+01	1.568000e+04	
2.590000e+01	1.849100e+04	
2.340000e+01	1.988600e+04	
2.660000e+01	1.849000e+04	
2.440000e+01	1.766900e+04	
2.640000e+01	1.894600e+04	
2.650000e+01	1.694400e+04	
2.600000e+01	2.032500e+04	
2.600000e+01	1.880400e+04	
2.580000e+01	1.655700e+04	
2.560000e+01	1.777700e+04	
2.380000e+01	1.820200e+04	
2.450000e+01	1.642600e+04	
2.880000e+01	1.794700e+04	
2.630000e+01	1.855600e+04	
2.800000e+01	1.854800e+04	
2.650000e+01	2.185300e+04	
2.540000e+01	1.267600e+04	
2.660000e+01	1.765600e+04	
2.810000e+01	1.836200e+04	
2.690000e+01	1.678700e+04	
2.540000e+01	1.852200e+04	
2.690000e+01	2.015800e+04	
2.500000e+01	1.705900e+04	
2.480000e+01	1.886200e+04	
2.690000e+01	1.705400e+04	
2.760000e+01	1.889600e+04	
2.640000e+01	1.841400e+04	
2.720000e+01	1.794200e+04	
2.680000e+01	1.759700e+04	
2.690000e+01	1.939500e+04	
2.650000e+01	1.701500e+04	
2.500000e+01	1.418200e+04	
2.560000e+01	1.818700e+04	
2.740000e+01	1.634400e+04	
2.500000e+01	1.657400e+04	
2.650000e+01	1.778700e+04	
2.250000e+01	1.913000e+04	
2.530000e+01	1.656600e+04	
2.760000e+01	2.204400e+04	
2.530000e+01	1.688400e+04	
2.610000e+01	1.763300e+04	
2.740000e+01	1.654700e+04	
2.430000e+01	1.337500e+04	
2.550000e+01	1.803100e+04	
2.630000e+01	1.856000e+04	
2.500000e+01	1.835200e+04	
2.660000e+01	1.825400e+04	
2.760000e+01	1.908000e+04	
2.590000e+01	1.647700e+04	
2.560000e+01	1.917600e+04	
2.520000e+01	1.716300e+04	
2.750000e+01	1.673600e+04	
2.470000e+01	1.383000e+04	
2.620000e+01	1.769000e+04	
2.600000e+01	1.995100e+04	
2.420000e+01	1.846500e+04	
2.410000e+01	1.893300e+04	
2.430000e+01	1.843600e+04	
2.660000e+01	2.014600e+04	
2.640000e+01	1.907100e+04	
2.500000e+01	1.658300e+04	
2.780000e+01	1.576300e+04	
2.520000e+01	1.532800e+04	
2.460000e+01	1.869000e+04	
2.520000e+01	1.467400e+04	
2.540000e+01	1.690500e+04	
2.800000e+01	1.839400e+04	
2.520000e+01	1.886100e+04	
2.520000e+01	1.913900e+04	
2.760000e+01	1.639000e+04	
2.770000e+01	2.127000e+04	
2.580000e+01	1.649100e+04	
2.760000e+01	1.632000e+04	
2.450000e+01	1.774300e+04	
2.610000e+01	1.797100e+04	
2.500000e+01	1.899600e+04	
2.620000e+01	1.804000e+04	
2.720000e+01	1.708900e+04	
2.500000e+01	1.811000e+04	
2.510000e+01	1.689400e+04	
2.790000e+01	1.877900e+04	
2.600000e+01	1.825200e+04	
2.410000e+01	1.827400e+04	
2.580000e+01	1.865800e+04	
2.810000e+01	1.815300e+04	
2.650000e+01	1.878700e+04	
2.690000e+01	1.433100e+04	
2.560000e+01	1.728200e+04	
2.700000e+01	1.402800e+04	
2.560000e+01	1.630200e+04	
2.560000e+01	1.814200e+04	
2.760000e+01	1.739600e+04	
2.520000e+01	1.807700e+04	
2.600000e+01	1.960200e+04	
2.590000e+01	1.866200e+04	
2.730000e+01	1.876800e+04	
2.350000e+01	1.726600e+04	
2.630000e+01	1.693400e+04	
2.710000e+01	1.687600e+04	
2.630000e+01	1.835400e+04	
2.630000e+01	1.878300e+04	
2.560000e+01	1.720200e+04	
2.500000e+01	1.870700e+04	
2.480000e+01	1.660800e+04	
2.640000e+01	1.729300e+04	
2.820000e+01	1.903600e+04	
2.650000e+01	1.770700e+04	
2.620000e+01	1.473800e+04	
2.500000e+01	1.347700e+04	
2.770000e+01	1.811400e+04	
2.650000e+01	1.963400e+04	
2.660000e+01	1.690600e+04	
2.780000e+01	1.964000e+04	
2.600000e+01	1.849800e+04	
2.670000e+01	1.734100e+04	
2.700000e+01	2.125900e+04	
2.530000e+01	1.791300e+04	
2.790000e+01	1.816600e+04	
2.700000e+01	1.332100e+04	
2.700000e+01	1.960200e+04	
2.560000e+01	1.383700e+04	
2.450000e+01	1.992000e+04	
2.610000e+01	1.604100e+04	
2.700000e+01	1.740100e+04	
2.640000e+01	2.004200e+04	
2.720000e+01	2.090200e+04	
2.550000e+01	1.946000e+04	
2.370000e+01	1.831200e+04	
2.500000e+01	1.327600e+04	
2.600000e+01	1.668500e+04	
2.630000e+01	1.640000e+04	
2.700000e+01	1.884400e+04	
2.700000e+01	1.297300e+04	
2.810000e+01	1.913800e+04	
2.610000e+01	1.651500e+04	
2.680000e+01	1.593700e+04	
2.600000e+01	1.579600e+04	
2.740000e+01	1.796700e+04	
2.750000e+01	1.711000e+04	
2.590000e+01	1.303200e+04	
2.500000e+01	1.686700e+04	
2.700000e+01	2.147000e+04	
2.640000e+01	1.927200e+04	
2.740000e+01	1.839300e+04	
2.670000e+01	1.735400e+04	
2.610000e+01	1.765800e+04	
2.680000e+01	1.907900e+04	
2.600000e+01	1.991300e+04	
