# This file contains the data of initial population
# of objectives = 2, # of constraints = 0, # of real_var = 0, # of bits of bin_var = 51, constr_violation, rank, crowding_distance
3.000000e+00	2.770000e+02	
3.000000e+00	2.970000e+02	
3.000000e+00	2.510000e+02	
4.000000e+00	2.210000e+02	
4.000000e+00	2.890000e+02	
3.000000e+00	2.210000e+02	
3.000000e+00	2.650000e+02	
3.000000e+00	3.210000e+02	
3.000000e+00	2.640000e+02	
3.000000e+00	3.340000e+02	
4.000000e+00	2.510000e+02	
3.000000e+00	2.570000e+02	
3.000000e+00	2.600000e+02	
3.000000e+00	2.740000e+02	
5.000000e+00	2.460000e+02	
4.000000e+00	2.750000e+02	
4.000000e+00	2.950000e+02	
3.000000e+00	2.500000e+02	
5.000000e+00	2.660000e+02	
3.000000e+00	2.280000e+02	
3.000000e+00	3.380000e+02	
4.000000e+00	2.460000e+02	
3.000000e+00	2.750000e+02	
4.000000e+00	2.700000e+02	
3.000000e+00	2.540000e+02	
3.000000e+00	2.110000e+02	
3.000000e+00	2.480000e+02	
3.000000e+00	3.010000e+02	
3.000000e+00	3.060000e+02	
3.000000e+00	3.130000e+02	
5.000000e+00	2.980000e+02	
3.000000e+00	2.280000e+02	
4.000000e+00	2.810000e+02	
3.000000e+00	3.390000e+02	
3.000000e+00	3.260000e+02	
5.000000e+00	2.910000e+02	
3.000000e+00	2.740000e+02	
4.000000e+00	2.890000e+02	
3.000000e+00	2.700000e+02	
3.000000e+00	2.480000e+02	
4.000000e+00	2.940000e+02	
3.000000e+00	3.260000e+02	
4.000000e+00	2.640000e+02	
3.000000e+00	3.180000e+02	
3.000000e+00	2.260000e+02	
3.000000e+00	3.000000e+02	
3.000000e+00	3.420000e+02	
4.000000e+00	2.890000e+02	
4.000000e+00	2.490000e+02	
3.000000e+00	2.300000e+02	
4.000000e+00	2.610000e+02	
3.000000e+00	3.410000e+02	
4.000000e+00	2.860000e+02	
3.000000e+00	2.690000e+02	
3.000000e+00	2.650000e+02	
4.000000e+00	2.810000e+02	
3.000000e+00	2.620000e+02	
5.000000e+00	2.830000e+02	
4.000000e+00	3.490000e+02	
3.000000e+00	2.420000e+02	
3.000000e+00	3.180000e+02	
3.000000e+00	2.760000e+02	
3.000000e+00	3.380000e+02	
3.000000e+00	2.890000e+02	
5.000000e+00	2.950000e+02	
3.000000e+00	3.010000e+02	
3.000000e+00	3.640000e+02	
4.000000e+00	2.820000e+02	
3.000000e+00	2.440000e+02	
4.000000e+00	2.690000e+02	
3.000000e+00	3.340000e+02	
3.000000e+00	2.050000e+02	
4.000000e+00	2.750000e+02	
4.000000e+00	2.890000e+02	
3.000000e+00	2.860000e+02	
3.000000e+00	3.240000e+02	
3.000000e+00	2.200000e+02	
3.000000e+00	2.660000e+02	
4.000000e+00	3.100000e+02	
3.000000e+00	2.240000e+02	
3.000000e+00	3.290000e+02	
3.000000e+00	2.340000e+02	
3.000000e+00	2.360000e+02	
4.000000e+00	3.180000e+02	
4.000000e+00	2.980000e+02	
4.000000e+00	2.920000e+02	
3.000000e+00	2.640000e+02	
4.000000e+00	2.940000e+02	
3.000000e+00	2.480000e+02	
3.000000e+00	2.900000e+02	
3.000000e+00	2.680000e+02	
3.000000e+00	2.420000e+02	
4.000000e+00	2.480000e+02	
4.000000e+00	3.080000e+02	
3.000000e+00	2.220000e+02	
3.000000e+00	2.740000e+02	
3.000000e+00	3.390000e+02	
3.000000e+00	2.580000e+02	
4.000000e+00	3.290000e+02	
3.000000e+00	2.870000e+02	
4.000000e+00	2.780000e+02	
3.000000e+00	2.760000e+02	
3.000000e+00	2.180000e+02	
3.000000e+00	2.420000e+02	
4.000000e+00	3.090000e+02	
3.000000e+00	2.470000e+02	
4.000000e+00	2.940000e+02	
3.000000e+00	2.610000e+02	
5.000000e+00	3.310000e+02	
4.000000e+00	3.180000e+02	
3.000000e+00	2.650000e+02	
3.000000e+00	3.650000e+02	
3.000000e+00	3.170000e+02	
3.000000e+00	2.000000e+02	
3.000000e+00	2.220000e+02	
4.000000e+00	2.990000e+02	
3.000000e+00	2.280000e+02	
3.000000e+00	2.430000e+02	
4.000000e+00	2.880000e+02	
4.000000e+00	2.390000e+02	
3.000000e+00	2.220000e+02	
3.000000e+00	2.690000e+02	
3.000000e+00	2.760000e+02	
3.000000e+00	3.190000e+02	
5.000000e+00	2.500000e+02	
3.000000e+00	2.520000e+02	
3.000000e+00	2.200000e+02	
3.000000e+00	2.630000e+02	
3.000000e+00	2.630000e+02	
3.000000e+00	2.540000e+02	
3.000000e+00	2.230000e+02	
3.000000e+00	2.780000e+02	
3.000000e+00	2.140000e+02	
4.000000e+00	2.770000e+02	
3.000000e+00	2.200000e+02	
3.000000e+00	2.650000e+02	
3.000000e+00	2.220000e+02	
4.000000e+00	3.000000e+02	
4.000000e+00	2.740000e+02	
3.000000e+00	2.200000e+02	
4.000000e+00	3.320000e+02	
4.000000e+00	2.700000e+02	
3.000000e+00	2.260000e+02	
5.000000e+00	2.780000e+02	
5.000000e+00	2.610000e+02	
3.000000e+00	3.030000e+02	
3.000000e+00	2.580000e+02	
3.000000e+00	3.150000e+02	
3.000000e+00	2.750000e+02	
3.000000e+00	2.400000e+02	
3.000000e+00	2.380000e+02	
3.000000e+00	2.220000e+02	
4.000000e+00	3.040000e+02	
4.000000e+00	2.970000e+02	
3.000000e+00	3.160000e+02	
3.000000e+00	2.240000e+02	
3.000000e+00	2.920000e+02	
3.000000e+00	2.550000e+02	
3.000000e+00	2.620000e+02	
3.000000e+00	2.500000e+02	
3.000000e+00	2.710000e+02	
4.000000e+00	2.640000e+02	
3.000000e+00	3.440000e+02	
3.000000e+00	2.480000e+02	
3.000000e+00	2.410000e+02	
3.000000e+00	3.240000e+02	
4.000000e+00	2.800000e+02	
3.000000e+00	2.740000e+02	
3.000000e+00	3.280000e+02	
3.000000e+00	2.200000e+02	
4.000000e+00	3.200000e+02	
4.000000e+00	3.100000e+02	
3.000000e+00	2.800000e+02	
4.000000e+00	2.900000e+02	
3.000000e+00	2.740000e+02	
3.000000e+00	2.580000e+02	
5.000000e+00	3.170000e+02	
3.000000e+00	2.610000e+02	
4.000000e+00	2.590000e+02	
3.000000e+00	3.340000e+02	
3.000000e+00	2.720000e+02	
3.000000e+00	2.950000e+02	
4.000000e+00	3.220000e+02	
3.000000e+00	3.070000e+02	
3.000000e+00	2.680000e+02	
3.000000e+00	3.160000e+02	
3.000000e+00	3.340000e+02	
3.000000e+00	2.800000e+02	
3.000000e+00	3.480000e+02	
3.000000e+00	2.540000e+02	
4.000000e+00	2.900000e+02	
4.000000e+00	2.560000e+02	
3.000000e+00	3.420000e+02	
3.000000e+00	3.300000e+02	
4.000000e+00	2.780000e+02	
3.000000e+00	3.440000e+02	
4.000000e+00	3.190000e+02	
4.000000e+00	2.870000e+02	
3.000000e+00	2.760000e+02	
3.000000e+00	2.450000e+02	
3.000000e+00	2.720000e+02	
4.000000e+00	2.500000e+02	
4.000000e+00	2.610000e+02	
4.000000e+00	2.320000e+02	
5.000000e+00	2.780000e+02	
3.000000e+00	3.450000e+02	
3.000000e+00	2.760000e+02	
3.000000e+00	2.680000e+02	
3.000000e+00	2.560000e+02	
3.000000e+00	2.650000e+02	
3.000000e+00	3.210000e+02	
3.000000e+00	2.700000e+02	
4.000000e+00	2.660000e+02	
3.000000e+00	3.250000e+02	
4.000000e+00	3.250000e+02	
3.000000e+00	3.170000e+02	
3.000000e+00	2.490000e+02	
3.000000e+00	2.020000e+02	
4.000000e+00	2.710000e+02	
3.000000e+00	3.230000e+02	
3.000000e+00	3.050000e+02	
3.000000e+00	2.200000e+02	
4.000000e+00	2.850000e+02	
4.000000e+00	3.220000e+02	
4.000000e+00	3.010000e+02	
4.000000e+00	2.470000e+02	
4.000000e+00	2.540000e+02	
3.000000e+00	2.630000e+02	
3.000000e+00	2.450000e+02	
3.000000e+00	2.780000e+02	
4.000000e+00	2.940000e+02	
4.000000e+00	2.920000e+02	
3.000000e+00	3.260000e+02	
4.000000e+00	2.950000e+02	
3.000000e+00	3.190000e+02	
3.000000e+00	3.500000e+02	
3.000000e+00	2.780000e+02	
3.000000e+00	2.720000e+02	
3.000000e+00	2.700000e+02	
5.000000e+00	3.050000e+02	
3.000000e+00	2.760000e+02	
4.000000e+00	2.890000e+02	
3.000000e+00	3.020000e+02	
4.000000e+00	3.490000e+02	
3.000000e+00	2.740000e+02	
3.000000e+00	2.200000e+02	
3.000000e+00	2.420000e+02	
5.000000e+00	3.120000e+02	
3.000000e+00	2.690000e+02	
3.000000e+00	3.170000e+02	
3.000000e+00	2.590000e+02	
3.000000e+00	3.700000e+02	
4.000000e+00	3.120000e+02	
3.000000e+00	2.310000e+02	
4.000000e+00	2.820000e+02	
3.000000e+00	2.970000e+02	
