# This file contains the data of initial population
# of objectives = 2, # of constraints = 0, # of real_var = 0, # of bits of bin_var = 41, constr_violation, rank, crowding_distance
2.000000e+00	1.000000e+02	
2.000000e+00	1.060000e+02	
2.000000e+00	1.020000e+02	
2.000000e+00	8.900000e+01	
2.000000e+00	1.030000e+02	
2.000000e+00	1.020000e+02	
2.000000e+00	1.020000e+02	
2.000000e+00	1.040000e+02	
2.000000e+00	1.040000e+02	
2.000000e+00	9.000000e+01	
2.000000e+00	1.040000e+02	
2.000000e+00	1.060000e+02	
2.000000e+00	1.080000e+02	
2.000000e+00	1.000000e+02	
2.000000e+00	1.020000e+02	
2.000000e+00	1.020000e+02	
2.000000e+00	8.800000e+01	
2.000000e+00	9.400000e+01	
2.000000e+00	1.040000e+02	
2.000000e+00	1.000000e+02	
2.000000e+00	1.040000e+02	
2.000000e+00	1.000000e+02	
2.000000e+00	1.040000e+02	
2.000000e+00	1.020000e+02	
2.000000e+00	1.020000e+02	
2.000000e+00	9.400000e+01	
2.000000e+00	1.000000e+02	
2.000000e+00	1.020000e+02	
2.000000e+00	9.400000e+01	
2.000000e+00	1.040000e+02	
2.000000e+00	1.060000e+02	
2.000000e+00	1.000000e+02	
2.000000e+00	1.020000e+02	
2.000000e+00	9.600000e+01	
2.000000e+00	1.040000e+02	
2.000000e+00	1.020000e+02	
2.000000e+00	1.000000e+02	
2.000000e+00	9.800000e+01	
2.000000e+00	1.000000e+02	
2.000000e+00	9.600000e+01	
2.000000e+00	1.080000e+02	
2.000000e+00	9.800000e+01	
2.000000e+00	1.000000e+02	
2.000000e+00	1.030000e+02	
2.000000e+00	9.400000e+01	
2.000000e+00	1.040000e+02	
2.000000e+00	9.800000e+01	
2.000000e+00	1.000000e+02	
2.000000e+00	1.040000e+02	
2.000000e+00	1.020000e+02	
2.000000e+00	9.000000e+01	
2.000000e+00	1.020000e+02	
2.000000e+00	1.080000e+02	
2.000000e+00	1.020000e+02	
2.000000e+00	9.800000e+01	
2.000000e+00	1.000000e+02	
2.000000e+00	1.090000e+02	
2.000000e+00	1.000000e+02	
2.000000e+00	9.900000e+01	
2.000000e+00	1.060000e+02	
2.000000e+00	1.060000e+02	
2.000000e+00	9.000000e+01	
2.000000e+00	1.020000e+02	
2.000000e+00	9.200000e+01	
2.000000e+00	8.300000e+01	
2.000000e+00	9.600000e+01	
2.000000e+00	1.040000e+02	
2.000000e+00	9.800000e+01	
2.000000e+00	9.800000e+01	
2.000000e+00	1.010000e+02	
2.000000e+00	1.040000e+02	
2.000000e+00	8.300000e+01	
2.000000e+00	9.800000e+01	
2.000000e+00	1.020000e+02	
2.000000e+00	1.040000e+02	
2.000000e+00	1.000000e+02	
2.000000e+00	9.600000e+01	
2.000000e+00	8.300000e+01	
2.000000e+00	1.060000e+02	
2.000000e+00	1.000000e+02	
2.000000e+00	1.000000e+02	
2.000000e+00	1.000000e+02	
2.000000e+00	1.080000e+02	
2.000000e+00	1.080000e+02	
2.000000e+00	9.600000e+01	
2.000000e+00	1.000000e+02	
2.000000e+00	1.000000e+02	
2.000000e+00	1.060000e+02	
2.000000e+00	1.040000e+02	
2.000000e+00	9.000000e+01	
2.000000e+00	9.600000e+01	
2.000000e+00	1.000000e+02	
2.000000e+00	9.400000e+01	
2.000000e+00	9.700000e+01	
2.000000e+00	1.000000e+02	
2.000000e+00	1.040000e+02	
2.000000e+00	1.000000e+02	
2.000000e+00	1.040000e+02	
2.000000e+00	1.020000e+02	
2.000000e+00	1.000000e+02	
2.000000e+00	9.600000e+01	
2.000000e+00	1.000000e+02	
2.000000e+00	9.600000e+01	
2.000000e+00	1.020000e+02	
2.000000e+00	1.000000e+02	
2.000000e+00	1.040000e+02	
2.000000e+00	1.040000e+02	
2.000000e+00	9.200000e+01	
2.000000e+00	1.040000e+02	
2.000000e+00	9.800000e+01	
2.000000e+00	9.700000e+01	
2.000000e+00	1.020000e+02	
2.000000e+00	1.000000e+02	
2.000000e+00	9.600000e+01	
2.000000e+00	9.600000e+01	
2.000000e+00	1.020000e+02	
2.000000e+00	1.000000e+02	
2.000000e+00	1.000000e+02	
2.000000e+00	1.040000e+02	
2.000000e+00	1.000000e+02	
2.000000e+00	1.000000e+02	
2.000000e+00	9.700000e+01	
2.000000e+00	1.000000e+02	
2.000000e+00	9.000000e+01	
2.000000e+00	1.060000e+02	
2.000000e+00	9.600000e+01	
2.000000e+00	1.000000e+02	
2.000000e+00	1.000000e+02	
2.000000e+00	9.800000e+01	
2.000000e+00	1.080000e+02	
2.000000e+00	9.000000e+01	
2.000000e+00	1.020000e+02	
2.000000e+00	1.000000e+02	
2.000000e+00	1.000000e+02	
2.000000e+00	1.080000e+02	
2.000000e+00	1.040000e+02	
2.000000e+00	1.020000e+02	
2.000000e+00	1.000000e+02	
2.000000e+00	1.020000e+02	
2.000000e+00	1.000000e+02	
2.000000e+00	1.000000e+02	
2.000000e+00	1.000000e+02	
2.000000e+00	9.800000e+01	
2.000000e+00	1.040000e+02	
2.000000e+00	1.020000e+02	
2.000000e+00	1.000000e+02	
2.000000e+00	9.600000e+01	
2.000000e+00	1.060000e+02	
2.000000e+00	1.040000e+02	
2.000000e+00	9.800000e+01	
2.000000e+00	9.600000e+01	
2.000000e+00	1.020000e+02	
2.000000e+00	1.040000e+02	
2.000000e+00	1.040000e+02	
2.000000e+00	1.040000e+02	
2.000000e+00	1.040000e+02	
2.000000e+00	1.000000e+02	
2.000000e+00	1.060000e+02	
2.000000e+00	1.000000e+02	
2.000000e+00	1.110000e+02	
2.000000e+00	9.600000e+01	
2.000000e+00	9.800000e+01	
2.000000e+00	9.800000e+01	
2.000000e+00	1.000000e+02	
2.000000e+00	9.800000e+01	
2.000000e+00	1.040000e+02	
2.000000e+00	9.600000e+01	
2.000000e+00	1.000000e+02	
2.000000e+00	9.800000e+01	
2.000000e+00	1.030000e+02	
2.000000e+00	1.020000e+02	
2.000000e+00	1.000000e+02	
2.000000e+00	1.020000e+02	
2.000000e+00	1.000000e+02	
2.000000e+00	1.020000e+02	
2.000000e+00	1.000000e+02	
2.000000e+00	9.600000e+01	
2.000000e+00	1.000000e+02	
2.000000e+00	9.600000e+01	
2.000000e+00	1.000000e+02	
2.000000e+00	9.600000e+01	
2.000000e+00	1.020000e+02	
2.000000e+00	1.000000e+02	
2.000000e+00	1.000000e+02	
2.000000e+00	9.200000e+01	
2.000000e+00	1.000000e+02	
2.000000e+00	1.020000e+02	
2.000000e+00	1.000000e+02	
2.000000e+00	9.600000e+01	
2.000000e+00	9.500000e+01	
2.000000e+00	1.040000e+02	
2.000000e+00	1.000000e+02	
2.000000e+00	1.000000e+02	
2.000000e+00	1.000000e+02	
2.000000e+00	9.900000e+01	
2.000000e+00	1.030000e+02	
2.000000e+00	8.800000e+01	
2.000000e+00	1.060000e+02	
2.000000e+00	9.800000e+01	
2.000000e+00	1.020000e+02	
2.000000e+00	1.000000e+02	
2.000000e+00	9.800000e+01	
2.000000e+00	1.000000e+02	
2.000000e+00	1.060000e+02	
2.000000e+00	1.060000e+02	
2.000000e+00	1.020000e+02	
2.000000e+00	1.020000e+02	
2.000000e+00	1.020000e+02	
2.000000e+00	1.040000e+02	
2.000000e+00	1.020000e+02	
2.000000e+00	1.020000e+02	
2.000000e+00	1.000000e+02	
2.000000e+00	1.080000e+02	
2.000000e+00	1.060000e+02	
2.000000e+00	1.000000e+02	
2.000000e+00	1.000000e+02	
2.000000e+00	9.600000e+01	
2.000000e+00	9.400000e+01	
2.000000e+00	1.000000e+02	
2.000000e+00	1.080000e+02	
2.000000e+00	1.020000e+02	
2.000000e+00	1.020000e+02	
2.000000e+00	1.020000e+02	
2.000000e+00	1.000000e+02	
2.000000e+00	1.060000e+02	
2.000000e+00	9.800000e+01	
2.000000e+00	1.000000e+02	
2.000000e+00	9.400000e+01	
2.000000e+00	1.000000e+02	
2.000000e+00	1.080000e+02	
2.000000e+00	9.800000e+01	
2.000000e+00	1.000000e+02	
2.000000e+00	1.020000e+02	
2.000000e+00	9.800000e+01	
2.000000e+00	1.080000e+02	
2.000000e+00	1.000000e+02	
2.000000e+00	9.800000e+01	
2.000000e+00	9.800000e+01	
2.000000e+00	1.060000e+02	
2.000000e+00	9.700000e+01	
2.000000e+00	1.000000e+02	
2.000000e+00	1.020000e+02	
2.000000e+00	1.020000e+02	
2.000000e+00	1.020000e+02	
2.000000e+00	9.600000e+01	
2.000000e+00	1.020000e+02	
2.000000e+00	9.800000e+01	
2.000000e+00	9.400000e+01	
2.000000e+00	1.080000e+02	
2.000000e+00	1.020000e+02	
2.000000e+00	1.020000e+02	
2.000000e+00	1.000000e+02	
2.000000e+00	1.020000e+02	
2.000000e+00	1.000000e+02	
2.000000e+00	8.300000e+01	
2.000000e+00	1.000000e+02	
