# This file contains the data of initial population
# of objectives = 2, # of constraints = 0, # of real_var = 0, # of bits of bin_var = 33, constr_violation, rank, crowding_distance
3.900000e+00	3.480000e+02	
3.900000e+00	3.590000e+02	
4.000000e+00	3.570000e+02	
3.900000e+00	3.680000e+02	
3.900000e+00	3.690000e+02	
3.900000e+00	3.510000e+02	
3.900000e+00	3.640000e+02	
3.900000e+00	3.550000e+02	
3.900000e+00	3.510000e+02	
3.900000e+00	3.650000e+02	
3.900000e+00	3.600000e+02	
3.900000e+00	3.540000e+02	
3.900000e+00	3.720000e+02	
3.900000e+00	3.510000e+02	
3.900000e+00	3.570000e+02	
3.900000e+00	3.600000e+02	
3.900000e+00	3.750000e+02	
3.900000e+00	3.650000e+02	
3.900000e+00	3.410000e+02	
3.900000e+00	3.580000e+02	
4.000000e+00	3.650000e+02	
3.900000e+00	3.720000e+02	
4.000000e+00	3.480000e+02	
3.000000e+00	3.370000e+02	
3.900000e+00	3.700000e+02	
3.900000e+00	3.400000e+02	
3.900000e+00	3.450000e+02	
3.900000e+00	3.670000e+02	
3.900000e+00	3.550000e+02	
3.900000e+00	3.460000e+02	
3.900000e+00	3.620000e+02	
3.900000e+00	2.970000e+02	
3.900000e+00	2.980000e+02	
3.900000e+00	2.920000e+02	
3.900000e+00	3.040000e+02	
4.000000e+00	3.550000e+02	
3.900000e+00	3.580000e+02	
3.900000e+00	3.650000e+02	
3.900000e+00	3.580000e+02	
3.500000e+00	3.350000e+02	
3.900000e+00	3.430000e+02	
3.900000e+00	3.580000e+02	
3.900000e+00	3.530000e+02	
3.900000e+00	3.570000e+02	
3.900000e+00	3.580000e+02	
4.000000e+00	3.570000e+02	
3.900000e+00	3.760000e+02	
3.900000e+00	3.540000e+02	
3.900000e+00	3.740000e+02	
3.900000e+00	3.620000e+02	
3.900000e+00	2.950000e+02	
4.000000e+00	3.570000e+02	
3.900000e+00	3.610000e+02	
3.900000e+00	3.510000e+02	
3.900000e+00	3.690000e+02	
4.100000e+00	3.800000e+02	
3.900000e+00	3.500000e+02	
3.900000e+00	3.510000e+02	
3.900000e+00	3.560000e+02	
3.900000e+00	3.550000e+02	
3.900000e+00	3.600000e+02	
3.900000e+00	3.550000e+02	
4.000000e+00	3.680000e+02	
3.900000e+00	3.410000e+02	
3.900000e+00	3.510000e+02	
3.900000e+00	3.760000e+02	
3.900000e+00	3.490000e+02	
3.900000e+00	3.580000e+02	
3.900000e+00	3.410000e+02	
3.900000e+00	3.430000e+02	
3.900000e+00	3.650000e+02	
3.900000e+00	3.060000e+02	
3.900000e+00	3.540000e+02	
3.900000e+00	3.650000e+02	
3.900000e+00	3.530000e+02	
3.900000e+00	3.550000e+02	
3.900000e+00	2.980000e+02	
3.900000e+00	3.390000e+02	
3.900000e+00	3.610000e+02	
3.900000e+00	3.690000e+02	
3.900000e+00	3.830000e+02	
3.900000e+00	3.360000e+02	
3.900000e+00	3.620000e+02	
3.900000e+00	3.600000e+02	
3.900000e+00	3.730000e+02	
3.900000e+00	3.650000e+02	
3.900000e+00	3.650000e+02	
3.900000e+00	3.550000e+02	
3.900000e+00	3.390000e+02	
3.900000e+00	3.860000e+02	
3.900000e+00	3.410000e+02	
3.900000e+00	2.970000e+02	
3.900000e+00	3.650000e+02	
3.900000e+00	3.530000e+02	
3.900000e+00	3.550000e+02	
3.900000e+00	3.540000e+02	
3.900000e+00	3.350000e+02	
3.900000e+00	3.440000e+02	
3.900000e+00	3.450000e+02	
3.900000e+00	3.580000e+02	
3.900000e+00	3.000000e+02	
3.900000e+00	3.580000e+02	
3.900000e+00	3.580000e+02	
3.900000e+00	3.550000e+02	
3.900000e+00	3.540000e+02	
3.900000e+00	3.550000e+02	
3.900000e+00	3.520000e+02	
3.900000e+00	3.720000e+02	
3.900000e+00	3.480000e+02	
3.900000e+00	3.580000e+02	
3.900000e+00	3.540000e+02	
3.900000e+00	3.690000e+02	
3.900000e+00	2.940000e+02	
3.900000e+00	3.440000e+02	
3.900000e+00	3.410000e+02	
3.900000e+00	3.450000e+02	
3.900000e+00	3.650000e+02	
3.900000e+00	3.650000e+02	
3.900000e+00	3.610000e+02	
3.900000e+00	3.590000e+02	
3.900000e+00	3.470000e+02	
3.900000e+00	3.580000e+02	
3.900000e+00	3.580000e+02	
3.900000e+00	3.550000e+02	
3.900000e+00	3.480000e+02	
3.900000e+00	2.970000e+02	
3.900000e+00	3.720000e+02	
3.900000e+00	3.510000e+02	
4.000000e+00	3.570000e+02	
3.900000e+00	3.440000e+02	
3.900000e+00	3.740000e+02	
3.900000e+00	3.620000e+02	
3.900000e+00	3.760000e+02	
3.900000e+00	3.580000e+02	
3.900000e+00	3.760000e+02	
3.900000e+00	3.580000e+02	
4.000000e+00	3.420000e+02	
3.900000e+00	3.440000e+02	
3.900000e+00	3.480000e+02	
3.900000e+00	3.510000e+02	
3.900000e+00	3.570000e+02	
4.000000e+00	3.590000e+02	
3.900000e+00	3.450000e+02	
3.900000e+00	3.470000e+02	
3.900000e+00	3.490000e+02	
3.900000e+00	3.500000e+02	
3.900000e+00	3.480000e+02	
3.900000e+00	3.440000e+02	
3.900000e+00	3.520000e+02	
3.900000e+00	3.580000e+02	
3.900000e+00	3.610000e+02	
3.900000e+00	3.480000e+02	
4.000000e+00	3.620000e+02	
3.900000e+00	2.960000e+02	
3.900000e+00	3.580000e+02	
3.900000e+00	3.600000e+02	
3.900000e+00	3.510000e+02	
3.900000e+00	3.600000e+02	
3.900000e+00	3.600000e+02	
3.900000e+00	3.760000e+02	
3.900000e+00	3.710000e+02	
3.900000e+00	3.550000e+02	
3.900000e+00	3.550000e+02	
3.900000e+00	3.550000e+02	
3.900000e+00	3.480000e+02	
3.900000e+00	3.440000e+02	
4.000000e+00	3.570000e+02	
3.900000e+00	2.910000e+02	
3.900000e+00	3.460000e+02	
3.900000e+00	3.650000e+02	
3.900000e+00	3.610000e+02	
3.900000e+00	3.370000e+02	
3.900000e+00	3.580000e+02	
3.900000e+00	3.430000e+02	
3.900000e+00	3.690000e+02	
3.900000e+00	3.520000e+02	
3.900000e+00	3.750000e+02	
3.900000e+00	3.790000e+02	
3.900000e+00	3.390000e+02	
3.900000e+00	3.490000e+02	
3.900000e+00	3.730000e+02	
3.900000e+00	3.520000e+02	
3.900000e+00	3.530000e+02	
3.900000e+00	3.510000e+02	
3.900000e+00	3.580000e+02	
3.900000e+00	3.480000e+02	
3.900000e+00	3.540000e+02	
3.900000e+00	3.540000e+02	
3.900000e+00	2.990000e+02	
3.900000e+00	3.550000e+02	
3.900000e+00	3.480000e+02	
3.900000e+00	3.680000e+02	
3.900000e+00	3.730000e+02	
3.900000e+00	2.940000e+02	
3.900000e+00	3.600000e+02	
3.900000e+00	3.410000e+02	
3.900000e+00	3.480000e+02	
3.900000e+00	3.550000e+02	
3.900000e+00	3.550000e+02	
3.900000e+00	3.550000e+02	
3.900000e+00	3.680000e+02	
3.900000e+00	3.650000e+02	
3.900000e+00	3.600000e+02	
3.900000e+00	3.720000e+02	
3.900000e+00	3.610000e+02	
3.900000e+00	3.720000e+02	
3.900000e+00	3.580000e+02	
3.900000e+00	3.570000e+02	
3.900000e+00	3.600000e+02	
3.900000e+00	3.530000e+02	
3.900000e+00	3.530000e+02	
3.900000e+00	3.610000e+02	
3.900000e+00	3.550000e+02	
3.900000e+00	3.540000e+02	
3.900000e+00	3.580000e+02	
3.900000e+00	3.480000e+02	
4.000000e+00	3.640000e+02	
3.900000e+00	3.490000e+02	
3.900000e+00	3.640000e+02	
3.900000e+00	3.760000e+02	
3.900000e+00	3.520000e+02	
3.900000e+00	3.600000e+02	
3.900000e+00	3.510000e+02	
3.900000e+00	3.650000e+02	
3.900000e+00	3.680000e+02	
3.900000e+00	3.600000e+02	
3.900000e+00	3.790000e+02	
3.900000e+00	2.910000e+02	
3.900000e+00	3.610000e+02	
3.900000e+00	3.470000e+02	
3.900000e+00	3.900000e+02	
3.900000e+00	3.720000e+02	
3.900000e+00	3.010000e+02	
3.900000e+00	3.580000e+02	
3.900000e+00	3.540000e+02	
4.000000e+00	3.560000e+02	
3.900000e+00	2.910000e+02	
3.900000e+00	3.010000e+02	
3.900000e+00	2.950000e+02	
3.900000e+00	3.440000e+02	
4.000000e+00	3.670000e+02	
3.900000e+00	3.400000e+02	
3.900000e+00	3.540000e+02	
3.900000e+00	3.000000e+02	
3.900000e+00	3.660000e+02	
3.900000e+00	2.930000e+02	
3.900000e+00	3.470000e+02	
3.900000e+00	3.480000e+02	
3.900000e+00	3.610000e+02	
3.900000e+00	3.720000e+02	
3.900000e+00	2.980000e+02	
3.900000e+00	3.580000e+02	
3.900000e+00	3.590000e+02	
3.900000e+00	3.550000e+02	
3.900000e+00	3.580000e+02	
3.900000e+00	3.650000e+02	
