# This file contains the data of final population
# of objectives = 2, # of constraints = 0, # of real_var = 0, # of bits of bin_var = 28, constr_violation, rank, crowding_distance
1.390000e+01	1.452800e+04	
1.360000e+01	1.473200e+04	
1.370000e+01	1.460800e+04	
1.380000e+01	1.459800e+04	
1.350000e+01	1.474000e+04	
1.360000e+01	1.463400e+04	
1.360000e+01	1.464700e+04	
1.350000e+01	1.475200e+04	
1.380000e+01	1.461100e+04	
1.370000e+01	1.461300e+04	
1.370000e+01	1.464600e+04	
1.410000e+01	1.453000e+04	
1.390000e+01	1.454900e+04	
1.370000e+01	1.461500e+04	
1.350000e+01	1.475700e+04	
1.370000e+01	1.464700e+04	
1.360000e+01	1.464800e+04	
1.400000e+01	1.455100e+04	
1.390000e+01	1.456300e+04	
1.410000e+01	1.453300e+04	
1.360000e+01	1.475700e+04	
1.370000e+01	1.464800e+04	
1.350000e+01	1.476900e+04	
1.370000e+01	1.461700e+04	
1.360000e+01	1.465400e+04	
1.360000e+01	1.465400e+04	
1.410000e+01	1.454000e+04	
1.390000e+01	1.456900e+04	
1.400000e+01	1.456400e+04	
1.400000e+01	1.456400e+04	
1.410000e+01	1.455500e+04	
1.350000e+01	1.478400e+04	
1.360000e+01	1.476300e+04	
1.370000e+01	1.465800e+04	
1.370000e+01	1.462200e+04	
1.380000e+01	1.462100e+04	
1.360000e+01	1.466700e+04	
1.360000e+01	1.466700e+04	
1.360000e+01	1.466700e+04	
1.400000e+01	1.457000e+04	
1.390000e+01	1.457300e+04	
1.400000e+01	1.456900e+04	
1.410000e+01	1.454200e+04	
1.390000e+01	1.457700e+04	
1.370000e+01	1.466000e+04	
1.360000e+01	1.476500e+04	
1.370000e+01	1.462500e+04	
1.350000e+01	1.478700e+04	
1.360000e+01	1.466800e+04	
1.410000e+01	1.456900e+04	
1.400000e+01	1.457000e+04	
1.400000e+01	1.457300e+04	
1.410000e+01	1.454700e+04	
1.360000e+01	1.477200e+04	
1.370000e+01	1.466900e+04	
1.370000e+01	1.464000e+04	
1.380000e+01	1.462700e+04	
1.350000e+01	1.478900e+04	
1.370000e+01	1.466900e+04	
1.360000e+01	1.467000e+04	
1.410000e+01	1.457000e+04	
1.400000e+01	1.457100e+04	
1.410000e+01	1.455000e+04	
1.410000e+01	1.455000e+04	
1.390000e+01	1.457900e+04	
1.410000e+01	1.457300e+04	
1.380000e+01	1.464800e+04	
1.360000e+01	1.477500e+04	
1.370000e+01	1.465400e+04	
1.350000e+01	1.481600e+04	
1.360000e+01	1.467300e+04	
1.400000e+01	1.457400e+04	
1.410000e+01	1.455600e+04	
1.390000e+01	1.458100e+04	
1.370000e+01	1.465900e+04	
1.360000e+01	1.477600e+04	
1.350000e+01	1.482100e+04	
1.350000e+01	1.482100e+04	
1.380000e+01	1.464900e+04	
1.360000e+01	1.468700e+04	
1.360000e+01	1.468700e+04	
1.370000e+01	1.467400e+04	
1.400000e+01	1.457600e+04	
1.400000e+01	1.457600e+04	
1.410000e+01	1.455800e+04	
1.390000e+01	1.458200e+04	
1.360000e+01	1.477900e+04	
1.350000e+01	1.482800e+04	
1.380000e+01	1.465900e+04	
1.370000e+01	1.466700e+04	
1.380000e+01	1.465200e+04	
1.360000e+01	1.468800e+04	
1.370000e+01	1.467500e+04	
1.410000e+01	1.458000e+04	
1.410000e+01	1.456200e+04	
1.390000e+01	1.458300e+04	
1.390000e+01	1.458300e+04	
1.350000e+01	1.482900e+04	
1.360000e+01	1.478000e+04	
1.370000e+01	1.466800e+04	
1.380000e+01	1.466300e+04	
1.380000e+01	1.465400e+04	
1.360000e+01	1.468900e+04	
1.370000e+01	1.467700e+04	
1.410000e+01	1.458100e+04	
1.410000e+01	1.456300e+04	
1.410000e+01	1.456300e+04	
1.410000e+01	1.456300e+04	
1.390000e+01	1.458400e+04	
1.400000e+01	1.458300e+04	
1.370000e+01	1.467000e+04	
1.360000e+01	1.478400e+04	
1.380000e+01	1.465500e+04	
1.360000e+01	1.469400e+04	
1.370000e+01	1.468300e+04	
1.410000e+01	1.456700e+04	
1.410000e+01	1.456700e+04	
1.430000e+01	1.456500e+04	
1.410000e+01	1.456700e+04	
1.430000e+01	1.456500e+04	
1.390000e+01	1.458700e+04	
1.400000e+01	1.458400e+04	
1.350000e+01	1.483800e+04	
1.350000e+01	1.484400e+04	
1.370000e+01	1.467100e+04	
1.360000e+01	1.479000e+04	
1.380000e+01	1.465600e+04	
1.360000e+01	1.469800e+04	
1.370000e+01	1.469200e+04	
1.370000e+01	1.469200e+04	
1.410000e+01	1.456800e+04	
1.410000e+01	1.456800e+04	
1.410000e+01	1.456800e+04	
1.410000e+01	1.456800e+04	
1.410000e+01	1.458400e+04	
1.400000e+01	1.458700e+04	
1.400000e+01	1.458700e+04	
1.390000e+01	1.458900e+04	
1.390000e+01	1.458900e+04	
1.370000e+01	1.467500e+04	
1.350000e+01	1.487300e+04	
1.360000e+01	1.479200e+04	
1.380000e+01	1.465700e+04	
1.360000e+01	1.470400e+04	
1.370000e+01	1.469500e+04	
1.410000e+01	1.456900e+04	
1.400000e+01	1.459000e+04	
1.390000e+01	1.459100e+04	
1.350000e+01	1.487700e+04	
1.350000e+01	1.487700e+04	
1.360000e+01	1.479300e+04	
1.360000e+01	1.479300e+04	
1.380000e+01	1.466000e+04	
1.360000e+01	1.470500e+04	
1.370000e+01	1.470000e+04	
1.410000e+01	1.457000e+04	
1.400000e+01	1.459200e+04	
1.390000e+01	1.459300e+04	
1.400000e+01	1.459200e+04	
1.370000e+01	1.467700e+04	
1.380000e+01	1.467500e+04	
1.370000e+01	1.467700e+04	
1.350000e+01	1.487900e+04	
1.360000e+01	1.470600e+04	
1.360000e+01	1.480400e+04	
1.380000e+01	1.467600e+04	
1.360000e+01	1.470600e+04	
1.370000e+01	1.470200e+04	
1.410000e+01	1.457100e+04	
1.390000e+01	1.459600e+04	
1.370000e+01	1.468100e+04	
1.370000e+01	1.468100e+04	
1.350000e+01	1.488000e+04	
1.360000e+01	1.480800e+04	
1.380000e+01	1.467900e+04	
1.370000e+01	1.470400e+04	
1.360000e+01	1.470700e+04	
1.360000e+01	1.470700e+04	
1.360000e+01	1.470700e+04	
1.410000e+01	1.457300e+04	
1.390000e+01	1.459700e+04	
1.400000e+01	1.459600e+04	
1.370000e+01	1.468300e+04	
1.350000e+01	1.488500e+04	
1.380000e+01	1.468000e+04	
1.360000e+01	1.481600e+04	
1.370000e+01	1.470600e+04	
1.360000e+01	1.470800e+04	
1.410000e+01	1.457400e+04	
1.400000e+01	1.459700e+04	
1.390000e+01	1.459800e+04	
1.390000e+01	1.459800e+04	
1.370000e+01	1.468400e+04	
1.350000e+01	1.489000e+04	
1.350000e+01	1.489000e+04	
1.350000e+01	1.489000e+04	
1.380000e+01	1.468500e+04	
1.360000e+01	1.481700e+04	
1.370000e+01	1.471000e+04	
1.370000e+01	1.471000e+04	
1.360000e+01	1.471700e+04	
1.410000e+01	1.457500e+04	
1.390000e+01	1.459900e+04	
1.400000e+01	1.459800e+04	
1.400000e+01	1.459800e+04	
1.410000e+01	1.459700e+04	
1.400000e+01	1.459800e+04	
1.370000e+01	1.468600e+04	
1.350000e+01	1.490700e+04	
1.360000e+01	1.482000e+04	
1.370000e+01	1.471300e+04	
1.370000e+01	1.471300e+04	
1.370000e+01	1.471300e+04	
1.360000e+01	1.472000e+04	
1.410000e+01	1.457900e+04	
1.410000e+01	1.457900e+04	
1.430000e+01	1.457600e+04	
1.380000e+01	1.468600e+04	
1.390000e+01	1.460800e+04	
1.390000e+01	1.460800e+04	
1.400000e+01	1.460000e+04	
1.370000e+01	1.468700e+04	
1.370000e+01	1.468700e+04	
1.370000e+01	1.468700e+04	
1.350000e+01	1.491000e+04	
1.360000e+01	1.482200e+04	
1.360000e+01	1.482200e+04	
1.370000e+01	1.471400e+04	
1.360000e+01	1.472500e+04	
1.410000e+01	1.458200e+04	
1.410000e+01	1.458200e+04	
1.410000e+01	1.458200e+04	
1.390000e+01	1.460900e+04	
1.400000e+01	1.460300e+04	
1.400000e+01	1.460000e+04	
1.370000e+01	1.468800e+04	
1.350000e+01	1.491100e+04	
1.370000e+01	1.471700e+04	
1.370000e+01	1.471700e+04	
1.360000e+01	1.472900e+04	
1.360000e+01	1.482300e+04	
1.410000e+01	1.458300e+04	
1.400000e+01	1.460100e+04	
1.390000e+01	1.461000e+04	
1.370000e+01	1.469300e+04	
1.380000e+01	1.468900e+04	
1.350000e+01	1.491400e+04	
1.430000e+01	1.458300e+04	
1.360000e+01	1.474500e+04	
1.390000e+01	1.461200e+04	
1.410000e+01	1.460000e+04	
1.380000e+01	1.469300e+04	
1.400000e+01	1.460300e+04	
1.370000e+01	1.473200e+04	
1.370000e+01	1.469400e+04	
1.380000e+01	1.469300e+04	
