# This file contains the data of final feasible population (if found)
# of objectives = 2, # of constraints = 0, # of real_var = 0, # of bits of bin_var = 16, constr_violation, rank, crowding_distance
1.140000e+01	2.403000e+03	
1.300000e+01	1.839000e+03	
1.150000e+01	2.134000e+03	
1.150000e+01	2.393000e+03	
1.250000e+01	1.854000e+03	
1.190000e+01	1.870000e+03	
1.250000e+01	1.854000e+03	
1.300000e+01	1.839000e+03	
1.190000e+01	1.870000e+03	
1.180000e+01	1.998000e+03	
1.180000e+01	2.085000e+03	
1.150000e+01	2.134000e+03	
1.180000e+01	1.998000e+03	
1.180000e+01	2.085000e+03	
1.180000e+01	2.085000e+03	
1.150000e+01	2.134000e+03	
1.180000e+01	1.998000e+03	
1.140000e+01	2.403000e+03	
1.150000e+01	2.393000e+03	
1.190000e+01	1.870000e+03	
1.190000e+01	1.870000e+03	
1.250000e+01	1.854000e+03	
1.300000e+01	1.839000e+03	
1.250000e+01	1.854000e+03	
1.150000e+01	2.393000e+03	
1.140000e+01	2.403000e+03	
1.150000e+01	2.393000e+03	
1.180000e+01	2.085000e+03	
1.150000e+01	2.134000e+03	
1.250000e+01	1.854000e+03	
1.250000e+01	1.854000e+03	
1.190000e+01	1.870000e+03	
1.190000e+01	1.870000e+03	
1.250000e+01	1.854000e+03	
1.250000e+01	1.854000e+03	
1.250000e+01	1.854000e+03	
1.190000e+01	1.870000e+03	
1.300000e+01	1.839000e+03	
1.180000e+01	2.085000e+03	
1.250000e+01	1.854000e+03	
1.190000e+01	1.870000e+03	
1.190000e+01	1.870000e+03	
1.190000e+01	1.870000e+03	
1.190000e+01	1.870000e+03	
1.190000e+01	1.870000e+03	
1.250000e+01	1.854000e+03	
1.300000e+01	1.839000e+03	
1.190000e+01	1.870000e+03	
1.190000e+01	1.870000e+03	
1.190000e+01	1.870000e+03	
1.300000e+01	1.839000e+03	
1.250000e+01	1.854000e+03	
1.140000e+01	2.403000e+03	
1.250000e+01	1.854000e+03	
1.190000e+01	1.870000e+03	
1.180000e+01	1.998000e+03	
1.190000e+01	1.870000e+03	
1.180000e+01	2.085000e+03	
1.300000e+01	1.839000e+03	
1.250000e+01	1.854000e+03	
1.150000e+01	2.393000e+03	
1.190000e+01	1.870000e+03	
1.250000e+01	1.854000e+03	
1.300000e+01	1.839000e+03	
1.140000e+01	2.403000e+03	
1.300000e+01	1.839000e+03	
1.190000e+01	1.870000e+03	
1.250000e+01	1.854000e+03	
1.250000e+01	1.854000e+03	
1.190000e+01	1.870000e+03	
1.250000e+01	1.854000e+03	
1.180000e+01	1.998000e+03	
1.300000e+01	1.839000e+03	
1.250000e+01	1.854000e+03	
1.190000e+01	1.870000e+03	
1.190000e+01	1.870000e+03	
1.190000e+01	1.870000e+03	
1.250000e+01	1.854000e+03	
1.300000e+01	1.839000e+03	
1.140000e+01	2.403000e+03	
1.190000e+01	1.870000e+03	
1.250000e+01	1.854000e+03	
1.300000e+01	1.839000e+03	
1.250000e+01	1.854000e+03	
1.190000e+01	1.870000e+03	
1.150000e+01	2.393000e+03	
1.250000e+01	1.854000e+03	
1.300000e+01	1.839000e+03	
1.250000e+01	1.854000e+03	
1.190000e+01	1.870000e+03	
1.250000e+01	1.854000e+03	
1.190000e+01	1.870000e+03	
1.250000e+01	1.854000e+03	
1.250000e+01	1.854000e+03	
1.300000e+01	1.839000e+03	
1.250000e+01	1.854000e+03	
1.250000e+01	1.854000e+03	
1.300000e+01	1.839000e+03	
1.180000e+01	2.085000e+03	
1.250000e+01	1.854000e+03	
1.190000e+01	1.870000e+03	
1.190000e+01	1.870000e+03	
1.190000e+01	1.870000e+03	
1.250000e+01	1.854000e+03	
1.300000e+01	1.839000e+03	
1.190000e+01	1.870000e+03	
1.300000e+01	1.839000e+03	
1.140000e+01	2.403000e+03	
1.140000e+01	2.403000e+03	
1.190000e+01	1.870000e+03	
1.250000e+01	1.854000e+03	
1.300000e+01	1.839000e+03	
1.300000e+01	1.839000e+03	
1.190000e+01	1.870000e+03	
1.190000e+01	1.870000e+03	
1.300000e+01	1.839000e+03	
1.190000e+01	1.870000e+03	
1.180000e+01	1.998000e+03	
1.300000e+01	1.839000e+03	
1.300000e+01	1.839000e+03	
1.150000e+01	2.134000e+03	
1.190000e+01	1.870000e+03	
1.250000e+01	1.854000e+03	
1.150000e+01	2.134000e+03	
1.250000e+01	1.854000e+03	
1.300000e+01	1.839000e+03	
1.190000e+01	1.870000e+03	
1.300000e+01	1.839000e+03	
1.250000e+01	1.854000e+03	
1.180000e+01	1.998000e+03	
1.190000e+01	1.870000e+03	
1.300000e+01	1.839000e+03	
1.250000e+01	1.854000e+03	
1.250000e+01	1.854000e+03	
1.300000e+01	1.839000e+03	
1.180000e+01	2.085000e+03	
1.190000e+01	1.870000e+03	
1.250000e+01	1.854000e+03	
1.250000e+01	1.854000e+03	
1.190000e+01	1.870000e+03	
1.190000e+01	1.870000e+03	
1.300000e+01	1.839000e+03	
1.250000e+01	1.854000e+03	
1.190000e+01	1.870000e+03	
1.250000e+01	1.854000e+03	
1.250000e+01	1.854000e+03	
1.300000e+01	1.839000e+03	
1.180000e+01	1.998000e+03	
1.250000e+01	1.854000e+03	
1.190000e+01	1.870000e+03	
1.250000e+01	1.854000e+03	
1.250000e+01	1.854000e+03	
1.300000e+01	1.839000e+03	
1.250000e+01	1.854000e+03	
1.190000e+01	1.870000e+03	
1.150000e+01	2.134000e+03	
1.190000e+01	1.870000e+03	
1.300000e+01	1.839000e+03	
1.250000e+01	1.854000e+03	
1.300000e+01	1.839000e+03	
1.140000e+01	2.403000e+03	
1.190000e+01	1.870000e+03	
1.300000e+01	1.839000e+03	
1.150000e+01	2.393000e+03	
1.150000e+01	2.134000e+03	
1.150000e+01	2.134000e+03	
1.250000e+01	1.854000e+03	
1.300000e+01	1.839000e+03	
1.300000e+01	1.839000e+03	
1.250000e+01	1.854000e+03	
1.150000e+01	2.134000e+03	
1.250000e+01	1.854000e+03	
1.250000e+01	1.854000e+03	
1.300000e+01	1.839000e+03	
1.190000e+01	1.870000e+03	
1.150000e+01	2.134000e+03	
1.300000e+01	1.839000e+03	
1.300000e+01	1.839000e+03	
1.300000e+01	1.839000e+03	
1.300000e+01	1.839000e+03	
1.300000e+01	1.839000e+03	
1.190000e+01	1.870000e+03	
1.190000e+01	1.870000e+03	
1.190000e+01	1.870000e+03	
1.190000e+01	1.870000e+03	
1.180000e+01	2.085000e+03	
1.300000e+01	1.839000e+03	
1.190000e+01	1.870000e+03	
1.190000e+01	1.870000e+03	
1.250000e+01	1.854000e+03	
1.300000e+01	1.839000e+03	
1.300000e+01	1.839000e+03	
1.300000e+01	1.839000e+03	
1.190000e+01	1.870000e+03	
1.190000e+01	1.870000e+03	
1.190000e+01	1.870000e+03	
1.250000e+01	1.854000e+03	
1.300000e+01	1.839000e+03	
1.250000e+01	1.854000e+03	
1.250000e+01	1.854000e+03	
1.190000e+01	1.870000e+03	
1.190000e+01	1.870000e+03	
1.250000e+01	1.854000e+03	
1.190000e+01	1.870000e+03	
1.250000e+01	1.854000e+03	
1.190000e+01	1.870000e+03	
1.190000e+01	1.870000e+03	
1.150000e+01	2.134000e+03	
1.150000e+01	2.134000e+03	
1.190000e+01	1.870000e+03	
1.300000e+01	1.839000e+03	
1.190000e+01	1.870000e+03	
1.150000e+01	2.134000e+03	
1.250000e+01	1.854000e+03	
1.190000e+01	1.870000e+03	
1.300000e+01	1.839000e+03	
1.300000e+01	1.839000e+03	
1.190000e+01	1.870000e+03	
1.190000e+01	1.870000e+03	
1.300000e+01	1.839000e+03	
1.300000e+01	1.839000e+03	
1.250000e+01	1.854000e+03	
1.300000e+01	1.839000e+03	
1.250000e+01	1.854000e+03	
1.250000e+01	1.854000e+03	
1.190000e+01	1.870000e+03	
1.250000e+01	1.854000e+03	
1.180000e+01	1.998000e+03	
1.180000e+01	1.998000e+03	
1.150000e+01	2.393000e+03	
1.250000e+01	1.854000e+03	
1.190000e+01	1.870000e+03	
1.300000e+01	1.839000e+03	
1.150000e+01	2.134000e+03	
1.190000e+01	1.870000e+03	
1.250000e+01	1.854000e+03	
1.180000e+01	1.998000e+03	
1.300000e+01	1.839000e+03	
1.250000e+01	1.854000e+03	
1.250000e+01	1.854000e+03	
1.190000e+01	1.870000e+03	
1.250000e+01	1.854000e+03	
1.190000e+01	1.870000e+03	
1.190000e+01	1.870000e+03	
1.250000e+01	1.854000e+03	
1.300000e+01	1.839000e+03	
1.190000e+01	1.870000e+03	
1.190000e+01	1.870000e+03	
1.190000e+01	1.870000e+03	
1.300000e+01	1.839000e+03	
1.250000e+01	1.854000e+03	
1.300000e+01	1.839000e+03	
1.190000e+01	1.870000e+03	
1.300000e+01	1.839000e+03	
1.250000e+01	1.854000e+03	
1.190000e+01	1.870000e+03	
