# This file contains the data of initial population
# of objectives = 2, # of constraints = 0, # of real_var = 0, # of bits of bin_var = 47, constr_violation, rank, crowding_distance
5.200000e+00	1.064000e+03	
5.200000e+00	1.064000e+03	
5.200000e+00	1.064000e+03	
5.200000e+00	1.064000e+03	
5.200000e+00	1.064000e+03	
5.200000e+00	1.064000e+03	
5.200000e+00	1.064000e+03	
5.200000e+00	1.064000e+03	
5.200000e+00	1.064000e+03	
5.200000e+00	1.064000e+03	
5.200000e+00	1.064000e+03	
5.200000e+00	1.064000e+03	
5.200000e+00	1.064000e+03	
5.200000e+00	1.064000e+03	
5.200000e+00	1.059000e+03	
5.200000e+00	1.064000e+03	
5.200000e+00	1.053000e+03	
5.200000e+00	1.064000e+03	
5.200000e+00	1.064000e+03	
5.200000e+00	1.064000e+03	
5.200000e+00	1.064000e+03	
5.200000e+00	1.064000e+03	
5.200000e+00	1.064000e+03	
5.200000e+00	1.064000e+03	
5.200000e+00	1.058000e+03	
5.200000e+00	1.064000e+03	
5.200000e+00	1.064000e+03	
5.200000e+00	1.064000e+03	
5.200000e+00	1.064000e+03	
5.200000e+00	1.064000e+03	
5.200000e+00	1.064000e+03	
5.200000e+00	1.053000e+03	
5.200000e+00	1.064000e+03	
5.200000e+00	1.064000e+03	
5.200000e+00	1.064000e+03	
5.200000e+00	1.064000e+03	
5.200000e+00	1.064000e+03	
5.200000e+00	1.064000e+03	
5.200000e+00	1.064000e+03	
5.200000e+00	1.064000e+03	
5.200000e+00	1.064000e+03	
5.200000e+00	1.064000e+03	
5.200000e+00	1.064000e+03	
5.200000e+00	1.064000e+03	
5.200000e+00	1.064000e+03	
5.200000e+00	1.064000e+03	
5.200000e+00	1.053000e+03	
5.200000e+00	1.064000e+03	
5.200000e+00	1.064000e+03	
5.200000e+00	1.064000e+03	
5.200000e+00	1.064000e+03	
5.200000e+00	1.064000e+03	
5.200000e+00	1.064000e+03	
5.200000e+00	1.064000e+03	
5.200000e+00	1.064000e+03	
5.200000e+00	1.064000e+03	
5.200000e+00	1.060000e+03	
5.200000e+00	1.064000e+03	
5.200000e+00	1.064000e+03	
5.200000e+00	1.064000e+03	
5.200000e+00	1.064000e+03	
5.200000e+00	1.064000e+03	
5.200000e+00	1.064000e+03	
5.200000e+00	1.064000e+03	
5.200000e+00	1.064000e+03	
5.200000e+00	1.064000e+03	
5.200000e+00	1.064000e+03	
5.200000e+00	1.064000e+03	
5.200000e+00	1.064000e+03	
5.200000e+00	1.064000e+03	
5.200000e+00	1.064000e+03	
5.200000e+00	1.064000e+03	
5.200000e+00	1.064000e+03	
5.200000e+00	1.064000e+03	
5.200000e+00	1.064000e+03	
5.200000e+00	1.064000e+03	
5.200000e+00	1.060000e+03	
5.200000e+00	1.064000e+03	
5.200000e+00	1.064000e+03	
5.200000e+00	1.064000e+03	
5.200000e+00	1.064000e+03	
5.200000e+00	1.064000e+03	
5.200000e+00	1.064000e+03	
5.200000e+00	1.064000e+03	
5.200000e+00	1.064000e+03	
5.200000e+00	1.064000e+03	
5.200000e+00	1.064000e+03	
5.200000e+00	1.064000e+03	
5.200000e+00	1.064000e+03	
5.200000e+00	1.064000e+03	
5.200000e+00	1.064000e+03	
5.200000e+00	1.064000e+03	
5.200000e+00	1.064000e+03	
5.200000e+00	1.064000e+03	
5.200000e+00	1.064000e+03	
5.200000e+00	1.064000e+03	
5.200000e+00	1.064000e+03	
5.200000e+00	1.064000e+03	
5.200000e+00	1.064000e+03	
5.200000e+00	1.064000e+03	
5.200000e+00	1.064000e+03	
5.200000e+00	1.064000e+03	
5.200000e+00	1.060000e+03	
5.200000e+00	1.064000e+03	
5.200000e+00	1.064000e+03	
5.200000e+00	1.064000e+03	
5.200000e+00	1.064000e+03	
5.200000e+00	1.064000e+03	
5.200000e+00	1.064000e+03	
5.200000e+00	1.064000e+03	
5.200000e+00	1.064000e+03	
5.200000e+00	1.064000e+03	
5.200000e+00	1.064000e+03	
5.200000e+00	1.074000e+03	
5.200000e+00	1.064000e+03	
5.200000e+00	1.064000e+03	
5.200000e+00	1.064000e+03	
5.200000e+00	1.064000e+03	
5.200000e+00	1.064000e+03	
5.200000e+00	1.064000e+03	
5.200000e+00	1.064000e+03	
5.200000e+00	1.064000e+03	
5.200000e+00	1.064000e+03	
5.200000e+00	1.064000e+03	
5.200000e+00	1.064000e+03	
5.200000e+00	1.060000e+03	
5.200000e+00	1.064000e+03	
5.200000e+00	1.064000e+03	
5.200000e+00	1.059000e+03	
5.200000e+00	1.064000e+03	
5.200000e+00	1.057000e+03	
5.200000e+00	1.064000e+03	
5.200000e+00	1.064000e+03	
5.200000e+00	1.064000e+03	
5.200000e+00	1.064000e+03	
5.200000e+00	1.064000e+03	
5.200000e+00	1.064000e+03	
5.200000e+00	1.064000e+03	
5.200000e+00	1.064000e+03	
5.200000e+00	1.064000e+03	
5.200000e+00	1.064000e+03	
5.200000e+00	1.064000e+03	
5.200000e+00	1.064000e+03	
5.200000e+00	1.057000e+03	
5.200000e+00	1.064000e+03	
5.200000e+00	1.064000e+03	
5.200000e+00	1.064000e+03	
5.200000e+00	1.064000e+03	
5.200000e+00	1.064000e+03	
5.200000e+00	1.064000e+03	
5.200000e+00	1.064000e+03	
5.200000e+00	1.064000e+03	
5.200000e+00	1.064000e+03	
5.200000e+00	1.056000e+03	
5.200000e+00	1.064000e+03	
5.200000e+00	1.050000e+03	
5.200000e+00	1.064000e+03	
5.200000e+00	1.064000e+03	
5.200000e+00	1.064000e+03	
5.200000e+00	1.064000e+03	
5.200000e+00	1.064000e+03	
5.200000e+00	1.064000e+03	
5.200000e+00	1.064000e+03	
5.200000e+00	1.064000e+03	
5.200000e+00	1.064000e+03	
5.200000e+00	1.064000e+03	
5.200000e+00	1.064000e+03	
5.200000e+00	1.064000e+03	
5.200000e+00	1.064000e+03	
5.200000e+00	1.064000e+03	
5.200000e+00	1.053000e+03	
5.200000e+00	1.064000e+03	
5.200000e+00	1.064000e+03	
5.200000e+00	1.061000e+03	
5.200000e+00	1.064000e+03	
5.200000e+00	1.064000e+03	
5.200000e+00	1.064000e+03	
5.200000e+00	1.057000e+03	
5.200000e+00	1.064000e+03	
5.200000e+00	1.064000e+03	
5.200000e+00	1.064000e+03	
5.200000e+00	1.064000e+03	
5.200000e+00	1.064000e+03	
5.200000e+00	1.064000e+03	
5.200000e+00	1.064000e+03	
5.200000e+00	1.060000e+03	
5.200000e+00	1.064000e+03	
5.200000e+00	1.050000e+03	
5.200000e+00	1.064000e+03	
5.200000e+00	1.064000e+03	
5.200000e+00	1.064000e+03	
5.200000e+00	1.058000e+03	
5.200000e+00	1.064000e+03	
5.200000e+00	1.064000e+03	
5.200000e+00	1.064000e+03	
5.200000e+00	1.064000e+03	
5.200000e+00	1.064000e+03	
5.200000e+00	1.064000e+03	
5.200000e+00	1.064000e+03	
5.200000e+00	1.064000e+03	
5.200000e+00	1.064000e+03	
5.200000e+00	1.064000e+03	
5.200000e+00	1.064000e+03	
5.200000e+00	1.064000e+03	
5.200000e+00	1.064000e+03	
5.200000e+00	1.060000e+03	
5.200000e+00	1.064000e+03	
5.200000e+00	1.064000e+03	
5.200000e+00	1.064000e+03	
5.200000e+00	1.064000e+03	
5.200000e+00	1.064000e+03	
5.200000e+00	1.064000e+03	
5.200000e+00	1.064000e+03	
5.200000e+00	1.064000e+03	
5.200000e+00	1.064000e+03	
5.200000e+00	1.064000e+03	
5.200000e+00	1.064000e+03	
5.200000e+00	1.064000e+03	
5.200000e+00	1.053000e+03	
5.200000e+00	1.064000e+03	
5.200000e+00	1.064000e+03	
5.200000e+00	1.064000e+03	
5.200000e+00	1.064000e+03	
5.200000e+00	1.064000e+03	
5.200000e+00	1.064000e+03	
5.200000e+00	1.061000e+03	
5.200000e+00	1.064000e+03	
5.200000e+00	1.064000e+03	
5.200000e+00	1.064000e+03	
5.200000e+00	1.064000e+03	
5.200000e+00	1.064000e+03	
5.200000e+00	1.064000e+03	
5.200000e+00	1.064000e+03	
5.200000e+00	1.064000e+03	
5.200000e+00	1.064000e+03	
5.200000e+00	1.050000e+03	
5.200000e+00	1.064000e+03	
5.200000e+00	1.064000e+03	
5.200000e+00	1.064000e+03	
5.200000e+00	1.064000e+03	
5.200000e+00	1.064000e+03	
5.200000e+00	1.070000e+03	
5.200000e+00	1.064000e+03	
5.200000e+00	1.064000e+03	
5.200000e+00	1.064000e+03	
5.200000e+00	1.064000e+03	
5.200000e+00	1.064000e+03	
5.200000e+00	1.055000e+03	
5.200000e+00	1.064000e+03	
5.200000e+00	1.064000e+03	
5.200000e+00	1.064000e+03	
5.200000e+00	1.064000e+03	
5.200000e+00	1.060000e+03	
5.200000e+00	1.064000e+03	
5.200000e+00	1.003000e+03	
5.200000e+00	1.064000e+03	
