# This file contains the data of final population
# of objectives = 2, # of constraints = 0, # of real_var = 0, # of bits of bin_var = 25, constr_violation, rank, crowding_distance
8.700000e+00	4.680000e+02	
8.700000e+00	4.680000e+02	
8.700000e+00	4.680000e+02	
8.700000e+00	4.680000e+02	
8.700000e+00	4.680000e+02	
8.700000e+00	4.680000e+02	
8.700000e+00	4.680000e+02	
8.700000e+00	4.680000e+02	
8.700000e+00	4.680000e+02	
8.700000e+00	4.680000e+02	
8.700000e+00	4.680000e+02	
8.700000e+00	4.680000e+02	
8.700000e+00	4.680000e+02	
8.700000e+00	4.680000e+02	
8.700000e+00	4.680000e+02	
8.700000e+00	4.680000e+02	
8.700000e+00	4.680000e+02	
8.700000e+00	4.680000e+02	
1.050000e+01	3.450000e+02	
8.700000e+00	4.680000e+02	
8.700000e+00	4.680000e+02	
8.700000e+00	4.680000e+02	
8.700000e+00	4.680000e+02	
8.700000e+00	4.680000e+02	
8.700000e+00	4.680000e+02	
8.700000e+00	4.680000e+02	
8.700000e+00	4.680000e+02	
8.700000e+00	4.680000e+02	
8.700000e+00	4.680000e+02	
8.700000e+00	4.680000e+02	
8.700000e+00	4.680000e+02	
8.700000e+00	4.680000e+02	
8.700000e+00	4.680000e+02	
8.700000e+00	4.680000e+02	
8.700000e+00	4.680000e+02	
8.700000e+00	4.680000e+02	
8.700000e+00	4.680000e+02	
8.700000e+00	4.680000e+02	
8.700000e+00	4.680000e+02	
8.700000e+00	4.680000e+02	
8.700000e+00	4.680000e+02	
8.700000e+00	4.680000e+02	
8.700000e+00	4.680000e+02	
8.700000e+00	4.680000e+02	
8.700000e+00	4.680000e+02	
8.700000e+00	4.680000e+02	
8.700000e+00	4.680000e+02	
8.700000e+00	4.680000e+02	
8.700000e+00	4.680000e+02	
8.700000e+00	4.680000e+02	
8.700000e+00	4.680000e+02	
8.700000e+00	4.680000e+02	
8.700000e+00	4.680000e+02	
8.700000e+00	4.680000e+02	
8.700000e+00	4.680000e+02	
8.700000e+00	4.680000e+02	
8.700000e+00	4.680000e+02	
8.700000e+00	4.680000e+02	
8.700000e+00	4.680000e+02	
8.700000e+00	4.680000e+02	
8.700000e+00	4.680000e+02	
8.700000e+00	4.680000e+02	
8.700000e+00	4.680000e+02	
8.700000e+00	4.680000e+02	
8.700000e+00	4.680000e+02	
8.700000e+00	4.680000e+02	
8.700000e+00	4.680000e+02	
8.700000e+00	4.680000e+02	
8.700000e+00	4.680000e+02	
8.700000e+00	4.680000e+02	
8.700000e+00	4.680000e+02	
8.700000e+00	4.680000e+02	
8.700000e+00	4.680000e+02	
8.700000e+00	4.680000e+02	
8.700000e+00	4.680000e+02	
8.700000e+00	4.680000e+02	
8.700000e+00	4.680000e+02	
8.700000e+00	4.680000e+02	
8.700000e+00	4.680000e+02	
8.700000e+00	4.680000e+02	
8.700000e+00	4.680000e+02	
8.700000e+00	4.680000e+02	
8.700000e+00	4.680000e+02	
8.700000e+00	4.680000e+02	
8.700000e+00	4.680000e+02	
1.050000e+01	3.450000e+02	
8.700000e+00	4.680000e+02	
8.700000e+00	4.680000e+02	
8.700000e+00	4.680000e+02	
8.700000e+00	4.680000e+02	
8.700000e+00	4.680000e+02	
8.700000e+00	4.680000e+02	
1.010000e+01	4.070000e+02	
8.700000e+00	4.680000e+02	
8.700000e+00	4.680000e+02	
8.700000e+00	4.680000e+02	
8.700000e+00	4.680000e+02	
8.700000e+00	4.680000e+02	
8.700000e+00	4.680000e+02	
8.700000e+00	4.680000e+02	
8.700000e+00	4.680000e+02	
8.700000e+00	4.680000e+02	
1.050000e+01	3.450000e+02	
8.700000e+00	4.680000e+02	
1.010000e+01	4.070000e+02	
8.700000e+00	4.680000e+02	
1.010000e+01	4.070000e+02	
8.700000e+00	4.680000e+02	
8.700000e+00	4.680000e+02	
8.700000e+00	4.680000e+02	
8.700000e+00	4.680000e+02	
8.700000e+00	4.680000e+02	
8.700000e+00	4.680000e+02	
1.010000e+01	4.070000e+02	
8.700000e+00	4.680000e+02	
1.010000e+01	4.070000e+02	
8.700000e+00	4.680000e+02	
1.010000e+01	4.070000e+02	
8.700000e+00	4.680000e+02	
8.700000e+00	4.680000e+02	
8.700000e+00	4.680000e+02	
8.700000e+00	4.680000e+02	
8.700000e+00	4.680000e+02	
8.700000e+00	4.680000e+02	
8.700000e+00	4.680000e+02	
8.700000e+00	4.680000e+02	
8.700000e+00	4.680000e+02	
8.700000e+00	4.680000e+02	
8.700000e+00	4.680000e+02	
8.700000e+00	4.680000e+02	
8.700000e+00	4.680000e+02	
8.700000e+00	4.680000e+02	
8.700000e+00	4.680000e+02	
8.700000e+00	4.680000e+02	
8.700000e+00	4.680000e+02	
8.700000e+00	4.680000e+02	
8.700000e+00	4.680000e+02	
8.700000e+00	4.680000e+02	
8.700000e+00	4.680000e+02	
8.700000e+00	4.680000e+02	
8.700000e+00	4.680000e+02	
8.700000e+00	4.680000e+02	
8.700000e+00	4.680000e+02	
8.700000e+00	4.680000e+02	
8.700000e+00	4.680000e+02	
8.700000e+00	4.680000e+02	
8.700000e+00	4.680000e+02	
8.700000e+00	4.680000e+02	
8.700000e+00	4.680000e+02	
8.700000e+00	4.680000e+02	
8.700000e+00	4.680000e+02	
8.700000e+00	4.680000e+02	
8.700000e+00	4.680000e+02	
8.700000e+00	4.680000e+02	
8.700000e+00	4.680000e+02	
8.700000e+00	4.680000e+02	
8.700000e+00	4.680000e+02	
8.700000e+00	4.680000e+02	
8.700000e+00	4.680000e+02	
8.700000e+00	4.680000e+02	
8.700000e+00	4.680000e+02	
8.700000e+00	4.680000e+02	
8.700000e+00	4.680000e+02	
8.700000e+00	4.680000e+02	
8.700000e+00	4.680000e+02	
8.700000e+00	4.680000e+02	
8.700000e+00	4.680000e+02	
8.700000e+00	4.680000e+02	
8.700000e+00	4.680000e+02	
8.700000e+00	4.680000e+02	
8.700000e+00	4.680000e+02	
8.700000e+00	4.680000e+02	
8.700000e+00	4.680000e+02	
8.700000e+00	4.680000e+02	
8.700000e+00	4.680000e+02	
8.700000e+00	4.680000e+02	
8.700000e+00	4.680000e+02	
8.700000e+00	4.680000e+02	
8.700000e+00	4.680000e+02	
8.700000e+00	4.680000e+02	
8.700000e+00	4.680000e+02	
8.700000e+00	4.680000e+02	
8.700000e+00	4.680000e+02	
8.700000e+00	4.680000e+02	
8.700000e+00	4.680000e+02	
8.700000e+00	4.680000e+02	
8.700000e+00	4.680000e+02	
8.700000e+00	4.680000e+02	
8.700000e+00	4.680000e+02	
8.700000e+00	4.680000e+02	
8.700000e+00	4.680000e+02	
8.700000e+00	4.680000e+02	
8.700000e+00	4.680000e+02	
8.700000e+00	4.680000e+02	
8.700000e+00	4.680000e+02	
8.700000e+00	4.680000e+02	
8.700000e+00	4.680000e+02	
8.700000e+00	4.680000e+02	
8.700000e+00	4.680000e+02	
8.700000e+00	4.680000e+02	
8.700000e+00	4.680000e+02	
8.700000e+00	4.720000e+02	
8.700000e+00	4.720000e+02	
8.700000e+00	4.720000e+02	
8.700000e+00	4.720000e+02	
8.700000e+00	4.720000e+02	
8.700000e+00	4.720000e+02	
8.700000e+00	4.720000e+02	
8.700000e+00	4.720000e+02	
8.700000e+00	4.720000e+02	
8.700000e+00	4.720000e+02	
8.700000e+00	4.720000e+02	
8.700000e+00	4.720000e+02	
8.700000e+00	4.720000e+02	
8.700000e+00	4.720000e+02	
8.700000e+00	4.720000e+02	
8.700000e+00	4.720000e+02	
8.700000e+00	4.720000e+02	
8.700000e+00	4.720000e+02	
8.700000e+00	4.720000e+02	
8.700000e+00	4.720000e+02	
8.700000e+00	4.720000e+02	
8.700000e+00	4.720000e+02	
8.700000e+00	4.720000e+02	
8.700000e+00	4.720000e+02	
8.700000e+00	4.720000e+02	
8.700000e+00	4.720000e+02	
8.700000e+00	4.720000e+02	
8.700000e+00	4.720000e+02	
8.700000e+00	4.720000e+02	
8.700000e+00	4.720000e+02	
8.700000e+00	4.720000e+02	
8.700000e+00	4.720000e+02	
8.700000e+00	4.720000e+02	
8.700000e+00	4.720000e+02	
8.700000e+00	4.720000e+02	
8.700000e+00	4.720000e+02	
8.700000e+00	4.720000e+02	
1.010000e+01	4.080000e+02	
8.700000e+00	4.720000e+02	
8.700000e+00	4.720000e+02	
8.700000e+00	4.720000e+02	
8.700000e+00	4.720000e+02	
8.700000e+00	4.720000e+02	
8.700000e+00	4.720000e+02	
8.700000e+00	4.720000e+02	
1.010000e+01	4.080000e+02	
8.700000e+00	4.720000e+02	
8.700000e+00	4.720000e+02	
1.010000e+01	4.080000e+02	
8.700000e+00	4.720000e+02	
1.010000e+01	4.080000e+02	
8.700000e+00	4.720000e+02	
1.010000e+01	4.080000e+02	
8.700000e+00	4.720000e+02	
1.050000e+01	3.470000e+02	
