# This file contains the data of initial population
# of objectives = 2, # of constraints = 0, # of real_var = 9, # of bits of bin_var = 0, constr_violation, rank, crowding_distance
2.000000e+00	5.300000e+01	
2.000000e+00	5.300000e+01	
2.000000e+00	5.300000e+01	
2.000000e+00	5.300000e+01	
2.000000e+00	5.300000e+01	
2.000000e+00	5.200000e+01	
2.000000e+00	5.300000e+01	
2.000000e+00	5.300000e+01	
2.000000e+00	5.400000e+01	
2.000000e+00	5.300000e+01	
2.000000e+00	5.300000e+01	
2.000000e+00	5.300000e+01	
2.000000e+00	5.300000e+01	
2.000000e+00	5.300000e+01	
2.000000e+00	5.200000e+01	
2.000000e+00	5.400000e+01	
2.000000e+00	5.300000e+01	
2.000000e+00	5.300000e+01	
2.000000e+00	5.300000e+01	
2.000000e+00	5.300000e+01	
2.000000e+00	5.300000e+01	
2.000000e+00	5.200000e+01	
2.000000e+00	5.300000e+01	
2.000000e+00	5.300000e+01	
2.000000e+00	5.200000e+01	
2.000000e+00	5.200000e+01	
2.000000e+00	5.300000e+01	
2.000000e+00	5.300000e+01	
2.000000e+00	5.300000e+01	
2.000000e+00	5.400000e+01	
2.000000e+00	5.200000e+01	
2.000000e+00	5.200000e+01	
2.000000e+00	5.200000e+01	
2.000000e+00	5.300000e+01	
2.000000e+00	5.300000e+01	
2.000000e+00	5.200000e+01	
2.000000e+00	5.300000e+01	
2.000000e+00	5.300000e+01	
2.000000e+00	5.200000e+01	
2.000000e+00	5.400000e+01	
2.000000e+00	5.200000e+01	
2.000000e+00	5.400000e+01	
2.000000e+00	5.300000e+01	
2.000000e+00	5.300000e+01	
2.000000e+00	5.300000e+01	
2.000000e+00	5.200000e+01	
2.000000e+00	5.300000e+01	
2.000000e+00	5.200000e+01	
2.000000e+00	5.300000e+01	
2.000000e+00	5.300000e+01	
2.000000e+00	5.400000e+01	
2.000000e+00	5.400000e+01	
2.000000e+00	5.400000e+01	
2.000000e+00	5.400000e+01	
2.000000e+00	5.300000e+01	
2.000000e+00	5.300000e+01	
2.000000e+00	5.300000e+01	
2.000000e+00	5.300000e+01	
2.000000e+00	5.300000e+01	
2.000000e+00	5.400000e+01	
2.000000e+00	5.300000e+01	
2.000000e+00	5.200000e+01	
2.000000e+00	5.200000e+01	
2.000000e+00	5.200000e+01	
2.000000e+00	5.300000e+01	
2.000000e+00	5.300000e+01	
2.000000e+00	5.400000e+01	
2.000000e+00	5.300000e+01	
2.000000e+00	5.200000e+01	
2.000000e+00	5.300000e+01	
2.000000e+00	5.400000e+01	
2.000000e+00	5.300000e+01	
2.000000e+00	5.300000e+01	
2.000000e+00	5.300000e+01	
2.000000e+00	5.300000e+01	
2.000000e+00	5.300000e+01	
2.000000e+00	5.300000e+01	
2.000000e+00	5.200000e+01	
2.000000e+00	5.300000e+01	
2.000000e+00	5.300000e+01	
2.000000e+00	5.300000e+01	
2.000000e+00	5.400000e+01	
2.000000e+00	5.300000e+01	
2.000000e+00	5.400000e+01	
2.000000e+00	5.400000e+01	
2.000000e+00	5.300000e+01	
2.000000e+00	5.200000e+01	
2.000000e+00	5.300000e+01	
2.000000e+00	5.200000e+01	
2.000000e+00	5.300000e+01	
2.000000e+00	5.300000e+01	
2.000000e+00	5.300000e+01	
2.000000e+00	5.200000e+01	
2.000000e+00	5.300000e+01	
2.000000e+00	5.300000e+01	
2.000000e+00	5.300000e+01	
2.000000e+00	5.200000e+01	
2.000000e+00	5.400000e+01	
2.000000e+00	5.300000e+01	
2.000000e+00	5.300000e+01	
2.000000e+00	5.300000e+01	
2.000000e+00	5.200000e+01	
2.000000e+00	5.300000e+01	
2.000000e+00	5.300000e+01	
2.000000e+00	5.300000e+01	
2.000000e+00	5.300000e+01	
2.000000e+00	5.300000e+01	
2.000000e+00	5.400000e+01	
2.000000e+00	5.200000e+01	
2.000000e+00	5.200000e+01	
2.000000e+00	5.300000e+01	
2.000000e+00	5.400000e+01	
2.000000e+00	5.300000e+01	
2.000000e+00	5.400000e+01	
2.000000e+00	5.300000e+01	
2.000000e+00	5.300000e+01	
2.000000e+00	5.300000e+01	
2.000000e+00	5.300000e+01	
2.000000e+00	5.300000e+01	
2.000000e+00	5.200000e+01	
2.000000e+00	5.300000e+01	
2.000000e+00	5.300000e+01	
2.000000e+00	5.300000e+01	
2.000000e+00	5.400000e+01	
2.000000e+00	5.400000e+01	
2.000000e+00	5.300000e+01	
2.000000e+00	5.300000e+01	
2.000000e+00	5.200000e+01	
2.000000e+00	5.300000e+01	
2.000000e+00	5.300000e+01	
2.000000e+00	5.200000e+01	
2.000000e+00	5.400000e+01	
2.000000e+00	5.400000e+01	
2.000000e+00	5.300000e+01	
2.000000e+00	5.300000e+01	
2.000000e+00	5.200000e+01	
2.000000e+00	5.200000e+01	
2.000000e+00	5.400000e+01	
2.000000e+00	5.400000e+01	
2.000000e+00	5.300000e+01	
2.000000e+00	5.200000e+01	
2.000000e+00	5.200000e+01	
2.000000e+00	5.400000e+01	
2.000000e+00	5.200000e+01	
2.000000e+00	5.200000e+01	
2.000000e+00	5.300000e+01	
2.000000e+00	5.200000e+01	
2.000000e+00	5.300000e+01	
2.000000e+00	5.200000e+01	
2.000000e+00	5.200000e+01	
2.000000e+00	5.200000e+01	
2.000000e+00	5.400000e+01	
2.000000e+00	5.300000e+01	
2.000000e+00	5.200000e+01	
2.000000e+00	5.400000e+01	
2.000000e+00	5.200000e+01	
2.000000e+00	5.300000e+01	
2.000000e+00	5.400000e+01	
2.000000e+00	5.200000e+01	
2.000000e+00	5.300000e+01	
2.000000e+00	5.300000e+01	
2.000000e+00	5.200000e+01	
2.000000e+00	5.200000e+01	
2.000000e+00	5.400000e+01	
2.000000e+00	5.200000e+01	
2.000000e+00	5.300000e+01	
2.000000e+00	5.300000e+01	
2.000000e+00	5.200000e+01	
2.000000e+00	5.300000e+01	
2.000000e+00	5.300000e+01	
2.000000e+00	5.300000e+01	
2.000000e+00	5.300000e+01	
2.000000e+00	5.300000e+01	
2.000000e+00	5.300000e+01	
2.000000e+00	5.300000e+01	
2.000000e+00	5.300000e+01	
2.000000e+00	5.400000e+01	
2.000000e+00	5.300000e+01	
2.000000e+00	5.400000e+01	
2.000000e+00	5.300000e+01	
2.000000e+00	5.200000e+01	
2.000000e+00	5.300000e+01	
2.000000e+00	5.300000e+01	
2.000000e+00	5.200000e+01	
2.000000e+00	5.300000e+01	
2.000000e+00	5.300000e+01	
2.000000e+00	5.100000e+01	
2.000000e+00	5.200000e+01	
2.000000e+00	5.400000e+01	
2.000000e+00	5.300000e+01	
2.000000e+00	5.400000e+01	
2.000000e+00	5.200000e+01	
2.000000e+00	5.300000e+01	
2.000000e+00	5.400000e+01	
2.000000e+00	5.200000e+01	
2.000000e+00	5.400000e+01	
2.000000e+00	5.200000e+01	
2.000000e+00	5.300000e+01	
2.000000e+00	5.300000e+01	
2.000000e+00	5.400000e+01	
2.000000e+00	5.300000e+01	
2.000000e+00	5.300000e+01	
2.000000e+00	5.200000e+01	
2.000000e+00	5.200000e+01	
2.000000e+00	5.300000e+01	
2.000000e+00	5.300000e+01	
2.000000e+00	5.200000e+01	
2.000000e+00	5.300000e+01	
2.000000e+00	5.200000e+01	
2.000000e+00	5.300000e+01	
2.000000e+00	5.300000e+01	
2.000000e+00	5.300000e+01	
2.000000e+00	5.300000e+01	
2.000000e+00	5.300000e+01	
2.000000e+00	5.200000e+01	
2.000000e+00	5.300000e+01	
2.000000e+00	5.300000e+01	
2.000000e+00	5.400000e+01	
2.000000e+00	5.300000e+01	
2.000000e+00	5.100000e+01	
2.000000e+00	5.300000e+01	
2.000000e+00	5.400000e+01	
2.000000e+00	5.200000e+01	
2.000000e+00	5.300000e+01	
2.000000e+00	5.300000e+01	
2.000000e+00	5.300000e+01	
2.000000e+00	5.200000e+01	
2.000000e+00	5.300000e+01	
2.000000e+00	5.200000e+01	
2.000000e+00	5.300000e+01	
2.000000e+00	5.200000e+01	
2.000000e+00	5.400000e+01	
2.000000e+00	5.100000e+01	
2.000000e+00	5.200000e+01	
2.000000e+00	5.200000e+01	
2.000000e+00	5.200000e+01	
2.000000e+00	5.300000e+01	
2.000000e+00	5.300000e+01	
2.000000e+00	5.300000e+01	
2.000000e+00	5.300000e+01	
2.000000e+00	5.300000e+01	
2.000000e+00	5.300000e+01	
2.000000e+00	5.100000e+01	
2.000000e+00	5.300000e+01	
2.000000e+00	5.300000e+01	
2.000000e+00	5.200000e+01	
2.000000e+00	5.300000e+01	
2.000000e+00	5.400000e+01	
2.000000e+00	5.200000e+01	
2.000000e+00	5.300000e+01	
2.000000e+00	5.300000e+01	
2.000000e+00	5.200000e+01	
2.000000e+00	5.400000e+01	
2.000000e+00	5.200000e+01	
2.000000e+00	5.300000e+01	
2.000000e+00	5.300000e+01	
