# This file contains the data of final population
# of objectives = 2, # of constraints = 0, # of real_var = 0, # of bits of bin_var = 90, constr_violation, rank, crowding_distance
1.310000e+01	1.072700e+04	
1.350000e+01	1.069900e+04	
1.280000e+01	1.074500e+04	
1.450000e+01	1.062600e+04	
1.320000e+01	1.070300e+04	
1.270000e+01	1.087600e+04	
1.270000e+01	1.087600e+04	
1.360000e+01	1.065300e+04	
1.450000e+01	1.058800e+04	
1.430000e+01	1.064600e+04	
1.320000e+01	1.071000e+04	
1.370000e+01	1.066700e+04	
1.430000e+01	1.066500e+04	
1.270000e+01	1.088700e+04	
1.450000e+01	1.063800e+04	
1.280000e+01	1.074900e+04	
1.360000e+01	1.069500e+04	
1.360000e+01	1.070100e+04	
1.360000e+01	1.069800e+04	
1.270000e+01	1.107800e+04	
1.370000e+01	1.067000e+04	
1.300000e+01	1.075800e+04	
1.290000e+01	1.077100e+04	
1.280000e+01	1.085200e+04	
1.310000e+01	1.075300e+04	
1.360000e+01	1.071000e+04	
1.350000e+01	1.071800e+04	
1.320000e+01	1.072300e+04	
1.360000e+01	1.071000e+04	
1.450000e+01	1.065900e+04	
1.350000e+01	1.071900e+04	
1.460000e+01	1.066000e+04	
1.450000e+01	1.066300e+04	
1.360000e+01	1.069900e+04	
1.360000e+01	1.069900e+04	
1.290000e+01	1.078200e+04	
1.310000e+01	1.075700e+04	
1.270000e+01	1.111900e+04	
1.370000e+01	1.068000e+04	
1.370000e+01	1.068000e+04	
1.280000e+01	1.087600e+04	
1.290000e+01	1.078300e+04	
1.300000e+01	1.078000e+04	
1.310000e+01	1.075800e+04	
1.320000e+01	1.072900e+04	
1.320000e+01	1.073500e+04	
1.360000e+01	1.071200e+04	
1.450000e+01	1.067400e+04	
1.270000e+01	1.120400e+04	
1.280000e+01	1.088800e+04	
1.290000e+01	1.079100e+04	
1.360000e+01	1.070000e+04	
1.330000e+01	1.072900e+04	
1.320000e+01	1.073100e+04	
1.310000e+01	1.076700e+04	
1.320000e+01	1.074200e+04	
1.370000e+01	1.068200e+04	
1.350000e+01	1.072000e+04	
1.360000e+01	1.071600e+04	
1.310000e+01	1.076900e+04	
1.310000e+01	1.077000e+04	
1.370000e+01	1.069200e+04	
1.430000e+01	1.068300e+04	
1.450000e+01	1.067700e+04	
1.320000e+01	1.074300e+04	
1.360000e+01	1.070900e+04	
1.290000e+01	1.080100e+04	
1.280000e+01	1.089400e+04	
1.290000e+01	1.080900e+04	
1.270000e+01	1.134300e+04	
1.340000e+01	1.073000e+04	
1.330000e+01	1.073700e+04	
1.350000e+01	1.072200e+04	
1.310000e+01	1.077700e+04	
1.320000e+01	1.077300e+04	
1.430000e+01	1.068800e+04	
1.370000e+01	1.069300e+04	
1.280000e+01	1.089900e+04	
1.290000e+01	1.082500e+04	
1.290000e+01	1.080300e+04	
1.290000e+01	1.080300e+04	
1.340000e+01	1.073100e+04	
1.330000e+01	1.073900e+04	
1.360000e+01	1.071000e+04	
1.320000e+01	1.074400e+04	
1.320000e+01	1.074400e+04	
1.360000e+01	1.072200e+04	
1.310000e+01	1.077800e+04	
1.370000e+01	1.069400e+04	
1.380000e+01	1.069300e+04	
1.370000e+01	1.069400e+04	
1.290000e+01	1.082800e+04	
1.300000e+01	1.080300e+04	
1.290000e+01	1.081100e+04	
1.280000e+01	1.090300e+04	
1.330000e+01	1.074100e+04	
1.350000e+01	1.073300e+04	
1.360000e+01	1.071600e+04	
1.320000e+01	1.074500e+04	
1.320000e+01	1.074400e+04	
1.360000e+01	1.072600e+04	
1.450000e+01	1.068800e+04	
1.310000e+01	1.078500e+04	
1.310000e+01	1.078100e+04	
1.450000e+01	1.069200e+04	
1.350000e+01	1.073600e+04	
1.370000e+01	1.070000e+04	
1.370000e+01	1.070000e+04	
1.280000e+01	1.090900e+04	
1.300000e+01	1.080500e+04	
1.290000e+01	1.083000e+04	
1.290000e+01	1.086100e+04	
1.360000e+01	1.072000e+04	
1.320000e+01	1.074700e+04	
1.360000e+01	1.073100e+04	
1.360000e+01	1.073100e+04	
1.310000e+01	1.078600e+04	
1.310000e+01	1.078500e+04	
1.290000e+01	1.083500e+04	
1.450000e+01	1.069300e+04	
1.370000e+01	1.070100e+04	
1.430000e+01	1.070000e+04	
1.290000e+01	1.087000e+04	
1.290000e+01	1.087000e+04	
1.360000e+01	1.072400e+04	
1.280000e+01	1.093100e+04	
1.320000e+01	1.074900e+04	
1.300000e+01	1.080900e+04	
1.360000e+01	1.073200e+04	
1.360000e+01	1.073200e+04	
1.360000e+01	1.073200e+04	
1.350000e+01	1.074200e+04	
1.310000e+01	1.078700e+04	
1.310000e+01	1.079000e+04	
1.450000e+01	1.069900e+04	
1.300000e+01	1.081000e+04	
1.380000e+01	1.070500e+04	
1.370000e+01	1.070600e+04	
1.290000e+01	1.087500e+04	
1.360000e+01	1.072700e+04	
1.360000e+01	1.072700e+04	
1.280000e+01	1.097300e+04	
1.320000e+01	1.075300e+04	
1.320000e+01	1.075300e+04	
1.320000e+01	1.074900e+04	
1.360000e+01	1.073500e+04	
1.300000e+01	1.084000e+04	
1.290000e+01	1.085600e+04	
1.450000e+01	1.069800e+04	
1.450000e+01	1.070200e+04	
1.310000e+01	1.079500e+04	
1.310000e+01	1.079200e+04	
1.360000e+01	1.072800e+04	
1.300000e+01	1.085600e+04	
1.370000e+01	1.070700e+04	
1.380000e+01	1.070600e+04	
1.350000e+01	1.075200e+04	
1.290000e+01	1.087800e+04	
1.360000e+01	1.072800e+04	
1.280000e+01	1.101300e+04	
1.320000e+01	1.075400e+04	
1.320000e+01	1.075400e+04	
1.280000e+01	1.101300e+04	
1.360000e+01	1.073700e+04	
1.290000e+01	1.086100e+04	
1.350000e+01	1.075500e+04	
1.310000e+01	1.079300e+04	
1.310000e+01	1.079900e+04	
1.300000e+01	1.086400e+04	
1.370000e+01	1.070900e+04	
1.380000e+01	1.070800e+04	
1.290000e+01	1.089000e+04	
1.360000e+01	1.073200e+04	
1.360000e+01	1.073200e+04	
1.280000e+01	1.102200e+04	
1.320000e+01	1.075600e+04	
1.320000e+01	1.075600e+04	
1.360000e+01	1.073800e+04	
1.360000e+01	1.073800e+04	
1.290000e+01	1.086700e+04	
1.450000e+01	1.070400e+04	
1.310000e+01	1.080000e+04	
1.300000e+01	1.086700e+04	
1.370000e+01	1.071000e+04	
1.290000e+01	1.089500e+04	
1.360000e+01	1.073300e+04	
1.360000e+01	1.073300e+04	
1.280000e+01	1.105600e+04	
1.330000e+01	1.075600e+04	
1.320000e+01	1.075700e+04	
1.360000e+01	1.074100e+04	
1.360000e+01	1.074100e+04	
1.290000e+01	1.087300e+04	
1.460000e+01	1.070400e+04	
1.450000e+01	1.070600e+04	
1.310000e+01	1.080300e+04	
1.310000e+01	1.080000e+04	
1.370000e+01	1.071300e+04	
1.450000e+01	1.071100e+04	
1.360000e+01	1.073400e+04	
1.320000e+01	1.076100e+04	
1.340000e+01	1.075600e+04	
1.360000e+01	1.074200e+04	
1.290000e+01	1.089900e+04	
1.290000e+01	1.087600e+04	
1.290000e+01	1.087600e+04	
1.320000e+01	1.080000e+04	
1.310000e+01	1.080400e+04	
1.310000e+01	1.080400e+04	
1.290000e+01	1.094500e+04	
1.370000e+01	1.071400e+04	
1.440000e+01	1.071300e+04	
1.460000e+01	1.071100e+04	
1.450000e+01	1.071200e+04	
1.360000e+01	1.073800e+04	
1.320000e+01	1.076200e+04	
1.350000e+01	1.075700e+04	
1.360000e+01	1.074300e+04	
1.290000e+01	1.087700e+04	
1.310000e+01	1.080500e+04	
1.290000e+01	1.095100e+04	
1.370000e+01	1.071600e+04	
1.450000e+01	1.071300e+04	
1.360000e+01	1.074300e+04	
1.360000e+01	1.074300e+04	
1.350000e+01	1.076300e+04	
1.320000e+01	1.076400e+04	
1.360000e+01	1.074400e+04	
1.360000e+01	1.074400e+04	
1.290000e+01	1.088400e+04	
1.300000e+01	1.088100e+04	
1.310000e+01	1.081300e+04	
1.310000e+01	1.081000e+04	
1.290000e+01	1.095400e+04	
1.360000e+01	1.074400e+04	
1.320000e+01	1.076500e+04	
1.350000e+01	1.076400e+04	
1.320000e+01	1.076500e+04	
1.370000e+01	1.071700e+04	
1.380000e+01	1.071600e+04	
1.360000e+01	1.075000e+04	
1.290000e+01	1.088800e+04	
1.290000e+01	1.096700e+04	
1.430000e+01	1.071600e+04	
1.380000e+01	1.071700e+04	
1.310000e+01	1.081400e+04	
1.290000e+01	1.089200e+04	
1.300000e+01	1.088900e+04	
1.360000e+01	1.075300e+04	
1.320000e+01	1.076500e+04	
1.320000e+01	1.076800e+04	
1.310000e+01	1.081100e+04	
1.360000e+01	1.074500e+04	
1.370000e+01	1.071800e+04	
1.300000e+01	1.089000e+04	
1.370000e+01	1.071800e+04	
