# This file contains the data of final population
# of objectives = 2, # of constraints = 0, # of real_var = 0, # of bits of bin_var = 28, constr_violation, rank, crowding_distance
4.000000e+00	9.730000e+02	
4.000000e+00	9.760000e+02	
4.000000e+00	9.790000e+02	
4.000000e+00	9.800000e+02	
4.000000e+00	9.820000e+02	
4.000000e+00	9.830000e+02	
4.000000e+00	9.840000e+02	
4.000000e+00	9.860000e+02	
4.000000e+00	9.870000e+02	
4.000000e+00	9.870000e+02	
4.000000e+00	9.880000e+02	
4.000000e+00	9.880000e+02	
4.000000e+00	9.920000e+02	
4.000000e+00	9.920000e+02	
4.000000e+00	9.930000e+02	
4.000000e+00	9.940000e+02	
4.000000e+00	9.940000e+02	
4.000000e+00	9.940000e+02	
4.000000e+00	9.940000e+02	
4.000000e+00	9.950000e+02	
4.000000e+00	9.950000e+02	
4.000000e+00	9.950000e+02	
4.000000e+00	9.950000e+02	
4.000000e+00	9.960000e+02	
4.000000e+00	9.960000e+02	
4.000000e+00	9.960000e+02	
4.000000e+00	9.970000e+02	
4.000000e+00	9.980000e+02	
4.000000e+00	9.980000e+02	
4.000000e+00	9.980000e+02	
4.000000e+00	1.000000e+03	
4.000000e+00	1.000000e+03	
4.000000e+00	1.000000e+03	
4.000000e+00	1.001000e+03	
4.000000e+00	1.001000e+03	
4.000000e+00	1.001000e+03	
4.000000e+00	1.002000e+03	
4.000000e+00	1.003000e+03	
4.000000e+00	1.004000e+03	
4.000000e+00	1.004000e+03	
4.000000e+00	1.004000e+03	
4.000000e+00	1.004000e+03	
4.000000e+00	1.004000e+03	
4.000000e+00	1.004000e+03	
4.000000e+00	1.005000e+03	
4.000000e+00	1.005000e+03	
4.000000e+00	1.005000e+03	
4.000000e+00	1.005000e+03	
4.000000e+00	1.005000e+03	
4.000000e+00	1.006000e+03	
4.000000e+00	1.006000e+03	
4.000000e+00	1.006000e+03	
4.000000e+00	1.007000e+03	
4.000000e+00	1.007000e+03	
4.000000e+00	1.007000e+03	
4.000000e+00	1.007000e+03	
4.000000e+00	1.007000e+03	
4.000000e+00	1.008000e+03	
4.000000e+00	1.008000e+03	
4.000000e+00	1.008000e+03	
4.000000e+00	1.008000e+03	
4.000000e+00	1.008000e+03	
4.000000e+00	1.008000e+03	
4.000000e+00	1.009000e+03	
4.000000e+00	1.009000e+03	
4.000000e+00	1.009000e+03	
4.000000e+00	1.009000e+03	
4.000000e+00	1.009000e+03	
4.000000e+00	1.009000e+03	
4.000000e+00	1.010000e+03	
4.000000e+00	1.010000e+03	
4.000000e+00	1.010000e+03	
4.000000e+00	1.011000e+03	
4.000000e+00	1.011000e+03	
4.000000e+00	1.011000e+03	
4.000000e+00	1.011000e+03	
4.000000e+00	1.011000e+03	
4.000000e+00	1.011000e+03	
4.000000e+00	1.012000e+03	
4.000000e+00	1.012000e+03	
4.000000e+00	1.012000e+03	
4.000000e+00	1.013000e+03	
4.000000e+00	1.013000e+03	
4.000000e+00	1.013000e+03	
4.000000e+00	1.013000e+03	
4.000000e+00	1.013000e+03	
4.000000e+00	1.014000e+03	
4.000000e+00	1.014000e+03	
4.000000e+00	1.014000e+03	
4.000000e+00	1.015000e+03	
4.000000e+00	1.015000e+03	
4.000000e+00	1.015000e+03	
4.000000e+00	1.015000e+03	
4.000000e+00	1.015000e+03	
4.000000e+00	1.015000e+03	
4.000000e+00	1.015000e+03	
4.000000e+00	1.015000e+03	
4.000000e+00	1.015000e+03	
4.000000e+00	1.015000e+03	
4.000000e+00	1.016000e+03	
4.000000e+00	1.016000e+03	
4.000000e+00	1.016000e+03	
4.000000e+00	1.016000e+03	
4.000000e+00	1.017000e+03	
4.000000e+00	1.017000e+03	
4.000000e+00	1.017000e+03	
4.000000e+00	1.017000e+03	
4.000000e+00	1.017000e+03	
4.000000e+00	1.017000e+03	
4.000000e+00	1.017000e+03	
4.000000e+00	1.017000e+03	
4.000000e+00	1.018000e+03	
4.000000e+00	1.018000e+03	
4.000000e+00	1.018000e+03	
4.000000e+00	1.018000e+03	
4.000000e+00	1.018000e+03	
4.000000e+00	1.019000e+03	
4.000000e+00	1.019000e+03	
4.000000e+00	1.019000e+03	
4.000000e+00	1.019000e+03	
4.000000e+00	1.019000e+03	
4.000000e+00	1.019000e+03	
4.000000e+00	1.019000e+03	
4.000000e+00	1.019000e+03	
4.000000e+00	1.020000e+03	
4.000000e+00	1.020000e+03	
4.000000e+00	1.020000e+03	
4.000000e+00	1.020000e+03	
4.000000e+00	1.020000e+03	
4.000000e+00	1.020000e+03	
4.000000e+00	1.020000e+03	
4.000000e+00	1.021000e+03	
4.000000e+00	1.021000e+03	
4.000000e+00	1.021000e+03	
4.000000e+00	1.021000e+03	
4.000000e+00	1.021000e+03	
4.000000e+00	1.021000e+03	
4.000000e+00	1.021000e+03	
4.000000e+00	1.021000e+03	
4.000000e+00	1.021000e+03	
4.000000e+00	1.021000e+03	
4.000000e+00	1.021000e+03	
4.000000e+00	1.021000e+03	
4.000000e+00	1.021000e+03	
4.000000e+00	1.021000e+03	
4.000000e+00	1.021000e+03	
4.000000e+00	1.021000e+03	
4.000000e+00	1.021000e+03	
4.000000e+00	1.022000e+03	
4.000000e+00	1.022000e+03	
4.000000e+00	1.022000e+03	
4.000000e+00	1.022000e+03	
4.000000e+00	1.022000e+03	
4.000000e+00	1.022000e+03	
4.000000e+00	1.022000e+03	
4.000000e+00	1.022000e+03	
4.000000e+00	1.022000e+03	
4.000000e+00	1.022000e+03	
4.000000e+00	1.022000e+03	
4.000000e+00	1.022000e+03	
4.000000e+00	1.022000e+03	
4.000000e+00	1.022000e+03	
4.000000e+00	1.022000e+03	
4.000000e+00	1.022000e+03	
4.000000e+00	1.022000e+03	
4.000000e+00	1.022000e+03	
4.000000e+00	1.023000e+03	
4.000000e+00	1.023000e+03	
4.000000e+00	1.023000e+03	
4.000000e+00	1.023000e+03	
4.000000e+00	1.023000e+03	
4.000000e+00	1.023000e+03	
4.000000e+00	1.023000e+03	
4.000000e+00	1.023000e+03	
4.000000e+00	1.023000e+03	
4.000000e+00	1.023000e+03	
4.000000e+00	1.023000e+03	
4.000000e+00	1.023000e+03	
4.000000e+00	1.023000e+03	
4.000000e+00	1.023000e+03	
4.000000e+00	1.023000e+03	
4.000000e+00	1.023000e+03	
4.000000e+00	1.023000e+03	
4.000000e+00	1.023000e+03	
4.000000e+00	1.023000e+03	
4.000000e+00	1.023000e+03	
4.000000e+00	1.024000e+03	
4.000000e+00	1.024000e+03	
4.000000e+00	1.024000e+03	
4.000000e+00	1.024000e+03	
4.000000e+00	1.024000e+03	
4.000000e+00	1.024000e+03	
4.000000e+00	1.024000e+03	
4.000000e+00	1.024000e+03	
4.000000e+00	1.025000e+03	
4.000000e+00	1.025000e+03	
4.000000e+00	1.025000e+03	
4.000000e+00	1.025000e+03	
4.000000e+00	1.025000e+03	
4.000000e+00	1.025000e+03	
4.000000e+00	1.025000e+03	
4.000000e+00	1.025000e+03	
4.000000e+00	1.025000e+03	
4.000000e+00	1.025000e+03	
4.000000e+00	1.025000e+03	
4.000000e+00	1.025000e+03	
4.000000e+00	1.026000e+03	
4.000000e+00	1.026000e+03	
4.000000e+00	1.026000e+03	
4.000000e+00	1.026000e+03	
4.000000e+00	1.026000e+03	
4.000000e+00	1.026000e+03	
4.000000e+00	1.026000e+03	
4.000000e+00	1.026000e+03	
4.000000e+00	1.026000e+03	
4.000000e+00	1.026000e+03	
4.000000e+00	1.026000e+03	
4.000000e+00	1.027000e+03	
4.000000e+00	1.027000e+03	
4.000000e+00	1.027000e+03	
4.000000e+00	1.027000e+03	
4.000000e+00	1.027000e+03	
4.000000e+00	1.027000e+03	
4.000000e+00	1.027000e+03	
4.000000e+00	1.027000e+03	
4.000000e+00	1.028000e+03	
4.000000e+00	1.028000e+03	
4.000000e+00	1.028000e+03	
4.000000e+00	1.028000e+03	
4.000000e+00	1.028000e+03	
4.000000e+00	1.028000e+03	
4.000000e+00	1.028000e+03	
4.000000e+00	1.028000e+03	
4.000000e+00	1.028000e+03	
4.000000e+00	1.028000e+03	
4.000000e+00	1.028000e+03	
4.000000e+00	1.028000e+03	
4.000000e+00	1.028000e+03	
4.000000e+00	1.028000e+03	
4.000000e+00	1.028000e+03	
4.000000e+00	1.029000e+03	
4.000000e+00	1.029000e+03	
4.000000e+00	1.029000e+03	
4.000000e+00	1.029000e+03	
4.000000e+00	1.029000e+03	
4.000000e+00	1.029000e+03	
4.000000e+00	1.029000e+03	
4.000000e+00	1.029000e+03	
4.000000e+00	1.029000e+03	
4.000000e+00	1.029000e+03	
4.000000e+00	1.029000e+03	
4.000000e+00	1.029000e+03	
4.000000e+00	1.029000e+03	
4.000000e+00	1.029000e+03	
4.000000e+00	1.029000e+03	
4.000000e+00	1.030000e+03	
