# This file contains the data of final population
# of objectives = 2, # of constraints = 0, # of real_var = 0, # of bits of bin_var = 51, constr_violation, rank, crowding_distance
4.000000e+00	4.860000e+02	
5.000000e+00	4.540000e+02	
5.000000e+00	4.540000e+02	
5.000000e+00	4.540000e+02	
5.000000e+00	4.540000e+02	
4.000000e+00	4.860000e+02	
5.000000e+00	4.550000e+02	
5.000000e+00	4.550000e+02	
5.000000e+00	4.550000e+02	
5.000000e+00	4.550000e+02	
5.000000e+00	4.550000e+02	
5.000000e+00	4.550000e+02	
5.000000e+00	4.550000e+02	
5.000000e+00	4.550000e+02	
5.000000e+00	4.550000e+02	
5.000000e+00	4.550000e+02	
5.000000e+00	4.550000e+02	
5.000000e+00	4.550000e+02	
5.000000e+00	4.550000e+02	
4.000000e+00	4.870000e+02	
5.000000e+00	4.550000e+02	
5.000000e+00	4.550000e+02	
5.000000e+00	4.550000e+02	
5.000000e+00	4.560000e+02	
5.000000e+00	4.560000e+02	
5.000000e+00	4.560000e+02	
5.000000e+00	4.560000e+02	
5.000000e+00	4.560000e+02	
5.000000e+00	4.560000e+02	
5.000000e+00	4.560000e+02	
5.000000e+00	4.560000e+02	
5.000000e+00	4.560000e+02	
5.000000e+00	4.560000e+02	
5.000000e+00	4.560000e+02	
5.000000e+00	4.560000e+02	
5.000000e+00	4.560000e+02	
5.000000e+00	4.560000e+02	
5.000000e+00	4.560000e+02	
5.000000e+00	4.560000e+02	
5.000000e+00	4.560000e+02	
5.000000e+00	4.560000e+02	
5.000000e+00	4.560000e+02	
5.000000e+00	4.560000e+02	
4.000000e+00	4.880000e+02	
4.000000e+00	4.880000e+02	
5.000000e+00	4.560000e+02	
5.000000e+00	4.560000e+02	
5.000000e+00	4.560000e+02	
5.000000e+00	4.570000e+02	
5.000000e+00	4.570000e+02	
5.000000e+00	4.570000e+02	
5.000000e+00	4.570000e+02	
5.000000e+00	4.570000e+02	
5.000000e+00	4.570000e+02	
5.000000e+00	4.570000e+02	
5.000000e+00	4.570000e+02	
5.000000e+00	4.570000e+02	
5.000000e+00	4.570000e+02	
5.000000e+00	4.570000e+02	
5.000000e+00	4.570000e+02	
5.000000e+00	4.570000e+02	
5.000000e+00	4.570000e+02	
5.000000e+00	4.570000e+02	
5.000000e+00	4.570000e+02	
5.000000e+00	4.570000e+02	
5.000000e+00	4.570000e+02	
5.000000e+00	4.570000e+02	
5.000000e+00	4.570000e+02	
5.000000e+00	4.570000e+02	
5.000000e+00	4.570000e+02	
5.000000e+00	4.570000e+02	
5.000000e+00	4.570000e+02	
5.000000e+00	4.570000e+02	
5.000000e+00	4.570000e+02	
5.000000e+00	4.570000e+02	
5.000000e+00	4.570000e+02	
5.000000e+00	4.570000e+02	
5.000000e+00	4.570000e+02	
5.000000e+00	4.570000e+02	
5.000000e+00	4.570000e+02	
5.000000e+00	4.570000e+02	
5.000000e+00	4.570000e+02	
5.000000e+00	4.570000e+02	
5.000000e+00	4.570000e+02	
5.000000e+00	4.570000e+02	
5.000000e+00	4.570000e+02	
5.000000e+00	4.570000e+02	
5.000000e+00	4.570000e+02	
5.000000e+00	4.570000e+02	
5.000000e+00	4.570000e+02	
5.000000e+00	4.570000e+02	
4.000000e+00	4.890000e+02	
4.000000e+00	4.890000e+02	
4.000000e+00	4.890000e+02	
5.000000e+00	4.570000e+02	
5.000000e+00	4.570000e+02	
5.000000e+00	4.570000e+02	
5.000000e+00	4.570000e+02	
5.000000e+00	4.570000e+02	
5.000000e+00	4.570000e+02	
5.000000e+00	4.570000e+02	
5.000000e+00	4.580000e+02	
5.000000e+00	4.580000e+02	
5.000000e+00	4.580000e+02	
5.000000e+00	4.580000e+02	
5.000000e+00	4.580000e+02	
5.000000e+00	4.580000e+02	
5.000000e+00	4.580000e+02	
5.000000e+00	4.580000e+02	
5.000000e+00	4.580000e+02	
5.000000e+00	4.580000e+02	
5.000000e+00	4.580000e+02	
5.000000e+00	4.580000e+02	
5.000000e+00	4.580000e+02	
5.000000e+00	4.580000e+02	
5.000000e+00	4.580000e+02	
5.000000e+00	4.580000e+02	
5.000000e+00	4.580000e+02	
5.000000e+00	4.580000e+02	
5.000000e+00	4.580000e+02	
5.000000e+00	4.580000e+02	
5.000000e+00	4.580000e+02	
5.000000e+00	4.580000e+02	
5.000000e+00	4.580000e+02	
5.000000e+00	4.580000e+02	
5.000000e+00	4.580000e+02	
5.000000e+00	4.580000e+02	
5.000000e+00	4.580000e+02	
5.000000e+00	4.580000e+02	
5.000000e+00	4.580000e+02	
5.000000e+00	4.580000e+02	
5.000000e+00	4.580000e+02	
5.000000e+00	4.580000e+02	
5.000000e+00	4.580000e+02	
5.000000e+00	4.580000e+02	
5.000000e+00	4.580000e+02	
5.000000e+00	4.580000e+02	
5.000000e+00	4.580000e+02	
5.000000e+00	4.580000e+02	
5.000000e+00	4.580000e+02	
5.000000e+00	4.580000e+02	
5.000000e+00	4.580000e+02	
5.000000e+00	4.580000e+02	
5.000000e+00	4.580000e+02	
5.000000e+00	4.580000e+02	
5.000000e+00	4.580000e+02	
5.000000e+00	4.580000e+02	
5.000000e+00	4.580000e+02	
5.000000e+00	4.580000e+02	
5.000000e+00	4.580000e+02	
5.000000e+00	4.580000e+02	
5.000000e+00	4.580000e+02	
5.000000e+00	4.580000e+02	
5.000000e+00	4.580000e+02	
5.000000e+00	4.580000e+02	
5.000000e+00	4.580000e+02	
5.000000e+00	4.580000e+02	
5.000000e+00	4.580000e+02	
5.000000e+00	4.580000e+02	
5.000000e+00	4.580000e+02	
5.000000e+00	4.580000e+02	
5.000000e+00	4.580000e+02	
5.000000e+00	4.580000e+02	
5.000000e+00	4.580000e+02	
5.000000e+00	4.580000e+02	
5.000000e+00	4.580000e+02	
5.000000e+00	4.580000e+02	
5.000000e+00	4.580000e+02	
5.000000e+00	4.580000e+02	
5.000000e+00	4.580000e+02	
5.000000e+00	4.580000e+02	
5.000000e+00	4.580000e+02	
5.000000e+00	4.580000e+02	
4.000000e+00	4.900000e+02	
4.000000e+00	4.900000e+02	
4.000000e+00	4.900000e+02	
4.000000e+00	4.900000e+02	
5.000000e+00	4.580000e+02	
5.000000e+00	4.580000e+02	
5.000000e+00	4.580000e+02	
5.000000e+00	4.580000e+02	
5.000000e+00	4.580000e+02	
5.000000e+00	4.580000e+02	
5.000000e+00	4.580000e+02	
5.000000e+00	4.580000e+02	
5.000000e+00	4.580000e+02	
5.000000e+00	4.580000e+02	
5.000000e+00	4.580000e+02	
5.000000e+00	4.580000e+02	
5.000000e+00	4.580000e+02	
5.000000e+00	4.580000e+02	
5.000000e+00	4.580000e+02	
5.000000e+00	4.580000e+02	
5.000000e+00	4.580000e+02	
4.000000e+00	4.900000e+02	
5.000000e+00	4.580000e+02	
5.000000e+00	4.580000e+02	
5.000000e+00	4.580000e+02	
5.000000e+00	4.590000e+02	
4.000000e+00	4.910000e+02	
4.000000e+00	4.910000e+02	
5.000000e+00	4.590000e+02	
5.000000e+00	4.590000e+02	
5.000000e+00	4.590000e+02	
5.000000e+00	4.590000e+02	
5.000000e+00	4.590000e+02	
5.000000e+00	4.590000e+02	
5.000000e+00	4.590000e+02	
5.000000e+00	4.590000e+02	
5.000000e+00	4.590000e+02	
5.000000e+00	4.590000e+02	
5.000000e+00	4.590000e+02	
5.000000e+00	4.590000e+02	
5.000000e+00	4.590000e+02	
5.000000e+00	4.590000e+02	
5.000000e+00	4.590000e+02	
5.000000e+00	4.590000e+02	
5.000000e+00	4.590000e+02	
5.000000e+00	4.590000e+02	
5.000000e+00	4.590000e+02	
5.000000e+00	4.590000e+02	
5.000000e+00	4.590000e+02	
5.000000e+00	4.590000e+02	
5.000000e+00	4.590000e+02	
5.000000e+00	4.590000e+02	
5.000000e+00	4.590000e+02	
5.000000e+00	4.590000e+02	
5.000000e+00	4.590000e+02	
5.000000e+00	4.590000e+02	
5.000000e+00	4.590000e+02	
5.000000e+00	4.590000e+02	
5.000000e+00	4.590000e+02	
5.000000e+00	4.590000e+02	
5.000000e+00	4.590000e+02	
5.000000e+00	4.590000e+02	
5.000000e+00	4.590000e+02	
5.000000e+00	4.590000e+02	
5.000000e+00	4.590000e+02	
5.000000e+00	4.590000e+02	
5.000000e+00	4.590000e+02	
5.000000e+00	4.590000e+02	
5.000000e+00	4.590000e+02	
5.000000e+00	4.590000e+02	
5.000000e+00	4.590000e+02	
5.000000e+00	4.590000e+02	
5.000000e+00	4.590000e+02	
5.000000e+00	4.590000e+02	
5.000000e+00	4.590000e+02	
5.000000e+00	4.590000e+02	
5.000000e+00	4.590000e+02	
5.000000e+00	4.590000e+02	
5.000000e+00	4.590000e+02	
5.000000e+00	4.590000e+02	
5.000000e+00	4.590000e+02	
5.000000e+00	4.590000e+02	
5.000000e+00	4.590000e+02	
