# This file contains the data of initial population
# of objectives = 2, # of constraints = 0, # of real_var = 0, # of bits of bin_var = 76, constr_violation, rank, crowding_distance
7.000000e+00	1.977000e+03	
7.000000e+00	2.429000e+03	
7.000000e+00	3.239000e+03	
7.000000e+00	2.406000e+03	
7.000000e+00	3.170000e+03	
7.000000e+00	2.297000e+03	
7.000000e+00	2.746000e+03	
7.000000e+00	2.551000e+03	
7.000000e+00	2.519000e+03	
7.000000e+00	2.531000e+03	
7.000000e+00	2.751000e+03	
7.000000e+00	2.436000e+03	
7.000000e+00	2.469000e+03	
7.000000e+00	2.784000e+03	
7.000000e+00	2.586000e+03	
7.000000e+00	2.365000e+03	
7.000000e+00	2.639000e+03	
7.000000e+00	2.625000e+03	
7.000000e+00	2.664000e+03	
7.000000e+00	2.683000e+03	
7.000000e+00	2.686000e+03	
7.000000e+00	2.585000e+03	
7.000000e+00	2.424000e+03	
8.000000e+00	2.762000e+03	
7.000000e+00	2.325000e+03	
7.000000e+00	2.336000e+03	
7.000000e+00	2.374000e+03	
7.000000e+00	2.509000e+03	
7.000000e+00	2.442000e+03	
8.000000e+00	2.779000e+03	
7.000000e+00	2.298000e+03	
7.000000e+00	2.829000e+03	
7.000000e+00	2.594000e+03	
7.000000e+00	2.754000e+03	
7.000000e+00	2.648000e+03	
7.000000e+00	3.193000e+03	
7.000000e+00	2.314000e+03	
7.000000e+00	2.340000e+03	
7.000000e+00	2.247000e+03	
7.000000e+00	2.418000e+03	
7.000000e+00	2.776000e+03	
8.000000e+00	2.609000e+03	
7.000000e+00	2.717000e+03	
7.000000e+00	2.346000e+03	
8.000000e+00	2.854000e+03	
7.000000e+00	2.399000e+03	
7.000000e+00	2.671000e+03	
7.000000e+00	2.819000e+03	
7.000000e+00	2.615000e+03	
7.000000e+00	2.579000e+03	
7.000000e+00	2.574000e+03	
7.000000e+00	2.374000e+03	
7.000000e+00	2.438000e+03	
7.000000e+00	2.416000e+03	
7.000000e+00	2.806000e+03	
7.000000e+00	2.052000e+03	
7.000000e+00	2.169000e+03	
7.000000e+00	2.699000e+03	
7.000000e+00	2.492000e+03	
7.000000e+00	2.308000e+03	
7.000000e+00	2.639000e+03	
7.000000e+00	2.574000e+03	
7.000000e+00	2.750000e+03	
7.000000e+00	2.535000e+03	
7.000000e+00	2.646000e+03	
7.000000e+00	2.643000e+03	
7.000000e+00	2.406000e+03	
8.000000e+00	2.695000e+03	
7.000000e+00	2.357000e+03	
7.000000e+00	2.856000e+03	
7.000000e+00	2.253000e+03	
7.000000e+00	2.327000e+03	
7.000000e+00	2.564000e+03	
7.000000e+00	2.070000e+03	
7.000000e+00	2.669000e+03	
7.000000e+00	2.739000e+03	
7.000000e+00	2.840000e+03	
7.000000e+00	1.883000e+03	
7.000000e+00	2.404000e+03	
7.000000e+00	1.806000e+03	
7.000000e+00	2.425000e+03	
7.000000e+00	2.018000e+03	
7.000000e+00	2.749000e+03	
7.000000e+00	1.916000e+03	
7.000000e+00	2.748000e+03	
7.000000e+00	2.376000e+03	
7.000000e+00	2.694000e+03	
7.000000e+00	2.381000e+03	
7.000000e+00	2.386000e+03	
7.000000e+00	2.916000e+03	
8.000000e+00	2.495000e+03	
7.000000e+00	2.549000e+03	
7.000000e+00	2.591000e+03	
7.000000e+00	2.302000e+03	
7.000000e+00	2.493000e+03	
7.000000e+00	2.692000e+03	
7.000000e+00	2.741000e+03	
7.000000e+00	2.542000e+03	
7.000000e+00	3.016000e+03	
8.000000e+00	2.483000e+03	
7.000000e+00	2.633000e+03	
7.000000e+00	2.575000e+03	
7.000000e+00	2.512000e+03	
7.000000e+00	1.999000e+03	
7.000000e+00	2.600000e+03	
7.000000e+00	2.769000e+03	
7.000000e+00	2.301000e+03	
7.000000e+00	2.728000e+03	
7.000000e+00	2.837000e+03	
7.000000e+00	2.476000e+03	
7.000000e+00	2.882000e+03	
7.000000e+00	2.634000e+03	
7.000000e+00	2.466000e+03	
8.000000e+00	2.320000e+03	
7.000000e+00	2.972000e+03	
7.000000e+00	2.665000e+03	
7.000000e+00	2.866000e+03	
7.000000e+00	2.266000e+03	
7.000000e+00	2.332000e+03	
7.000000e+00	2.315000e+03	
7.000000e+00	2.603000e+03	
7.000000e+00	2.314000e+03	
7.000000e+00	2.635000e+03	
7.000000e+00	2.893000e+03	
7.000000e+00	2.705000e+03	
7.000000e+00	2.830000e+03	
7.000000e+00	2.633000e+03	
7.000000e+00	2.666000e+03	
7.000000e+00	2.291000e+03	
8.000000e+00	2.572000e+03	
7.000000e+00	2.416000e+03	
7.000000e+00	2.475000e+03	
7.000000e+00	2.874000e+03	
7.000000e+00	1.863000e+03	
7.000000e+00	2.566000e+03	
7.000000e+00	2.881000e+03	
7.000000e+00	2.301000e+03	
7.000000e+00	2.541000e+03	
7.000000e+00	2.239000e+03	
8.000000e+00	2.344000e+03	
7.000000e+00	1.789000e+03	
8.000000e+00	2.786000e+03	
8.000000e+00	2.573000e+03	
7.000000e+00	2.761000e+03	
7.000000e+00	2.584000e+03	
7.000000e+00	2.333000e+03	
7.000000e+00	2.411000e+03	
7.000000e+00	2.629000e+03	
7.000000e+00	2.192000e+03	
7.000000e+00	2.879000e+03	
7.000000e+00	2.275000e+03	
8.000000e+00	2.776000e+03	
7.000000e+00	2.652000e+03	
7.000000e+00	2.596000e+03	
7.000000e+00	2.167000e+03	
7.000000e+00	2.624000e+03	
7.000000e+00	2.308000e+03	
7.000000e+00	2.762000e+03	
7.000000e+00	2.767000e+03	
7.000000e+00	2.429000e+03	
7.000000e+00	2.523000e+03	
7.000000e+00	2.296000e+03	
7.000000e+00	2.724000e+03	
7.000000e+00	2.722000e+03	
7.000000e+00	2.780000e+03	
7.000000e+00	2.590000e+03	
7.000000e+00	2.599000e+03	
7.000000e+00	2.721000e+03	
7.000000e+00	2.387000e+03	
7.000000e+00	2.232000e+03	
7.000000e+00	2.676000e+03	
7.000000e+00	2.093000e+03	
7.000000e+00	2.560000e+03	
7.000000e+00	2.012000e+03	
7.000000e+00	2.646000e+03	
7.000000e+00	1.827000e+03	
7.000000e+00	2.256000e+03	
7.000000e+00	2.744000e+03	
7.000000e+00	2.657000e+03	
7.000000e+00	2.277000e+03	
7.000000e+00	2.475000e+03	
7.000000e+00	2.205000e+03	
8.000000e+00	2.743000e+03	
7.000000e+00	2.882000e+03	
8.000000e+00	2.566000e+03	
7.000000e+00	2.547000e+03	
7.000000e+00	1.764000e+03	
7.000000e+00	2.760000e+03	
7.000000e+00	2.557000e+03	
8.000000e+00	2.629000e+03	
7.000000e+00	2.272000e+03	
7.000000e+00	2.541000e+03	
7.000000e+00	1.742000e+03	
7.000000e+00	2.691000e+03	
7.000000e+00	2.445000e+03	
7.000000e+00	2.597000e+03	
7.000000e+00	2.689000e+03	
7.000000e+00	2.622000e+03	
7.000000e+00	2.480000e+03	
7.000000e+00	2.471000e+03	
7.000000e+00	2.443000e+03	
7.000000e+00	2.546000e+03	
7.000000e+00	2.742000e+03	
7.000000e+00	2.433000e+03	
7.000000e+00	1.845000e+03	
7.000000e+00	2.358000e+03	
7.000000e+00	2.760000e+03	
7.000000e+00	2.358000e+03	
7.000000e+00	2.700000e+03	
7.000000e+00	2.481000e+03	
7.000000e+00	2.586000e+03	
7.000000e+00	2.177000e+03	
7.000000e+00	2.605000e+03	
7.000000e+00	2.296000e+03	
7.000000e+00	2.579000e+03	
7.000000e+00	2.257000e+03	
7.000000e+00	2.286000e+03	
7.000000e+00	2.502000e+03	
8.000000e+00	2.858000e+03	
7.000000e+00	2.351000e+03	
7.000000e+00	2.609000e+03	
7.000000e+00	2.602000e+03	
7.000000e+00	2.912000e+03	
7.000000e+00	2.589000e+03	
7.000000e+00	2.647000e+03	
7.000000e+00	2.427000e+03	
7.000000e+00	2.329000e+03	
7.000000e+00	2.713000e+03	
7.000000e+00	2.383000e+03	
7.000000e+00	2.845000e+03	
8.000000e+00	2.454000e+03	
7.000000e+00	2.919000e+03	
7.000000e+00	2.706000e+03	
7.000000e+00	2.904000e+03	
7.000000e+00	2.761000e+03	
7.000000e+00	2.374000e+03	
7.000000e+00	2.636000e+03	
7.000000e+00	2.663000e+03	
7.000000e+00	2.487000e+03	
7.000000e+00	2.709000e+03	
7.000000e+00	2.290000e+03	
7.000000e+00	2.382000e+03	
7.000000e+00	2.621000e+03	
7.000000e+00	2.529000e+03	
7.000000e+00	2.598000e+03	
7.000000e+00	2.749000e+03	
8.000000e+00	2.837000e+03	
7.000000e+00	2.324000e+03	
7.000000e+00	2.807000e+03	
7.000000e+00	2.457000e+03	
7.000000e+00	2.491000e+03	
6.000000e+00	2.684000e+03	
7.000000e+00	2.281000e+03	
7.000000e+00	2.328000e+03	
7.000000e+00	1.919000e+03	
7.000000e+00	1.977000e+03	
