# This file contains the data of initial population
# of objectives = 2, # of constraints = 0, # of real_var = 0, # of bits of bin_var = 130, constr_violation, rank, crowding_distance
4.290001e+01	7.663000e+03	
4.570001e+01	6.633000e+03	
4.570001e+01	6.731000e+03	
4.520001e+01	6.557000e+03	
6.259999e+01	8.533000e+03	
4.570001e+01	8.236000e+03	
4.570001e+01	6.934000e+03	
4.440001e+01	7.107000e+03	
5.859999e+01	8.761000e+03	
4.570001e+01	6.799000e+03	
4.440001e+01	7.053000e+03	
4.570001e+01	7.489000e+03	
4.570001e+01	6.833000e+03	
6.449998e+01	9.215000e+03	
4.440001e+01	7.143000e+03	
4.440001e+01	7.586000e+03	
4.680000e+01	8.060000e+03	
4.520001e+01	7.247000e+03	
4.570001e+01	6.425000e+03	
5.999999e+01	8.712000e+03	
4.570001e+01	7.467000e+03	
4.520001e+01	6.903000e+03	
4.820000e+01	8.368000e+03	
5.500000e+01	8.433000e+03	
4.440001e+01	7.340000e+03	
4.440001e+01	7.470000e+03	
4.570001e+01	7.415000e+03	
4.570001e+01	7.540000e+03	
7.159998e+01	8.810000e+03	
4.340001e+01	6.546000e+03	
4.640001e+01	7.660000e+03	
4.570001e+01	7.221000e+03	
4.570001e+01	7.296000e+03	
4.520001e+01	7.175000e+03	
4.520001e+01	7.736000e+03	
4.440001e+01	7.342000e+03	
4.520001e+01	7.895000e+03	
4.570001e+01	8.228000e+03	
4.670001e+01	7.932000e+03	
4.440001e+01	7.596000e+03	
4.570001e+01	7.683000e+03	
5.729999e+01	8.469000e+03	
4.469999e+01	8.192000e+03	
5.149999e+01	7.773000e+03	
4.520001e+01	8.029000e+03	
4.570001e+01	6.554000e+03	
4.570001e+01	7.389000e+03	
4.570001e+01	8.288000e+03	
5.770000e+01	8.983000e+03	
5.080000e+01	7.969000e+03	
4.570001e+01	7.532000e+03	
4.520001e+01	6.310000e+03	
4.570001e+01	7.810000e+03	
4.340001e+01	8.181000e+03	
4.570001e+01	7.322000e+03	
4.290001e+01	7.371000e+03	
4.860001e+01	8.437000e+03	
4.520001e+01	7.190000e+03	
4.340001e+01	7.488000e+03	
4.570001e+01	7.601000e+03	
4.440001e+01	8.033000e+03	
4.570000e+01	8.211000e+03	
4.570001e+01	7.362000e+03	
4.520001e+01	7.240000e+03	
4.570001e+01	7.678000e+03	
4.570001e+01	6.642000e+03	
4.570001e+01	7.357000e+03	
4.440001e+01	8.624000e+03	
6.059998e+01	8.327000e+03	
4.240001e+01	7.647000e+03	
4.570001e+01	7.487000e+03	
4.440001e+01	7.110000e+03	
4.570001e+01	7.968000e+03	
4.520001e+01	7.132000e+03	
4.809999e+01	8.101000e+03	
4.570001e+01	6.596000e+03	
4.570001e+01	7.009000e+03	
4.570001e+01	6.585000e+03	
4.520001e+01	8.339000e+03	
4.440001e+01	6.355000e+03	
4.290001e+01	7.481000e+03	
4.570001e+01	6.650000e+03	
4.340001e+01	7.390000e+03	
6.479999e+01	8.425000e+03	
4.520001e+01	6.918000e+03	
4.440001e+01	7.986000e+03	
4.570001e+01	8.653000e+03	
4.520001e+01	7.778000e+03	
4.440001e+01	6.783000e+03	
4.290001e+01	7.088000e+03	
4.570001e+01	6.138000e+03	
4.570001e+01	8.935000e+03	
5.120000e+01	8.301000e+03	
4.570001e+01	7.413000e+03	
4.520001e+01	7.212000e+03	
7.189998e+01	9.152000e+03	
4.570001e+01	7.650000e+03	
4.440001e+01	7.877000e+03	
4.570001e+01	8.277000e+03	
4.520001e+01	6.157000e+03	
4.570001e+01	7.829000e+03	
4.290001e+01	6.320000e+03	
4.440001e+01	7.153000e+03	
4.570001e+01	8.887000e+03	
4.570001e+01	6.990000e+03	
6.150000e+01	9.110000e+03	
4.570001e+01	8.046000e+03	
4.570001e+01	6.367000e+03	
4.570001e+01	6.654000e+03	
4.570001e+01	6.899000e+03	
4.570001e+01	6.699000e+03	
4.520001e+01	8.105000e+03	
4.780000e+01	8.677000e+03	
5.110000e+01	8.053000e+03	
4.520001e+01	8.677000e+03	
4.520001e+01	8.610000e+03	
4.570001e+01	6.887000e+03	
4.570001e+01	8.763000e+03	
4.570001e+01	7.517000e+03	
4.440001e+01	6.677000e+03	
4.440001e+01	7.050000e+03	
4.570001e+01	7.809000e+03	
4.440001e+01	8.721000e+03	
4.570001e+01	9.064000e+03	
4.570001e+01	6.978000e+03	
4.520001e+01	7.034000e+03	
4.630000e+01	7.377000e+03	
5.489999e+01	8.576000e+03	
4.520001e+01	8.761000e+03	
4.570001e+01	6.206000e+03	
4.520001e+01	7.554000e+03	
5.769999e+01	8.486000e+03	
4.570001e+01	8.013000e+03	
4.340001e+01	7.389000e+03	
4.520001e+01	7.218000e+03	
4.680000e+01	8.188000e+03	
4.520001e+01	7.265000e+03	
4.340001e+01	7.952000e+03	
4.440001e+01	7.552000e+03	
6.029999e+01	8.398000e+03	
4.570001e+01	7.110000e+03	
4.520001e+01	7.667000e+03	
4.520001e+01	7.045000e+03	
4.570001e+01	8.439000e+03	
4.930000e+01	7.287000e+03	
4.570001e+01	7.598000e+03	
4.290001e+01	7.895000e+03	
4.570001e+01	6.264000e+03	
4.570001e+01	7.266000e+03	
4.570001e+01	7.472000e+03	
4.570001e+01	7.014000e+03	
4.570001e+01	8.333000e+03	
5.559999e+01	8.230000e+03	
4.520001e+01	7.751000e+03	
4.570001e+01	7.007000e+03	
4.440001e+01	7.564000e+03	
4.520001e+01	7.648000e+03	
4.570001e+01	8.709000e+03	
4.570001e+01	6.370000e+03	
4.440001e+01	7.875000e+03	
4.520001e+01	8.602000e+03	
4.440001e+01	7.860000e+03	
5.759999e+01	9.107000e+03	
4.520001e+01	8.154000e+03	
4.440001e+01	7.179000e+03	
4.570001e+01	8.314000e+03	
4.570001e+01	8.017000e+03	
4.440001e+01	7.386000e+03	
4.570001e+01	7.125000e+03	
4.570001e+01	7.333000e+03	
4.570001e+01	7.255000e+03	
4.570001e+01	7.018000e+03	
4.520001e+01	6.910000e+03	
4.570001e+01	7.712000e+03	
5.850000e+01	8.592000e+03	
5.769999e+01	8.108000e+03	
4.520001e+01	8.486000e+03	
4.570001e+01	8.937000e+03	
4.570001e+01	7.750000e+03	
4.520001e+01	8.633000e+03	
4.570001e+01	6.968000e+03	
6.009999e+01	7.777000e+03	
6.530000e+01	8.252000e+03	
4.610001e+01	8.055000e+03	
5.120000e+01	8.142000e+03	
4.520001e+01	6.433000e+03	
5.959998e+01	8.529000e+03	
4.570001e+01	8.033000e+03	
4.520001e+01	7.458000e+03	
5.980000e+01	8.271000e+03	
5.030000e+01	8.442000e+03	
5.569999e+01	8.050000e+03	
4.570001e+01	8.438000e+03	
4.060000e+01	7.492000e+03	
4.340001e+01	6.251000e+03	
4.520001e+01	6.658000e+03	
4.520001e+01	7.802000e+03	
4.570001e+01	6.980000e+03	
4.340001e+01	7.515000e+03	
4.570001e+01	8.637000e+03	
4.570001e+01	7.540000e+03	
4.520001e+01	8.448000e+03	
4.690000e+01	8.995000e+03	
5.139999e+01	7.823000e+03	
4.290001e+01	7.755000e+03	
4.570001e+01	6.359000e+03	
4.570001e+01	8.484000e+03	
4.570001e+01	6.642000e+03	
5.350001e+01	8.600000e+03	
4.739999e+01	7.835000e+03	
4.520001e+01	7.249000e+03	
4.570001e+01	8.120000e+03	
4.520001e+01	8.728000e+03	
5.889998e+01	7.608000e+03	
6.389999e+01	8.668000e+03	
5.399998e+01	8.096000e+03	
4.340001e+01	6.897000e+03	
4.570001e+01	6.848000e+03	
4.440001e+01	8.236000e+03	
4.240001e+01	7.584000e+03	
4.520001e+01	6.366000e+03	
4.340001e+01	8.708000e+03	
4.570001e+01	7.612000e+03	
4.520001e+01	8.238000e+03	
4.520001e+01	6.852000e+03	
4.989999e+01	7.543000e+03	
4.570001e+01	8.179000e+03	
4.520001e+01	6.177000e+03	
4.520001e+01	7.852000e+03	
4.440001e+01	7.327000e+03	
4.290001e+01	6.893000e+03	
4.440001e+01	7.640000e+03	
4.570001e+01	8.155000e+03	
4.520001e+01	6.565000e+03	
4.440001e+01	6.839000e+03	
4.570001e+01	7.563000e+03	
5.879999e+01	8.007000e+03	
4.440001e+01	6.674000e+03	
4.440001e+01	7.123000e+03	
4.570001e+01	8.341000e+03	
4.520001e+01	6.704000e+03	
4.520001e+01	8.393000e+03	
4.520001e+01	6.879000e+03	
4.440000e+01	7.571000e+03	
4.520001e+01	7.743000e+03	
4.570001e+01	7.824000e+03	
4.610000e+01	8.232000e+03	
4.820000e+01	8.507000e+03	
4.520001e+01	7.591000e+03	
4.620000e+01	8.216000e+03	
4.520001e+01	7.145000e+03	
4.570001e+01	7.943000e+03	
4.340001e+01	7.601000e+03	
4.570001e+01	7.307000e+03	
5.710000e+01	9.457000e+03	
4.290001e+01	7.353000e+03	
