# This file contains the data of final population
# of objectives = 2, # of constraints = 0, # of real_var = 0, # of bits of bin_var = 130, constr_violation, rank, crowding_distance
3.730000e+01	5.662000e+03	
4.440001e+01	5.270000e+03	
3.780000e+01	5.609000e+03	
4.060000e+01	5.392000e+03	
3.450000e+01	5.697000e+03	
4.290001e+01	5.442000e+03	
3.730000e+01	5.877000e+03	
4.010000e+01	5.625000e+03	
3.780000e+01	5.786000e+03	
4.060000e+01	5.580000e+03	
3.880000e+01	5.687000e+03	
4.520001e+01	5.421000e+03	
3.600000e+01	5.939000e+03	
3.880000e+01	5.743000e+03	
3.780000e+01	5.812000e+03	
3.600000e+01	6.546000e+03	
3.680000e+01	6.188000e+03	
3.730000e+01	6.010000e+03	
4.060000e+01	5.602000e+03	
4.570001e+01	5.474000e+03	
3.960000e+01	5.736000e+03	
4.010000e+01	5.671000e+03	
4.440001e+01	5.476000e+03	
4.340001e+01	5.535000e+03	
3.730000e+01	6.130000e+03	
3.680000e+01	6.466000e+03	
4.060000e+01	5.671000e+03	
3.960000e+01	5.737000e+03	
4.160000e+01	5.606000e+03	
3.880000e+01	5.815000e+03	
3.780000e+01	5.819000e+03	
4.520001e+01	5.540000e+03	
4.440001e+01	5.555000e+03	
3.730000e+01	6.424000e+03	
4.060000e+01	5.735000e+03	
4.010000e+01	5.766000e+03	
4.010000e+01	5.766000e+03	
4.160000e+01	5.620000e+03	
3.780000e+01	5.920000e+03	
3.880000e+01	5.820000e+03	
4.570001e+01	5.577000e+03	
4.520001e+01	5.584000e+03	
4.290001e+01	5.674000e+03	
3.730000e+01	6.769000e+03	
4.060000e+01	5.778000e+03	
4.010000e+01	5.788000e+03	
4.340001e+01	5.631000e+03	
4.160000e+01	5.684000e+03	
4.440001e+01	5.626000e+03	
3.960000e+01	5.823000e+03	
3.880000e+01	5.855000e+03	
3.780000e+01	5.934000e+03	
4.520001e+01	5.593000e+03	
4.060000e+01	5.786000e+03	
4.340001e+01	5.672000e+03	
4.520001e+01	5.636000e+03	
4.240001e+01	5.694000e+03	
3.880000e+01	5.902000e+03	
3.780000e+01	6.012000e+03	
3.960000e+01	5.827000e+03	
4.010000e+01	5.819000e+03	
4.440001e+01	5.657000e+03	
4.160000e+01	5.733000e+03	
3.730000e+01	6.839000e+03	
4.570001e+01	5.600000e+03	
4.570001e+01	5.600000e+03	
3.730000e+01	6.933000e+03	
4.160000e+01	5.763000e+03	
4.440001e+01	5.662000e+03	
4.240001e+01	5.719000e+03	
4.340001e+01	5.695000e+03	
4.290001e+01	5.702000e+03	
3.780000e+01	6.070000e+03	
3.960000e+01	5.828000e+03	
4.010000e+01	5.822000e+03	
4.060000e+01	5.788000e+03	
4.570001e+01	5.616000e+03	
3.730000e+01	6.952000e+03	
4.160000e+01	5.766000e+03	
4.440001e+01	5.669000e+03	
4.520001e+01	5.663000e+03	
4.290001e+01	5.703000e+03	
4.240001e+01	5.724000e+03	
3.960000e+01	5.954000e+03	
3.880000e+01	6.086000e+03	
3.780000e+01	6.192000e+03	
4.010000e+01	5.829000e+03	
4.240001e+01	5.724000e+03	
4.060000e+01	5.794000e+03	
4.570001e+01	5.617000e+03	
3.730000e+01	7.041000e+03	
4.160000e+01	5.792000e+03	
4.440001e+01	5.679000e+03	
4.520001e+01	5.677000e+03	
4.290001e+01	5.720000e+03	
4.340001e+01	5.719000e+03	
4.240001e+01	5.738000e+03	
4.010000e+01	5.845000e+03	
3.780000e+01	6.240000e+03	
3.880000e+01	6.095000e+03	
3.960000e+01	6.011000e+03	
4.060000e+01	5.814000e+03	
4.570001e+01	5.630000e+03	
3.730000e+01	7.240000e+03	
4.160000e+01	5.800000e+03	
4.520001e+01	5.678000e+03	
4.440001e+01	5.686000e+03	
4.290001e+01	5.726000e+03	
4.240001e+01	5.741000e+03	
3.780000e+01	6.289000e+03	
3.880000e+01	6.172000e+03	
3.960000e+01	6.012000e+03	
4.060000e+01	5.856000e+03	
4.010000e+01	5.863000e+03	
4.570001e+01	5.631000e+03	
4.290001e+01	5.732000e+03	
4.160000e+01	5.823000e+03	
4.520001e+01	5.686000e+03	
4.240001e+01	5.745000e+03	
3.780000e+01	6.395000e+03	
3.880000e+01	6.361000e+03	
3.960000e+01	6.024000e+03	
4.060000e+01	5.864000e+03	
4.010000e+01	5.889000e+03	
4.440001e+01	5.730000e+03	
4.570001e+01	5.633000e+03	
4.060001e+01	5.865000e+03	
4.160000e+01	5.828000e+03	
4.520001e+01	5.687000e+03	
4.240001e+01	5.759000e+03	
3.780000e+01	6.400000e+03	
3.880000e+01	6.372000e+03	
3.960000e+01	6.051000e+03	
4.010000e+01	5.895000e+03	
4.290001e+01	5.743000e+03	
4.340001e+01	5.742000e+03	
4.570001e+01	5.643000e+03	
4.520001e+01	5.698000e+03	
4.520001e+01	5.698000e+03	
4.240001e+01	5.784000e+03	
3.780000e+01	6.724000e+03	
3.880000e+01	6.429000e+03	
3.960000e+01	6.064000e+03	
4.010000e+01	5.963000e+03	
4.060000e+01	5.912000e+03	
4.160000e+01	5.830000e+03	
4.290001e+01	5.745000e+03	
4.570001e+01	5.649000e+03	
4.160000e+01	5.839000e+03	
4.520001e+01	5.702000e+03	
4.010000e+01	5.966000e+03	
4.060000e+01	5.923000e+03	
4.240001e+01	5.789000e+03	
3.880000e+01	6.561000e+03	
3.780000e+01	6.971000e+03	
3.960000e+01	6.115000e+03	
3.960000e+01	6.115000e+03	
4.440001e+01	5.750000e+03	
4.290001e+01	5.762000e+03	
4.440001e+01	5.750000e+03	
4.570001e+01	5.652000e+03	
4.160000e+01	5.840000e+03	
4.520001e+01	5.705000e+03	
4.060000e+01	5.933000e+03	
4.240001e+01	5.798000e+03	
3.780000e+01	7.249000e+03	
3.960000e+01	6.145000e+03	
3.880000e+01	6.896000e+03	
4.010000e+01	5.976000e+03	
4.290001e+01	5.778000e+03	
4.440001e+01	5.772000e+03	
4.440001e+01	5.772000e+03	
4.570001e+01	5.659000e+03	
4.160000e+01	5.846000e+03	
4.520001e+01	5.706000e+03	
4.060000e+01	5.957000e+03	
4.240001e+01	5.799000e+03	
3.880000e+01	6.904000e+03	
3.960000e+01	6.167000e+03	
4.010000e+01	5.990000e+03	
4.440001e+01	5.778000e+03	
4.340001e+01	5.783000e+03	
4.290001e+01	5.791000e+03	
4.570001e+01	5.675000e+03	
4.160000e+01	5.862000e+03	
4.520001e+01	5.708000e+03	
4.060000e+01	5.962000e+03	
4.240001e+01	5.803000e+03	
3.880000e+01	7.028000e+03	
3.960000e+01	6.170000e+03	
4.010000e+01	6.008000e+03	
4.290001e+01	5.797000e+03	
4.340001e+01	5.792000e+03	
4.290001e+01	5.797000e+03	
4.440001e+01	5.780000e+03	
4.570001e+01	5.677000e+03	
4.160000e+01	5.869000e+03	
4.520001e+01	5.736000e+03	
4.060000e+01	5.969000e+03	
4.240001e+01	5.811000e+03	
3.900000e+01	7.236000e+03	
3.880000e+01	7.301000e+03	
3.960000e+01	6.171000e+03	
4.010000e+01	6.028000e+03	
4.290001e+01	5.799000e+03	
4.440001e+01	5.782000e+03	
4.570001e+01	5.681000e+03	
3.880000e+01	7.540000e+03	
4.160000e+01	5.880000e+03	
4.520001e+01	5.745000e+03	
4.060000e+01	5.970000e+03	
4.240001e+01	5.825000e+03	
3.960000e+01	6.227000e+03	
4.010000e+01	6.031000e+03	
4.290001e+01	5.800000e+03	
4.440001e+01	5.793000e+03	
4.290001e+01	5.800000e+03	
4.570001e+01	5.682000e+03	
4.160000e+01	5.883000e+03	
4.060000e+01	5.973000e+03	
4.520001e+01	5.746000e+03	
4.520001e+01	5.746000e+03	
4.060000e+01	5.973000e+03	
4.060000e+01	5.973000e+03	
4.240001e+01	5.853000e+03	
3.960000e+01	6.235000e+03	
3.960000e+01	6.235000e+03	
4.010000e+01	6.054000e+03	
4.340001e+01	5.805000e+03	
4.440001e+01	5.800000e+03	
4.290001e+01	5.815000e+03	
4.570001e+01	5.685000e+03	
3.890000e+01	7.677000e+03	
4.160000e+01	5.890000e+03	
4.520001e+01	5.748000e+03	
4.060000e+01	5.977000e+03	
4.240001e+01	5.857000e+03	
3.960000e+01	6.248000e+03	
4.010000e+01	6.058000e+03	
4.290001e+01	5.824000e+03	
4.340001e+01	5.808000e+03	
4.440001e+01	5.804000e+03	
4.570001e+01	5.697000e+03	
4.160000e+01	5.901000e+03	
4.520001e+01	5.751000e+03	
4.240001e+01	5.863000e+03	
3.960000e+01	6.271000e+03	
4.010000e+01	6.063000e+03	
4.440001e+01	5.805000e+03	
4.340001e+01	5.817000e+03	
4.290001e+01	5.827000e+03	
4.060000e+01	5.979000e+03	
4.570001e+01	5.709000e+03	
3.960000e+01	6.277000e+03	
4.570001e+01	5.712000e+03	
4.160000e+01	5.914000e+03	
