# This file contains the data of initial population
# of objectives = 2, # of constraints = 0, # of real_var = 63, # of bits of bin_var = 0, constr_violation, rank, crowding_distance
9.600000e+00	3.477000e+03	
9.600000e+00	3.482000e+03	
9.600000e+00	3.479000e+03	
9.600000e+00	3.556000e+03	
9.200000e+00	3.510000e+03	
9.100000e+00	3.491000e+03	
9.600000e+00	3.483000e+03	
9.100000e+00	3.577000e+03	
9.600000e+00	3.594000e+03	
9.600000e+00	3.585000e+03	
9.600000e+00	3.464000e+03	
9.600000e+00	3.576000e+03	
9.100000e+00	3.543000e+03	
9.200000e+00	3.632000e+03	
9.600000e+00	3.664000e+03	
9.600000e+00	3.510000e+03	
9.700000e+00	3.471000e+03	
1.030000e+01	3.463000e+03	
9.299999e+00	3.524000e+03	
9.600000e+00	3.554000e+03	
9.600000e+00	3.616000e+03	
9.700000e+00	3.616000e+03	
9.600000e+00	3.578000e+03	
9.600000e+00	3.594000e+03	
9.700000e+00	3.628000e+03	
9.600000e+00	3.543000e+03	
9.100000e+00	3.560000e+03	
9.300000e+00	3.514000e+03	
9.600000e+00	3.508000e+03	
9.600000e+00	3.532000e+03	
9.600000e+00	3.537000e+03	
9.799999e+00	3.528000e+03	
9.200000e+00	3.512000e+03	
9.299999e+00	3.600000e+03	
9.600000e+00	3.494000e+03	
9.000000e+00	3.549000e+03	
9.600000e+00	3.509000e+03	
9.799999e+00	3.466000e+03	
9.100000e+00	3.426000e+03	
9.600000e+00	3.512000e+03	
9.000000e+00	3.567000e+03	
9.100000e+00	3.536000e+03	
9.600000e+00	3.554000e+03	
9.600000e+00	3.521000e+03	
9.100000e+00	3.607000e+03	
9.100000e+00	3.510000e+03	
9.600000e+00	3.616000e+03	
9.600000e+00	3.540000e+03	
9.600000e+00	3.631000e+03	
9.100000e+00	3.482000e+03	
9.900000e+00	3.613000e+03	
9.600000e+00	3.521000e+03	
1.030000e+01	3.532000e+03	
9.600000e+00	3.569000e+03	
9.600000e+00	3.548000e+03	
9.600000e+00	3.536000e+03	
9.600000e+00	3.594000e+03	
9.600000e+00	3.535000e+03	
9.700000e+00	3.532000e+03	
9.000000e+00	3.586000e+03	
9.600000e+00	3.501000e+03	
9.600000e+00	3.555000e+03	
9.600000e+00	3.524000e+03	
9.600000e+00	3.464000e+03	
9.600000e+00	3.586000e+03	
9.600000e+00	3.602000e+03	
9.700000e+00	3.478000e+03	
9.600000e+00	3.556000e+03	
9.000000e+00	3.467000e+03	
9.700001e+00	3.575000e+03	
9.100000e+00	3.566000e+03	
9.600000e+00	3.478000e+03	
9.600000e+00	3.530000e+03	
9.000000e+00	3.587000e+03	
9.100000e+00	3.564000e+03	
9.000000e+00	3.573000e+03	
9.600000e+00	3.510000e+03	
9.100000e+00	3.540000e+03	
9.600000e+00	3.501000e+03	
9.600000e+00	3.578000e+03	
9.600000e+00	3.518000e+03	
9.600000e+00	3.506000e+03	
9.600000e+00	3.490000e+03	
9.600000e+00	3.560000e+03	
9.600000e+00	3.476000e+03	
9.600000e+00	3.599000e+03	
9.600000e+00	3.487000e+03	
9.600000e+00	3.565000e+03	
9.600000e+00	3.574000e+03	
9.600000e+00	3.557000e+03	
9.600000e+00	3.551000e+03	
9.600000e+00	3.580000e+03	
9.600000e+00	3.587000e+03	
9.500000e+00	3.483000e+03	
9.800000e+00	3.563000e+03	
9.600000e+00	3.548000e+03	
9.700000e+00	3.566000e+03	
9.600000e+00	3.542000e+03	
9.099999e+00	3.559000e+03	
9.200000e+00	3.523000e+03	
9.600000e+00	3.465000e+03	
9.600000e+00	3.507000e+03	
9.799999e+00	3.554000e+03	
9.000000e+00	3.523000e+03	
9.100000e+00	3.620000e+03	
9.600000e+00	3.567000e+03	
9.600000e+00	3.513000e+03	
9.600000e+00	3.529000e+03	
9.100000e+00	3.561000e+03	
9.000000e+00	3.615000e+03	
9.500000e+00	3.517000e+03	
9.600000e+00	3.495000e+03	
9.600000e+00	3.567000e+03	
9.200000e+00	3.560000e+03	
1.000000e+01	3.545000e+03	
9.000000e+00	3.542000e+03	
9.600000e+00	3.613000e+03	
9.600000e+00	3.594000e+03	
9.600000e+00	3.532000e+03	
9.600000e+00	3.648000e+03	
1.030000e+01	3.498000e+03	
9.300000e+00	3.590000e+03	
9.100000e+00	3.556000e+03	
9.600000e+00	3.583000e+03	
9.600000e+00	3.566000e+03	
9.100000e+00	3.594000e+03	
9.799999e+00	3.599000e+03	
9.600000e+00	3.473000e+03	
9.200000e+00	3.557000e+03	
9.100000e+00	3.544000e+03	
9.799999e+00	3.517000e+03	
9.600000e+00	3.545000e+03	
9.100000e+00	3.529000e+03	
9.300000e+00	3.558000e+03	
9.000000e+00	3.608000e+03	
9.600000e+00	3.584000e+03	
9.300000e+00	3.602000e+03	
9.600000e+00	3.609000e+03	
9.700001e+00	3.630000e+03	
1.030000e+01	3.504000e+03	
9.600000e+00	3.524000e+03	
9.600000e+00	3.484000e+03	
9.600000e+00	3.563000e+03	
9.500000e+00	3.601000e+03	
9.700000e+00	3.528000e+03	
9.700001e+00	3.581000e+03	
9.000000e+00	3.589000e+03	
9.100000e+00	3.550000e+03	
9.600000e+00	3.546000e+03	
1.010000e+01	3.482000e+03	
9.600000e+00	3.470000e+03	
9.799999e+00	3.563000e+03	
9.600000e+00	3.571000e+03	
9.600000e+00	3.537000e+03	
9.100000e+00	3.501000e+03	
9.100000e+00	3.636000e+03	
9.200000e+00	3.567000e+03	
9.700001e+00	3.540000e+03	
9.600000e+00	3.551000e+03	
9.600000e+00	3.468000e+03	
9.600000e+00	3.583000e+03	
9.100000e+00	3.572000e+03	
9.600000e+00	3.531000e+03	
9.100000e+00	3.571000e+03	
9.600000e+00	3.515000e+03	
9.799999e+00	3.507000e+03	
9.300000e+00	3.501000e+03	
9.600000e+00	3.559000e+03	
9.900000e+00	3.550000e+03	
9.600000e+00	3.571000e+03	
9.299999e+00	3.618000e+03	
9.700000e+00	3.606000e+03	
9.600000e+00	3.530000e+03	
9.600000e+00	3.564000e+03	
9.500000e+00	3.584000e+03	
9.100000e+00	3.553000e+03	
9.600000e+00	3.568000e+03	
9.700001e+00	3.552000e+03	
9.600000e+00	3.653000e+03	
9.400000e+00	3.539000e+03	
9.600000e+00	3.459000e+03	
9.600000e+00	3.585000e+03	
9.300000e+00	3.515000e+03	
9.600000e+00	3.544000e+03	
9.600000e+00	3.473000e+03	
9.600000e+00	3.492000e+03	
9.600000e+00	3.524000e+03	
9.799999e+00	3.571000e+03	
9.700000e+00	3.552000e+03	
9.100000e+00	3.527000e+03	
9.900000e+00	3.510000e+03	
9.600000e+00	3.498000e+03	
9.600000e+00	3.481000e+03	
9.100000e+00	3.582000e+03	
9.100000e+00	3.512000e+03	
9.600000e+00	3.556000e+03	
9.600000e+00	3.516000e+03	
9.600000e+00	3.547000e+03	
9.600000e+00	3.627000e+03	
9.600000e+00	3.497000e+03	
9.600000e+00	3.544000e+03	
9.600000e+00	3.459000e+03	
9.600000e+00	3.555000e+03	
9.300000e+00	3.568000e+03	
9.700000e+00	3.486000e+03	
9.600000e+00	3.585000e+03	
9.600000e+00	3.509000e+03	
9.600000e+00	3.538000e+03	
9.799999e+00	3.515000e+03	
9.300000e+00	3.496000e+03	
9.100000e+00	3.517000e+03	
9.100000e+00	3.545000e+03	
9.600000e+00	3.586000e+03	
9.100000e+00	3.570000e+03	
9.100000e+00	3.488000e+03	
9.600000e+00	3.524000e+03	
9.300000e+00	3.553000e+03	
9.000000e+00	3.591000e+03	
9.600000e+00	3.500000e+03	
9.300000e+00	3.598000e+03	
9.600000e+00	3.499000e+03	
9.600000e+00	3.570000e+03	
9.000000e+00	3.590000e+03	
1.030000e+01	3.508000e+03	
9.799999e+00	3.562000e+03	
9.100000e+00	3.529000e+03	
9.600000e+00	3.627000e+03	
9.000000e+00	3.473000e+03	
9.200001e+00	3.559000e+03	
9.500000e+00	3.544000e+03	
9.600000e+00	3.551000e+03	
9.600000e+00	3.418000e+03	
9.600000e+00	3.627000e+03	
9.400000e+00	3.528000e+03	
9.600000e+00	3.431000e+03	
9.600000e+00	3.415000e+03	
9.600000e+00	3.492000e+03	
9.900000e+00	3.578000e+03	
9.000000e+00	3.529000e+03	
9.600000e+00	3.615000e+03	
9.400000e+00	3.522000e+03	
9.100000e+00	3.506000e+03	
9.799999e+00	3.546000e+03	
9.600000e+00	3.550000e+03	
9.600000e+00	3.471000e+03	
9.600000e+00	3.573000e+03	
9.600000e+00	3.516000e+03	
9.300000e+00	3.600000e+03	
9.600000e+00	3.500000e+03	
9.600000e+00	3.522000e+03	
9.300000e+00	3.571000e+03	
9.000000e+00	3.532000e+03	
9.100000e+00	3.523000e+03	
9.100000e+00	3.603000e+03	
9.100000e+00	3.621000e+03	
9.700001e+00	3.533000e+03	
