# This file contains the data of final population
# of objectives = 2, # of constraints = 0, # of real_var = 14, # of bits of bin_var = 0, constr_violation, rank, crowding_distance
1.740000e+01	1.088600e+04	
1.720000e+01	1.167700e+04	
1.720000e+01	1.111700e+04	
1.730000e+01	1.107000e+04	
1.720000e+01	1.111700e+04	
1.730000e+01	1.107000e+04	
1.740000e+01	1.088600e+04	
1.730000e+01	1.107000e+04	
1.720000e+01	1.111700e+04	
1.730000e+01	1.107000e+04	
1.720000e+01	1.167700e+04	
1.720000e+01	1.111700e+04	
1.730000e+01	1.107000e+04	
1.720000e+01	1.111700e+04	
1.720000e+01	1.111700e+04	
1.720000e+01	1.111700e+04	
1.720000e+01	1.111700e+04	
1.720000e+01	1.111700e+04	
1.720000e+01	1.111700e+04	
1.720000e+01	1.111700e+04	
1.720000e+01	1.111700e+04	
1.720000e+01	1.111700e+04	
1.720000e+01	1.111700e+04	
1.720000e+01	1.111700e+04	
1.720000e+01	1.111700e+04	
1.720000e+01	1.111700e+04	
1.720000e+01	1.111700e+04	
1.720000e+01	1.111700e+04	
1.720000e+01	1.111700e+04	
1.720000e+01	1.111700e+04	
1.720000e+01	1.111700e+04	
1.720000e+01	1.111700e+04	
1.720000e+01	1.111700e+04	
1.720000e+01	1.111700e+04	
1.720000e+01	1.111700e+04	
1.720000e+01	1.111700e+04	
1.720000e+01	1.111700e+04	
1.720000e+01	1.111700e+04	
1.720000e+01	1.111700e+04	
1.720000e+01	1.111700e+04	
1.720000e+01	1.111700e+04	
1.720000e+01	1.111700e+04	
1.720000e+01	1.111700e+04	
1.720000e+01	1.111700e+04	
1.720000e+01	1.111700e+04	
1.720000e+01	1.111700e+04	
1.730000e+01	1.107000e+04	
1.720000e+01	1.111700e+04	
1.720000e+01	1.111700e+04	
1.720000e+01	1.111700e+04	
1.720000e+01	1.111700e+04	
1.720000e+01	1.111700e+04	
1.720000e+01	1.111700e+04	
1.720000e+01	1.111700e+04	
1.720000e+01	1.111700e+04	
1.720000e+01	1.111700e+04	
1.720000e+01	1.111700e+04	
1.720000e+01	1.111700e+04	
1.720000e+01	1.111700e+04	
1.720000e+01	1.111700e+04	
1.720000e+01	1.111700e+04	
1.720000e+01	1.111700e+04	
1.720000e+01	1.111700e+04	
1.720000e+01	1.111700e+04	
1.720000e+01	1.111700e+04	
1.720000e+01	1.111700e+04	
1.720000e+01	1.167700e+04	
1.720000e+01	1.167700e+04	
1.720000e+01	1.111700e+04	
1.720000e+01	1.111700e+04	
1.720000e+01	1.111700e+04	
1.720000e+01	1.111700e+04	
1.720000e+01	1.111700e+04	
1.720000e+01	1.111700e+04	
1.720000e+01	1.111700e+04	
1.720000e+01	1.111700e+04	
1.720000e+01	1.111700e+04	
1.720000e+01	1.111700e+04	
1.720000e+01	1.111700e+04	
1.720000e+01	1.111700e+04	
1.720000e+01	1.111700e+04	
1.720000e+01	1.111700e+04	
1.740000e+01	1.088600e+04	
1.720000e+01	1.111700e+04	
1.720000e+01	1.111700e+04	
1.720000e+01	1.111700e+04	
1.720000e+01	1.111700e+04	
1.730000e+01	1.107000e+04	
1.720000e+01	1.111700e+04	
1.720000e+01	1.111700e+04	
1.720000e+01	1.111700e+04	
1.720000e+01	1.111700e+04	
1.740000e+01	1.088600e+04	
1.720000e+01	1.111700e+04	
1.720000e+01	1.111700e+04	
1.720000e+01	1.111700e+04	
1.720000e+01	1.111700e+04	
1.730000e+01	1.107000e+04	
1.720000e+01	1.111700e+04	
1.720000e+01	1.111700e+04	
1.720000e+01	1.167700e+04	
1.730000e+01	1.107000e+04	
1.730000e+01	1.107000e+04	
1.720000e+01	1.111700e+04	
1.720000e+01	1.111700e+04	
1.720000e+01	1.111700e+04	
1.720000e+01	1.111700e+04	
1.720000e+01	1.111700e+04	
1.720000e+01	1.111700e+04	
1.720000e+01	1.111700e+04	
1.720000e+01	1.111700e+04	
1.720000e+01	1.111700e+04	
1.720000e+01	1.111700e+04	
1.720000e+01	1.111700e+04	
1.720000e+01	1.111700e+04	
1.720000e+01	1.111700e+04	
1.720000e+01	1.111700e+04	
1.720000e+01	1.111700e+04	
1.720000e+01	1.111700e+04	
1.720000e+01	1.111700e+04	
1.720000e+01	1.111700e+04	
1.720000e+01	1.111700e+04	
1.720000e+01	1.111700e+04	
1.720000e+01	1.111700e+04	
1.720000e+01	1.111700e+04	
1.730000e+01	1.107000e+04	
1.720000e+01	1.111700e+04	
1.720000e+01	1.111700e+04	
1.730000e+01	1.107000e+04	
1.720000e+01	1.111700e+04	
1.720000e+01	1.111700e+04	
1.720000e+01	1.111700e+04	
1.720000e+01	1.111700e+04	
1.720000e+01	1.111700e+04	
1.720000e+01	1.111700e+04	
1.720000e+01	1.111700e+04	
1.720000e+01	1.111700e+04	
1.720000e+01	1.111700e+04	
1.720000e+01	1.111700e+04	
1.720000e+01	1.111700e+04	
1.720000e+01	1.111700e+04	
1.730000e+01	1.107000e+04	
1.720000e+01	1.111700e+04	
1.720000e+01	1.111700e+04	
1.720000e+01	1.111700e+04	
1.720000e+01	1.111700e+04	
1.720000e+01	1.167700e+04	
1.720000e+01	1.111700e+04	
1.720000e+01	1.111700e+04	
1.720000e+01	1.111700e+04	
1.720000e+01	1.111700e+04	
1.720000e+01	1.111700e+04	
1.740000e+01	1.088600e+04	
1.720000e+01	1.111700e+04	
1.720000e+01	1.111700e+04	
1.720000e+01	1.111700e+04	
1.720000e+01	1.111700e+04	
1.720000e+01	1.111700e+04	
1.720000e+01	1.111700e+04	
1.720000e+01	1.111700e+04	
1.720000e+01	1.111700e+04	
1.720000e+01	1.111700e+04	
1.720000e+01	1.111700e+04	
1.720000e+01	1.111700e+04	
1.720000e+01	1.111700e+04	
1.720000e+01	1.111700e+04	
1.720000e+01	1.111700e+04	
1.720000e+01	1.111700e+04	
1.720000e+01	1.111700e+04	
1.720000e+01	1.111700e+04	
1.720000e+01	1.111700e+04	
1.740000e+01	1.088600e+04	
1.720000e+01	1.111700e+04	
1.720000e+01	1.111700e+04	
1.720000e+01	1.111700e+04	
1.720000e+01	1.111700e+04	
1.720000e+01	1.111700e+04	
1.720000e+01	1.111700e+04	
1.720000e+01	1.111700e+04	
1.720000e+01	1.111700e+04	
1.720000e+01	1.111700e+04	
1.720000e+01	1.111700e+04	
1.720000e+01	1.111700e+04	
1.720000e+01	1.111700e+04	
1.720000e+01	1.111700e+04	
1.720000e+01	1.111700e+04	
1.720000e+01	1.111700e+04	
1.720000e+01	1.111700e+04	
1.720000e+01	1.111700e+04	
1.720000e+01	1.111700e+04	
1.720000e+01	1.111700e+04	
1.720000e+01	1.111700e+04	
1.730000e+01	1.107000e+04	
1.720000e+01	1.111700e+04	
1.720000e+01	1.111700e+04	
1.720000e+01	1.111700e+04	
1.720000e+01	1.111700e+04	
1.720000e+01	1.111700e+04	
1.720000e+01	1.111700e+04	
1.720000e+01	1.111700e+04	
1.720000e+01	1.111700e+04	
1.720000e+01	1.111700e+04	
1.720000e+01	1.111700e+04	
1.720000e+01	1.111700e+04	
1.720000e+01	1.111700e+04	
1.720000e+01	1.111700e+04	
1.720000e+01	1.111700e+04	
1.720000e+01	1.111700e+04	
1.720000e+01	1.111700e+04	
1.720000e+01	1.111700e+04	
1.720000e+01	1.111700e+04	
1.740000e+01	1.088600e+04	
1.720000e+01	1.111700e+04	
1.720000e+01	1.111700e+04	
1.720000e+01	1.111700e+04	
1.720000e+01	1.111700e+04	
1.720000e+01	1.111700e+04	
1.720000e+01	1.111700e+04	
1.720000e+01	1.111700e+04	
1.720000e+01	1.111700e+04	
1.720000e+01	1.111700e+04	
1.720000e+01	1.111700e+04	
1.720000e+01	1.111700e+04	
1.720000e+01	1.111700e+04	
1.720000e+01	1.111700e+04	
1.720000e+01	1.111700e+04	
1.720000e+01	1.111700e+04	
1.720000e+01	1.111700e+04	
1.730000e+01	1.107000e+04	
1.720000e+01	1.111700e+04	
1.720000e+01	1.111700e+04	
1.720000e+01	1.111700e+04	
1.720000e+01	1.111700e+04	
1.720000e+01	1.111700e+04	
1.720000e+01	1.111700e+04	
1.720000e+01	1.111700e+04	
1.720000e+01	1.111700e+04	
1.720000e+01	1.111700e+04	
1.720000e+01	1.111700e+04	
1.720000e+01	1.111700e+04	
1.720000e+01	1.111700e+04	
1.740000e+01	1.088600e+04	
1.730000e+01	1.107000e+04	
1.720000e+01	1.111700e+04	
1.720000e+01	1.111700e+04	
1.740000e+01	1.088600e+04	
1.720000e+01	1.111700e+04	
1.720000e+01	1.111700e+04	
1.720000e+01	1.111700e+04	
1.720000e+01	1.111700e+04	
1.720000e+01	1.111700e+04	
1.720000e+01	1.111700e+04	
1.730000e+01	1.107000e+04	
1.720000e+01	1.111700e+04	
1.720000e+01	1.111700e+04	
1.720000e+01	1.111700e+04	
