# This file contains the data of final population
# of objectives = 2, # of constraints = 0, # of real_var = 0, # of bits of bin_var = 90, constr_violation, rank, crowding_distance
6.270000e+02	5.051000e+03	
6.260000e+02	5.062000e+03	
6.270000e+02	5.063000e+03	
6.260000e+02	5.073000e+03	
6.260000e+02	5.094000e+03	
6.290000e+02	5.068000e+03	
6.260000e+02	5.095000e+03	
6.290000e+02	5.074000e+03	
6.300000e+02	5.073000e+03	
6.260000e+02	5.107000e+03	
6.300000e+02	5.075000e+03	
6.290000e+02	5.083000e+03	
6.310000e+02	5.074000e+03	
6.260000e+02	5.108000e+03	
6.300000e+02	5.079000e+03	
6.290000e+02	5.087000e+03	
6.270000e+02	5.118000e+03	
6.260000e+02	5.119000e+03	
6.300000e+02	5.082000e+03	
6.290000e+02	5.096000e+03	
6.260000e+02	5.122000e+03	
6.290000e+02	5.108000e+03	
6.300000e+02	5.085000e+03	
6.300000e+02	5.085000e+03	
6.260000e+02	5.124000e+03	
6.270000e+02	5.122000e+03	
6.290000e+02	5.114000e+03	
6.300000e+02	5.091000e+03	
6.270000e+02	5.123000e+03	
6.260000e+02	5.128000e+03	
6.290000e+02	5.115000e+03	
6.300000e+02	5.094000e+03	
6.260000e+02	5.130000e+03	
6.290000e+02	5.118000e+03	
6.300000e+02	5.099000e+03	
6.260000e+02	5.131000e+03	
6.260000e+02	5.131000e+03	
6.290000e+02	5.120000e+03	
6.290000e+02	5.120000e+03	
6.290000e+02	5.120000e+03	
6.300000e+02	5.105000e+03	
6.290000e+02	5.120000e+03	
6.260000e+02	5.133000e+03	
6.310000e+02	5.110000e+03	
6.300000e+02	5.111000e+03	
6.290000e+02	5.122000e+03	
6.290000e+02	5.122000e+03	
6.300000e+02	5.111000e+03	
6.260000e+02	5.134000e+03	
6.300000e+02	5.113000e+03	
6.300000e+02	5.113000e+03	
6.330000e+02	5.110000e+03	
6.290000e+02	5.123000e+03	
6.260000e+02	5.135000e+03	
6.300000e+02	5.115000e+03	
6.300000e+02	5.115000e+03	
6.290000e+02	5.124000e+03	
6.290000e+02	5.124000e+03	
6.290000e+02	5.124000e+03	
6.260000e+02	5.147000e+03	
6.290000e+02	5.126000e+03	
6.330000e+02	5.115000e+03	
6.300000e+02	5.116000e+03	
6.290000e+02	5.126000e+03	
6.290000e+02	5.126000e+03	
6.270000e+02	5.138000e+03	
6.270000e+02	5.142000e+03	
6.260000e+02	5.148000e+03	
6.260000e+02	5.148000e+03	
6.300000e+02	5.117000e+03	
6.290000e+02	5.128000e+03	
6.260000e+02	5.154000e+03	
6.260000e+02	5.154000e+03	
6.290000e+02	5.130000e+03	
6.290000e+02	5.130000e+03	
6.290000e+02	5.130000e+03	
6.300000e+02	5.118000e+03	
6.300000e+02	5.118000e+03	
6.270000e+02	5.154000e+03	
6.260000e+02	5.155000e+03	
6.290000e+02	5.134000e+03	
6.290000e+02	5.134000e+03	
6.300000e+02	5.119000e+03	
6.300000e+02	5.119000e+03	
6.260000e+02	5.159000e+03	
6.270000e+02	5.157000e+03	
6.280000e+02	5.154000e+03	
6.290000e+02	5.136000e+03	
6.290000e+02	5.136000e+03	
6.290000e+02	5.136000e+03	
6.310000e+02	5.119000e+03	
6.300000e+02	5.120000e+03	
6.300000e+02	5.120000e+03	
6.260000e+02	5.160000e+03	
6.270000e+02	5.159000e+03	
6.290000e+02	5.138000e+03	
6.290000e+02	5.138000e+03	
6.290000e+02	5.138000e+03	
6.290000e+02	5.138000e+03	
6.300000e+02	5.121000e+03	
6.300000e+02	5.121000e+03	
6.300000e+02	5.121000e+03	
6.300000e+02	5.121000e+03	
6.260000e+02	5.161000e+03	
6.290000e+02	5.140000e+03	
6.290000e+02	5.140000e+03	
6.290000e+02	5.140000e+03	
6.290000e+02	5.140000e+03	
6.290000e+02	5.140000e+03	
6.290000e+02	5.140000e+03	
6.290000e+02	5.140000e+03	
6.300000e+02	5.122000e+03	
6.300000e+02	5.122000e+03	
6.260000e+02	5.162000e+03	
6.300000e+02	5.123000e+03	
6.290000e+02	5.141000e+03	
6.290000e+02	5.142000e+03	
6.290000e+02	5.142000e+03	
6.290000e+02	5.142000e+03	
6.290000e+02	5.142000e+03	
6.260000e+02	5.168000e+03	
6.260000e+02	5.168000e+03	
6.300000e+02	5.125000e+03	
6.300000e+02	5.125000e+03	
6.310000e+02	5.123000e+03	
6.290000e+02	5.144000e+03	
6.260000e+02	5.170000e+03	
6.310000e+02	5.124000e+03	
6.300000e+02	5.126000e+03	
6.300000e+02	5.126000e+03	
6.310000e+02	5.124000e+03	
6.290000e+02	5.146000e+03	
6.290000e+02	5.146000e+03	
6.290000e+02	5.146000e+03	
6.290000e+02	5.146000e+03	
6.260000e+02	5.176000e+03	
6.260000e+02	5.176000e+03	
6.270000e+02	5.171000e+03	
6.310000e+02	5.126000e+03	
6.310000e+02	5.126000e+03	
6.300000e+02	5.127000e+03	
6.300000e+02	5.127000e+03	
6.290000e+02	5.148000e+03	
6.290000e+02	5.148000e+03	
6.290000e+02	5.148000e+03	
6.290000e+02	5.148000e+03	
6.270000e+02	5.175000e+03	
6.260000e+02	5.180000e+03	
6.300000e+02	5.129000e+03	
6.300000e+02	5.129000e+03	
6.310000e+02	5.127000e+03	
6.300000e+02	5.129000e+03	
6.290000e+02	5.150000e+03	
6.290000e+02	5.150000e+03	
6.290000e+02	5.150000e+03	
6.290000e+02	5.150000e+03	
6.290000e+02	5.150000e+03	
6.290000e+02	5.150000e+03	
6.290000e+02	5.150000e+03	
6.290000e+02	5.150000e+03	
6.290000e+02	5.150000e+03	
6.290000e+02	5.150000e+03	
6.290000e+02	5.150000e+03	
6.290000e+02	5.150000e+03	
6.260000e+02	5.181000e+03	
6.310000e+02	5.129000e+03	
6.300000e+02	5.130000e+03	
6.310000e+02	5.129000e+03	
6.290000e+02	5.152000e+03	
6.290000e+02	5.152000e+03	
6.290000e+02	5.152000e+03	
6.290000e+02	5.152000e+03	
6.290000e+02	5.152000e+03	
6.290000e+02	5.152000e+03	
6.290000e+02	5.152000e+03	
6.290000e+02	5.152000e+03	
6.290000e+02	5.152000e+03	
6.260000e+02	5.182000e+03	
6.300000e+02	5.131000e+03	
6.300000e+02	5.131000e+03	
6.300000e+02	5.131000e+03	
6.300000e+02	5.131000e+03	
6.300000e+02	5.131000e+03	
6.300000e+02	5.131000e+03	
6.290000e+02	5.154000e+03	
6.290000e+02	5.154000e+03	
6.290000e+02	5.154000e+03	
6.290000e+02	5.154000e+03	
6.290000e+02	5.154000e+03	
6.290000e+02	5.154000e+03	
6.290000e+02	5.154000e+03	
6.290000e+02	5.154000e+03	
6.290000e+02	5.154000e+03	
6.290000e+02	5.154000e+03	
6.290000e+02	5.154000e+03	
6.260000e+02	5.186000e+03	
6.270000e+02	5.185000e+03	
6.300000e+02	5.132000e+03	
6.290000e+02	5.155000e+03	
6.270000e+02	5.186000e+03	
6.300000e+02	5.133000e+03	
6.300000e+02	5.133000e+03	
6.300000e+02	5.133000e+03	
6.310000e+02	5.132000e+03	
6.300000e+02	5.133000e+03	
6.300000e+02	5.133000e+03	
6.260000e+02	5.190000e+03	
6.290000e+02	5.156000e+03	
6.290000e+02	5.156000e+03	
6.290000e+02	5.156000e+03	
6.290000e+02	5.156000e+03	
6.270000e+02	5.188000e+03	
6.260000e+02	5.194000e+03	
6.300000e+02	5.134000e+03	
6.320000e+02	5.133000e+03	
6.300000e+02	5.134000e+03	
6.290000e+02	5.158000e+03	
6.290000e+02	5.158000e+03	
6.290000e+02	5.158000e+03	
6.290000e+02	5.158000e+03	
6.290000e+02	5.158000e+03	
6.270000e+02	5.189000e+03	
6.260000e+02	5.198000e+03	
6.310000e+02	5.134000e+03	
6.300000e+02	5.135000e+03	
6.300000e+02	5.135000e+03	
6.300000e+02	5.135000e+03	
6.300000e+02	5.135000e+03	
6.310000e+02	5.134000e+03	
6.290000e+02	5.159000e+03	
6.270000e+02	5.195000e+03	
6.260000e+02	5.203000e+03	
6.300000e+02	5.136000e+03	
6.310000e+02	5.135000e+03	
6.310000e+02	5.135000e+03	
6.310000e+02	5.135000e+03	
6.310000e+02	5.135000e+03	
6.290000e+02	5.160000e+03	
6.290000e+02	5.160000e+03	
6.290000e+02	5.160000e+03	
6.290000e+02	5.160000e+03	
6.290000e+02	5.160000e+03	
6.290000e+02	5.160000e+03	
6.290000e+02	5.160000e+03	
6.290000e+02	5.160000e+03	
6.290000e+02	5.160000e+03	
6.290000e+02	5.160000e+03	
6.260000e+02	5.204000e+03	
6.400000e+02	5.136000e+03	
6.300000e+02	5.137000e+03	
6.300000e+02	5.137000e+03	
6.320000e+02	5.138000e+03	
6.260000e+02	5.205000e+03	
6.290000e+02	5.162000e+03	
6.300000e+02	5.145000e+03	
6.310000e+02	5.140000e+03	
