# This file contains the data of initial population
# of objectives = 2, # of constraints = 0, # of real_var = 0, # of bits of bin_var = 14, constr_violation, rank, crowding_distance
3.900000e+00	1.540000e+02	
3.600000e+00	1.670000e+02	
3.900000e+00	1.540000e+02	
3.900000e+00	1.600000e+02	
3.900000e+00	1.650000e+02	
4.000000e+00	1.630000e+02	
3.500000e+00	1.650000e+02	
3.900000e+00	1.590000e+02	
3.900000e+00	1.540000e+02	
4.000000e+00	1.690000e+02	
3.500000e+00	1.490000e+02	
3.600000e+00	1.740000e+02	
3.600000e+00	1.630000e+02	
3.900000e+00	1.470000e+02	
3.900000e+00	1.750000e+02	
3.500000e+00	1.600000e+02	
4.200000e+00	1.720000e+02	
3.500000e+00	1.560000e+02	
3.500000e+00	1.610000e+02	
3.900000e+00	1.590000e+02	
3.900000e+00	1.520000e+02	
3.500000e+00	1.730000e+02	
3.500000e+00	1.730000e+02	
4.000000e+00	1.460000e+02	
4.000000e+00	1.790000e+02	
3.500000e+00	1.650000e+02	
3.500000e+00	1.660000e+02	
3.500000e+00	1.660000e+02	
4.200000e+00	1.690000e+02	
3.900000e+00	1.510000e+02	
3.500000e+00	1.750000e+02	
3.900000e+00	1.490000e+02	
4.200000e+00	1.830000e+02	
3.500000e+00	1.600000e+02	
4.200000e+00	1.680000e+02	
4.000000e+00	1.530000e+02	
4.000000e+00	1.790000e+02	
3.500000e+00	1.590000e+02	
3.500000e+00	1.710000e+02	
4.000000e+00	1.580000e+02	
3.900000e+00	1.520000e+02	
3.600000e+00	1.610000e+02	
3.500000e+00	1.460000e+02	
3.900000e+00	1.750000e+02	
3.900000e+00	1.490000e+02	
3.600000e+00	1.780000e+02	
3.500000e+00	1.570000e+02	
4.000000e+00	1.610000e+02	
3.500000e+00	1.630000e+02	
4.000000e+00	1.580000e+02	
3.900000e+00	1.510000e+02	
3.600000e+00	1.610000e+02	
3.600000e+00	1.760000e+02	
4.000000e+00	1.410000e+02	
3.600000e+00	1.750000e+02	
4.000000e+00	1.680000e+02	
3.600000e+00	1.440000e+02	
3.500000e+00	1.660000e+02	
3.900000e+00	1.630000e+02	
3.900000e+00	1.720000e+02	
3.500000e+00	1.530000e+02	
4.000000e+00	1.430000e+02	
3.500000e+00	1.420000e+02	
3.900000e+00	1.590000e+02	
3.500000e+00	1.680000e+02	
3.900000e+00	1.490000e+02	
4.000000e+00	1.530000e+02	
3.900000e+00	1.540000e+02	
3.900000e+00	1.590000e+02	
3.900000e+00	1.500000e+02	
3.500000e+00	1.700000e+02	
3.500000e+00	1.580000e+02	
4.000000e+00	1.690000e+02	
3.600000e+00	1.650000e+02	
3.500000e+00	1.590000e+02	
3.900000e+00	1.500000e+02	
3.500000e+00	1.680000e+02	
3.500000e+00	1.660000e+02	
4.200000e+00	1.680000e+02	
3.500000e+00	1.610000e+02	
3.500000e+00	1.660000e+02	
3.600000e+00	1.640000e+02	
3.900000e+00	1.570000e+02	
3.500000e+00	1.690000e+02	
4.000000e+00	1.670000e+02	
3.900000e+00	1.530000e+02	
3.900000e+00	1.510000e+02	
4.000000e+00	1.800000e+02	
3.600000e+00	1.550000e+02	
3.900000e+00	1.600000e+02	
3.500000e+00	1.700000e+02	
4.000000e+00	1.640000e+02	
3.500000e+00	1.610000e+02	
3.500000e+00	1.470000e+02	
3.500000e+00	1.690000e+02	
3.900000e+00	1.660000e+02	
3.900000e+00	1.480000e+02	
4.200000e+00	1.740000e+02	
3.500000e+00	1.670000e+02	
3.900000e+00	1.740000e+02	
3.900000e+00	1.690000e+02	
4.000000e+00	1.620000e+02	
3.900000e+00	1.590000e+02	
3.900000e+00	1.690000e+02	
4.000000e+00	1.700000e+02	
3.900000e+00	1.500000e+02	
3.500000e+00	1.640000e+02	
4.000000e+00	1.690000e+02	
3.900000e+00	1.480000e+02	
3.900000e+00	1.650000e+02	
3.600000e+00	1.460000e+02	
3.500000e+00	1.560000e+02	
3.900000e+00	1.590000e+02	
3.500000e+00	1.740000e+02	
3.500000e+00	1.560000e+02	
3.600000e+00	1.630000e+02	
4.000000e+00	1.700000e+02	
3.500000e+00	1.680000e+02	
3.900000e+00	1.570000e+02	
4.000000e+00	1.400000e+02	
3.500000e+00	1.600000e+02	
4.000000e+00	1.520000e+02	
3.600000e+00	1.580000e+02	
3.500000e+00	1.690000e+02	
3.900000e+00	1.640000e+02	
4.000000e+00	1.720000e+02	
3.500000e+00	1.690000e+02	
3.500000e+00	1.650000e+02	
3.900000e+00	1.630000e+02	
3.900000e+00	1.650000e+02	
3.900000e+00	1.420000e+02	
3.500000e+00	1.680000e+02	
3.900000e+00	1.570000e+02	
4.000000e+00	1.430000e+02	
3.600000e+00	1.740000e+02	
3.900000e+00	1.590000e+02	
3.900000e+00	1.680000e+02	
3.500000e+00	1.710000e+02	
3.500000e+00	1.600000e+02	
4.000000e+00	1.700000e+02	
3.600000e+00	1.720000e+02	
4.000000e+00	1.570000e+02	
3.900000e+00	1.520000e+02	
3.900000e+00	1.410000e+02	
3.600000e+00	1.720000e+02	
4.000000e+00	1.690000e+02	
3.500000e+00	1.690000e+02	
4.000000e+00	1.570000e+02	
3.900000e+00	1.520000e+02	
3.500000e+00	1.600000e+02	
3.600000e+00	1.610000e+02	
3.900000e+00	1.620000e+02	
3.900000e+00	1.590000e+02	
3.900000e+00	1.610000e+02	
3.900000e+00	1.660000e+02	
3.900000e+00	1.630000e+02	
3.500000e+00	1.570000e+02	
3.900000e+00	1.510000e+02	
3.900000e+00	1.600000e+02	
3.500000e+00	1.650000e+02	
3.500000e+00	1.700000e+02	
3.900000e+00	1.560000e+02	
3.500000e+00	1.630000e+02	
3.500000e+00	1.660000e+02	
3.900000e+00	1.610000e+02	
3.500000e+00	1.620000e+02	
3.900000e+00	1.660000e+02	
3.900000e+00	1.600000e+02	
3.500000e+00	1.490000e+02	
4.200000e+00	1.620000e+02	
4.000000e+00	1.520000e+02	
3.500000e+00	1.610000e+02	
4.000000e+00	1.770000e+02	
4.000000e+00	1.640000e+02	
3.500000e+00	1.680000e+02	
4.000000e+00	1.630000e+02	
3.500000e+00	1.390000e+02	
4.000000e+00	1.610000e+02	
3.900000e+00	1.310000e+02	
4.000000e+00	1.450000e+02	
4.000000e+00	1.450000e+02	
4.000000e+00	1.600000e+02	
3.600000e+00	1.760000e+02	
3.900000e+00	1.570000e+02	
4.000000e+00	1.660000e+02	
3.500000e+00	1.590000e+02	
3.500000e+00	1.650000e+02	
3.900000e+00	1.570000e+02	
4.000000e+00	1.490000e+02	
3.900000e+00	1.490000e+02	
3.500000e+00	1.700000e+02	
3.900000e+00	1.590000e+02	
3.900000e+00	1.600000e+02	
4.200000e+00	1.650000e+02	
4.000000e+00	1.500000e+02	
3.500000e+00	1.460000e+02	
3.500000e+00	1.400000e+02	
3.900000e+00	1.550000e+02	
4.200000e+00	1.680000e+02	
3.600000e+00	1.690000e+02	
3.600000e+00	1.630000e+02	
3.500000e+00	1.600000e+02	
4.000000e+00	1.740000e+02	
3.500000e+00	1.560000e+02	
4.000000e+00	1.760000e+02	
3.500000e+00	1.520000e+02	
3.900000e+00	1.560000e+02	
4.000000e+00	1.580000e+02	
3.500000e+00	1.410000e+02	
3.900000e+00	1.680000e+02	
3.900000e+00	1.510000e+02	
3.500000e+00	1.670000e+02	
4.000000e+00	1.490000e+02	
3.600000e+00	1.500000e+02	
3.900000e+00	1.660000e+02	
3.500000e+00	1.670000e+02	
3.900000e+00	1.610000e+02	
4.000000e+00	1.750000e+02	
3.500000e+00	1.470000e+02	
3.500000e+00	1.620000e+02	
4.000000e+00	1.670000e+02	
3.500000e+00	1.570000e+02	
3.500000e+00	1.720000e+02	
3.500000e+00	1.570000e+02	
3.600000e+00	1.720000e+02	
3.500000e+00	1.580000e+02	
3.500000e+00	1.490000e+02	
3.900000e+00	1.730000e+02	
4.000000e+00	1.590000e+02	
3.900000e+00	1.550000e+02	
3.500000e+00	1.650000e+02	
3.500000e+00	1.620000e+02	
3.900000e+00	1.550000e+02	
3.900000e+00	1.620000e+02	
4.000000e+00	1.630000e+02	
3.500000e+00	1.700000e+02	
3.900000e+00	1.610000e+02	
3.900000e+00	1.400000e+02	
4.000000e+00	1.540000e+02	
4.000000e+00	1.490000e+02	
3.500000e+00	1.670000e+02	
3.600000e+00	1.660000e+02	
3.500000e+00	1.700000e+02	
4.000000e+00	1.530000e+02	
3.900000e+00	1.650000e+02	
4.200000e+00	1.830000e+02	
4.000000e+00	1.580000e+02	
4.000000e+00	1.560000e+02	
4.000000e+00	1.690000e+02	
4.000000e+00	1.570000e+02	
3.900000e+00	1.700000e+02	
3.900000e+00	1.490000e+02	
3.500000e+00	1.690000e+02	
3.900000e+00	1.600000e+02	
4.200000e+00	1.450000e+02	
3.500000e+00	1.630000e+02	
