# This file contains the data of final population
# of objectives = 2, # of constraints = 0, # of real_var = 0, # of bits of bin_var = 71, constr_violation, rank, crowding_distance
3.000000e+00	5.780000e+02	
3.000000e+00	6.050000e+02	
3.000000e+00	6.070000e+02	
3.000000e+00	6.080000e+02	
3.000000e+00	6.080000e+02	
3.000000e+00	6.100000e+02	
3.000000e+00	6.100000e+02	
3.000000e+00	6.110000e+02	
3.000000e+00	6.110000e+02	
3.000000e+00	6.110000e+02	
3.000000e+00	6.120000e+02	
3.000000e+00	6.130000e+02	
3.000000e+00	6.130000e+02	
3.000000e+00	6.130000e+02	
3.000000e+00	6.140000e+02	
3.000000e+00	6.140000e+02	
3.000000e+00	6.140000e+02	
3.000000e+00	6.150000e+02	
3.000000e+00	6.150000e+02	
3.000000e+00	6.150000e+02	
3.000000e+00	6.150000e+02	
3.000000e+00	6.150000e+02	
3.000000e+00	6.150000e+02	
3.000000e+00	6.160000e+02	
3.000000e+00	6.160000e+02	
3.000000e+00	6.160000e+02	
3.000000e+00	6.160000e+02	
3.000000e+00	6.160000e+02	
3.000000e+00	6.160000e+02	
3.000000e+00	6.160000e+02	
3.000000e+00	6.160000e+02	
3.000000e+00	6.160000e+02	
3.000000e+00	6.170000e+02	
3.000000e+00	6.170000e+02	
3.000000e+00	6.170000e+02	
3.000000e+00	6.170000e+02	
3.000000e+00	6.170000e+02	
3.000000e+00	6.170000e+02	
3.000000e+00	6.170000e+02	
3.000000e+00	6.170000e+02	
3.000000e+00	6.170000e+02	
3.000000e+00	6.170000e+02	
3.000000e+00	6.180000e+02	
3.000000e+00	6.180000e+02	
3.000000e+00	6.180000e+02	
3.000000e+00	6.180000e+02	
3.000000e+00	6.180000e+02	
3.000000e+00	6.180000e+02	
3.000000e+00	6.190000e+02	
3.000000e+00	6.190000e+02	
3.000000e+00	6.190000e+02	
3.000000e+00	6.190000e+02	
3.000000e+00	6.200000e+02	
3.000000e+00	6.200000e+02	
3.000000e+00	6.200000e+02	
3.000000e+00	6.200000e+02	
3.000000e+00	6.200000e+02	
3.000000e+00	6.200000e+02	
3.000000e+00	6.210000e+02	
3.000000e+00	6.210000e+02	
3.000000e+00	6.210000e+02	
3.000000e+00	6.210000e+02	
3.000000e+00	6.210000e+02	
3.000000e+00	6.210000e+02	
3.000000e+00	6.210000e+02	
3.000000e+00	6.210000e+02	
3.000000e+00	6.210000e+02	
3.000000e+00	6.210000e+02	
3.000000e+00	6.210000e+02	
3.000000e+00	6.210000e+02	
3.000000e+00	6.210000e+02	
3.000000e+00	6.220000e+02	
3.000000e+00	6.220000e+02	
3.000000e+00	6.220000e+02	
3.000000e+00	6.220000e+02	
3.000000e+00	6.220000e+02	
3.000000e+00	6.220000e+02	
3.000000e+00	6.220000e+02	
3.000000e+00	6.220000e+02	
3.000000e+00	6.220000e+02	
3.000000e+00	6.220000e+02	
3.000000e+00	6.220000e+02	
3.000000e+00	6.220000e+02	
3.000000e+00	6.230000e+02	
3.000000e+00	6.230000e+02	
3.000000e+00	6.230000e+02	
3.000000e+00	6.230000e+02	
3.000000e+00	6.230000e+02	
3.000000e+00	6.230000e+02	
3.000000e+00	6.230000e+02	
3.000000e+00	6.230000e+02	
3.000000e+00	6.230000e+02	
3.000000e+00	6.230000e+02	
3.000000e+00	6.230000e+02	
3.000000e+00	6.230000e+02	
3.000000e+00	6.230000e+02	
3.000000e+00	6.230000e+02	
3.000000e+00	6.230000e+02	
3.000000e+00	6.240000e+02	
3.000000e+00	6.240000e+02	
3.000000e+00	6.240000e+02	
3.000000e+00	6.240000e+02	
3.000000e+00	6.240000e+02	
3.000000e+00	6.240000e+02	
3.000000e+00	6.240000e+02	
3.000000e+00	6.240000e+02	
3.000000e+00	6.240000e+02	
3.000000e+00	6.240000e+02	
3.000000e+00	6.240000e+02	
3.000000e+00	6.240000e+02	
3.000000e+00	6.240000e+02	
3.000000e+00	6.240000e+02	
3.000000e+00	6.240000e+02	
3.000000e+00	6.240000e+02	
3.000000e+00	6.240000e+02	
3.000000e+00	6.240000e+02	
3.000000e+00	6.240000e+02	
3.000000e+00	6.240000e+02	
3.000000e+00	6.250000e+02	
3.000000e+00	6.250000e+02	
3.000000e+00	6.250000e+02	
3.000000e+00	6.250000e+02	
3.000000e+00	6.250000e+02	
3.000000e+00	6.250000e+02	
3.000000e+00	6.250000e+02	
3.000000e+00	6.250000e+02	
3.000000e+00	6.250000e+02	
3.000000e+00	6.250000e+02	
3.000000e+00	6.250000e+02	
3.000000e+00	6.250000e+02	
3.000000e+00	6.250000e+02	
3.000000e+00	6.250000e+02	
3.000000e+00	6.250000e+02	
3.000000e+00	6.250000e+02	
3.000000e+00	6.250000e+02	
3.000000e+00	6.250000e+02	
3.000000e+00	6.260000e+02	
3.000000e+00	6.260000e+02	
3.000000e+00	6.260000e+02	
3.000000e+00	6.260000e+02	
3.000000e+00	6.260000e+02	
3.000000e+00	6.260000e+02	
3.000000e+00	6.260000e+02	
3.000000e+00	6.260000e+02	
3.000000e+00	6.260000e+02	
3.000000e+00	6.260000e+02	
3.000000e+00	6.260000e+02	
3.000000e+00	6.260000e+02	
3.000000e+00	6.260000e+02	
3.000000e+00	6.260000e+02	
3.000000e+00	6.260000e+02	
3.000000e+00	6.260000e+02	
3.000000e+00	6.260000e+02	
3.000000e+00	6.260000e+02	
3.000000e+00	6.260000e+02	
3.000000e+00	6.260000e+02	
3.000000e+00	6.260000e+02	
3.000000e+00	6.260000e+02	
3.000000e+00	6.260000e+02	
3.000000e+00	6.260000e+02	
3.000000e+00	6.260000e+02	
3.000000e+00	6.260000e+02	
3.000000e+00	6.260000e+02	
3.000000e+00	6.260000e+02	
3.000000e+00	6.260000e+02	
3.000000e+00	6.260000e+02	
3.000000e+00	6.260000e+02	
3.000000e+00	6.260000e+02	
3.000000e+00	6.260000e+02	
3.000000e+00	6.260000e+02	
3.000000e+00	6.260000e+02	
3.000000e+00	6.260000e+02	
3.000000e+00	6.270000e+02	
3.000000e+00	6.270000e+02	
3.000000e+00	6.270000e+02	
3.000000e+00	6.270000e+02	
3.000000e+00	6.270000e+02	
3.000000e+00	6.270000e+02	
3.000000e+00	6.270000e+02	
3.000000e+00	6.270000e+02	
3.000000e+00	6.270000e+02	
3.000000e+00	6.270000e+02	
3.000000e+00	6.270000e+02	
3.000000e+00	6.270000e+02	
3.000000e+00	6.270000e+02	
3.000000e+00	6.270000e+02	
3.000000e+00	6.270000e+02	
3.000000e+00	6.270000e+02	
3.000000e+00	6.270000e+02	
3.000000e+00	6.270000e+02	
3.000000e+00	6.270000e+02	
3.000000e+00	6.270000e+02	
3.000000e+00	6.270000e+02	
3.000000e+00	6.270000e+02	
3.000000e+00	6.270000e+02	
3.000000e+00	6.270000e+02	
3.000000e+00	6.270000e+02	
3.000000e+00	6.270000e+02	
3.000000e+00	6.280000e+02	
3.000000e+00	6.280000e+02	
3.000000e+00	6.280000e+02	
3.000000e+00	6.280000e+02	
3.000000e+00	6.280000e+02	
3.000000e+00	6.280000e+02	
3.000000e+00	6.280000e+02	
3.000000e+00	6.280000e+02	
3.000000e+00	6.280000e+02	
3.000000e+00	6.280000e+02	
3.000000e+00	6.280000e+02	
3.000000e+00	6.280000e+02	
3.000000e+00	6.280000e+02	
3.000000e+00	6.280000e+02	
3.000000e+00	6.280000e+02	
3.000000e+00	6.280000e+02	
3.000000e+00	6.280000e+02	
3.000000e+00	6.280000e+02	
3.000000e+00	6.280000e+02	
3.000000e+00	6.280000e+02	
3.000000e+00	6.280000e+02	
3.000000e+00	6.280000e+02	
3.000000e+00	6.280000e+02	
3.000000e+00	6.290000e+02	
3.000000e+00	6.290000e+02	
3.000000e+00	6.290000e+02	
3.000000e+00	6.290000e+02	
3.000000e+00	6.290000e+02	
3.000000e+00	6.290000e+02	
3.000000e+00	6.290000e+02	
3.000000e+00	6.290000e+02	
3.000000e+00	6.290000e+02	
3.000000e+00	6.290000e+02	
3.000000e+00	6.290000e+02	
3.000000e+00	6.290000e+02	
3.000000e+00	6.290000e+02	
3.000000e+00	6.290000e+02	
3.000000e+00	6.290000e+02	
3.000000e+00	6.290000e+02	
3.000000e+00	6.290000e+02	
3.000000e+00	6.290000e+02	
3.000000e+00	6.290000e+02	
3.000000e+00	6.290000e+02	
3.000000e+00	6.290000e+02	
3.000000e+00	6.290000e+02	
3.000000e+00	6.290000e+02	
3.000000e+00	6.290000e+02	
3.000000e+00	6.290000e+02	
3.000000e+00	6.290000e+02	
3.000000e+00	6.290000e+02	
3.000000e+00	6.290000e+02	
3.000000e+00	6.290000e+02	
3.000000e+00	6.290000e+02	
3.000000e+00	6.290000e+02	
3.000000e+00	6.290000e+02	
3.000000e+00	6.290000e+02	
3.000000e+00	6.290000e+02	
3.000000e+00	6.300000e+02	
