# This file contains the data of initial population
# of objectives = 2, # of constraints = 0, # of real_var = 29, # of bits of bin_var = 0, constr_violation, rank, crowding_distance
5.000000e+00	4.950000e+02	
5.000000e+00	4.970000e+02	
5.000000e+00	4.980000e+02	
5.000000e+00	4.960000e+02	
5.000000e+00	4.960000e+02	
5.000000e+00	4.990000e+02	
5.000000e+00	4.960000e+02	
5.000000e+00	4.950000e+02	
5.000000e+00	4.950000e+02	
5.000000e+00	4.970000e+02	
5.000000e+00	4.960000e+02	
5.000000e+00	4.950000e+02	
5.000000e+00	4.950000e+02	
5.000000e+00	4.960000e+02	
5.000000e+00	4.950000e+02	
5.000000e+00	4.960000e+02	
5.000000e+00	4.940000e+02	
5.000000e+00	4.980000e+02	
5.000000e+00	4.960000e+02	
5.000000e+00	4.970000e+02	
5.000000e+00	4.970000e+02	
5.000000e+00	4.960000e+02	
5.000000e+00	4.930000e+02	
5.000000e+00	4.940000e+02	
5.000000e+00	4.960000e+02	
5.000000e+00	4.950000e+02	
5.000000e+00	4.970000e+02	
5.000000e+00	4.970000e+02	
5.000000e+00	4.950000e+02	
5.000000e+00	4.940000e+02	
5.000000e+00	4.970000e+02	
5.000000e+00	4.960000e+02	
5.000000e+00	4.980000e+02	
5.000000e+00	4.950000e+02	
5.000000e+00	4.950000e+02	
5.000000e+00	4.950000e+02	
5.000000e+00	4.950000e+02	
5.000000e+00	4.960000e+02	
5.000000e+00	4.950000e+02	
5.000000e+00	4.990000e+02	
5.000000e+00	4.960000e+02	
5.000000e+00	4.950000e+02	
5.000000e+00	4.950000e+02	
5.000000e+00	4.930000e+02	
5.000000e+00	4.960000e+02	
5.000000e+00	4.940000e+02	
5.000000e+00	4.950000e+02	
5.000000e+00	4.950000e+02	
5.000000e+00	4.960000e+02	
5.000000e+00	4.970000e+02	
5.000000e+00	4.960000e+02	
5.000000e+00	4.970000e+02	
5.000000e+00	4.960000e+02	
5.000000e+00	4.970000e+02	
5.000000e+00	4.950000e+02	
5.000000e+00	4.970000e+02	
5.000000e+00	4.940000e+02	
5.000000e+00	4.960000e+02	
5.000000e+00	4.970000e+02	
5.000000e+00	4.960000e+02	
5.000000e+00	4.960000e+02	
5.000000e+00	5.000000e+02	
5.000000e+00	4.970000e+02	
5.000000e+00	4.940000e+02	
5.000000e+00	4.970000e+02	
5.000000e+00	4.960000e+02	
5.000000e+00	4.940000e+02	
5.000000e+00	4.960000e+02	
5.000000e+00	4.940000e+02	
5.000000e+00	4.940000e+02	
5.000000e+00	4.930000e+02	
5.000000e+00	4.950000e+02	
5.000000e+00	4.980000e+02	
5.000000e+00	4.960000e+02	
5.000000e+00	4.930000e+02	
5.000000e+00	4.960000e+02	
5.000000e+00	4.930000e+02	
5.000000e+00	4.960000e+02	
5.000000e+00	4.930000e+02	
5.000000e+00	4.970000e+02	
5.000000e+00	4.970000e+02	
5.000000e+00	4.970000e+02	
5.000000e+00	4.970000e+02	
5.000000e+00	4.940000e+02	
5.000000e+00	4.970000e+02	
5.000000e+00	4.970000e+02	
5.000000e+00	4.970000e+02	
5.000000e+00	4.960000e+02	
5.000000e+00	4.950000e+02	
5.000000e+00	4.940000e+02	
5.000000e+00	4.960000e+02	
5.000000e+00	4.970000e+02	
5.000000e+00	4.950000e+02	
5.000000e+00	4.970000e+02	
5.000000e+00	4.950000e+02	
5.000000e+00	4.940000e+02	
5.000000e+00	4.950000e+02	
5.000000e+00	4.950000e+02	
5.000000e+00	4.940000e+02	
5.000000e+00	4.980000e+02	
5.000000e+00	4.940000e+02	
5.000000e+00	4.950000e+02	
5.000000e+00	4.990000e+02	
5.000000e+00	4.970000e+02	
5.000000e+00	4.980000e+02	
5.000000e+00	4.940000e+02	
5.000000e+00	4.950000e+02	
5.000000e+00	4.980000e+02	
5.000000e+00	4.960000e+02	
5.000000e+00	4.920000e+02	
5.000000e+00	4.970000e+02	
5.000000e+00	4.980000e+02	
5.000000e+00	4.950000e+02	
5.000000e+00	4.950000e+02	
5.000000e+00	4.980000e+02	
5.000000e+00	4.980000e+02	
5.000000e+00	4.950000e+02	
5.000000e+00	4.970000e+02	
5.000000e+00	4.970000e+02	
5.000000e+00	4.990000e+02	
5.000000e+00	4.950000e+02	
5.000000e+00	4.970000e+02	
5.000000e+00	4.960000e+02	
5.000000e+00	5.020000e+02	
5.000000e+00	4.960000e+02	
5.000000e+00	4.970000e+02	
5.000000e+00	4.950000e+02	
5.000000e+00	4.970000e+02	
5.000000e+00	4.960000e+02	
5.000000e+00	4.940000e+02	
5.000000e+00	4.940000e+02	
5.000000e+00	4.970000e+02	
5.000000e+00	4.920000e+02	
5.000000e+00	4.970000e+02	
5.000000e+00	4.970000e+02	
5.000000e+00	4.960000e+02	
5.000000e+00	4.970000e+02	
5.000000e+00	4.930000e+02	
5.000000e+00	4.960000e+02	
5.000000e+00	4.970000e+02	
5.000000e+00	5.020000e+02	
5.000000e+00	4.950000e+02	
5.000000e+00	4.960000e+02	
5.000000e+00	4.940000e+02	
5.000000e+00	4.960000e+02	
5.000000e+00	4.930000e+02	
5.000000e+00	4.970000e+02	
5.000000e+00	4.960000e+02	
5.000000e+00	4.980000e+02	
5.000000e+00	4.960000e+02	
5.000000e+00	4.940000e+02	
5.000000e+00	4.970000e+02	
5.000000e+00	4.970000e+02	
5.000000e+00	4.960000e+02	
5.000000e+00	4.960000e+02	
5.000000e+00	4.960000e+02	
5.000000e+00	4.970000e+02	
5.000000e+00	4.950000e+02	
5.000000e+00	4.940000e+02	
5.000000e+00	5.030000e+02	
5.000000e+00	4.960000e+02	
5.000000e+00	4.940000e+02	
5.000000e+00	4.920000e+02	
5.000000e+00	4.960000e+02	
5.000000e+00	4.970000e+02	
5.000000e+00	4.980000e+02	
5.000000e+00	4.960000e+02	
5.000000e+00	4.950000e+02	
5.000000e+00	4.970000e+02	
5.000000e+00	4.970000e+02	
5.000000e+00	4.970000e+02	
5.000000e+00	4.980000e+02	
5.000000e+00	4.970000e+02	
5.000000e+00	4.970000e+02	
5.000000e+00	4.970000e+02	
5.000000e+00	4.950000e+02	
5.000000e+00	4.980000e+02	
5.000000e+00	4.980000e+02	
5.000000e+00	5.010000e+02	
5.000000e+00	4.950000e+02	
5.000000e+00	4.970000e+02	
5.000000e+00	4.950000e+02	
5.000000e+00	4.970000e+02	
5.000000e+00	4.960000e+02	
5.000000e+00	4.960000e+02	
5.000000e+00	4.960000e+02	
5.000000e+00	4.970000e+02	
5.000000e+00	4.950000e+02	
5.000000e+00	4.960000e+02	
5.000000e+00	4.950000e+02	
5.000000e+00	4.950000e+02	
5.000000e+00	4.950000e+02	
5.000000e+00	4.940000e+02	
5.000000e+00	4.960000e+02	
5.000000e+00	4.960000e+02	
5.000000e+00	4.970000e+02	
5.000000e+00	4.950000e+02	
5.000000e+00	4.950000e+02	
5.000000e+00	4.960000e+02	
5.000000e+00	4.950000e+02	
5.000000e+00	4.950000e+02	
5.000000e+00	4.940000e+02	
5.000000e+00	4.960000e+02	
5.000000e+00	4.960000e+02	
5.000000e+00	5.020000e+02	
5.000000e+00	4.950000e+02	
5.000000e+00	4.950000e+02	
5.000000e+00	5.020000e+02	
5.000000e+00	4.950000e+02	
5.000000e+00	4.970000e+02	
5.000000e+00	4.950000e+02	
5.000000e+00	4.930000e+02	
5.000000e+00	4.970000e+02	
5.000000e+00	4.950000e+02	
5.000000e+00	4.960000e+02	
5.000000e+00	4.970000e+02	
5.000000e+00	4.970000e+02	
5.000000e+00	4.960000e+02	
5.000000e+00	5.000000e+02	
5.000000e+00	4.970000e+02	
5.000000e+00	4.940000e+02	
5.000000e+00	4.980000e+02	
5.000000e+00	4.920000e+02	
5.000000e+00	4.960000e+02	
5.000000e+00	4.960000e+02	
5.000000e+00	4.950000e+02	
5.000000e+00	5.020000e+02	
5.000000e+00	4.960000e+02	
5.000000e+00	4.970000e+02	
5.000000e+00	4.970000e+02	
5.000000e+00	4.950000e+02	
5.000000e+00	4.960000e+02	
5.000000e+00	5.030000e+02	
5.000000e+00	4.960000e+02	
5.000000e+00	4.940000e+02	
5.000000e+00	4.950000e+02	
5.000000e+00	4.950000e+02	
5.000000e+00	4.950000e+02	
5.000000e+00	4.960000e+02	
5.000000e+00	5.010000e+02	
5.000000e+00	4.990000e+02	
5.000000e+00	4.970000e+02	
5.000000e+00	4.960000e+02	
5.000000e+00	4.960000e+02	
5.000000e+00	4.960000e+02	
5.000000e+00	4.940000e+02	
5.000000e+00	4.960000e+02	
5.000000e+00	4.970000e+02	
5.000000e+00	4.960000e+02	
5.000000e+00	4.970000e+02	
5.000000e+00	4.960000e+02	
5.000000e+00	4.950000e+02	
5.000000e+00	4.950000e+02	
5.000000e+00	5.010000e+02	
5.000000e+00	4.960000e+02	
5.000000e+00	4.970000e+02	
