# This file contains the data of final population
# of objectives = 2, # of constraints = 0, # of real_var = 0, # of bits of bin_var = 104, constr_violation, rank, crowding_distance
5.000000e+00	1.242000e+03	
4.000000e+00	1.313000e+03	
4.000000e+00	1.319000e+03	
5.000000e+00	1.248000e+03	
4.000000e+00	1.320000e+03	
5.000000e+00	1.249000e+03	
5.000000e+00	1.249000e+03	
5.000000e+00	1.250000e+03	
5.000000e+00	1.250000e+03	
5.000000e+00	1.250000e+03	
5.000000e+00	1.250000e+03	
4.000000e+00	1.322000e+03	
4.000000e+00	1.322000e+03	
5.000000e+00	1.250000e+03	
5.000000e+00	1.251000e+03	
4.000000e+00	1.323000e+03	
4.000000e+00	1.323000e+03	
4.000000e+00	1.323000e+03	
5.000000e+00	1.252000e+03	
5.000000e+00	1.252000e+03	
5.000000e+00	1.252000e+03	
5.000000e+00	1.252000e+03	
4.000000e+00	1.325000e+03	
5.000000e+00	1.253000e+03	
5.000000e+00	1.253000e+03	
5.000000e+00	1.253000e+03	
5.000000e+00	1.253000e+03	
4.000000e+00	1.326000e+03	
4.000000e+00	1.326000e+03	
5.000000e+00	1.254000e+03	
5.000000e+00	1.254000e+03	
5.000000e+00	1.254000e+03	
5.000000e+00	1.254000e+03	
5.000000e+00	1.254000e+03	
5.000000e+00	1.254000e+03	
4.000000e+00	1.327000e+03	
4.000000e+00	1.327000e+03	
4.000000e+00	1.327000e+03	
5.000000e+00	1.255000e+03	
5.000000e+00	1.255000e+03	
5.000000e+00	1.255000e+03	
5.000000e+00	1.255000e+03	
5.000000e+00	1.255000e+03	
5.000000e+00	1.255000e+03	
5.000000e+00	1.255000e+03	
5.000000e+00	1.255000e+03	
5.000000e+00	1.255000e+03	
5.000000e+00	1.255000e+03	
5.000000e+00	1.255000e+03	
5.000000e+00	1.255000e+03	
5.000000e+00	1.255000e+03	
4.000000e+00	1.328000e+03	
4.000000e+00	1.328000e+03	
4.000000e+00	1.328000e+03	
4.000000e+00	1.328000e+03	
5.000000e+00	1.256000e+03	
5.000000e+00	1.256000e+03	
5.000000e+00	1.256000e+03	
5.000000e+00	1.256000e+03	
4.000000e+00	1.329000e+03	
5.000000e+00	1.257000e+03	
5.000000e+00	1.257000e+03	
5.000000e+00	1.257000e+03	
5.000000e+00	1.257000e+03	
5.000000e+00	1.257000e+03	
4.000000e+00	1.330000e+03	
4.000000e+00	1.330000e+03	
4.000000e+00	1.330000e+03	
4.000000e+00	1.330000e+03	
4.000000e+00	1.330000e+03	
4.000000e+00	1.330000e+03	
4.000000e+00	1.330000e+03	
4.000000e+00	1.330000e+03	
4.000000e+00	1.330000e+03	
5.000000e+00	1.258000e+03	
5.000000e+00	1.258000e+03	
4.000000e+00	1.331000e+03	
4.000000e+00	1.331000e+03	
4.000000e+00	1.331000e+03	
5.000000e+00	1.259000e+03	
5.000000e+00	1.259000e+03	
5.000000e+00	1.259000e+03	
5.000000e+00	1.259000e+03	
5.000000e+00	1.259000e+03	
5.000000e+00	1.259000e+03	
5.000000e+00	1.259000e+03	
5.000000e+00	1.259000e+03	
5.000000e+00	1.259000e+03	
5.000000e+00	1.259000e+03	
5.000000e+00	1.259000e+03	
5.000000e+00	1.259000e+03	
5.000000e+00	1.259000e+03	
5.000000e+00	1.259000e+03	
4.000000e+00	1.332000e+03	
4.000000e+00	1.332000e+03	
4.000000e+00	1.332000e+03	
4.000000e+00	1.332000e+03	
4.000000e+00	1.332000e+03	
5.000000e+00	1.259000e+03	
5.000000e+00	1.260000e+03	
5.000000e+00	1.260000e+03	
5.000000e+00	1.260000e+03	
5.000000e+00	1.260000e+03	
5.000000e+00	1.260000e+03	
5.000000e+00	1.260000e+03	
5.000000e+00	1.260000e+03	
5.000000e+00	1.260000e+03	
5.000000e+00	1.260000e+03	
5.000000e+00	1.260000e+03	
5.000000e+00	1.260000e+03	
5.000000e+00	1.260000e+03	
5.000000e+00	1.260000e+03	
4.000000e+00	1.333000e+03	
4.000000e+00	1.333000e+03	
4.000000e+00	1.333000e+03	
4.000000e+00	1.334000e+03	
5.000000e+00	1.261000e+03	
5.000000e+00	1.261000e+03	
5.000000e+00	1.261000e+03	
5.000000e+00	1.261000e+03	
5.000000e+00	1.261000e+03	
5.000000e+00	1.261000e+03	
5.000000e+00	1.261000e+03	
5.000000e+00	1.261000e+03	
5.000000e+00	1.261000e+03	
5.000000e+00	1.261000e+03	
5.000000e+00	1.261000e+03	
5.000000e+00	1.261000e+03	
5.000000e+00	1.261000e+03	
5.000000e+00	1.261000e+03	
5.000000e+00	1.261000e+03	
5.000000e+00	1.261000e+03	
4.000000e+00	1.334000e+03	
4.000000e+00	1.334000e+03	
4.000000e+00	1.334000e+03	
4.000000e+00	1.334000e+03	
4.000000e+00	1.334000e+03	
4.000000e+00	1.334000e+03	
4.000000e+00	1.334000e+03	
4.000000e+00	1.335000e+03	
5.000000e+00	1.262000e+03	
5.000000e+00	1.262000e+03	
5.000000e+00	1.262000e+03	
5.000000e+00	1.262000e+03	
5.000000e+00	1.262000e+03	
5.000000e+00	1.262000e+03	
5.000000e+00	1.262000e+03	
5.000000e+00	1.262000e+03	
5.000000e+00	1.262000e+03	
5.000000e+00	1.262000e+03	
5.000000e+00	1.262000e+03	
5.000000e+00	1.262000e+03	
5.000000e+00	1.262000e+03	
5.000000e+00	1.262000e+03	
5.000000e+00	1.262000e+03	
4.000000e+00	1.335000e+03	
4.000000e+00	1.335000e+03	
4.000000e+00	1.335000e+03	
5.000000e+00	1.263000e+03	
5.000000e+00	1.263000e+03	
5.000000e+00	1.263000e+03	
5.000000e+00	1.263000e+03	
5.000000e+00	1.263000e+03	
5.000000e+00	1.263000e+03	
5.000000e+00	1.263000e+03	
5.000000e+00	1.263000e+03	
5.000000e+00	1.263000e+03	
5.000000e+00	1.263000e+03	
5.000000e+00	1.263000e+03	
5.000000e+00	1.263000e+03	
5.000000e+00	1.263000e+03	
5.000000e+00	1.263000e+03	
5.000000e+00	1.263000e+03	
5.000000e+00	1.263000e+03	
5.000000e+00	1.263000e+03	
5.000000e+00	1.263000e+03	
5.000000e+00	1.263000e+03	
5.000000e+00	1.263000e+03	
5.000000e+00	1.263000e+03	
5.000000e+00	1.263000e+03	
4.000000e+00	1.336000e+03	
4.000000e+00	1.336000e+03	
4.000000e+00	1.336000e+03	
4.000000e+00	1.336000e+03	
4.000000e+00	1.336000e+03	
5.000000e+00	1.264000e+03	
5.000000e+00	1.264000e+03	
5.000000e+00	1.264000e+03	
5.000000e+00	1.264000e+03	
5.000000e+00	1.264000e+03	
5.000000e+00	1.264000e+03	
5.000000e+00	1.264000e+03	
5.000000e+00	1.264000e+03	
5.000000e+00	1.264000e+03	
5.000000e+00	1.264000e+03	
5.000000e+00	1.264000e+03	
5.000000e+00	1.264000e+03	
5.000000e+00	1.264000e+03	
5.000000e+00	1.264000e+03	
5.000000e+00	1.264000e+03	
5.000000e+00	1.264000e+03	
5.000000e+00	1.264000e+03	
5.000000e+00	1.264000e+03	
5.000000e+00	1.264000e+03	
5.000000e+00	1.264000e+03	
5.000000e+00	1.264000e+03	
5.000000e+00	1.264000e+03	
5.000000e+00	1.264000e+03	
5.000000e+00	1.264000e+03	
5.000000e+00	1.264000e+03	
5.000000e+00	1.264000e+03	
4.000000e+00	1.337000e+03	
4.000000e+00	1.337000e+03	
4.000000e+00	1.337000e+03	
4.000000e+00	1.337000e+03	
4.000000e+00	1.337000e+03	
5.000000e+00	1.265000e+03	
5.000000e+00	1.265000e+03	
5.000000e+00	1.265000e+03	
5.000000e+00	1.265000e+03	
5.000000e+00	1.265000e+03	
5.000000e+00	1.265000e+03	
5.000000e+00	1.265000e+03	
5.000000e+00	1.265000e+03	
5.000000e+00	1.265000e+03	
5.000000e+00	1.265000e+03	
5.000000e+00	1.265000e+03	
5.000000e+00	1.265000e+03	
5.000000e+00	1.265000e+03	
5.000000e+00	1.265000e+03	
5.000000e+00	1.265000e+03	
5.000000e+00	1.265000e+03	
5.000000e+00	1.265000e+03	
5.000000e+00	1.265000e+03	
5.000000e+00	1.265000e+03	
5.000000e+00	1.265000e+03	
5.000000e+00	1.265000e+03	
5.000000e+00	1.265000e+03	
5.000000e+00	1.265000e+03	
5.000000e+00	1.265000e+03	
5.000000e+00	1.265000e+03	
5.000000e+00	1.265000e+03	
5.000000e+00	1.265000e+03	
4.000000e+00	1.338000e+03	
4.000000e+00	1.338000e+03	
4.000000e+00	1.338000e+03	
4.000000e+00	1.338000e+03	
4.000000e+00	1.338000e+03	
4.000000e+00	1.338000e+03	
4.000000e+00	1.338000e+03	
4.000000e+00	1.338000e+03	
4.000000e+00	1.339000e+03	
5.000000e+00	1.266000e+03	
4.000000e+00	1.339000e+03	
4.000000e+00	1.339000e+03	
5.000000e+00	1.266000e+03	
