# This file contains the data of initial population
# of objectives = 2, # of constraints = 0, # of real_var = 50, # of bits of bin_var = 0, constr_violation, rank, crowding_distance
1.022000e+03	7.992000e+03	
1.049000e+03	8.109000e+03	
1.044000e+03	8.116000e+03	
1.048000e+03	8.136000e+03	
1.061000e+03	8.232000e+03	
1.065000e+03	8.218000e+03	
1.020000e+03	7.972000e+03	
1.034000e+03	8.007000e+03	
1.052000e+03	8.196000e+03	
9.920000e+02	7.775000e+03	
1.040000e+03	8.101000e+03	
1.044000e+03	8.130000e+03	
1.032000e+03	8.027000e+03	
1.059000e+03	8.199000e+03	
1.045000e+03	8.117000e+03	
1.037000e+03	8.041000e+03	
1.054000e+03	8.170000e+03	
1.030000e+03	8.030000e+03	
1.054000e+03	8.196000e+03	
1.038000e+03	8.072000e+03	
1.046000e+03	8.119000e+03	
1.054000e+03	8.151000e+03	
1.062000e+03	8.209000e+03	
1.034000e+03	8.013000e+03	
1.069000e+03	8.283000e+03	
1.048000e+03	8.094000e+03	
1.045000e+03	8.085000e+03	
1.048000e+03	8.107000e+03	
1.052000e+03	8.186000e+03	
1.052000e+03	8.145000e+03	
1.053000e+03	8.146000e+03	
1.032000e+03	8.014000e+03	
1.041000e+03	8.092000e+03	
1.050000e+03	8.160000e+03	
9.910000e+02	7.769000e+03	
1.060000e+03	8.180000e+03	
1.068000e+03	8.265000e+03	
1.070000e+03	8.278000e+03	
1.026000e+03	7.978000e+03	
1.051000e+03	8.164000e+03	
1.024000e+03	7.962000e+03	
1.035000e+03	8.048000e+03	
1.062000e+03	8.195000e+03	
1.007000e+03	7.833000e+03	
1.043000e+03	8.092000e+03	
1.065000e+03	8.240000e+03	
1.054000e+03	8.161000e+03	
1.065000e+03	8.258000e+03	
1.053000e+03	8.173000e+03	
1.058000e+03	8.184000e+03	
1.057000e+03	8.175000e+03	
1.038000e+03	8.060000e+03	
1.051000e+03	8.164000e+03	
1.052000e+03	8.160000e+03	
1.038000e+03	8.081000e+03	
1.040000e+03	8.092000e+03	
1.061000e+03	8.237000e+03	
1.049000e+03	8.143000e+03	
1.063000e+03	8.231000e+03	
9.770000e+02	7.692000e+03	
1.069000e+03	8.280000e+03	
1.017000e+03	7.903000e+03	
1.045000e+03	8.142000e+03	
1.033000e+03	8.013000e+03	
1.055000e+03	8.183000e+03	
1.038000e+03	8.069000e+03	
1.058000e+03	8.200000e+03	
1.011000e+03	7.912000e+03	
1.014000e+03	7.929000e+03	
1.065000e+03	8.233000e+03	
1.067000e+03	8.243000e+03	
1.047000e+03	8.129000e+03	
1.066000e+03	8.242000e+03	
1.055000e+03	8.148000e+03	
1.049000e+03	8.139000e+03	
1.051000e+03	8.175000e+03	
9.820000e+02	7.714000e+03	
1.030000e+03	8.015000e+03	
1.054000e+03	8.168000e+03	
1.064000e+03	8.244000e+03	
1.061000e+03	8.211000e+03	
1.066000e+03	8.236000e+03	
1.046000e+03	8.106000e+03	
1.056000e+03	8.212000e+03	
1.038000e+03	8.067000e+03	
9.910000e+02	7.781000e+03	
1.053000e+03	8.186000e+03	
1.064000e+03	8.223000e+03	
1.037000e+03	8.074000e+03	
1.039000e+03	8.095000e+03	
1.061000e+03	8.232000e+03	
1.065000e+03	8.241000e+03	
1.068000e+03	8.267000e+03	
1.048000e+03	8.111000e+03	
1.031000e+03	7.988000e+03	
1.028000e+03	8.016000e+03	
1.040000e+03	8.068000e+03	
1.048000e+03	8.142000e+03	
1.070000e+03	8.274000e+03	
1.065000e+03	8.210000e+03	
1.056000e+03	8.180000e+03	
1.051000e+03	8.160000e+03	
1.055000e+03	8.163000e+03	
1.027000e+03	8.000000e+03	
1.053000e+03	8.144000e+03	
1.071000e+03	8.264000e+03	
1.051000e+03	8.150000e+03	
1.063000e+03	8.246000e+03	
1.060000e+03	8.218000e+03	
1.028000e+03	8.006000e+03	
1.055000e+03	8.179000e+03	
1.043000e+03	8.064000e+03	
1.050000e+03	8.147000e+03	
1.056000e+03	8.178000e+03	
1.034000e+03	8.036000e+03	
1.056000e+03	8.192000e+03	
1.057000e+03	8.200000e+03	
1.062000e+03	8.229000e+03	
1.065000e+03	8.260000e+03	
1.055000e+03	8.195000e+03	
1.008000e+03	7.866000e+03	
1.064000e+03	8.239000e+03	
1.058000e+03	8.213000e+03	
1.020000e+03	7.950000e+03	
1.064000e+03	8.264000e+03	
1.065000e+03	8.214000e+03	
1.062000e+03	8.242000e+03	
1.060000e+03	8.203000e+03	
1.040000e+03	8.100000e+03	
1.043000e+03	8.117000e+03	
1.037000e+03	8.052000e+03	
1.047000e+03	8.144000e+03	
1.051000e+03	8.164000e+03	
1.062000e+03	8.202000e+03	
1.057000e+03	8.199000e+03	
1.068000e+03	8.245000e+03	
1.064000e+03	8.229000e+03	
1.066000e+03	8.232000e+03	
1.057000e+03	8.184000e+03	
1.024000e+03	8.001000e+03	
1.039000e+03	8.076000e+03	
1.044000e+03	8.101000e+03	
1.034000e+03	8.048000e+03	
1.064000e+03	8.236000e+03	
1.022000e+03	7.964000e+03	
1.020000e+03	7.928000e+03	
1.057000e+03	8.220000e+03	
1.057000e+03	8.182000e+03	
1.066000e+03	8.246000e+03	
1.044000e+03	8.081000e+03	
1.058000e+03	8.195000e+03	
1.056000e+03	8.198000e+03	
1.047000e+03	8.120000e+03	
1.048000e+03	8.133000e+03	
1.051000e+03	8.143000e+03	
1.063000e+03	8.223000e+03	
1.062000e+03	8.209000e+03	
1.064000e+03	8.212000e+03	
1.053000e+03	8.158000e+03	
1.060000e+03	8.182000e+03	
1.059000e+03	8.237000e+03	
1.043000e+03	8.076000e+03	
1.044000e+03	8.126000e+03	
1.059000e+03	8.196000e+03	
1.048000e+03	8.121000e+03	
1.039000e+03	8.083000e+03	
1.057000e+03	8.197000e+03	
1.055000e+03	8.153000e+03	
1.027000e+03	7.989000e+03	
1.039000e+03	8.087000e+03	
1.034000e+03	8.070000e+03	
1.054000e+03	8.172000e+03	
1.053000e+03	8.202000e+03	
1.060000e+03	8.220000e+03	
1.051000e+03	8.148000e+03	
1.060000e+03	8.199000e+03	
1.032000e+03	8.016000e+03	
1.022000e+03	7.986000e+03	
1.032000e+03	8.037000e+03	
1.043000e+03	8.123000e+03	
1.060000e+03	8.218000e+03	
1.052000e+03	8.171000e+03	
1.022000e+03	7.940000e+03	
1.059000e+03	8.206000e+03	
1.059000e+03	8.221000e+03	
1.024000e+03	7.952000e+03	
1.058000e+03	8.186000e+03	
1.045000e+03	8.104000e+03	
1.048000e+03	8.133000e+03	
1.045000e+03	8.094000e+03	
1.056000e+03	8.181000e+03	
1.044000e+03	8.090000e+03	
1.057000e+03	8.171000e+03	
1.060000e+03	8.250000e+03	
1.056000e+03	8.203000e+03	
1.021000e+03	7.933000e+03	
1.048000e+03	8.128000e+03	
1.055000e+03	8.172000e+03	
1.048000e+03	8.137000e+03	
1.054000e+03	8.159000e+03	
1.059000e+03	8.192000e+03	
1.037000e+03	8.059000e+03	
1.055000e+03	8.207000e+03	
1.045000e+03	8.102000e+03	
1.053000e+03	8.153000e+03	
1.039000e+03	8.098000e+03	
1.053000e+03	8.155000e+03	
9.860000e+02	7.762000e+03	
1.044000e+03	8.128000e+03	
1.056000e+03	8.178000e+03	
1.063000e+03	8.218000e+03	
1.046000e+03	8.106000e+03	
1.054000e+03	8.169000e+03	
1.019000e+03	7.958000e+03	
1.054000e+03	8.151000e+03	
1.042000e+03	8.068000e+03	
1.056000e+03	8.158000e+03	
1.029000e+03	8.000000e+03	
1.049000e+03	8.135000e+03	
1.063000e+03	8.242000e+03	
1.031000e+03	8.006000e+03	
1.041000e+03	8.100000e+03	
1.011000e+03	7.912000e+03	
1.051000e+03	8.150000e+03	
1.055000e+03	8.194000e+03	
1.039000e+03	8.085000e+03	
1.047000e+03	8.124000e+03	
1.068000e+03	8.250000e+03	
1.042000e+03	8.078000e+03	
1.015000e+03	7.918000e+03	
1.050000e+03	8.156000e+03	
1.045000e+03	8.144000e+03	
1.033000e+03	8.025000e+03	
9.970000e+02	7.799000e+03	
1.070000e+03	8.266000e+03	
1.059000e+03	8.225000e+03	
1.053000e+03	8.182000e+03	
1.047000e+03	8.115000e+03	
1.028000e+03	8.018000e+03	
1.054000e+03	8.147000e+03	
1.064000e+03	8.255000e+03	
1.040000e+03	8.087000e+03	
1.053000e+03	8.166000e+03	
1.043000e+03	8.073000e+03	
1.005000e+03	7.881000e+03	
1.053000e+03	8.169000e+03	
1.041000e+03	8.067000e+03	
1.032000e+03	8.012000e+03	
1.031000e+03	8.041000e+03	
1.066000e+03	8.226000e+03	
1.043000e+03	8.093000e+03	
1.025000e+03	7.976000e+03	
1.054000e+03	8.180000e+03	
1.049000e+03	8.181000e+03	
1.049000e+03	8.153000e+03	
1.055000e+03	8.169000e+03	
