# This file contains the data of final population
# of objectives = 2, # of constraints = 0, # of real_var = 0, # of bits of bin_var = 14, constr_violation, rank, crowding_distance
2.600000e+01	3.000000e+01	
2.400000e+01	3.100000e+01	
2.600000e+01	3.000000e+01	
2.600000e+01	3.000000e+01	
2.600000e+01	3.000000e+01	
2.600000e+01	3.000000e+01	
2.600000e+01	3.000000e+01	
2.600000e+01	3.000000e+01	
2.400000e+01	3.100000e+01	
2.600000e+01	3.000000e+01	
2.600000e+01	3.000000e+01	
2.400000e+01	3.100000e+01	
2.600000e+01	3.000000e+01	
2.600000e+01	3.000000e+01	
2.600000e+01	3.000000e+01	
2.600000e+01	3.000000e+01	
2.600000e+01	3.000000e+01	
2.600000e+01	3.000000e+01	
2.600000e+01	3.000000e+01	
2.600000e+01	3.000000e+01	
2.600000e+01	3.000000e+01	
2.400000e+01	3.100000e+01	
2.400000e+01	3.100000e+01	
2.600000e+01	3.000000e+01	
2.600000e+01	3.000000e+01	
2.600000e+01	3.000000e+01	
2.600000e+01	3.000000e+01	
2.600000e+01	3.000000e+01	
2.600000e+01	3.000000e+01	
2.600000e+01	3.000000e+01	
2.600000e+01	3.000000e+01	
2.600000e+01	3.000000e+01	
2.600000e+01	3.000000e+01	
2.600000e+01	3.000000e+01	
2.600000e+01	3.000000e+01	
2.600000e+01	3.000000e+01	
2.600000e+01	3.000000e+01	
2.600000e+01	3.000000e+01	
2.600000e+01	3.000000e+01	
2.400000e+01	3.100000e+01	
2.600000e+01	3.000000e+01	
2.600000e+01	3.000000e+01	
2.400000e+01	3.100000e+01	
2.600000e+01	3.000000e+01	
2.600000e+01	3.000000e+01	
2.500000e+01	3.200000e+01	
2.500000e+01	3.200000e+01	
2.500000e+01	3.200000e+01	
2.500000e+01	3.200000e+01	
2.500000e+01	3.200000e+01	
2.500000e+01	3.200000e+01	
2.500000e+01	3.200000e+01	
2.500000e+01	3.200000e+01	
2.500000e+01	3.200000e+01	
2.500000e+01	3.200000e+01	
2.600000e+01	3.200000e+01	
2.600000e+01	3.200000e+01	
2.600000e+01	3.200000e+01	
2.600000e+01	3.200000e+01	
2.600000e+01	3.200000e+01	
2.600000e+01	3.200000e+01	
2.600000e+01	3.200000e+01	
2.600000e+01	3.200000e+01	
2.600000e+01	3.200000e+01	
2.600000e+01	3.200000e+01	
2.900000e+01	3.900000e+01	
2.900000e+01	3.900000e+01	
2.900000e+01	3.900000e+01	
2.900000e+01	3.900000e+01	
2.900000e+01	3.900000e+01	
2.900000e+01	3.900000e+01	
2.800000e+01	4.300000e+01	
2.800000e+01	4.300000e+01	
2.900000e+01	3.900000e+01	
2.900000e+01	3.900000e+01	
2.800000e+01	4.300000e+01	
2.900000e+01	3.900000e+01	
2.900000e+01	3.900000e+01	
2.900000e+01	3.900000e+01	
2.900000e+01	3.900000e+01	
2.800000e+01	4.300000e+01	
2.900000e+01	3.900000e+01	
2.800000e+01	4.300000e+01	
2.800000e+01	4.300000e+01	
2.800000e+01	4.300000e+01	
2.900000e+01	3.900000e+01	
2.900000e+01	3.900000e+01	
2.900000e+01	3.900000e+01	
2.800000e+01	4.300000e+01	
2.900000e+01	3.900000e+01	
2.800000e+01	4.300000e+01	
2.900000e+01	3.900000e+01	
2.900000e+01	3.900000e+01	
2.800000e+01	4.300000e+01	
2.900000e+01	3.900000e+01	
2.900000e+01	3.900000e+01	
2.900000e+01	3.900000e+01	
2.900000e+01	3.900000e+01	
2.800000e+01	4.500000e+01	
2.900000e+01	4.000000e+01	
2.800000e+01	4.500000e+01	
2.900000e+01	4.000000e+01	
2.900000e+01	4.000000e+01	
2.900000e+01	4.000000e+01	
2.800000e+01	4.500000e+01	
2.800000e+01	4.500000e+01	
2.900000e+01	4.000000e+01	
2.800000e+01	4.500000e+01	
2.900000e+01	4.000000e+01	
2.800000e+01	4.500000e+01	
2.800000e+01	4.500000e+01	
2.800000e+01	4.500000e+01	
2.900000e+01	4.000000e+01	
2.900000e+01	4.000000e+01	
2.900000e+01	4.000000e+01	
2.900000e+01	4.000000e+01	
2.800000e+01	4.500000e+01	
2.800000e+01	4.500000e+01	
2.900000e+01	4.000000e+01	
2.800000e+01	4.500000e+01	
2.800000e+01	4.500000e+01	
2.800000e+01	4.500000e+01	
2.800000e+01	4.500000e+01	
2.900000e+01	4.000000e+01	
3.000000e+01	4.000000e+01	
3.000000e+01	4.000000e+01	
2.800000e+01	5.800000e+01	
2.800000e+01	5.800000e+01	
2.800000e+01	5.800000e+01	
3.000000e+01	4.000000e+01	
3.000000e+01	4.000000e+01	
2.800000e+01	5.800000e+01	
2.800000e+01	5.800000e+01	
2.800000e+01	5.800000e+01	
3.000000e+01	4.000000e+01	
3.000000e+01	4.000000e+01	
3.000000e+01	4.000000e+01	
2.900000e+01	4.500000e+01	
2.800000e+01	5.800000e+01	
3.000000e+01	4.000000e+01	
2.800000e+01	5.800000e+01	
2.800000e+01	5.800000e+01	
3.000000e+01	4.000000e+01	
3.000000e+01	4.000000e+01	
3.000000e+01	4.000000e+01	
3.000000e+01	4.000000e+01	
2.800000e+01	5.800000e+01	
2.800000e+01	5.800000e+01	
2.800000e+01	5.800000e+01	
2.800000e+01	5.800000e+01	
3.000000e+01	4.000000e+01	
3.000000e+01	4.000000e+01	
3.000000e+01	4.000000e+01	
2.800000e+01	5.800000e+01	
2.800000e+01	5.800000e+01	
2.900000e+01	4.500000e+01	
2.900000e+01	4.500000e+01	
2.800000e+01	5.800000e+01	
2.800000e+01	5.800000e+01	
3.000000e+01	4.000000e+01	
2.800000e+01	5.800000e+01	
2.900000e+01	4.500000e+01	
2.800000e+01	5.800000e+01	
3.000000e+01	4.000000e+01	
3.000000e+01	4.000000e+01	
3.000000e+01	4.000000e+01	
3.000000e+01	4.000000e+01	
3.000000e+01	4.000000e+01	
2.800000e+01	5.800000e+01	
2.800000e+01	5.800000e+01	
3.000000e+01	4.000000e+01	
3.000000e+01	4.000000e+01	
3.000000e+01	4.000000e+01	
3.000000e+01	4.000000e+01	
2.800000e+01	5.800000e+01	
3.000000e+01	4.000000e+01	
2.800000e+01	5.800000e+01	
2.800000e+01	5.800000e+01	
3.000000e+01	4.000000e+01	
3.000000e+01	4.000000e+01	
3.000000e+01	4.000000e+01	
3.000000e+01	4.000000e+01	
2.900000e+01	4.500000e+01	
3.000000e+01	4.000000e+01	
2.800000e+01	5.800000e+01	
3.000000e+01	4.000000e+01	
3.000000e+01	4.000000e+01	
2.900000e+01	4.500000e+01	
2.900000e+01	4.500000e+01	
3.000000e+01	4.000000e+01	
2.800000e+01	5.800000e+01	
3.000000e+01	4.000000e+01	
2.800000e+01	5.800000e+01	
2.800000e+01	5.800000e+01	
3.000000e+01	4.000000e+01	
3.000000e+01	4.000000e+01	
3.000000e+01	4.000000e+01	
3.000000e+01	4.000000e+01	
2.800000e+01	5.800000e+01	
3.000000e+01	4.000000e+01	
2.800000e+01	5.800000e+01	
3.000000e+01	4.000000e+01	
2.800000e+01	5.800000e+01	
2.800000e+01	5.800000e+01	
2.800000e+01	5.800000e+01	
3.000000e+01	4.000000e+01	
3.000000e+01	4.000000e+01	
3.000000e+01	4.000000e+01	
2.800000e+01	5.800000e+01	
3.000000e+01	4.000000e+01	
2.800000e+01	5.800000e+01	
2.900000e+01	4.700000e+01	
3.000000e+01	4.100000e+01	
2.900000e+01	4.700000e+01	
3.000000e+01	4.100000e+01	
2.900000e+01	4.700000e+01	
2.900000e+01	4.700000e+01	
2.900000e+01	4.700000e+01	
3.000000e+01	4.100000e+01	
2.900000e+01	4.700000e+01	
2.900000e+01	4.700000e+01	
2.900000e+01	4.700000e+01	
2.900000e+01	4.700000e+01	
3.000000e+01	4.100000e+01	
3.000000e+01	4.100000e+01	
3.000000e+01	4.100000e+01	
3.000000e+01	4.100000e+01	
2.900000e+01	4.700000e+01	
2.900000e+01	4.700000e+01	
2.900000e+01	4.700000e+01	
3.000000e+01	4.100000e+01	
3.000000e+01	4.100000e+01	
2.900000e+01	4.700000e+01	
2.900000e+01	4.700000e+01	
2.900000e+01	4.700000e+01	
2.900000e+01	4.700000e+01	
2.900000e+01	4.700000e+01	
2.900000e+01	4.700000e+01	
3.000000e+01	4.100000e+01	
2.900000e+01	5.100000e+01	
3.100000e+01	4.100000e+01	
3.000000e+01	4.200000e+01	
2.900000e+01	5.100000e+01	
3.000000e+01	4.200000e+01	
2.900000e+01	5.100000e+01	
3.000000e+01	4.200000e+01	
3.000000e+01	4.200000e+01	
3.100000e+01	4.100000e+01	
3.000000e+01	4.200000e+01	
2.900000e+01	5.100000e+01	
3.000000e+01	4.200000e+01	
3.000000e+01	4.200000e+01	
2.900000e+01	5.100000e+01	
2.900000e+01	5.100000e+01	
2.900000e+01	5.100000e+01	
3.000000e+01	4.200000e+01	
