# This file contains the data of final population
# of objectives = 2, # of constraints = 0, # of real_var = 66, # of bits of bin_var = 0, constr_violation, rank, crowding_distance
1.070000e+01	2.228000e+03	
1.070000e+01	2.228000e+03	
1.070000e+01	2.228000e+03	
1.070000e+01	2.228000e+03	
1.070000e+01	2.228000e+03	
1.070000e+01	2.228000e+03	
1.070000e+01	2.228000e+03	
1.070000e+01	2.228000e+03	
1.070000e+01	2.228000e+03	
1.070000e+01	2.228000e+03	
1.070000e+01	2.228000e+03	
1.070000e+01	2.228000e+03	
1.070000e+01	2.228000e+03	
1.070000e+01	2.228000e+03	
1.070000e+01	2.228000e+03	
1.070000e+01	2.228000e+03	
1.070000e+01	2.228000e+03	
1.070000e+01	2.228000e+03	
1.070000e+01	2.228000e+03	
1.070000e+01	2.228000e+03	
1.070000e+01	2.228000e+03	
1.070000e+01	2.228000e+03	
1.070000e+01	2.228000e+03	
1.070000e+01	2.228000e+03	
1.070000e+01	2.228000e+03	
1.070000e+01	2.228000e+03	
1.070000e+01	2.228000e+03	
1.070000e+01	2.228000e+03	
1.070000e+01	2.228000e+03	
1.070000e+01	2.228000e+03	
1.070000e+01	2.228000e+03	
1.070000e+01	2.228000e+03	
1.070000e+01	2.228000e+03	
1.070000e+01	2.228000e+03	
1.070000e+01	2.228000e+03	
1.070000e+01	2.228000e+03	
1.070000e+01	2.228000e+03	
1.070000e+01	2.228000e+03	
1.070000e+01	2.228000e+03	
1.070000e+01	2.228000e+03	
1.070000e+01	2.228000e+03	
1.070000e+01	2.230000e+03	
1.070000e+01	2.230000e+03	
1.070000e+01	2.230000e+03	
1.070000e+01	2.230000e+03	
1.070000e+01	2.230000e+03	
1.070000e+01	2.230000e+03	
1.070000e+01	2.230000e+03	
1.070000e+01	2.230000e+03	
1.070000e+01	2.230000e+03	
1.070000e+01	2.230000e+03	
1.070000e+01	2.232000e+03	
1.070000e+01	2.232000e+03	
1.070000e+01	2.232000e+03	
1.070000e+01	2.236000e+03	
1.070000e+01	2.239000e+03	
1.070000e+01	2.239000e+03	
1.070000e+01	2.239000e+03	
1.070000e+01	2.239000e+03	
1.070000e+01	2.239000e+03	
1.070000e+01	2.239000e+03	
1.070000e+01	2.239000e+03	
1.070000e+01	2.239000e+03	
1.070000e+01	2.239000e+03	
1.070000e+01	2.239000e+03	
1.070000e+01	2.239000e+03	
1.070000e+01	2.239000e+03	
1.070000e+01	2.239000e+03	
1.070000e+01	2.239000e+03	
1.070000e+01	2.239000e+03	
1.070000e+01	2.239000e+03	
1.070000e+01	2.239000e+03	
1.070000e+01	2.239000e+03	
1.070000e+01	2.239000e+03	
1.070000e+01	2.239000e+03	
1.070000e+01	2.239000e+03	
1.070000e+01	2.239000e+03	
1.070000e+01	2.239000e+03	
1.070000e+01	2.239000e+03	
1.070000e+01	2.239000e+03	
1.070000e+01	2.239000e+03	
1.070000e+01	2.239000e+03	
1.070000e+01	2.239000e+03	
1.070000e+01	2.239000e+03	
1.070000e+01	2.239000e+03	
1.070000e+01	2.239000e+03	
1.070000e+01	2.239000e+03	
1.070000e+01	2.239000e+03	
1.070000e+01	2.239000e+03	
1.070000e+01	2.239000e+03	
1.070000e+01	2.239000e+03	
1.070000e+01	2.239000e+03	
1.070000e+01	2.239000e+03	
1.070000e+01	2.239000e+03	
1.070000e+01	2.239000e+03	
1.070000e+01	2.239000e+03	
1.070000e+01	2.239000e+03	
1.070000e+01	2.239000e+03	
1.070000e+01	2.239000e+03	
1.070000e+01	2.239000e+03	
1.070000e+01	2.239000e+03	
1.070000e+01	2.239000e+03	
1.070000e+01	2.239000e+03	
1.070000e+01	2.239000e+03	
1.070000e+01	2.239000e+03	
1.070000e+01	2.239000e+03	
1.070000e+01	2.239000e+03	
1.070000e+01	2.239000e+03	
1.070000e+01	2.239000e+03	
1.070000e+01	2.239000e+03	
1.070000e+01	2.239000e+03	
1.070000e+01	2.239000e+03	
1.070000e+01	2.239000e+03	
1.070000e+01	2.239000e+03	
1.070000e+01	2.239000e+03	
1.070000e+01	2.239000e+03	
1.070000e+01	2.239000e+03	
1.070000e+01	2.239000e+03	
1.070000e+01	2.239000e+03	
1.070000e+01	2.239000e+03	
1.070000e+01	2.239000e+03	
1.070000e+01	2.239000e+03	
1.070000e+01	2.239000e+03	
1.070000e+01	2.239000e+03	
1.070000e+01	2.239000e+03	
1.070000e+01	2.239000e+03	
1.070000e+01	2.239000e+03	
1.070000e+01	2.239000e+03	
1.070000e+01	2.239000e+03	
1.070000e+01	2.239000e+03	
1.070000e+01	2.239000e+03	
1.070000e+01	2.239000e+03	
1.070000e+01	2.239000e+03	
1.070000e+01	2.239000e+03	
1.070000e+01	2.239000e+03	
1.070000e+01	2.239000e+03	
1.070000e+01	2.239000e+03	
1.070000e+01	2.239000e+03	
1.070000e+01	2.239000e+03	
1.070000e+01	2.239000e+03	
1.070000e+01	2.239000e+03	
1.070000e+01	2.239000e+03	
1.070000e+01	2.239000e+03	
1.070000e+01	2.239000e+03	
1.070000e+01	2.239000e+03	
1.070000e+01	2.239000e+03	
1.070000e+01	2.239000e+03	
1.070000e+01	2.239000e+03	
1.070000e+01	2.239000e+03	
1.070000e+01	2.239000e+03	
1.070000e+01	2.239000e+03	
1.070000e+01	2.239000e+03	
1.070000e+01	2.239000e+03	
1.070000e+01	2.239000e+03	
1.070000e+01	2.239000e+03	
1.070000e+01	2.239000e+03	
1.070000e+01	2.239000e+03	
1.070000e+01	2.239000e+03	
1.070000e+01	2.239000e+03	
1.070000e+01	2.239000e+03	
1.070000e+01	2.239000e+03	
1.070000e+01	2.239000e+03	
1.070000e+01	2.239000e+03	
1.070000e+01	2.239000e+03	
1.070000e+01	2.239000e+03	
1.070000e+01	2.239000e+03	
1.070000e+01	2.239000e+03	
1.070000e+01	2.239000e+03	
1.070000e+01	2.239000e+03	
1.070000e+01	2.239000e+03	
1.070000e+01	2.239000e+03	
1.070000e+01	2.239000e+03	
1.070000e+01	2.239000e+03	
1.070000e+01	2.239000e+03	
1.070000e+01	2.239000e+03	
1.070000e+01	2.239000e+03	
1.070000e+01	2.239000e+03	
1.070000e+01	2.239000e+03	
1.070000e+01	2.239000e+03	
1.070000e+01	2.239000e+03	
1.070000e+01	2.239000e+03	
1.070000e+01	2.239000e+03	
1.070000e+01	2.239000e+03	
1.070000e+01	2.239000e+03	
1.070000e+01	2.239000e+03	
1.070000e+01	2.239000e+03	
1.070000e+01	2.239000e+03	
1.070000e+01	2.239000e+03	
1.070000e+01	2.239000e+03	
1.070000e+01	2.239000e+03	
1.070000e+01	2.239000e+03	
1.070000e+01	2.239000e+03	
1.070000e+01	2.239000e+03	
1.070000e+01	2.239000e+03	
1.070000e+01	2.239000e+03	
1.070000e+01	2.239000e+03	
1.070000e+01	2.239000e+03	
1.070000e+01	2.239000e+03	
1.070000e+01	2.239000e+03	
1.070000e+01	2.239000e+03	
1.070000e+01	2.239000e+03	
1.070000e+01	2.239000e+03	
1.070000e+01	2.239000e+03	
1.070000e+01	2.239000e+03	
1.070000e+01	2.239000e+03	
1.070000e+01	2.239000e+03	
1.070000e+01	2.239000e+03	
1.070000e+01	2.239000e+03	
1.070000e+01	2.239000e+03	
1.070000e+01	2.239000e+03	
1.070000e+01	2.239000e+03	
1.070000e+01	2.239000e+03	
1.070000e+01	2.239000e+03	
1.070000e+01	2.239000e+03	
1.070000e+01	2.239000e+03	
1.070000e+01	2.239000e+03	
1.070000e+01	2.239000e+03	
1.070000e+01	2.239000e+03	
1.070000e+01	2.239000e+03	
1.070000e+01	2.239000e+03	
1.070000e+01	2.239000e+03	
1.070000e+01	2.239000e+03	
1.070000e+01	2.239000e+03	
1.070000e+01	2.239000e+03	
1.070000e+01	2.239000e+03	
1.070000e+01	2.239000e+03	
1.070000e+01	2.239000e+03	
1.070000e+01	2.239000e+03	
1.070000e+01	2.239000e+03	
1.070000e+01	2.239000e+03	
1.070000e+01	2.239000e+03	
1.070000e+01	2.239000e+03	
1.070000e+01	2.239000e+03	
1.070000e+01	2.239000e+03	
1.070000e+01	2.239000e+03	
1.070000e+01	2.239000e+03	
1.070000e+01	2.239000e+03	
1.070000e+01	2.239000e+03	
1.070000e+01	2.239000e+03	
1.070000e+01	2.239000e+03	
1.070000e+01	2.239000e+03	
1.070000e+01	2.239000e+03	
1.070000e+01	2.239000e+03	
1.070000e+01	2.239000e+03	
1.070000e+01	2.239000e+03	
1.070000e+01	2.239000e+03	
1.070000e+01	2.239000e+03	
1.070000e+01	2.239000e+03	
1.070000e+01	2.239000e+03	
1.070000e+01	2.239000e+03	
1.070000e+01	2.239000e+03	
1.070000e+01	2.239000e+03	
1.070000e+01	2.239000e+03	
1.070000e+01	2.239000e+03	
1.070000e+01	2.239000e+03	
1.070000e+01	2.239000e+03	
