# This file contains the data of initial population
# of objectives = 2, # of constraints = 0, # of real_var = 0, # of bits of bin_var = 45, constr_violation, rank, crowding_distance
3.720000e+02	1.346000e+03	
4.000000e+02	1.488000e+03	
3.270000e+02	1.207000e+03	
3.720000e+02	1.294000e+03	
5.300000e+02	2.088000e+03	
3.110000e+02	1.073000e+03	
3.680000e+02	1.370000e+03	
3.760000e+02	1.368000e+03	
3.720000e+02	1.291000e+03	
3.720000e+02	1.352000e+03	
4.080000e+02	1.352000e+03	
3.560000e+02	1.301000e+03	
4.520000e+02	1.670000e+03	
3.600000e+02	1.279000e+03	
3.840000e+02	1.350000e+03	
5.120000e+02	1.952000e+03	
4.840000e+02	1.776000e+03	
3.720000e+02	1.306000e+03	
4.200000e+02	1.528000e+03	
3.520000e+02	1.230000e+03	
3.400000e+02	1.200000e+03	
4.740000e+02	1.720000e+03	
5.020000e+02	1.860000e+03	
3.130000e+02	1.038000e+03	
2.780000e+02	8.800000e+02	
3.370000e+02	1.247000e+03	
4.580000e+02	1.720000e+03	
3.780000e+02	1.390000e+03	
2.940000e+02	9.720000e+02	
5.040000e+02	1.904000e+03	
3.480000e+02	1.190000e+03	
3.120000e+02	1.066000e+03	
3.860000e+02	1.300000e+03	
2.940000e+02	1.022000e+03	
3.410000e+02	1.226000e+03	
3.800000e+02	1.376000e+03	
4.040000e+02	1.456000e+03	
3.800000e+02	1.318000e+03	
3.560000e+02	1.345000e+03	
4.080000e+02	1.529000e+03	
3.840000e+02	1.422000e+03	
3.180000e+02	1.119000e+03	
3.680000e+02	1.314000e+03	
4.010000e+02	1.386000e+03	
4.160000e+02	1.468000e+03	
3.460000e+02	1.288000e+03	
3.560000e+02	1.283000e+03	
3.360000e+02	1.168000e+03	
3.760000e+02	1.310000e+03	
4.400000e+02	1.584000e+03	
3.520000e+02	1.207000e+03	
4.310000e+02	1.660000e+03	
3.020000e+02	1.076000e+03	
3.640000e+02	1.302000e+03	
3.480000e+02	1.182000e+03	
4.480000e+02	1.598000e+03	
4.280000e+02	1.529000e+03	
3.720000e+02	1.376000e+03	
3.600000e+02	1.249000e+03	
4.040000e+02	1.474000e+03	
3.070000e+02	9.470000e+02	
4.140000e+02	1.438000e+03	
3.280000e+02	1.209000e+03	
3.680000e+02	1.314000e+03	
3.560000e+02	1.214000e+03	
4.600000e+02	1.714000e+03	
3.510000e+02	1.347000e+03	
2.900000e+02	9.260000e+02	
3.420000e+02	1.238000e+03	
3.720000e+02	1.338000e+03	
4.960000e+02	1.824000e+03	
4.700000e+02	1.707000e+03	
3.510000e+02	1.261000e+03	
4.840000e+02	1.896000e+03	
4.000000e+02	1.508000e+03	
4.720000e+02	1.770000e+03	
3.920000e+02	1.386000e+03	
4.340000e+02	1.754000e+03	
3.460000e+02	1.222000e+03	
5.160000e+02	1.974000e+03	
4.400000e+02	1.572000e+03	
3.840000e+02	1.456000e+03	
3.090000e+02	1.079000e+03	
3.480000e+02	1.154000e+03	
4.920000e+02	1.872000e+03	
4.800000e+02	1.824000e+03	
3.680000e+02	1.294000e+03	
3.200000e+02	1.168000e+03	
4.960000e+02	1.858000e+03	
3.600000e+02	1.254000e+03	
4.360000e+02	1.592000e+03	
4.120000e+02	1.480000e+03	
4.560000e+02	1.724000e+03	
3.380000e+02	1.239000e+03	
4.720000e+02	1.786000e+03	
3.460000e+02	1.186000e+03	
3.240000e+02	1.181000e+03	
3.540000e+02	1.306000e+03	
4.160000e+02	1.670000e+03	
3.800000e+02	1.374000e+03	
3.520000e+02	1.248000e+03	
4.680000e+02	1.794000e+03	
4.840000e+02	1.758000e+03	
3.470000e+02	1.230000e+03	
4.040000e+02	1.398000e+03	
4.800000e+02	1.874000e+03	
4.380000e+02	1.687000e+03	
5.120000e+02	2.016000e+03	
4.000000e+02	1.475000e+03	
4.040000e+02	1.561000e+03	
3.720000e+02	1.284000e+03	
4.920000e+02	1.807000e+03	
4.440000e+02	1.574000e+03	
3.280000e+02	1.164000e+03	
3.440000e+02	1.158000e+03	
3.960000e+02	1.462000e+03	
4.920000e+02	1.866000e+03	
3.640000e+02	1.390000e+03	
4.240000e+02	1.488000e+03	
3.840000e+02	1.523000e+03	
3.600000e+02	1.235000e+03	
3.960000e+02	1.398000e+03	
3.520000e+02	1.252000e+03	
4.680000e+02	1.678000e+03	
3.840000e+02	1.308000e+03	
3.280000e+02	1.105000e+03	
3.330000e+02	1.211000e+03	
3.040000e+02	1.045000e+03	
4.880000e+02	1.892000e+03	
3.600000e+02	1.287000e+03	
3.160000e+02	1.072000e+03	
3.000000e+02	9.640000e+02	
3.320000e+02	1.210000e+03	
4.140000e+02	1.508000e+03	
4.280000e+02	1.522000e+03	
2.950000e+02	9.420000e+02	
3.280000e+02	1.065000e+03	
5.260000e+02	2.057000e+03	
3.600000e+02	1.250000e+03	
4.520000e+02	1.660000e+03	
4.160000e+02	1.472000e+03	
4.620000e+02	1.748000e+03	
2.960000e+02	9.690000e+02	
4.850000e+02	1.796000e+03	
3.350000e+02	1.225000e+03	
3.520000e+02	1.220000e+03	
4.920000e+02	1.964000e+03	
5.220000e+02	2.023000e+03	
3.480000e+02	1.267000e+03	
4.610000e+02	1.680000e+03	
4.800000e+02	1.848000e+03	
3.020000e+02	1.065000e+03	
3.520000e+02	1.174000e+03	
3.400000e+02	1.175000e+03	
3.410000e+02	1.213000e+03	
3.520000e+02	1.216000e+03	
4.900000e+02	1.872000e+03	
3.640000e+02	1.324000e+03	
3.760000e+02	1.276000e+03	
3.000000e+02	1.015000e+03	
3.980000e+02	1.403000e+03	
3.360000e+02	1.214000e+03	
3.800000e+02	1.256000e+03	
4.520000e+02	1.610000e+03	
3.520000e+02	1.213000e+03	
3.600000e+02	1.256000e+03	
3.110000e+02	9.930000e+02	
3.410000e+02	1.228000e+03	
3.760000e+02	1.358000e+03	
3.680000e+02	1.306000e+03	
3.470000e+02	1.233000e+03	
3.670000e+02	1.354000e+03	
3.760000e+02	1.284000e+03	
4.760000e+02	1.778000e+03	
3.480000e+02	1.210000e+03	
3.520000e+02	1.248000e+03	
3.360000e+02	1.141000e+03	
3.640000e+02	1.278000e+03	
4.220000e+02	1.632000e+03	
3.590000e+02	1.312000e+03	
3.800000e+02	1.525000e+03	
3.490000e+02	1.256000e+03	
3.640000e+02	1.282000e+03	
3.840000e+02	1.450000e+03	
3.400000e+02	1.113000e+03	
2.930000e+02	9.860000e+02	
4.600000e+02	1.726000e+03	
3.520000e+02	1.204000e+03	
4.180000e+02	1.640000e+03	
4.640000e+02	1.762000e+03	
4.160000e+02	1.499000e+03	
4.160000e+02	1.516000e+03	
3.960000e+02	1.530000e+03	
3.900000e+02	1.486000e+03	
3.080000e+02	1.006000e+03	
3.800000e+02	1.453000e+03	
3.760000e+02	1.502000e+03	
3.510000e+02	1.140000e+03	
3.950000e+02	1.463000e+03	
5.160000e+02	2.096000e+03	
4.050000e+02	1.474000e+03	
3.560000e+02	1.307000e+03	
3.480000e+02	1.229000e+03	
4.420000e+02	1.577000e+03	
4.640000e+02	1.750000e+03	
3.420000e+02	1.264000e+03	
4.400000e+02	1.674000e+03	
4.200000e+02	1.522000e+03	
4.850000e+02	1.859000e+03	
3.320000e+02	1.160000e+03	
4.300000e+02	1.630000e+03	
3.420000e+02	1.201000e+03	
4.440000e+02	1.534000e+03	
3.020000e+02	1.033000e+03	
3.480000e+02	1.156000e+03	
4.000000e+02	1.458000e+03	
4.520000e+02	1.698000e+03	
3.500000e+02	1.203000e+03	
3.560000e+02	1.240000e+03	
3.820000e+02	1.303000e+03	
3.840000e+02	1.467000e+03	
4.360000e+02	1.554000e+03	
4.320000e+02	1.576000e+03	
3.220000e+02	1.078000e+03	
4.740000e+02	1.736000e+03	
3.840000e+02	1.379000e+03	
4.360000e+02	1.580000e+03	
4.320000e+02	1.580000e+03	
4.760000e+02	1.762000e+03	
3.280000e+02	1.185000e+03	
4.040000e+02	1.554000e+03	
3.960000e+02	1.470000e+03	
3.960000e+02	1.482000e+03	
4.160000e+02	1.434000e+03	
4.320000e+02	1.542000e+03	
4.200000e+02	1.468000e+03	
3.440000e+02	1.170000e+03	
4.340000e+02	1.688000e+03	
3.420000e+02	1.168000e+03	
3.160000e+02	1.101000e+03	
4.080000e+02	1.396000e+03	
3.840000e+02	1.324000e+03	
3.560000e+02	1.236000e+03	
3.480000e+02	1.207000e+03	
3.850000e+02	1.391000e+03	
4.440000e+02	1.648000e+03	
3.800000e+02	1.294000e+03	
3.020000e+02	1.012000e+03	
5.040000e+02	1.920000e+03	
4.200000e+02	1.633000e+03	
3.000000e+02	1.086000e+03	
5.600000e+02	2.230000e+03	
4.460000e+02	1.630000e+03	
3.440000e+02	1.166000e+03	
3.640000e+02	1.274000e+03	
4.080000e+02	1.554000e+03	
