# This file contains the data of initial population
# of objectives = 2, # of constraints = 0, # of real_var = 0, # of bits of bin_var = 28, constr_violation, rank, crowding_distance
6.800000e+00	8.660000e+02	
6.800000e+00	8.560000e+02	
6.800000e+00	8.530000e+02	
6.800000e+00	8.660000e+02	
6.800000e+00	8.640000e+02	
6.800000e+00	7.910000e+02	
6.800000e+00	7.830000e+02	
6.800000e+00	8.640000e+02	
6.800000e+00	8.640000e+02	
6.800000e+00	8.640000e+02	
6.800000e+00	8.640000e+02	
6.800000e+00	8.600000e+02	
6.800000e+00	8.660000e+02	
6.800000e+00	8.640000e+02	
6.800000e+00	8.660000e+02	
6.800000e+00	8.640000e+02	
6.900000e+00	8.530000e+02	
7.000000e+00	8.710000e+02	
6.800000e+00	8.560000e+02	
6.800000e+00	8.640000e+02	
6.800000e+00	8.640000e+02	
6.800000e+00	8.640000e+02	
6.800000e+00	8.640000e+02	
7.000000e+00	7.940000e+02	
6.800000e+00	8.640000e+02	
6.800000e+00	8.640000e+02	
6.800000e+00	8.640000e+02	
6.800000e+00	8.580000e+02	
6.800000e+00	8.640000e+02	
7.500000e+00	8.630000e+02	
6.800000e+00	8.660000e+02	
6.800000e+00	8.640000e+02	
6.800000e+00	8.640000e+02	
7.300000e+00	8.970000e+02	
6.800000e+00	8.640000e+02	
6.800000e+00	8.640000e+02	
6.800000e+00	8.640000e+02	
6.800000e+00	8.640000e+02	
6.800000e+00	8.640000e+02	
6.800000e+00	8.510000e+02	
7.000000e+00	8.090000e+02	
6.800000e+00	7.910000e+02	
6.800000e+00	8.640000e+02	
6.800000e+00	8.660000e+02	
7.000000e+00	8.200000e+02	
6.800000e+00	8.560000e+02	
6.800000e+00	8.640000e+02	
6.800000e+00	8.640000e+02	
6.800000e+00	8.630000e+02	
6.800000e+00	8.640000e+02	
6.800000e+00	8.270000e+02	
6.800000e+00	8.660000e+02	
6.800000e+00	8.640000e+02	
6.800000e+00	8.640000e+02	
6.800000e+00	8.560000e+02	
6.800000e+00	8.640000e+02	
6.800000e+00	8.660000e+02	
6.800000e+00	8.640000e+02	
6.800000e+00	8.660000e+02	
6.800000e+00	8.580000e+02	
6.800000e+00	8.640000e+02	
6.800000e+00	8.640000e+02	
6.800000e+00	8.640000e+02	
6.800000e+00	8.530000e+02	
6.800000e+00	8.220000e+02	
6.800000e+00	8.660000e+02	
6.800000e+00	8.640000e+02	
6.800000e+00	8.640000e+02	
6.800000e+00	8.640000e+02	
6.800000e+00	8.030000e+02	
6.800000e+00	8.560000e+02	
7.000000e+00	7.700000e+02	
6.800000e+00	8.640000e+02	
6.800000e+00	8.540000e+02	
6.800000e+00	8.640000e+02	
6.800000e+00	8.640000e+02	
6.800000e+00	8.550000e+02	
6.800000e+00	8.540000e+02	
6.800000e+00	8.640000e+02	
6.800000e+00	8.640000e+02	
6.800000e+00	8.640000e+02	
6.800000e+00	8.640000e+02	
6.800000e+00	8.640000e+02	
6.800000e+00	8.640000e+02	
6.800000e+00	8.550000e+02	
6.800000e+00	8.580000e+02	
6.800000e+00	8.640000e+02	
6.800000e+00	8.640000e+02	
6.800000e+00	8.640000e+02	
6.800000e+00	8.640000e+02	
7.000000e+00	8.360000e+02	
6.800000e+00	8.640000e+02	
6.800000e+00	8.660000e+02	
6.800000e+00	8.640000e+02	
6.800000e+00	8.640000e+02	
6.800000e+00	7.940000e+02	
6.800000e+00	8.560000e+02	
6.800000e+00	8.550000e+02	
6.800000e+00	8.640000e+02	
6.800000e+00	8.660000e+02	
6.800000e+00	8.640000e+02	
6.800000e+00	8.640000e+02	
6.800000e+00	8.640000e+02	
6.800000e+00	8.500000e+02	
6.800000e+00	8.640000e+02	
6.800000e+00	8.640000e+02	
6.800000e+00	8.600000e+02	
6.800000e+00	8.050000e+02	
6.800000e+00	8.570000e+02	
6.800000e+00	8.640000e+02	
6.800000e+00	8.640000e+02	
6.800000e+00	8.640000e+02	
6.800000e+00	8.580000e+02	
6.800000e+00	8.640000e+02	
6.800000e+00	8.640000e+02	
6.800000e+00	8.660000e+02	
6.800000e+00	8.640000e+02	
6.800000e+00	8.640000e+02	
6.800000e+00	8.530000e+02	
6.800000e+00	8.640000e+02	
6.800000e+00	8.640000e+02	
6.800000e+00	8.100000e+02	
6.800000e+00	8.640000e+02	
6.800000e+00	8.640000e+02	
6.800000e+00	8.640000e+02	
7.000000e+00	8.050000e+02	
6.800000e+00	8.640000e+02	
6.800000e+00	8.640000e+02	
6.800000e+00	7.980000e+02	
6.800000e+00	8.640000e+02	
6.800000e+00	8.640000e+02	
6.800000e+00	7.970000e+02	
6.800000e+00	8.640000e+02	
6.800000e+00	8.640000e+02	
6.800000e+00	8.550000e+02	
6.800000e+00	8.150000e+02	
6.800000e+00	8.640000e+02	
6.800000e+00	8.640000e+02	
6.800000e+00	7.360000e+02	
6.800000e+00	8.640000e+02	
6.800000e+00	8.580000e+02	
6.800000e+00	8.550000e+02	
6.900000e+00	8.500000e+02	
6.800000e+00	8.620000e+02	
6.800000e+00	8.640000e+02	
7.000000e+00	8.410000e+02	
7.000000e+00	8.410000e+02	
6.800000e+00	8.640000e+02	
6.800000e+00	8.660000e+02	
6.800000e+00	8.640000e+02	
6.800000e+00	8.640000e+02	
6.800000e+00	7.790000e+02	
6.800000e+00	8.640000e+02	
6.800000e+00	8.660000e+02	
6.800000e+00	8.660000e+02	
6.800000e+00	8.640000e+02	
6.800000e+00	8.640000e+02	
6.800000e+00	8.060000e+02	
6.800000e+00	8.520000e+02	
6.800000e+00	8.660000e+02	
6.800000e+00	8.640000e+02	
6.800000e+00	8.640000e+02	
6.800000e+00	8.640000e+02	
6.800000e+00	8.580000e+02	
6.800000e+00	8.640000e+02	
6.800000e+00	8.260000e+02	
6.800000e+00	8.640000e+02	
6.800000e+00	8.580000e+02	
6.800000e+00	8.640000e+02	
6.800000e+00	8.640000e+02	
6.800000e+00	8.500000e+02	
6.900000e+00	8.100000e+02	
6.800000e+00	8.640000e+02	
6.800000e+00	8.640000e+02	
6.800000e+00	8.640000e+02	
6.800000e+00	8.640000e+02	
6.800000e+00	8.640000e+02	
6.800000e+00	8.630000e+02	
6.800000e+00	8.640000e+02	
6.800000e+00	8.640000e+02	
6.800000e+00	8.640000e+02	
6.800000e+00	8.580000e+02	
6.800000e+00	8.600000e+02	
6.800000e+00	8.640000e+02	
6.800000e+00	8.640000e+02	
6.800000e+00	8.580000e+02	
7.000000e+00	7.940000e+02	
6.800000e+00	8.640000e+02	
6.800000e+00	8.640000e+02	
6.800000e+00	8.640000e+02	
6.800000e+00	8.640000e+02	
6.800000e+00	8.610000e+02	
6.800000e+00	7.960000e+02	
6.800000e+00	8.620000e+02	
6.800000e+00	8.640000e+02	
6.800000e+00	8.660000e+02	
6.800000e+00	8.660000e+02	
6.800000e+00	8.580000e+02	
6.800000e+00	8.640000e+02	
6.800000e+00	8.640000e+02	
6.800000e+00	8.660000e+02	
6.800000e+00	8.640000e+02	
6.800000e+00	8.640000e+02	
6.800000e+00	8.660000e+02	
6.800000e+00	8.660000e+02	
6.900000e+00	8.500000e+02	
6.800000e+00	8.640000e+02	
6.800000e+00	8.640000e+02	
6.800000e+00	8.640000e+02	
6.800000e+00	8.640000e+02	
6.800000e+00	8.580000e+02	
6.800000e+00	8.640000e+02	
6.800000e+00	7.940000e+02	
6.800000e+00	8.640000e+02	
6.800000e+00	8.640000e+02	
6.800000e+00	8.640000e+02	
6.800000e+00	8.630000e+02	
6.800000e+00	8.610000e+02	
6.800000e+00	8.640000e+02	
7.000000e+00	8.010000e+02	
6.800000e+00	8.640000e+02	
6.800000e+00	8.640000e+02	
6.800000e+00	8.550000e+02	
6.800000e+00	8.640000e+02	
6.800000e+00	8.640000e+02	
6.800000e+00	8.640000e+02	
6.800000e+00	8.640000e+02	
7.000000e+00	8.270000e+02	
6.800000e+00	8.640000e+02	
6.800000e+00	8.560000e+02	
6.800000e+00	8.640000e+02	
6.800000e+00	8.640000e+02	
6.800000e+00	8.640000e+02	
6.800000e+00	8.660000e+02	
6.800000e+00	8.640000e+02	
6.800000e+00	8.640000e+02	
6.800000e+00	8.640000e+02	
7.300000e+00	8.970000e+02	
7.000000e+00	8.290000e+02	
6.800000e+00	8.660000e+02	
6.800000e+00	8.580000e+02	
6.800000e+00	8.630000e+02	
6.800000e+00	8.640000e+02	
6.800000e+00	8.620000e+02	
6.800000e+00	8.640000e+02	
6.800000e+00	8.640000e+02	
6.800000e+00	8.640000e+02	
6.800000e+00	8.640000e+02	
6.800000e+00	8.640000e+02	
6.800000e+00	8.640000e+02	
6.800000e+00	8.640000e+02	
6.800000e+00	7.880000e+02	
6.800000e+00	8.100000e+02	
6.800000e+00	7.360000e+02	
6.800000e+00	8.640000e+02	
7.000000e+00	8.430000e+02	
