# This file contains the data of final population
# of objectives = 2, # of constraints = 0, # of real_var = 0, # of bits of bin_var = 104, constr_violation, rank, crowding_distance
4.000000e+00	1.172000e+03	
5.000000e+00	1.147000e+03	
5.000000e+00	1.148000e+03	
4.000000e+00	1.173000e+03	
4.000000e+00	1.173000e+03	
5.000000e+00	1.148000e+03	
5.000000e+00	1.149000e+03	
5.000000e+00	1.149000e+03	
4.000000e+00	1.174000e+03	
5.000000e+00	1.152000e+03	
5.000000e+00	1.152000e+03	
5.000000e+00	1.152000e+03	
4.000000e+00	1.176000e+03	
4.000000e+00	1.176000e+03	
4.000000e+00	1.176000e+03	
5.000000e+00	1.153000e+03	
5.000000e+00	1.153000e+03	
5.000000e+00	1.153000e+03	
5.000000e+00	1.153000e+03	
4.000000e+00	1.177000e+03	
4.000000e+00	1.177000e+03	
4.000000e+00	1.177000e+03	
5.000000e+00	1.154000e+03	
5.000000e+00	1.154000e+03	
5.000000e+00	1.154000e+03	
5.000000e+00	1.154000e+03	
5.000000e+00	1.154000e+03	
4.000000e+00	1.178000e+03	
4.000000e+00	1.178000e+03	
5.000000e+00	1.155000e+03	
5.000000e+00	1.155000e+03	
5.000000e+00	1.155000e+03	
5.000000e+00	1.155000e+03	
5.000000e+00	1.155000e+03	
5.000000e+00	1.155000e+03	
5.000000e+00	1.155000e+03	
4.000000e+00	1.179000e+03	
4.000000e+00	1.179000e+03	
5.000000e+00	1.156000e+03	
5.000000e+00	1.156000e+03	
5.000000e+00	1.156000e+03	
5.000000e+00	1.156000e+03	
5.000000e+00	1.156000e+03	
5.000000e+00	1.156000e+03	
5.000000e+00	1.156000e+03	
5.000000e+00	1.156000e+03	
5.000000e+00	1.156000e+03	
5.000000e+00	1.156000e+03	
5.000000e+00	1.156000e+03	
5.000000e+00	1.156000e+03	
4.000000e+00	1.180000e+03	
4.000000e+00	1.180000e+03	
4.000000e+00	1.180000e+03	
4.000000e+00	1.180000e+03	
4.000000e+00	1.180000e+03	
4.000000e+00	1.180000e+03	
4.000000e+00	1.180000e+03	
5.000000e+00	1.157000e+03	
5.000000e+00	1.157000e+03	
5.000000e+00	1.157000e+03	
5.000000e+00	1.157000e+03	
5.000000e+00	1.157000e+03	
5.000000e+00	1.157000e+03	
5.000000e+00	1.157000e+03	
5.000000e+00	1.157000e+03	
5.000000e+00	1.157000e+03	
5.000000e+00	1.157000e+03	
5.000000e+00	1.157000e+03	
5.000000e+00	1.157000e+03	
5.000000e+00	1.157000e+03	
5.000000e+00	1.157000e+03	
4.000000e+00	1.181000e+03	
4.000000e+00	1.181000e+03	
5.000000e+00	1.158000e+03	
5.000000e+00	1.158000e+03	
5.000000e+00	1.158000e+03	
5.000000e+00	1.158000e+03	
5.000000e+00	1.158000e+03	
5.000000e+00	1.158000e+03	
5.000000e+00	1.158000e+03	
5.000000e+00	1.158000e+03	
5.000000e+00	1.158000e+03	
5.000000e+00	1.158000e+03	
5.000000e+00	1.158000e+03	
5.000000e+00	1.158000e+03	
5.000000e+00	1.158000e+03	
4.000000e+00	1.182000e+03	
4.000000e+00	1.182000e+03	
4.000000e+00	1.182000e+03	
4.000000e+00	1.182000e+03	
4.000000e+00	1.182000e+03	
4.000000e+00	1.182000e+03	
5.000000e+00	1.159000e+03	
5.000000e+00	1.159000e+03	
5.000000e+00	1.159000e+03	
5.000000e+00	1.159000e+03	
5.000000e+00	1.159000e+03	
5.000000e+00	1.159000e+03	
5.000000e+00	1.159000e+03	
5.000000e+00	1.159000e+03	
5.000000e+00	1.159000e+03	
5.000000e+00	1.159000e+03	
5.000000e+00	1.159000e+03	
5.000000e+00	1.159000e+03	
5.000000e+00	1.159000e+03	
5.000000e+00	1.159000e+03	
5.000000e+00	1.159000e+03	
5.000000e+00	1.159000e+03	
4.000000e+00	1.183000e+03	
4.000000e+00	1.183000e+03	
4.000000e+00	1.183000e+03	
4.000000e+00	1.183000e+03	
4.000000e+00	1.183000e+03	
4.000000e+00	1.183000e+03	
4.000000e+00	1.183000e+03	
4.000000e+00	1.183000e+03	
4.000000e+00	1.183000e+03	
5.000000e+00	1.160000e+03	
5.000000e+00	1.160000e+03	
5.000000e+00	1.160000e+03	
5.000000e+00	1.160000e+03	
5.000000e+00	1.160000e+03	
5.000000e+00	1.160000e+03	
5.000000e+00	1.160000e+03	
5.000000e+00	1.160000e+03	
5.000000e+00	1.160000e+03	
5.000000e+00	1.160000e+03	
5.000000e+00	1.160000e+03	
4.000000e+00	1.184000e+03	
4.000000e+00	1.184000e+03	
4.000000e+00	1.184000e+03	
4.000000e+00	1.184000e+03	
4.000000e+00	1.184000e+03	
4.000000e+00	1.184000e+03	
4.000000e+00	1.184000e+03	
4.000000e+00	1.184000e+03	
5.000000e+00	1.161000e+03	
5.000000e+00	1.161000e+03	
5.000000e+00	1.161000e+03	
5.000000e+00	1.161000e+03	
5.000000e+00	1.161000e+03	
5.000000e+00	1.161000e+03	
5.000000e+00	1.161000e+03	
5.000000e+00	1.161000e+03	
5.000000e+00	1.161000e+03	
5.000000e+00	1.161000e+03	
5.000000e+00	1.161000e+03	
5.000000e+00	1.161000e+03	
5.000000e+00	1.161000e+03	
5.000000e+00	1.161000e+03	
5.000000e+00	1.161000e+03	
5.000000e+00	1.161000e+03	
5.000000e+00	1.161000e+03	
5.000000e+00	1.161000e+03	
5.000000e+00	1.161000e+03	
5.000000e+00	1.161000e+03	
5.000000e+00	1.161000e+03	
5.000000e+00	1.161000e+03	
5.000000e+00	1.161000e+03	
5.000000e+00	1.161000e+03	
5.000000e+00	1.161000e+03	
5.000000e+00	1.161000e+03	
5.000000e+00	1.161000e+03	
4.000000e+00	1.185000e+03	
4.000000e+00	1.185000e+03	
4.000000e+00	1.185000e+03	
4.000000e+00	1.185000e+03	
4.000000e+00	1.185000e+03	
4.000000e+00	1.185000e+03	
5.000000e+00	1.162000e+03	
5.000000e+00	1.162000e+03	
5.000000e+00	1.162000e+03	
5.000000e+00	1.162000e+03	
5.000000e+00	1.162000e+03	
5.000000e+00	1.162000e+03	
5.000000e+00	1.162000e+03	
5.000000e+00	1.162000e+03	
5.000000e+00	1.162000e+03	
5.000000e+00	1.162000e+03	
5.000000e+00	1.162000e+03	
5.000000e+00	1.162000e+03	
5.000000e+00	1.162000e+03	
5.000000e+00	1.162000e+03	
5.000000e+00	1.162000e+03	
5.000000e+00	1.162000e+03	
5.000000e+00	1.162000e+03	
5.000000e+00	1.162000e+03	
5.000000e+00	1.162000e+03	
5.000000e+00	1.162000e+03	
5.000000e+00	1.162000e+03	
5.000000e+00	1.162000e+03	
5.000000e+00	1.162000e+03	
5.000000e+00	1.162000e+03	
5.000000e+00	1.162000e+03	
5.000000e+00	1.162000e+03	
5.000000e+00	1.162000e+03	
5.000000e+00	1.162000e+03	
5.000000e+00	1.162000e+03	
5.000000e+00	1.162000e+03	
5.000000e+00	1.162000e+03	
4.000000e+00	1.186000e+03	
4.000000e+00	1.186000e+03	
4.000000e+00	1.186000e+03	
4.000000e+00	1.186000e+03	
4.000000e+00	1.186000e+03	
4.000000e+00	1.186000e+03	
4.000000e+00	1.186000e+03	
4.000000e+00	1.186000e+03	
4.000000e+00	1.186000e+03	
4.000000e+00	1.186000e+03	
4.000000e+00	1.186000e+03	
5.000000e+00	1.162000e+03	
5.000000e+00	1.162000e+03	
5.000000e+00	1.163000e+03	
4.000000e+00	1.187000e+03	
4.000000e+00	1.187000e+03	
5.000000e+00	1.163000e+03	
5.000000e+00	1.163000e+03	
5.000000e+00	1.163000e+03	
4.000000e+00	1.187000e+03	
5.000000e+00	1.163000e+03	
5.000000e+00	1.163000e+03	
5.000000e+00	1.163000e+03	
5.000000e+00	1.163000e+03	
5.000000e+00	1.163000e+03	
5.000000e+00	1.163000e+03	
5.000000e+00	1.163000e+03	
5.000000e+00	1.163000e+03	
5.000000e+00	1.163000e+03	
5.000000e+00	1.163000e+03	
5.000000e+00	1.163000e+03	
5.000000e+00	1.163000e+03	
5.000000e+00	1.163000e+03	
4.000000e+00	1.187000e+03	
5.000000e+00	1.163000e+03	
5.000000e+00	1.163000e+03	
5.000000e+00	1.163000e+03	
5.000000e+00	1.163000e+03	
5.000000e+00	1.163000e+03	
5.000000e+00	1.163000e+03	
5.000000e+00	1.163000e+03	
5.000000e+00	1.163000e+03	
5.000000e+00	1.163000e+03	
5.000000e+00	1.163000e+03	
5.000000e+00	1.163000e+03	
5.000000e+00	1.163000e+03	
5.000000e+00	1.163000e+03	
5.000000e+00	1.163000e+03	
5.000000e+00	1.163000e+03	
5.000000e+00	1.163000e+03	
5.000000e+00	1.163000e+03	
5.000000e+00	1.163000e+03	
5.000000e+00	1.163000e+03	
4.000000e+00	1.187000e+03	
5.000000e+00	1.163000e+03	
5.000000e+00	1.163000e+03	
