# This file contains the data of initial population
# of objectives = 2, # of constraints = 0, # of real_var = 0, # of bits of bin_var = 22, constr_violation, rank, crowding_distance
6.000000e+00	1.260000e+03	
7.000000e+00	1.369000e+03	
6.000000e+00	1.137000e+03	
6.000000e+00	1.185000e+03	
6.000000e+00	1.219000e+03	
6.000000e+00	1.372000e+03	
6.000000e+00	1.351000e+03	
6.000000e+00	1.462000e+03	
6.000000e+00	1.543000e+03	
6.000000e+00	1.315000e+03	
6.000000e+00	1.467000e+03	
6.000000e+00	1.191000e+03	
7.000000e+00	1.363000e+03	
6.000000e+00	1.379000e+03	
6.000000e+00	1.357000e+03	
6.000000e+00	1.517000e+03	
6.000000e+00	1.411000e+03	
6.000000e+00	1.257000e+03	
6.000000e+00	1.381000e+03	
6.000000e+00	1.241000e+03	
6.000000e+00	1.292000e+03	
6.000000e+00	1.194000e+03	
6.000000e+00	1.210000e+03	
6.000000e+00	1.204000e+03	
6.000000e+00	1.519000e+03	
6.000000e+00	1.180000e+03	
6.000000e+00	1.251000e+03	
6.000000e+00	1.496000e+03	
6.000000e+00	1.214000e+03	
5.000000e+00	1.371000e+03	
6.000000e+00	1.290000e+03	
6.000000e+00	1.423000e+03	
6.000000e+00	1.180000e+03	
6.000000e+00	1.508000e+03	
6.000000e+00	1.238000e+03	
6.000000e+00	1.073000e+03	
6.000000e+00	1.403000e+03	
6.000000e+00	1.307000e+03	
6.000000e+00	1.316000e+03	
6.000000e+00	1.546000e+03	
6.000000e+00	1.415000e+03	
6.000000e+00	1.314000e+03	
6.000000e+00	1.314000e+03	
6.000000e+00	1.316000e+03	
6.000000e+00	1.373000e+03	
6.000000e+00	1.270000e+03	
6.000000e+00	1.398000e+03	
6.000000e+00	1.346000e+03	
6.000000e+00	1.276000e+03	
6.000000e+00	1.292000e+03	
6.000000e+00	1.375000e+03	
6.000000e+00	1.258000e+03	
6.000000e+00	1.232000e+03	
6.000000e+00	1.487000e+03	
5.000000e+00	1.295000e+03	
6.000000e+00	1.150000e+03	
6.000000e+00	1.285000e+03	
6.000000e+00	1.397000e+03	
6.000000e+00	1.270000e+03	
6.000000e+00	1.353000e+03	
6.000000e+00	1.251000e+03	
6.000000e+00	1.301000e+03	
5.000000e+00	1.142000e+03	
6.000000e+00	1.421000e+03	
6.000000e+00	1.303000e+03	
6.000000e+00	1.340000e+03	
6.000000e+00	1.250000e+03	
6.000000e+00	1.356000e+03	
5.000000e+00	1.265000e+03	
6.000000e+00	1.298000e+03	
6.000000e+00	1.386000e+03	
6.000000e+00	1.414000e+03	
6.000000e+00	1.284000e+03	
6.000000e+00	1.340000e+03	
6.000000e+00	1.486000e+03	
6.000000e+00	1.455000e+03	
5.000000e+00	1.371000e+03	
6.000000e+00	1.282000e+03	
6.000000e+00	1.341000e+03	
6.000000e+00	1.378000e+03	
6.000000e+00	1.332000e+03	
6.000000e+00	1.489000e+03	
6.000000e+00	1.181000e+03	
6.000000e+00	1.145000e+03	
6.000000e+00	1.379000e+03	
6.000000e+00	1.137000e+03	
6.000000e+00	1.267000e+03	
6.000000e+00	1.339000e+03	
6.000000e+00	1.273000e+03	
6.000000e+00	1.281000e+03	
6.000000e+00	1.363000e+03	
6.000000e+00	1.454000e+03	
6.000000e+00	1.518000e+03	
6.000000e+00	1.357000e+03	
6.000000e+00	1.325000e+03	
6.000000e+00	1.344000e+03	
6.000000e+00	1.279000e+03	
6.000000e+00	1.159000e+03	
6.000000e+00	1.270000e+03	
6.000000e+00	1.250000e+03	
6.000000e+00	1.404000e+03	
6.000000e+00	1.364000e+03	
6.000000e+00	1.240000e+03	
6.000000e+00	1.225000e+03	
6.000000e+00	1.230000e+03	
6.000000e+00	1.355000e+03	
6.000000e+00	1.502000e+03	
6.000000e+00	1.283000e+03	
6.000000e+00	1.345000e+03	
6.000000e+00	1.364000e+03	
6.000000e+00	1.332000e+03	
5.000000e+00	1.125000e+03	
6.000000e+00	1.288000e+03	
6.000000e+00	1.361000e+03	
6.000000e+00	1.249000e+03	
6.000000e+00	1.302000e+03	
6.000000e+00	1.241000e+03	
6.000000e+00	1.265000e+03	
6.000000e+00	1.504000e+03	
6.000000e+00	1.305000e+03	
6.000000e+00	1.415000e+03	
6.000000e+00	1.305000e+03	
6.000000e+00	1.317000e+03	
6.000000e+00	1.281000e+03	
6.000000e+00	1.507000e+03	
6.000000e+00	1.261000e+03	
6.000000e+00	1.287000e+03	
6.000000e+00	1.330000e+03	
6.000000e+00	1.322000e+03	
6.000000e+00	1.217000e+03	
6.000000e+00	1.309000e+03	
6.000000e+00	1.224000e+03	
6.000000e+00	1.404000e+03	
6.000000e+00	1.163000e+03	
6.000000e+00	1.391000e+03	
6.000000e+00	1.238000e+03	
6.000000e+00	1.231000e+03	
6.000000e+00	1.168000e+03	
6.000000e+00	1.237000e+03	
6.000000e+00	1.308000e+03	
6.000000e+00	1.342000e+03	
6.000000e+00	1.265000e+03	
6.000000e+00	1.215000e+03	
6.000000e+00	1.332000e+03	
6.000000e+00	1.230000e+03	
6.000000e+00	1.394000e+03	
6.000000e+00	1.399000e+03	
6.000000e+00	1.218000e+03	
6.000000e+00	1.342000e+03	
6.000000e+00	1.245000e+03	
6.000000e+00	1.318000e+03	
6.000000e+00	1.466000e+03	
6.000000e+00	1.476000e+03	
6.000000e+00	1.524000e+03	
6.000000e+00	1.509000e+03	
5.000000e+00	1.254000e+03	
6.000000e+00	1.168000e+03	
6.000000e+00	1.163000e+03	
6.000000e+00	1.345000e+03	
6.000000e+00	1.527000e+03	
6.000000e+00	1.293000e+03	
6.000000e+00	1.266000e+03	
6.000000e+00	1.502000e+03	
6.000000e+00	1.252000e+03	
6.000000e+00	1.171000e+03	
6.000000e+00	1.372000e+03	
6.000000e+00	1.261000e+03	
6.000000e+00	1.302000e+03	
5.000000e+00	1.321000e+03	
5.000000e+00	1.235000e+03	
6.000000e+00	1.347000e+03	
6.000000e+00	1.300000e+03	
6.000000e+00	1.489000e+03	
6.000000e+00	1.273000e+03	
6.000000e+00	1.272000e+03	
7.000000e+00	1.384000e+03	
6.000000e+00	1.309000e+03	
6.000000e+00	1.509000e+03	
6.000000e+00	1.211000e+03	
6.000000e+00	1.187000e+03	
5.000000e+00	1.276000e+03	
6.000000e+00	1.349000e+03	
6.000000e+00	1.205000e+03	
6.000000e+00	1.284000e+03	
5.000000e+00	1.195000e+03	
6.000000e+00	1.178000e+03	
5.000000e+00	1.232000e+03	
6.000000e+00	1.176000e+03	
6.000000e+00	1.213000e+03	
6.000000e+00	1.322000e+03	
6.000000e+00	1.154000e+03	
6.000000e+00	1.234000e+03	
6.000000e+00	1.400000e+03	
6.000000e+00	1.586000e+03	
6.000000e+00	1.325000e+03	
6.000000e+00	1.377000e+03	
6.000000e+00	1.301000e+03	
6.000000e+00	1.502000e+03	
6.000000e+00	1.233000e+03	
6.000000e+00	1.311000e+03	
6.000000e+00	1.233000e+03	
6.000000e+00	1.352000e+03	
6.000000e+00	1.261000e+03	
6.000000e+00	1.358000e+03	
6.000000e+00	1.434000e+03	
6.000000e+00	1.166000e+03	
6.000000e+00	1.159000e+03	
6.000000e+00	1.230000e+03	
6.000000e+00	1.247000e+03	
6.000000e+00	1.262000e+03	
6.000000e+00	1.353000e+03	
6.000000e+00	1.282000e+03	
6.000000e+00	1.333000e+03	
6.000000e+00	1.329000e+03	
6.000000e+00	1.330000e+03	
6.000000e+00	1.205000e+03	
6.000000e+00	1.219000e+03	
5.000000e+00	1.311000e+03	
6.000000e+00	1.308000e+03	
6.000000e+00	1.220000e+03	
6.000000e+00	1.263000e+03	
5.000000e+00	1.200000e+03	
6.000000e+00	1.285000e+03	
6.000000e+00	1.198000e+03	
6.000000e+00	1.167000e+03	
6.000000e+00	1.406000e+03	
6.000000e+00	1.323000e+03	
6.000000e+00	1.295000e+03	
6.000000e+00	1.531000e+03	
6.000000e+00	1.144000e+03	
6.000000e+00	1.445000e+03	
6.000000e+00	1.276000e+03	
6.000000e+00	1.340000e+03	
6.000000e+00	1.318000e+03	
6.000000e+00	1.155000e+03	
6.000000e+00	1.315000e+03	
6.000000e+00	1.293000e+03	
6.000000e+00	1.330000e+03	
6.000000e+00	1.268000e+03	
6.000000e+00	1.361000e+03	
6.000000e+00	1.440000e+03	
6.000000e+00	1.258000e+03	
6.000000e+00	1.439000e+03	
6.000000e+00	1.392000e+03	
6.000000e+00	1.161000e+03	
6.000000e+00	1.169000e+03	
6.000000e+00	1.391000e+03	
6.000000e+00	1.465000e+03	
6.000000e+00	1.346000e+03	
6.000000e+00	1.268000e+03	
6.000000e+00	1.404000e+03	
6.000000e+00	1.267000e+03	
6.000000e+00	1.372000e+03	
6.000000e+00	1.345000e+03	
6.000000e+00	1.288000e+03	
6.000000e+00	1.256000e+03	
