# This file contains the data of final population
# of objectives = 2, # of constraints = 0, # of real_var = 0, # of bits of bin_var = 62, constr_violation, rank, crowding_distance
3.520000e+02	1.249000e+03	
3.570000e+02	1.241000e+03	
3.600000e+02	1.293000e+03	
3.640000e+02	1.289000e+03	
3.660000e+02	1.297000e+03	
3.600000e+02	1.299000e+03	
3.680000e+02	1.292000e+03	
3.640000e+02	1.300000e+03	
3.600000e+02	1.309000e+03	
3.610000e+02	1.317000e+03	
3.670000e+02	1.302000e+03	
3.670000e+02	1.334000e+03	
3.610000e+02	1.339000e+03	
3.670000e+02	1.334000e+03	
3.680000e+02	1.302000e+03	
3.700000e+02	1.313000e+03	
3.630000e+02	1.342000e+03	
3.760000e+02	1.312000e+03	
3.670000e+02	1.339000e+03	
3.680000e+02	1.316000e+03	
3.640000e+02	1.345000e+03	
3.630000e+02	1.361000e+03	
3.680000e+02	1.319000e+03	
3.750000e+02	1.314000e+03	
3.720000e+02	1.315000e+03	
3.680000e+02	1.327000e+03	
3.690000e+02	1.319000e+03	
3.720000e+02	1.317000e+03	
3.660000e+02	1.352000e+03	
3.670000e+02	1.345000e+03	
3.640000e+02	1.353000e+03	
3.640000e+02	1.374000e+03	
3.690000e+02	1.325000e+03	
3.680000e+02	1.329000e+03	
3.700000e+02	1.320000e+03	
3.720000e+02	1.319000e+03	
3.760000e+02	1.318000e+03	
3.670000e+02	1.346000e+03	
3.710000e+02	1.329000e+03	
3.760000e+02	1.322000e+03	
3.720000e+02	1.323000e+03	
3.680000e+02	1.330000e+03	
3.670000e+02	1.348000e+03	
3.670000e+02	1.363000e+03	
3.720000e+02	1.325000e+03	
3.720000e+02	1.325000e+03	
3.680000e+02	1.331000e+03	
3.670000e+02	1.364000e+03	
3.730000e+02	1.330000e+03	
3.760000e+02	1.327000e+03	
3.680000e+02	1.334000e+03	
3.700000e+02	1.333000e+03	
3.670000e+02	1.369000e+03	
3.720000e+02	1.333000e+03	
3.760000e+02	1.330000e+03	
3.770000e+02	1.329000e+03	
3.710000e+02	1.334000e+03	
3.680000e+02	1.338000e+03	
3.670000e+02	1.369000e+03	
3.670000e+02	1.372000e+03	
3.760000e+02	1.331000e+03	
3.720000e+02	1.335000e+03	
3.720000e+02	1.335000e+03	
3.680000e+02	1.339000e+03	
3.670000e+02	1.374000e+03	
3.790000e+02	1.335000e+03	
3.720000e+02	1.336000e+03	
3.720000e+02	1.336000e+03	
3.720000e+02	1.336000e+03	
3.680000e+02	1.341000e+03	
3.680000e+02	1.341000e+03	
3.720000e+02	1.337000e+03	
3.800000e+02	1.336000e+03	
3.670000e+02	1.377000e+03	
3.720000e+02	1.337000e+03	
3.700000e+02	1.341000e+03	
3.680000e+02	1.343000e+03	
3.680000e+02	1.343000e+03	
3.720000e+02	1.337000e+03	
3.720000e+02	1.337000e+03	
3.670000e+02	1.378000e+03	
3.760000e+02	1.337000e+03	
3.720000e+02	1.338000e+03	
3.680000e+02	1.347000e+03	
3.760000e+02	1.337000e+03	
3.670000e+02	1.379000e+03	
3.670000e+02	1.379000e+03	
3.680000e+02	1.348000e+03	
3.720000e+02	1.339000e+03	
3.760000e+02	1.338000e+03	
3.670000e+02	1.380000e+03	
3.720000e+02	1.340000e+03	
3.680000e+02	1.354000e+03	
3.710000e+02	1.351000e+03	
3.680000e+02	1.354000e+03	
3.710000e+02	1.351000e+03	
3.720000e+02	1.340000e+03	
3.720000e+02	1.340000e+03	
3.720000e+02	1.340000e+03	
3.720000e+02	1.340000e+03	
3.790000e+02	1.338000e+03	
3.670000e+02	1.388000e+03	
3.710000e+02	1.353000e+03	
3.680000e+02	1.355000e+03	
3.690000e+02	1.354000e+03	
3.720000e+02	1.341000e+03	
3.720000e+02	1.341000e+03	
3.800000e+02	1.339000e+03	
3.670000e+02	1.403000e+03	
3.680000e+02	1.356000e+03	
3.710000e+02	1.354000e+03	
3.680000e+02	1.356000e+03	
3.720000e+02	1.342000e+03	
3.680000e+02	1.357000e+03	
3.670000e+02	1.404000e+03	
3.670000e+02	1.404000e+03	
3.760000e+02	1.342000e+03	
3.720000e+02	1.343000e+03	
3.710000e+02	1.355000e+03	
3.710000e+02	1.356000e+03	
3.720000e+02	1.345000e+03	
3.720000e+02	1.345000e+03	
3.760000e+02	1.343000e+03	
3.710000e+02	1.356000e+03	
3.740000e+02	1.344000e+03	
3.680000e+02	1.359000e+03	
3.670000e+02	1.405000e+03	
3.670000e+02	1.419000e+03	
3.720000e+02	1.346000e+03	
3.860000e+02	1.343000e+03	
3.710000e+02	1.357000e+03	
3.680000e+02	1.360000e+03	
3.750000e+02	1.344000e+03	
3.760000e+02	1.344000e+03	
3.760000e+02	1.344000e+03	
3.670000e+02	1.421000e+03	
3.690000e+02	1.360000e+03	
3.680000e+02	1.361000e+03	
3.710000e+02	1.358000e+03	
3.720000e+02	1.347000e+03	
3.750000e+02	1.346000e+03	
3.720000e+02	1.347000e+03	
3.760000e+02	1.345000e+03	
3.670000e+02	1.426000e+03	
3.680000e+02	1.367000e+03	
3.680000e+02	1.367000e+03	
3.700000e+02	1.364000e+03	
3.710000e+02	1.359000e+03	
3.720000e+02	1.348000e+03	
3.720000e+02	1.348000e+03	
3.720000e+02	1.348000e+03	
3.720000e+02	1.348000e+03	
3.720000e+02	1.348000e+03	
3.760000e+02	1.346000e+03	
3.760000e+02	1.346000e+03	
3.760000e+02	1.346000e+03	
3.670000e+02	1.431000e+03	
3.680000e+02	1.369000e+03	
3.710000e+02	1.360000e+03	
3.720000e+02	1.349000e+03	
3.720000e+02	1.349000e+03	
3.760000e+02	1.347000e+03	
3.680000e+02	1.370000e+03	
3.720000e+02	1.350000e+03	
3.720000e+02	1.350000e+03	
3.710000e+02	1.362000e+03	
3.710000e+02	1.362000e+03	
3.670000e+02	1.432000e+03	
3.760000e+02	1.348000e+03	
3.800000e+02	1.347000e+03	
3.760000e+02	1.348000e+03	
3.680000e+02	1.372000e+03	
3.680000e+02	1.372000e+03	
3.680000e+02	1.372000e+03	
3.720000e+02	1.351000e+03	
3.720000e+02	1.351000e+03	
3.720000e+02	1.351000e+03	
3.720000e+02	1.351000e+03	
3.750000e+02	1.350000e+03	
3.710000e+02	1.365000e+03	
3.710000e+02	1.365000e+03	
3.670000e+02	1.435000e+03	
3.760000e+02	1.349000e+03	
3.800000e+02	1.348000e+03	
3.680000e+02	1.373000e+03	
3.720000e+02	1.352000e+03	
3.720000e+02	1.352000e+03	
3.720000e+02	1.352000e+03	
3.710000e+02	1.366000e+03	
3.670000e+02	1.439000e+03	
3.760000e+02	1.350000e+03	
3.760000e+02	1.350000e+03	
3.710000e+02	1.367000e+03	
3.680000e+02	1.374000e+03	
3.680000e+02	1.374000e+03	
3.720000e+02	1.354000e+03	
3.730000e+02	1.353000e+03	
3.720000e+02	1.354000e+03	
3.720000e+02	1.354000e+03	
3.710000e+02	1.367000e+03	
3.670000e+02	1.440000e+03	
3.760000e+02	1.351000e+03	
3.760000e+02	1.351000e+03	
3.760000e+02	1.351000e+03	
3.760000e+02	1.351000e+03	
3.760000e+02	1.351000e+03	
3.720000e+02	1.355000e+03	
3.680000e+02	1.377000e+03	
3.730000e+02	1.354000e+03	
3.720000e+02	1.355000e+03	
3.720000e+02	1.355000e+03	
3.710000e+02	1.368000e+03	
3.670000e+02	1.443000e+03	
3.780000e+02	1.351000e+03	
3.760000e+02	1.352000e+03	
3.760000e+02	1.352000e+03	
3.760000e+02	1.352000e+03	
3.710000e+02	1.369000e+03	
3.680000e+02	1.380000e+03	
3.720000e+02	1.356000e+03	
3.750000e+02	1.354000e+03	
3.720000e+02	1.356000e+03	
3.720000e+02	1.356000e+03	
3.670000e+02	1.478000e+03	
3.760000e+02	1.353000e+03	
3.710000e+02	1.370000e+03	
3.690000e+02	1.385000e+03	
3.680000e+02	1.397000e+03	
3.720000e+02	1.357000e+03	
3.730000e+02	1.356000e+03	
3.720000e+02	1.357000e+03	
3.720000e+02	1.357000e+03	
3.770000e+02	1.353000e+03	
3.760000e+02	1.354000e+03	
3.760000e+02	1.354000e+03	
3.710000e+02	1.372000e+03	
3.680000e+02	1.398000e+03	
3.720000e+02	1.358000e+03	
3.760000e+02	1.355000e+03	
3.760000e+02	1.355000e+03	
3.760000e+02	1.355000e+03	
3.760000e+02	1.355000e+03	
3.790000e+02	1.353000e+03	
3.710000e+02	1.373000e+03	
3.710000e+02	1.373000e+03	
3.680000e+02	1.404000e+03	
3.700000e+02	1.399000e+03	
3.720000e+02	1.359000e+03	
3.760000e+02	1.356000e+03	
3.760000e+02	1.356000e+03	
3.760000e+02	1.356000e+03	
3.770000e+02	1.355000e+03	
3.730000e+02	1.361000e+03	
3.710000e+02	1.374000e+03	
3.680000e+02	1.407000e+03	
3.800000e+02	1.353000e+03	
