# This file contains the data of final population
# of objectives = 2, # of constraints = 0, # of real_var = 0, # of bits of bin_var = 33, constr_violation, rank, crowding_distance
9.600000e+00	1.291000e+03	
9.600000e+00	1.291000e+03	
9.600000e+00	1.291000e+03	
1.060000e+01	1.279000e+03	
1.010000e+01	1.289000e+03	
1.010000e+01	1.289000e+03	
1.010000e+01	1.289000e+03	
9.600000e+00	1.291000e+03	
1.060000e+01	1.279000e+03	
1.060000e+01	1.279000e+03	
1.010000e+01	1.289000e+03	
9.600000e+00	1.291000e+03	
9.600000e+00	1.291000e+03	
1.010000e+01	1.289000e+03	
1.010000e+01	1.289000e+03	
9.600000e+00	1.291000e+03	
1.010000e+01	1.289000e+03	
9.600000e+00	1.291000e+03	
1.010000e+01	1.289000e+03	
9.600000e+00	1.291000e+03	
1.010000e+01	1.289000e+03	
9.600000e+00	1.291000e+03	
1.010000e+01	1.289000e+03	
1.060000e+01	1.279000e+03	
9.600000e+00	1.291000e+03	
9.600000e+00	1.291000e+03	
1.010000e+01	1.289000e+03	
1.520000e+01	9.700000e+02	
1.520000e+01	9.700000e+02	
1.010000e+01	1.289000e+03	
1.010000e+01	1.289000e+03	
1.060000e+01	1.279000e+03	
1.010000e+01	1.289000e+03	
1.010000e+01	1.289000e+03	
1.520000e+01	9.700000e+02	
1.010000e+01	1.289000e+03	
1.010000e+01	1.289000e+03	
1.010000e+01	1.289000e+03	
9.600000e+00	1.291000e+03	
9.600000e+00	1.291000e+03	
1.010000e+01	1.289000e+03	
1.010000e+01	1.289000e+03	
1.060000e+01	1.279000e+03	
1.520000e+01	9.700000e+02	
1.010000e+01	1.289000e+03	
9.600000e+00	1.291000e+03	
1.010000e+01	1.289000e+03	
1.010000e+01	1.289000e+03	
1.010000e+01	1.289000e+03	
1.010000e+01	1.289000e+03	
9.600000e+00	1.291000e+03	
9.600000e+00	1.291000e+03	
9.600000e+00	1.291000e+03	
1.520000e+01	9.700000e+02	
9.600000e+00	1.291000e+03	
1.060000e+01	1.279000e+03	
1.010000e+01	1.289000e+03	
1.520000e+01	9.700000e+02	
1.060000e+01	1.279000e+03	
1.060000e+01	1.279000e+03	
1.520000e+01	9.700000e+02	
1.060000e+01	1.279000e+03	
1.060000e+01	1.279000e+03	
9.600000e+00	1.291000e+03	
1.010000e+01	1.289000e+03	
1.010000e+01	1.289000e+03	
1.060000e+01	1.279000e+03	
1.010000e+01	1.289000e+03	
9.600000e+00	1.291000e+03	
9.600000e+00	1.291000e+03	
9.600000e+00	1.291000e+03	
9.600000e+00	1.291000e+03	
1.010000e+01	1.289000e+03	
9.600000e+00	1.291000e+03	
1.010000e+01	1.289000e+03	
9.600000e+00	1.291000e+03	
1.520000e+01	9.700000e+02	
1.010000e+01	1.289000e+03	
1.520000e+01	9.700000e+02	
1.010000e+01	1.289000e+03	
9.600000e+00	1.291000e+03	
1.520000e+01	9.700000e+02	
1.010000e+01	1.289000e+03	
1.060000e+01	1.279000e+03	
9.600000e+00	1.291000e+03	
1.520000e+01	9.700000e+02	
1.010000e+01	1.289000e+03	
1.520000e+01	9.700000e+02	
1.010000e+01	1.289000e+03	
1.010000e+01	1.289000e+03	
1.010000e+01	1.289000e+03	
1.650000e+01	8.720000e+02	
9.600000e+00	1.291000e+03	
9.600000e+00	1.291000e+03	
1.060000e+01	1.279000e+03	
9.600000e+00	1.291000e+03	
1.010000e+01	1.289000e+03	
1.010000e+01	1.289000e+03	
1.010000e+01	1.289000e+03	
1.520000e+01	9.700000e+02	
9.600000e+00	1.291000e+03	
9.600000e+00	1.291000e+03	
9.600000e+00	1.291000e+03	
1.010000e+01	1.289000e+03	
1.010000e+01	1.289000e+03	
1.520000e+01	9.700000e+02	
1.010000e+01	1.289000e+03	
9.600000e+00	1.291000e+03	
9.600000e+00	1.291000e+03	
1.010000e+01	1.289000e+03	
1.010000e+01	1.289000e+03	
1.060000e+01	1.279000e+03	
1.520000e+01	9.700000e+02	
9.600000e+00	1.291000e+03	
1.010000e+01	1.289000e+03	
1.010000e+01	1.289000e+03	
1.010000e+01	1.294000e+03	
9.600000e+00	1.304000e+03	
1.060000e+01	1.281000e+03	
9.600000e+00	1.304000e+03	
1.010000e+01	1.294000e+03	
1.060000e+01	1.281000e+03	
1.010000e+01	1.294000e+03	
1.010000e+01	1.294000e+03	
1.010000e+01	1.294000e+03	
1.010000e+01	1.294000e+03	
1.060000e+01	1.281000e+03	
9.600000e+00	1.304000e+03	
9.600000e+00	1.304000e+03	
1.520000e+01	9.710000e+02	
1.010000e+01	1.294000e+03	
1.010000e+01	1.294000e+03	
9.600000e+00	1.304000e+03	
1.010000e+01	1.294000e+03	
1.010000e+01	1.294000e+03	
9.600000e+00	1.304000e+03	
9.600000e+00	1.304000e+03	
1.010000e+01	1.294000e+03	
1.010000e+01	1.294000e+03	
9.600000e+00	1.304000e+03	
9.600000e+00	1.304000e+03	
1.650000e+01	8.930000e+02	
1.650000e+01	8.930000e+02	
1.010000e+01	1.294000e+03	
9.600000e+00	1.304000e+03	
9.600000e+00	1.304000e+03	
1.010000e+01	1.294000e+03	
9.600000e+00	1.304000e+03	
1.520000e+01	9.710000e+02	
1.010000e+01	1.294000e+03	
1.010000e+01	1.294000e+03	
9.600000e+00	1.304000e+03	
1.010000e+01	1.294000e+03	
1.520000e+01	9.710000e+02	
1.060000e+01	1.281000e+03	
9.600000e+00	1.304000e+03	
1.010000e+01	1.294000e+03	
9.600000e+00	1.304000e+03	
1.010000e+01	1.294000e+03	
9.600000e+00	1.304000e+03	
1.060000e+01	1.281000e+03	
1.060000e+01	1.281000e+03	
1.010000e+01	1.294000e+03	
1.010000e+01	1.294000e+03	
9.600000e+00	1.304000e+03	
9.600000e+00	1.304000e+03	
1.010000e+01	1.294000e+03	
1.060000e+01	1.281000e+03	
1.060000e+01	1.281000e+03	
1.010000e+01	1.294000e+03	
9.600000e+00	1.304000e+03	
9.600000e+00	1.304000e+03	
1.060000e+01	1.281000e+03	
1.010000e+01	1.294000e+03	
1.520000e+01	9.710000e+02	
1.520000e+01	9.710000e+02	
1.060000e+01	1.281000e+03	
9.600000e+00	1.304000e+03	
1.520000e+01	9.710000e+02	
1.520000e+01	9.710000e+02	
1.010000e+01	1.294000e+03	
9.600000e+00	1.304000e+03	
9.600000e+00	1.304000e+03	
1.060000e+01	1.281000e+03	
9.600000e+00	1.304000e+03	
9.600000e+00	1.304000e+03	
1.010000e+01	1.294000e+03	
9.600000e+00	1.304000e+03	
1.060000e+01	1.281000e+03	
1.010000e+01	1.294000e+03	
1.010000e+01	1.294000e+03	
1.010000e+01	1.294000e+03	
1.520000e+01	9.710000e+02	
9.600000e+00	1.304000e+03	
9.600000e+00	1.304000e+03	
9.600000e+00	1.304000e+03	
9.600000e+00	1.304000e+03	
9.600000e+00	1.304000e+03	
9.600000e+00	1.304000e+03	
9.600000e+00	1.304000e+03	
1.010000e+01	1.294000e+03	
1.010000e+01	1.294000e+03	
1.010000e+01	1.294000e+03	
1.520000e+01	9.710000e+02	
9.600000e+00	1.304000e+03	
1.060000e+01	1.281000e+03	
1.060000e+01	1.281000e+03	
1.060000e+01	1.281000e+03	
9.600000e+00	1.304000e+03	
1.010000e+01	1.294000e+03	
1.520000e+01	9.710000e+02	
1.060000e+01	1.281000e+03	
1.010000e+01	1.294000e+03	
9.600000e+00	1.304000e+03	
1.010000e+01	1.294000e+03	
1.010000e+01	1.294000e+03	
1.060000e+01	1.281000e+03	
1.060000e+01	1.281000e+03	
1.010000e+01	1.294000e+03	
1.060000e+01	1.281000e+03	
1.520000e+01	9.710000e+02	
9.600000e+00	1.304000e+03	
9.600000e+00	1.304000e+03	
1.010000e+01	1.294000e+03	
1.060000e+01	1.281000e+03	
9.600000e+00	1.304000e+03	
9.600000e+00	1.304000e+03	
1.650000e+01	8.930000e+02	
1.060000e+01	1.281000e+03	
9.600000e+00	1.304000e+03	
9.600000e+00	1.304000e+03	
9.600000e+00	1.304000e+03	
1.010000e+01	1.294000e+03	
9.600000e+00	1.304000e+03	
9.600000e+00	1.304000e+03	
1.060000e+01	1.281000e+03	
1.010000e+01	1.294000e+03	
1.010000e+01	1.294000e+03	
9.600000e+00	1.304000e+03	
9.600000e+00	1.320000e+03	
1.010000e+01	1.297000e+03	
9.600000e+00	1.320000e+03	
1.010000e+01	1.297000e+03	
1.140000e+01	1.293000e+03	
1.010000e+01	1.297000e+03	
9.600000e+00	1.320000e+03	
1.010000e+01	1.297000e+03	
1.520000e+01	9.730000e+02	
1.520000e+01	9.730000e+02	
1.010000e+01	1.297000e+03	
1.140000e+01	1.293000e+03	
1.140000e+01	1.293000e+03	
1.140000e+01	1.293000e+03	
1.520000e+01	9.730000e+02	
9.600000e+00	1.320000e+03	
1.650000e+01	8.990000e+02	
