# This file contains the data of initial population
# of objectives = 2, # of constraints = 0, # of real_var = 0, # of bits of bin_var = 130, constr_violation, rank, crowding_distance
3.000000e+00	1.023000e+03	
3.000000e+00	1.067000e+03	
3.000000e+00	1.065000e+03	
3.000000e+00	1.061000e+03	
3.000000e+00	1.011000e+03	
3.000000e+00	1.083000e+03	
3.000000e+00	1.032000e+03	
3.000000e+00	1.113000e+03	
3.000000e+00	9.770000e+02	
3.000000e+00	1.123000e+03	
3.000000e+00	1.016000e+03	
3.000000e+00	1.022000e+03	
3.000000e+00	9.820000e+02	
3.000000e+00	9.340000e+02	
3.000000e+00	9.870000e+02	
3.000000e+00	9.780000e+02	
3.000000e+00	9.330000e+02	
3.000000e+00	1.053000e+03	
3.000000e+00	1.073000e+03	
3.000000e+00	9.500000e+02	
3.000000e+00	1.082000e+03	
3.000000e+00	1.023000e+03	
3.000000e+00	1.012000e+03	
3.000000e+00	1.149000e+03	
3.000000e+00	1.064000e+03	
3.000000e+00	1.053000e+03	
3.000000e+00	1.021000e+03	
3.000000e+00	1.062000e+03	
3.000000e+00	9.530000e+02	
3.000000e+00	9.570000e+02	
3.000000e+00	1.029000e+03	
3.000000e+00	1.011000e+03	
3.000000e+00	9.470000e+02	
3.000000e+00	1.020000e+03	
3.000000e+00	1.069000e+03	
3.000000e+00	1.054000e+03	
3.000000e+00	1.094000e+03	
3.000000e+00	1.112000e+03	
3.000000e+00	1.082000e+03	
3.000000e+00	8.760000e+02	
3.000000e+00	9.620000e+02	
3.000000e+00	1.039000e+03	
3.000000e+00	1.013000e+03	
3.000000e+00	9.510000e+02	
3.000000e+00	1.012000e+03	
3.000000e+00	9.290000e+02	
3.000000e+00	9.740000e+02	
3.000000e+00	9.770000e+02	
3.000000e+00	1.076000e+03	
3.000000e+00	9.280000e+02	
3.000000e+00	1.150000e+03	
3.000000e+00	9.660000e+02	
3.000000e+00	9.380000e+02	
3.000000e+00	1.154000e+03	
3.000000e+00	1.106000e+03	
3.000000e+00	1.067000e+03	
3.000000e+00	9.030000e+02	
3.000000e+00	1.092000e+03	
3.000000e+00	1.030000e+03	
3.000000e+00	1.065000e+03	
3.000000e+00	1.005000e+03	
3.000000e+00	1.021000e+03	
3.000000e+00	1.108000e+03	
3.000000e+00	1.072000e+03	
3.000000e+00	9.410000e+02	
3.000000e+00	9.430000e+02	
3.000000e+00	1.023000e+03	
3.000000e+00	1.036000e+03	
3.000000e+00	1.004000e+03	
3.000000e+00	9.590000e+02	
3.000000e+00	9.900000e+02	
3.000000e+00	1.008000e+03	
3.000000e+00	1.012000e+03	
3.000000e+00	9.160000e+02	
3.000000e+00	1.072000e+03	
3.000000e+00	1.058000e+03	
3.000000e+00	1.091000e+03	
3.000000e+00	1.007000e+03	
3.000000e+00	9.480000e+02	
3.000000e+00	1.073000e+03	
3.000000e+00	9.590000e+02	
3.000000e+00	9.530000e+02	
3.000000e+00	9.800000e+02	
3.000000e+00	1.017000e+03	
3.000000e+00	9.240000e+02	
3.000000e+00	9.970000e+02	
4.000000e+00	1.034000e+03	
3.000000e+00	1.095000e+03	
3.000000e+00	9.370000e+02	
3.000000e+00	9.640000e+02	
3.000000e+00	1.002000e+03	
3.000000e+00	1.076000e+03	
3.000000e+00	9.130000e+02	
3.000000e+00	9.380000e+02	
3.000000e+00	1.144000e+03	
3.000000e+00	1.081000e+03	
3.000000e+00	9.200000e+02	
3.000000e+00	9.770000e+02	
3.000000e+00	1.052000e+03	
3.000000e+00	1.082000e+03	
3.000000e+00	9.700000e+02	
3.000000e+00	1.006000e+03	
3.000000e+00	1.095000e+03	
3.000000e+00	1.076000e+03	
4.000000e+00	9.340000e+02	
3.000000e+00	1.035000e+03	
3.000000e+00	1.027000e+03	
3.000000e+00	1.030000e+03	
3.000000e+00	1.016000e+03	
3.000000e+00	1.065000e+03	
3.000000e+00	9.740000e+02	
3.000000e+00	9.580000e+02	
3.000000e+00	1.033000e+03	
4.000000e+00	9.360000e+02	
3.000000e+00	1.132000e+03	
3.000000e+00	9.680000e+02	
3.000000e+00	9.300000e+02	
3.000000e+00	9.650000e+02	
3.000000e+00	9.670000e+02	
3.000000e+00	1.051000e+03	
3.000000e+00	9.840000e+02	
3.000000e+00	9.500000e+02	
3.000000e+00	1.078000e+03	
3.000000e+00	1.093000e+03	
4.000000e+00	9.660000e+02	
3.000000e+00	9.380000e+02	
3.000000e+00	9.880000e+02	
3.000000e+00	9.990000e+02	
3.000000e+00	1.085000e+03	
3.000000e+00	1.061000e+03	
3.000000e+00	1.022000e+03	
3.000000e+00	1.107000e+03	
3.000000e+00	1.071000e+03	
3.000000e+00	1.021000e+03	
3.000000e+00	1.028000e+03	
3.000000e+00	9.630000e+02	
3.000000e+00	9.580000e+02	
3.000000e+00	9.620000e+02	
3.000000e+00	9.320000e+02	
3.000000e+00	1.090000e+03	
3.000000e+00	9.770000e+02	
3.000000e+00	1.140000e+03	
3.000000e+00	9.660000e+02	
3.000000e+00	1.100000e+03	
3.000000e+00	1.133000e+03	
4.000000e+00	9.920000e+02	
3.000000e+00	9.600000e+02	
3.000000e+00	9.770000e+02	
3.000000e+00	1.068000e+03	
3.000000e+00	1.002000e+03	
3.000000e+00	9.920000e+02	
3.000000e+00	1.012000e+03	
3.000000e+00	1.029000e+03	
3.000000e+00	9.470000e+02	
3.000000e+00	1.002000e+03	
3.000000e+00	1.129000e+03	
3.000000e+00	9.570000e+02	
3.000000e+00	1.026000e+03	
3.000000e+00	1.019000e+03	
3.000000e+00	1.098000e+03	
3.000000e+00	1.037000e+03	
3.000000e+00	1.048000e+03	
3.000000e+00	1.161000e+03	
3.000000e+00	9.540000e+02	
3.000000e+00	1.016000e+03	
3.000000e+00	1.049000e+03	
3.000000e+00	8.860000e+02	
3.000000e+00	1.039000e+03	
3.000000e+00	1.111000e+03	
3.000000e+00	1.019000e+03	
3.000000e+00	1.142000e+03	
3.000000e+00	1.052000e+03	
3.000000e+00	1.004000e+03	
3.000000e+00	1.057000e+03	
3.000000e+00	1.023000e+03	
3.000000e+00	1.019000e+03	
3.000000e+00	9.370000e+02	
3.000000e+00	9.420000e+02	
3.000000e+00	1.013000e+03	
3.000000e+00	9.820000e+02	
3.000000e+00	1.118000e+03	
3.000000e+00	1.004000e+03	
3.000000e+00	1.051000e+03	
3.000000e+00	1.025000e+03	
3.000000e+00	9.520000e+02	
3.000000e+00	1.097000e+03	
3.000000e+00	1.068000e+03	
3.000000e+00	1.047000e+03	
3.000000e+00	1.073000e+03	
3.000000e+00	1.089000e+03	
3.000000e+00	1.089000e+03	
3.000000e+00	1.097000e+03	
3.000000e+00	9.920000e+02	
3.000000e+00	1.108000e+03	
4.000000e+00	1.046000e+03	
3.000000e+00	9.670000e+02	
3.000000e+00	1.048000e+03	
3.000000e+00	9.370000e+02	
3.000000e+00	1.128000e+03	
3.000000e+00	1.054000e+03	
3.000000e+00	1.058000e+03	
3.000000e+00	1.084000e+03	
3.000000e+00	1.017000e+03	
3.000000e+00	1.118000e+03	
3.000000e+00	1.125000e+03	
3.000000e+00	1.055000e+03	
3.000000e+00	9.240000e+02	
3.000000e+00	9.070000e+02	
3.000000e+00	9.780000e+02	
3.000000e+00	8.660000e+02	
3.000000e+00	9.180000e+02	
3.000000e+00	1.093000e+03	
3.000000e+00	9.750000e+02	
3.000000e+00	1.037000e+03	
3.000000e+00	1.100000e+03	
3.000000e+00	1.139000e+03	
3.000000e+00	1.025000e+03	
3.000000e+00	1.020000e+03	
3.000000e+00	9.970000e+02	
3.000000e+00	9.890000e+02	
3.000000e+00	1.102000e+03	
3.000000e+00	1.128000e+03	
3.000000e+00	1.013000e+03	
3.000000e+00	1.095000e+03	
3.000000e+00	1.077000e+03	
3.000000e+00	9.760000e+02	
3.000000e+00	9.990000e+02	
3.000000e+00	1.052000e+03	
3.000000e+00	9.660000e+02	
3.000000e+00	1.068000e+03	
3.000000e+00	1.019000e+03	
3.000000e+00	9.170000e+02	
3.000000e+00	1.080000e+03	
3.000000e+00	1.078000e+03	
3.000000e+00	9.910000e+02	
3.000000e+00	8.810000e+02	
3.000000e+00	1.042000e+03	
3.000000e+00	9.460000e+02	
3.000000e+00	9.980000e+02	
3.000000e+00	9.780000e+02	
3.000000e+00	1.089000e+03	
3.000000e+00	9.600000e+02	
3.000000e+00	1.008000e+03	
3.000000e+00	9.390000e+02	
3.000000e+00	1.018000e+03	
3.000000e+00	1.055000e+03	
3.000000e+00	9.490000e+02	
3.000000e+00	9.440000e+02	
3.000000e+00	1.074000e+03	
3.000000e+00	9.180000e+02	
3.000000e+00	1.034000e+03	
3.000000e+00	9.670000e+02	
3.000000e+00	1.077000e+03	
3.000000e+00	9.930000e+02	
3.000000e+00	9.160000e+02	
3.000000e+00	9.880000e+02	
