# This file contains the data of initial population
# of objectives = 2, # of constraints = 0, # of real_var = 0, # of bits of bin_var = 19, constr_violation, rank, crowding_distance
3.000000e+00	7.700000e+01	
3.000000e+00	1.010000e+02	
3.000000e+00	7.100000e+01	
3.000000e+00	7.100000e+01	
3.000000e+00	9.600000e+01	
3.000000e+00	9.400000e+01	
3.000000e+00	8.600000e+01	
3.000000e+00	8.400000e+01	
3.000000e+00	7.600000e+01	
3.000000e+00	8.200000e+01	
3.000000e+00	8.100000e+01	
3.000000e+00	9.400000e+01	
3.000000e+00	1.090000e+02	
3.000000e+00	9.200000e+01	
3.000000e+00	8.600000e+01	
3.000000e+00	1.080000e+02	
3.000000e+00	9.700000e+01	
3.000000e+00	9.600000e+01	
3.000000e+00	8.000000e+01	
3.000000e+00	1.020000e+02	
3.000000e+00	1.000000e+02	
3.000000e+00	9.200000e+01	
3.000000e+00	9.500000e+01	
3.000000e+00	1.080000e+02	
3.000000e+00	8.600000e+01	
3.000000e+00	8.600000e+01	
3.000000e+00	8.600000e+01	
3.000000e+00	1.000000e+02	
3.000000e+00	1.070000e+02	
3.000000e+00	9.200000e+01	
3.000000e+00	9.600000e+01	
3.000000e+00	7.600000e+01	
3.000000e+00	7.100000e+01	
3.000000e+00	9.400000e+01	
3.000000e+00	8.600000e+01	
3.000000e+00	8.600000e+01	
3.000000e+00	1.040000e+02	
3.000000e+00	7.800000e+01	
3.000000e+00	9.400000e+01	
3.000000e+00	9.400000e+01	
3.000000e+00	7.100000e+01	
3.000000e+00	7.800000e+01	
3.000000e+00	8.100000e+01	
3.000000e+00	1.030000e+02	
3.000000e+00	1.030000e+02	
3.000000e+00	1.060000e+02	
3.000000e+00	8.900000e+01	
3.000000e+00	8.600000e+01	
3.000000e+00	8.700000e+01	
3.000000e+00	1.070000e+02	
3.000000e+00	9.100000e+01	
3.000000e+00	1.100000e+02	
3.000000e+00	9.200000e+01	
3.000000e+00	9.200000e+01	
3.000000e+00	1.090000e+02	
3.000000e+00	8.600000e+01	
3.000000e+00	8.600000e+01	
3.000000e+00	9.400000e+01	
3.000000e+00	1.020000e+02	
3.000000e+00	9.600000e+01	
3.000000e+00	1.140000e+02	
3.000000e+00	1.050000e+02	
3.000000e+00	7.600000e+01	
3.000000e+00	9.000000e+01	
3.000000e+00	1.020000e+02	
3.000000e+00	8.400000e+01	
3.000000e+00	8.300000e+01	
3.000000e+00	8.600000e+01	
3.000000e+00	1.050000e+02	
3.000000e+00	9.700000e+01	
3.000000e+00	7.600000e+01	
3.000000e+00	8.600000e+01	
3.000000e+00	8.600000e+01	
3.000000e+00	7.100000e+01	
3.000000e+00	7.800000e+01	
3.000000e+00	9.200000e+01	
3.000000e+00	1.070000e+02	
3.000000e+00	8.100000e+01	
3.000000e+00	6.600000e+01	
3.000000e+00	9.600000e+01	
3.000000e+00	8.600000e+01	
3.000000e+00	9.000000e+01	
3.000000e+00	1.040000e+02	
3.000000e+00	1.060000e+02	
3.000000e+00	8.600000e+01	
3.000000e+00	9.200000e+01	
3.000000e+00	9.400000e+01	
3.000000e+00	9.400000e+01	
3.000000e+00	8.300000e+01	
3.000000e+00	1.020000e+02	
3.000000e+00	1.100000e+02	
3.000000e+00	1.010000e+02	
3.000000e+00	8.100000e+01	
3.000000e+00	9.400000e+01	
3.000000e+00	8.600000e+01	
3.000000e+00	6.600000e+01	
3.000000e+00	9.200000e+01	
3.000000e+00	9.200000e+01	
3.000000e+00	8.200000e+01	
3.000000e+00	8.600000e+01	
3.000000e+00	8.000000e+01	
3.000000e+00	9.100000e+01	
3.000000e+00	9.200000e+01	
3.000000e+00	7.700000e+01	
3.000000e+00	1.020000e+02	
3.000000e+00	9.700000e+01	
3.000000e+00	9.000000e+01	
3.000000e+00	8.100000e+01	
3.000000e+00	8.800000e+01	
3.000000e+00	9.500000e+01	
3.000000e+00	8.500000e+01	
3.000000e+00	9.600000e+01	
3.000000e+00	1.000000e+02	
3.000000e+00	1.040000e+02	
3.000000e+00	6.600000e+01	
3.000000e+00	8.600000e+01	
3.000000e+00	8.600000e+01	
3.000000e+00	8.600000e+01	
3.000000e+00	9.400000e+01	
3.000000e+00	8.600000e+01	
3.000000e+00	8.600000e+01	
3.000000e+00	8.200000e+01	
3.000000e+00	8.600000e+01	
3.000000e+00	9.600000e+01	
3.000000e+00	1.000000e+02	
3.000000e+00	8.200000e+01	
3.000000e+00	8.900000e+01	
3.000000e+00	1.010000e+02	
3.000000e+00	9.400000e+01	
3.000000e+00	8.400000e+01	
3.000000e+00	8.600000e+01	
3.000000e+00	8.200000e+01	
3.000000e+00	8.400000e+01	
3.000000e+00	9.400000e+01	
3.000000e+00	8.300000e+01	
3.000000e+00	7.600000e+01	
3.000000e+00	8.000000e+01	
3.000000e+00	9.200000e+01	
3.000000e+00	9.200000e+01	
3.000000e+00	6.900000e+01	
3.000000e+00	8.300000e+01	
3.000000e+00	1.140000e+02	
3.000000e+00	7.600000e+01	
3.000000e+00	8.300000e+01	
3.000000e+00	7.700000e+01	
3.000000e+00	7.600000e+01	
3.000000e+00	8.600000e+01	
3.000000e+00	8.200000e+01	
3.000000e+00	8.500000e+01	
3.000000e+00	6.900000e+01	
3.000000e+00	9.400000e+01	
3.000000e+00	7.600000e+01	
3.000000e+00	8.600000e+01	
3.000000e+00	9.400000e+01	
3.000000e+00	7.800000e+01	
3.000000e+00	7.800000e+01	
3.000000e+00	9.600000e+01	
3.000000e+00	1.100000e+02	
3.000000e+00	7.600000e+01	
3.000000e+00	9.100000e+01	
3.000000e+00	8.600000e+01	
3.000000e+00	1.080000e+02	
3.000000e+00	8.500000e+01	
3.000000e+00	9.100000e+01	
3.000000e+00	1.020000e+02	
3.000000e+00	9.100000e+01	
3.000000e+00	1.010000e+02	
3.000000e+00	9.000000e+01	
3.000000e+00	9.600000e+01	
3.000000e+00	9.100000e+01	
3.000000e+00	8.900000e+01	
3.000000e+00	9.100000e+01	
3.000000e+00	8.500000e+01	
3.000000e+00	1.010000e+02	
3.000000e+00	9.400000e+01	
3.000000e+00	7.600000e+01	
3.000000e+00	1.010000e+02	
3.000000e+00	7.100000e+01	
3.000000e+00	8.500000e+01	
3.000000e+00	1.020000e+02	
3.000000e+00	1.050000e+02	
3.000000e+00	1.040000e+02	
3.000000e+00	9.400000e+01	
3.000000e+00	9.400000e+01	
3.000000e+00	1.050000e+02	
3.000000e+00	8.500000e+01	
3.000000e+00	9.400000e+01	
3.000000e+00	7.500000e+01	
3.000000e+00	1.100000e+02	
3.000000e+00	8.600000e+01	
3.000000e+00	8.300000e+01	
3.000000e+00	1.020000e+02	
3.000000e+00	9.600000e+01	
3.000000e+00	1.090000e+02	
3.000000e+00	1.100000e+02	
3.000000e+00	8.200000e+01	
3.000000e+00	7.100000e+01	
3.000000e+00	1.020000e+02	
3.000000e+00	8.400000e+01	
3.000000e+00	9.000000e+01	
3.000000e+00	9.400000e+01	
3.000000e+00	1.090000e+02	
3.000000e+00	1.140000e+02	
3.000000e+00	1.060000e+02	
3.000000e+00	9.400000e+01	
3.000000e+00	8.400000e+01	
3.000000e+00	8.400000e+01	
3.000000e+00	9.400000e+01	
3.000000e+00	9.200000e+01	
3.000000e+00	8.200000e+01	
3.000000e+00	7.600000e+01	
3.000000e+00	8.700000e+01	
3.000000e+00	9.400000e+01	
3.000000e+00	9.600000e+01	
3.000000e+00	1.000000e+02	
3.000000e+00	9.600000e+01	
3.000000e+00	9.400000e+01	
3.000000e+00	1.070000e+02	
3.000000e+00	1.000000e+02	
3.000000e+00	9.100000e+01	
3.000000e+00	1.030000e+02	
3.000000e+00	8.400000e+01	
3.000000e+00	1.080000e+02	
3.000000e+00	1.080000e+02	
3.000000e+00	9.400000e+01	
3.000000e+00	7.400000e+01	
3.000000e+00	8.000000e+01	
3.000000e+00	8.800000e+01	
3.000000e+00	7.100000e+01	
3.000000e+00	7.100000e+01	
3.000000e+00	8.200000e+01	
3.000000e+00	1.040000e+02	
3.000000e+00	8.000000e+01	
3.000000e+00	8.900000e+01	
3.000000e+00	8.600000e+01	
3.000000e+00	8.500000e+01	
3.000000e+00	1.040000e+02	
3.000000e+00	7.700000e+01	
3.000000e+00	9.000000e+01	
3.000000e+00	1.020000e+02	
3.000000e+00	9.200000e+01	
3.000000e+00	8.300000e+01	
3.000000e+00	8.400000e+01	
3.000000e+00	8.800000e+01	
3.000000e+00	9.400000e+01	
3.000000e+00	8.400000e+01	
3.000000e+00	9.000000e+01	
3.000000e+00	8.400000e+01	
3.000000e+00	8.200000e+01	
3.000000e+00	9.000000e+01	
3.000000e+00	1.010000e+02	
3.000000e+00	1.090000e+02	
3.000000e+00	9.200000e+01	
3.000000e+00	8.400000e+01	
3.000000e+00	9.700000e+01	
3.000000e+00	9.200000e+01	
