# This file contains the data of initial population
# of objectives = 2, # of constraints = 0, # of real_var = 0, # of bits of bin_var = 41, constr_violation, rank, crowding_distance
6.800000e+00	8.240000e+02	
6.800000e+00	8.240000e+02	
6.800000e+00	8.240000e+02	
6.800000e+00	8.240000e+02	
6.800000e+00	8.240000e+02	
6.800000e+00	8.240000e+02	
6.800000e+00	8.240000e+02	
6.800000e+00	8.240000e+02	
6.800000e+00	8.240000e+02	
6.800000e+00	8.240000e+02	
6.800000e+00	8.240000e+02	
6.800000e+00	8.240000e+02	
6.800000e+00	8.240000e+02	
6.800000e+00	8.240000e+02	
6.800000e+00	8.240000e+02	
6.800000e+00	8.240000e+02	
6.800000e+00	8.240000e+02	
6.800000e+00	8.240000e+02	
6.800000e+00	8.240000e+02	
6.800000e+00	8.240000e+02	
7.700000e+00	7.820000e+02	
6.800000e+00	7.730000e+02	
6.800000e+00	8.080000e+02	
6.800000e+00	8.240000e+02	
6.800000e+00	8.380000e+02	
6.800000e+00	8.240000e+02	
6.800000e+00	8.240000e+02	
6.800000e+00	8.240000e+02	
7.600000e+00	8.830000e+02	
6.800000e+00	8.240000e+02	
6.800000e+00	8.240000e+02	
6.800000e+00	8.220000e+02	
6.800000e+00	8.150000e+02	
6.800000e+00	8.240000e+02	
6.800000e+00	8.240000e+02	
6.800000e+00	8.250000e+02	
6.800000e+00	8.240000e+02	
6.800000e+00	8.080000e+02	
6.800000e+00	8.240000e+02	
6.800000e+00	8.240000e+02	
6.800000e+00	8.240000e+02	
6.800000e+00	8.240000e+02	
7.000000e+00	8.420000e+02	
6.800000e+00	8.240000e+02	
7.000000e+00	8.420000e+02	
6.800000e+00	8.240000e+02	
7.700000e+00	7.590000e+02	
6.800000e+00	8.240000e+02	
6.800000e+00	8.240000e+02	
7.200000e+00	8.060000e+02	
6.800000e+00	8.240000e+02	
6.800000e+00	8.240000e+02	
6.800000e+00	8.240000e+02	
6.800000e+00	8.380000e+02	
6.800000e+00	8.240000e+02	
6.800000e+00	8.140000e+02	
6.800000e+00	8.240000e+02	
6.800000e+00	8.240000e+02	
6.800000e+00	8.240000e+02	
6.800000e+00	8.240000e+02	
7.700000e+00	7.590000e+02	
7.700000e+00	7.640000e+02	
7.000000e+00	8.420000e+02	
6.800000e+00	8.240000e+02	
6.800000e+00	8.240000e+02	
6.800000e+00	8.240000e+02	
6.800000e+00	8.240000e+02	
6.800000e+00	8.240000e+02	
6.800000e+00	8.240000e+02	
6.800000e+00	8.240000e+02	
6.800000e+00	8.240000e+02	
6.800000e+00	8.240000e+02	
6.800000e+00	8.490000e+02	
6.800000e+00	8.240000e+02	
7.200000e+00	7.730000e+02	
7.700000e+00	8.090000e+02	
6.800000e+00	8.240000e+02	
6.800000e+00	8.150000e+02	
6.900000e+00	8.750000e+02	
6.800000e+00	8.240000e+02	
6.800000e+00	8.240000e+02	
6.800000e+00	8.960000e+02	
6.800000e+00	8.240000e+02	
6.800000e+00	8.240000e+02	
6.800000e+00	8.240000e+02	
6.800000e+00	8.960000e+02	
6.800000e+00	8.240000e+02	
6.800000e+00	8.240000e+02	
6.800000e+00	8.160000e+02	
6.800000e+00	8.240000e+02	
6.800000e+00	8.240000e+02	
6.800000e+00	8.240000e+02	
7.700000e+00	8.100000e+02	
6.800000e+00	8.240000e+02	
7.500000e+00	8.570000e+02	
6.800000e+00	8.140000e+02	
6.800000e+00	8.780000e+02	
6.800000e+00	8.240000e+02	
7.100000e+00	8.270000e+02	
6.800000e+00	8.520000e+02	
7.700000e+00	8.010000e+02	
6.800000e+00	8.240000e+02	
6.800000e+00	8.240000e+02	
6.800000e+00	8.350000e+02	
6.800000e+00	8.240000e+02	
6.800000e+00	8.240000e+02	
7.700000e+00	8.010000e+02	
6.800000e+00	8.240000e+02	
7.700000e+00	8.590000e+02	
7.700000e+00	8.750000e+02	
6.800000e+00	8.240000e+02	
7.700000e+00	8.210000e+02	
6.800000e+00	8.240000e+02	
6.800000e+00	7.780000e+02	
6.800000e+00	8.240000e+02	
6.800000e+00	8.520000e+02	
6.800000e+00	8.240000e+02	
7.700000e+00	7.870000e+02	
6.800000e+00	8.240000e+02	
6.800000e+00	8.240000e+02	
7.000000e+00	8.100000e+02	
6.800000e+00	8.240000e+02	
6.800000e+00	8.240000e+02	
7.200000e+00	8.060000e+02	
6.800000e+00	8.240000e+02	
6.800000e+00	7.830000e+02	
6.800000e+00	8.240000e+02	
6.800000e+00	8.240000e+02	
6.800000e+00	8.240000e+02	
6.800000e+00	8.240000e+02	
7.700000e+00	8.390000e+02	
6.800000e+00	8.730000e+02	
6.800000e+00	8.240000e+02	
6.800000e+00	8.240000e+02	
6.800000e+00	8.240000e+02	
6.800000e+00	8.240000e+02	
6.800000e+00	8.240000e+02	
8.200000e+00	8.590000e+02	
7.800000e+00	8.460000e+02	
6.800000e+00	8.290000e+02	
6.800000e+00	8.240000e+02	
6.800000e+00	8.240000e+02	
6.800000e+00	8.240000e+02	
6.800000e+00	8.240000e+02	
6.800000e+00	8.240000e+02	
7.100000e+00	8.280000e+02	
6.800000e+00	8.240000e+02	
6.800000e+00	8.240000e+02	
6.800000e+00	8.240000e+02	
6.800000e+00	8.240000e+02	
6.800000e+00	8.240000e+02	
6.800000e+00	8.240000e+02	
6.800000e+00	8.240000e+02	
6.800000e+00	8.240000e+02	
7.700000e+00	8.420000e+02	
6.800000e+00	8.240000e+02	
6.800000e+00	8.240000e+02	
6.800000e+00	8.240000e+02	
6.800000e+00	8.240000e+02	
6.800000e+00	8.240000e+02	
6.800000e+00	8.780000e+02	
6.800000e+00	8.240000e+02	
6.800000e+00	8.240000e+02	
6.800000e+00	8.240000e+02	
7.200000e+00	8.090000e+02	
6.800000e+00	8.240000e+02	
6.800000e+00	8.240000e+02	
6.800000e+00	8.240000e+02	
6.800000e+00	8.240000e+02	
6.800000e+00	8.240000e+02	
6.800000e+00	8.240000e+02	
7.700000e+00	9.870000e+02	
6.800000e+00	8.240000e+02	
6.800000e+00	8.240000e+02	
7.000000e+00	8.420000e+02	
6.800000e+00	8.240000e+02	
6.800000e+00	8.240000e+02	
7.700000e+00	8.160000e+02	
6.800000e+00	8.240000e+02	
6.800000e+00	8.960000e+02	
6.800000e+00	8.240000e+02	
6.800000e+00	8.240000e+02	
6.800000e+00	8.780000e+02	
6.800000e+00	8.220000e+02	
6.800000e+00	8.240000e+02	
6.800000e+00	8.240000e+02	
6.800000e+00	8.960000e+02	
6.800000e+00	8.240000e+02	
6.800000e+00	7.830000e+02	
6.800000e+00	8.240000e+02	
6.800000e+00	8.240000e+02	
6.800000e+00	8.240000e+02	
6.800000e+00	8.960000e+02	
6.800000e+00	8.240000e+02	
6.800000e+00	8.240000e+02	
6.800000e+00	8.240000e+02	
7.700000e+00	8.070000e+02	
6.800000e+00	7.830000e+02	
6.800000e+00	8.240000e+02	
6.800000e+00	8.240000e+02	
6.800000e+00	8.240000e+02	
7.700000e+00	8.040000e+02	
7.700000e+00	7.610000e+02	
6.800000e+00	8.540000e+02	
7.700000e+00	8.420000e+02	
6.800000e+00	8.240000e+02	
7.700000e+00	8.050000e+02	
6.800000e+00	8.960000e+02	
7.000000e+00	8.100000e+02	
6.800000e+00	8.240000e+02	
6.800000e+00	8.240000e+02	
6.800000e+00	8.240000e+02	
7.000000e+00	8.420000e+02	
7.000000e+00	8.100000e+02	
6.800000e+00	7.730000e+02	
6.800000e+00	8.240000e+02	
6.800000e+00	7.800000e+02	
6.800000e+00	8.240000e+02	
7.000000e+00	8.420000e+02	
6.800000e+00	8.240000e+02	
6.800000e+00	8.250000e+02	
6.800000e+00	8.240000e+02	
6.800000e+00	8.240000e+02	
7.300000e+00	8.100000e+02	
6.800000e+00	8.220000e+02	
6.800000e+00	8.160000e+02	
7.000000e+00	8.420000e+02	
6.800000e+00	8.240000e+02	
6.800000e+00	8.240000e+02	
6.800000e+00	8.240000e+02	
6.800000e+00	8.240000e+02	
6.800000e+00	8.240000e+02	
7.000000e+00	8.420000e+02	
6.800000e+00	8.240000e+02	
6.800000e+00	8.240000e+02	
7.000000e+00	8.100000e+02	
7.000000e+00	8.420000e+02	
6.800000e+00	8.240000e+02	
6.800000e+00	8.240000e+02	
6.800000e+00	8.960000e+02	
6.800000e+00	8.240000e+02	
6.800000e+00	8.240000e+02	
6.800000e+00	8.240000e+02	
6.800000e+00	8.960000e+02	
6.800000e+00	8.270000e+02	
6.800000e+00	8.240000e+02	
6.800000e+00	8.240000e+02	
6.800000e+00	8.240000e+02	
7.700000e+00	8.530000e+02	
6.800000e+00	8.240000e+02	
6.800000e+00	8.240000e+02	
7.700000e+00	7.600000e+02	
6.800000e+00	8.240000e+02	
6.800000e+00	8.240000e+02	
6.800000e+00	8.240000e+02	
6.800000e+00	8.960000e+02	
