# This file contains the data of initial population
# of objectives = 2, # of constraints = 0, # of real_var = 15, # of bits of bin_var = 0, constr_violation, rank, crowding_distance
3.000000e+00	9.800000e+01	
3.000000e+00	9.600000e+01	
3.000000e+00	9.700000e+01	
3.000000e+00	9.700000e+01	
3.000000e+00	9.800000e+01	
3.000000e+00	9.800000e+01	
3.000000e+00	9.600000e+01	
3.000000e+00	9.700000e+01	
3.000000e+00	9.700000e+01	
3.000000e+00	9.800000e+01	
3.000000e+00	9.800000e+01	
3.000000e+00	9.800000e+01	
3.000000e+00	9.800000e+01	
3.000000e+00	9.700000e+01	
3.000000e+00	9.800000e+01	
3.000000e+00	9.700000e+01	
3.000000e+00	9.700000e+01	
3.000000e+00	9.700000e+01	
3.000000e+00	9.700000e+01	
3.000000e+00	9.800000e+01	
3.000000e+00	9.700000e+01	
3.000000e+00	9.800000e+01	
3.000000e+00	9.700000e+01	
3.000000e+00	9.800000e+01	
3.000000e+00	9.800000e+01	
3.000000e+00	9.800000e+01	
3.000000e+00	9.800000e+01	
3.000000e+00	9.700000e+01	
3.000000e+00	9.800000e+01	
3.000000e+00	9.600000e+01	
3.000000e+00	9.800000e+01	
3.000000e+00	9.700000e+01	
3.000000e+00	9.800000e+01	
3.000000e+00	9.700000e+01	
3.000000e+00	9.800000e+01	
3.000000e+00	9.700000e+01	
3.000000e+00	9.800000e+01	
3.000000e+00	9.700000e+01	
3.000000e+00	9.800000e+01	
3.000000e+00	9.800000e+01	
3.000000e+00	9.800000e+01	
3.000000e+00	9.800000e+01	
3.000000e+00	9.800000e+01	
3.000000e+00	9.800000e+01	
3.000000e+00	9.600000e+01	
3.000000e+00	9.700000e+01	
3.000000e+00	9.600000e+01	
3.000000e+00	9.700000e+01	
3.000000e+00	9.800000e+01	
3.000000e+00	9.800000e+01	
3.000000e+00	9.800000e+01	
3.000000e+00	9.700000e+01	
3.000000e+00	9.800000e+01	
3.000000e+00	9.700000e+01	
3.000000e+00	9.800000e+01	
3.000000e+00	9.600000e+01	
3.000000e+00	9.800000e+01	
3.000000e+00	9.800000e+01	
3.000000e+00	9.800000e+01	
3.000000e+00	9.700000e+01	
3.000000e+00	9.800000e+01	
3.000000e+00	9.800000e+01	
3.000000e+00	9.900000e+01	
3.000000e+00	9.600000e+01	
3.000000e+00	9.700000e+01	
3.000000e+00	9.600000e+01	
3.000000e+00	9.600000e+01	
3.000000e+00	9.800000e+01	
3.000000e+00	9.800000e+01	
3.000000e+00	9.600000e+01	
3.000000e+00	9.700000e+01	
3.000000e+00	9.700000e+01	
3.000000e+00	9.800000e+01	
3.000000e+00	9.800000e+01	
3.000000e+00	9.800000e+01	
3.000000e+00	9.800000e+01	
3.000000e+00	9.800000e+01	
3.000000e+00	9.900000e+01	
3.000000e+00	9.800000e+01	
3.000000e+00	9.700000e+01	
3.000000e+00	9.700000e+01	
3.000000e+00	9.800000e+01	
3.000000e+00	9.700000e+01	
3.000000e+00	9.800000e+01	
3.000000e+00	9.700000e+01	
3.000000e+00	9.800000e+01	
3.000000e+00	9.800000e+01	
3.000000e+00	9.700000e+01	
3.000000e+00	9.800000e+01	
3.000000e+00	9.600000e+01	
3.000000e+00	9.800000e+01	
3.000000e+00	9.800000e+01	
3.000000e+00	9.600000e+01	
3.000000e+00	9.800000e+01	
3.000000e+00	9.700000e+01	
3.000000e+00	9.600000e+01	
3.000000e+00	9.700000e+01	
3.000000e+00	9.900000e+01	
3.000000e+00	9.800000e+01	
3.000000e+00	9.800000e+01	
3.000000e+00	9.700000e+01	
3.000000e+00	9.700000e+01	
3.000000e+00	9.700000e+01	
3.000000e+00	9.700000e+01	
3.000000e+00	9.700000e+01	
3.000000e+00	9.800000e+01	
3.000000e+00	9.800000e+01	
3.000000e+00	9.800000e+01	
3.000000e+00	9.700000e+01	
3.000000e+00	9.800000e+01	
3.000000e+00	9.800000e+01	
3.000000e+00	9.600000e+01	
3.000000e+00	9.800000e+01	
3.000000e+00	9.800000e+01	
3.000000e+00	9.700000e+01	
3.000000e+00	9.800000e+01	
3.000000e+00	9.800000e+01	
3.000000e+00	9.800000e+01	
3.000000e+00	9.800000e+01	
3.000000e+00	9.800000e+01	
3.000000e+00	9.600000e+01	
3.000000e+00	9.800000e+01	
3.000000e+00	9.800000e+01	
3.000000e+00	9.700000e+01	
3.000000e+00	9.700000e+01	
3.000000e+00	9.700000e+01	
3.000000e+00	9.800000e+01	
3.000000e+00	9.800000e+01	
3.000000e+00	9.700000e+01	
3.000000e+00	9.600000e+01	
3.000000e+00	9.700000e+01	
3.000000e+00	9.700000e+01	
3.000000e+00	9.700000e+01	
3.000000e+00	9.800000e+01	
3.000000e+00	9.900000e+01	
3.000000e+00	9.700000e+01	
3.000000e+00	9.800000e+01	
3.000000e+00	9.800000e+01	
3.000000e+00	9.800000e+01	
3.000000e+00	9.700000e+01	
3.000000e+00	9.800000e+01	
3.000000e+00	9.800000e+01	
3.000000e+00	9.600000e+01	
3.000000e+00	9.800000e+01	
3.000000e+00	9.700000e+01	
3.000000e+00	9.800000e+01	
3.000000e+00	9.700000e+01	
3.000000e+00	9.900000e+01	
3.000000e+00	9.700000e+01	
3.000000e+00	9.700000e+01	
3.000000e+00	9.800000e+01	
3.000000e+00	9.800000e+01	
3.000000e+00	9.800000e+01	
3.000000e+00	9.700000e+01	
3.000000e+00	9.800000e+01	
3.000000e+00	9.800000e+01	
3.000000e+00	9.800000e+01	
3.000000e+00	9.800000e+01	
3.000000e+00	9.800000e+01	
3.000000e+00	9.700000e+01	
3.000000e+00	9.800000e+01	
3.000000e+00	9.600000e+01	
3.000000e+00	9.800000e+01	
3.000000e+00	9.700000e+01	
3.000000e+00	9.700000e+01	
3.000000e+00	9.800000e+01	
3.000000e+00	9.900000e+01	
3.000000e+00	9.800000e+01	
3.000000e+00	9.700000e+01	
3.000000e+00	9.800000e+01	
3.000000e+00	9.800000e+01	
3.000000e+00	9.700000e+01	
3.000000e+00	9.800000e+01	
3.000000e+00	9.800000e+01	
3.000000e+00	9.800000e+01	
3.000000e+00	9.700000e+01	
3.000000e+00	9.800000e+01	
3.000000e+00	9.700000e+01	
3.000000e+00	9.800000e+01	
3.000000e+00	9.600000e+01	
3.000000e+00	9.900000e+01	
3.000000e+00	9.700000e+01	
3.000000e+00	9.900000e+01	
3.000000e+00	9.700000e+01	
3.000000e+00	9.800000e+01	
3.000000e+00	9.700000e+01	
3.000000e+00	9.700000e+01	
3.000000e+00	9.800000e+01	
3.000000e+00	9.900000e+01	
3.000000e+00	9.800000e+01	
3.000000e+00	9.800000e+01	
3.000000e+00	9.700000e+01	
3.000000e+00	9.700000e+01	
3.000000e+00	9.800000e+01	
3.000000e+00	9.700000e+01	
3.000000e+00	9.800000e+01	
3.000000e+00	9.700000e+01	
3.000000e+00	9.800000e+01	
3.000000e+00	9.700000e+01	
3.000000e+00	9.700000e+01	
3.000000e+00	9.800000e+01	
3.000000e+00	9.800000e+01	
3.000000e+00	9.700000e+01	
3.000000e+00	9.700000e+01	
3.000000e+00	9.700000e+01	
3.000000e+00	9.800000e+01	
3.000000e+00	9.800000e+01	
3.000000e+00	9.800000e+01	
3.000000e+00	9.800000e+01	
3.000000e+00	9.700000e+01	
3.000000e+00	9.700000e+01	
3.000000e+00	9.800000e+01	
3.000000e+00	9.700000e+01	
3.000000e+00	9.800000e+01	
3.000000e+00	9.700000e+01	
3.000000e+00	9.700000e+01	
3.000000e+00	9.800000e+01	
3.000000e+00	9.800000e+01	
3.000000e+00	9.800000e+01	
3.000000e+00	9.700000e+01	
3.000000e+00	9.900000e+01	
3.000000e+00	9.700000e+01	
3.000000e+00	9.800000e+01	
3.000000e+00	9.700000e+01	
3.000000e+00	9.800000e+01	
3.000000e+00	9.900000e+01	
3.000000e+00	9.700000e+01	
3.000000e+00	9.700000e+01	
3.000000e+00	9.800000e+01	
3.000000e+00	9.700000e+01	
3.000000e+00	9.800000e+01	
3.000000e+00	9.700000e+01	
3.000000e+00	1.000000e+02	
3.000000e+00	9.800000e+01	
3.000000e+00	9.800000e+01	
3.000000e+00	9.700000e+01	
3.000000e+00	9.800000e+01	
3.000000e+00	9.800000e+01	
3.000000e+00	9.800000e+01	
3.000000e+00	9.800000e+01	
3.000000e+00	9.800000e+01	
3.000000e+00	9.800000e+01	
3.000000e+00	9.800000e+01	
3.000000e+00	9.800000e+01	
3.000000e+00	9.700000e+01	
3.000000e+00	9.800000e+01	
3.000000e+00	9.800000e+01	
3.000000e+00	9.800000e+01	
3.000000e+00	9.800000e+01	
3.000000e+00	9.700000e+01	
3.000000e+00	9.700000e+01	
3.000000e+00	9.600000e+01	
3.000000e+00	9.800000e+01	
3.000000e+00	9.700000e+01	
3.000000e+00	9.800000e+01	
3.000000e+00	9.800000e+01	
