# This file contains the data of initial population
# of objectives = 2, # of constraints = 0, # of real_var = 0, # of bits of bin_var = 28, constr_violation, rank, crowding_distance
2.233000e+03	2.085700e+04	
2.638000e+03	2.509100e+04	
2.126000e+03	1.977400e+04	
2.217000e+03	2.071700e+04	
2.133000e+03	1.973600e+04	
2.504000e+03	2.386500e+04	
2.104000e+03	1.943900e+04	
2.246000e+03	2.095400e+04	
2.127000e+03	1.949500e+04	
2.217000e+03	2.074100e+04	
2.171000e+03	2.025000e+04	
2.152000e+03	1.976200e+04	
2.130000e+03	1.980700e+04	
2.188000e+03	2.053800e+04	
2.205000e+03	2.039400e+04	
2.233000e+03	2.110000e+04	
2.116000e+03	1.951500e+04	
2.667000e+03	2.530700e+04	
2.244000e+03	2.080600e+04	
2.118000e+03	1.977800e+04	
2.268000e+03	2.086600e+04	
2.210000e+03	2.082700e+04	
2.181000e+03	2.040900e+04	
2.512000e+03	2.360300e+04	
2.134000e+03	1.948500e+04	
2.197000e+03	2.023200e+04	
2.226000e+03	2.063900e+04	
2.633000e+03	2.513800e+04	
2.198000e+03	2.052900e+04	
2.224000e+03	2.102900e+04	
2.278000e+03	2.124300e+04	
2.497000e+03	2.371200e+04	
2.366000e+03	2.212900e+04	
2.451000e+03	2.313100e+04	
2.173000e+03	2.037600e+04	
2.218000e+03	2.038100e+04	
2.229000e+03	2.098600e+04	
2.224000e+03	2.063100e+04	
2.320000e+03	2.159300e+04	
2.306000e+03	2.178400e+04	
2.429000e+03	2.272100e+04	
2.189000e+03	1.990900e+04	
2.487000e+03	2.347400e+04	
2.147000e+03	1.996300e+04	
2.218000e+03	2.030100e+04	
2.143000e+03	2.002200e+04	
2.186000e+03	2.025400e+04	
2.118000e+03	1.943100e+04	
2.500000e+03	2.376500e+04	
2.192000e+03	2.062100e+04	
2.187000e+03	2.042400e+04	
2.205000e+03	2.042100e+04	
2.112000e+03	1.969700e+04	
2.177000e+03	2.004800e+04	
2.241000e+03	2.093400e+04	
2.211000e+03	2.040600e+04	
2.307000e+03	2.183900e+04	
2.356000e+03	2.197700e+04	
2.348000e+03	2.206200e+04	
2.189000e+03	2.042800e+04	
2.496000e+03	2.362500e+04	
2.561000e+03	2.423400e+04	
2.276000e+03	2.155400e+04	
2.248000e+03	2.083500e+04	
2.246000e+03	2.098800e+04	
2.178000e+03	2.035600e+04	
2.595000e+03	2.467500e+04	
2.180000e+03	2.015700e+04	
2.246000e+03	2.083400e+04	
2.147000e+03	2.016500e+04	
2.221000e+03	2.079400e+04	
2.340000e+03	2.219400e+04	
2.167000e+03	2.012500e+04	
2.145000e+03	1.993600e+04	
2.205000e+03	2.046900e+04	
2.119000e+03	1.976100e+04	
2.506000e+03	2.385800e+04	
2.173000e+03	2.024400e+04	
2.280000e+03	2.142500e+04	
2.687000e+03	2.579900e+04	
2.120000e+03	1.972800e+04	
2.118000e+03	1.972600e+04	
2.161000e+03	2.025200e+04	
2.264000e+03	2.123400e+04	
2.134000e+03	1.989700e+04	
2.225000e+03	2.094300e+04	
2.281000e+03	2.125500e+04	
2.141000e+03	1.988900e+04	
2.089000e+03	1.940500e+04	
2.212000e+03	2.097400e+04	
2.170000e+03	2.030200e+04	
2.143000e+03	1.983200e+04	
2.117000e+03	1.955800e+04	
2.193000e+03	2.044400e+04	
2.227000e+03	2.086500e+04	
2.102000e+03	1.938000e+04	
2.285000e+03	2.114900e+04	
2.240000e+03	2.096300e+04	
2.301000e+03	2.170200e+04	
2.325000e+03	2.200300e+04	
2.239000e+03	2.101000e+04	
2.114000e+03	1.958300e+04	
2.121000e+03	1.952000e+04	
2.143000e+03	1.994600e+04	
2.237000e+03	2.084800e+04	
2.360000e+03	2.234600e+04	
2.268000e+03	2.122800e+04	
2.299000e+03	2.157700e+04	
2.221000e+03	2.041500e+04	
2.267000e+03	2.135500e+04	
2.254000e+03	2.128400e+04	
2.208000e+03	2.078200e+04	
2.231000e+03	2.095300e+04	
2.452000e+03	2.305100e+04	
2.572000e+03	2.455100e+04	
2.308000e+03	2.189400e+04	
2.600000e+03	2.474000e+04	
2.205000e+03	2.040000e+04	
2.456000e+03	2.321900e+04	
2.224000e+03	2.084900e+04	
2.265000e+03	2.092400e+04	
2.166000e+03	1.994000e+04	
2.231000e+03	2.104300e+04	
2.160000e+03	2.010200e+04	
2.162000e+03	2.013400e+04	
2.268000e+03	2.120100e+04	
2.133000e+03	1.982000e+04	
2.660000e+03	2.544300e+04	
2.293000e+03	2.136200e+04	
2.139000e+03	1.989000e+04	
2.172000e+03	2.032800e+04	
2.160000e+03	2.019300e+04	
2.156000e+03	2.014000e+04	
2.210000e+03	2.071800e+04	
2.182000e+03	2.045300e+04	
2.230000e+03	2.082400e+04	
2.127000e+03	1.963100e+04	
2.531000e+03	2.393300e+04	
2.321000e+03	2.170700e+04	
2.206000e+03	2.064200e+04	
2.121000e+03	1.976000e+04	
2.200000e+03	2.063400e+04	
2.282000e+03	2.161200e+04	
2.652000e+03	2.540700e+04	
2.090000e+03	1.918000e+04	
2.140000e+03	1.970200e+04	
2.163000e+03	2.014100e+04	
2.196000e+03	2.062800e+04	
2.205000e+03	2.055300e+04	
2.357000e+03	2.210700e+04	
2.169000e+03	2.029800e+04	
2.167000e+03	2.015900e+04	
2.701000e+03	2.609200e+04	
2.228000e+03	2.082800e+04	
2.302000e+03	2.134300e+04	
2.259000e+03	2.137500e+04	
2.270000e+03	2.110300e+04	
2.205000e+03	2.081600e+04	
2.493000e+03	2.364200e+04	
2.117000e+03	1.973300e+04	
2.253000e+03	2.114400e+04	
2.216000e+03	2.067300e+04	
2.318000e+03	2.198100e+04	
2.262000e+03	2.128300e+04	
2.232000e+03	2.064500e+04	
2.494000e+03	2.353400e+04	
2.580000e+03	2.463800e+04	
2.510000e+03	2.380600e+04	
2.752000e+03	2.622100e+04	
2.635000e+03	2.493200e+04	
2.164000e+03	2.007000e+04	
2.137000e+03	1.988500e+04	
2.277000e+03	2.146100e+04	
2.261000e+03	2.131300e+04	
2.267000e+03	2.149900e+04	
2.205000e+03	2.056900e+04	
2.130000e+03	2.003600e+04	
2.195000e+03	2.029700e+04	
2.137000e+03	1.973800e+04	
2.118000e+03	1.968400e+04	
2.295000e+03	2.150000e+04	
2.337000e+03	2.227400e+04	
2.228000e+03	2.075800e+04	
2.328000e+03	2.220800e+04	
2.148000e+03	1.990700e+04	
2.211000e+03	2.040900e+04	
2.305000e+03	2.160500e+04	
2.160000e+03	1.997700e+04	
2.342000e+03	2.182800e+04	
2.206000e+03	2.053400e+04	
2.674000e+03	2.569700e+04	
2.122000e+03	1.957300e+04	
2.359000e+03	2.236000e+04	
2.253000e+03	2.127600e+04	
2.332000e+03	2.205300e+04	
2.085000e+03	1.905600e+04	
2.260000e+03	2.107700e+04	
2.091000e+03	1.905500e+04	
2.336000e+03	2.198000e+04	
2.273000e+03	2.103500e+04	
2.348000e+03	2.212300e+04	
2.959000e+03	2.832000e+04	
2.229000e+03	2.093500e+04	
2.176000e+03	2.039500e+04	
2.375000e+03	2.237300e+04	
2.096000e+03	1.932500e+04	
2.089000e+03	1.932800e+04	
2.373000e+03	2.211900e+04	
2.173000e+03	2.027300e+04	
2.180000e+03	2.016000e+04	
2.306000e+03	2.172800e+04	
2.334000e+03	2.229600e+04	
2.405000e+03	2.292600e+04	
2.192000e+03	2.039900e+04	
2.544000e+03	2.430700e+04	
2.352000e+03	2.210100e+04	
2.337000e+03	2.169500e+04	
2.585000e+03	2.470100e+04	
2.170000e+03	1.995900e+04	
2.442000e+03	2.294200e+04	
2.261000e+03	2.119900e+04	
2.263000e+03	2.133000e+04	
2.433000e+03	2.266100e+04	
2.159000e+03	2.017100e+04	
2.070000e+03	1.904600e+04	
2.301000e+03	2.186600e+04	
2.386000e+03	2.231800e+04	
2.123000e+03	1.956100e+04	
2.573000e+03	2.479000e+04	
2.412000e+03	2.254200e+04	
2.244000e+03	2.077300e+04	
2.270000e+03	2.123000e+04	
2.074000e+03	1.892800e+04	
2.101000e+03	1.940000e+04	
2.147000e+03	2.009400e+04	
2.124000e+03	1.946400e+04	
2.187000e+03	2.017800e+04	
2.130000e+03	1.974800e+04	
2.565000e+03	2.420900e+04	
2.200000e+03	2.036600e+04	
2.151000e+03	2.010700e+04	
2.226000e+03	2.097900e+04	
2.225000e+03	2.085300e+04	
2.179000e+03	2.029600e+04	
2.208000e+03	2.063300e+04	
2.224000e+03	2.088300e+04	
2.178000e+03	2.037700e+04	
2.212000e+03	2.056100e+04	
2.321000e+03	2.139500e+04	
2.222000e+03	2.089100e+04	
2.294000e+03	2.137200e+04	
2.251000e+03	2.146200e+04	
2.300000e+03	2.171400e+04	
2.242000e+03	2.127600e+04	
2.158000e+03	1.973400e+04	
2.180000e+03	2.030400e+04	
