# This file contains the data of initial population
# of objectives = 2, # of constraints = 0, # of real_var = 0, # of bits of bin_var = 54, constr_violation, rank, crowding_distance
1.510000e+01	1.438700e+04	
1.510000e+01	1.440000e+04	
1.510000e+01	1.438800e+04	
1.510000e+01	1.440000e+04	
1.510000e+01	1.438300e+04	
1.510000e+01	1.431500e+04	
1.510000e+01	1.436600e+04	
1.550000e+01	1.435000e+04	
1.510000e+01	1.440000e+04	
1.510000e+01	1.439700e+04	
1.510000e+01	1.436300e+04	
1.510000e+01	1.442000e+04	
1.510000e+01	1.439800e+04	
1.510000e+01	1.439600e+04	
1.510000e+01	1.440000e+04	
1.510000e+01	1.439800e+04	
1.510000e+01	1.443100e+04	
1.510000e+01	1.436900e+04	
1.510000e+01	1.439800e+04	
1.510000e+01	1.440000e+04	
1.510000e+01	1.448300e+04	
1.510000e+01	1.078500e+04	
1.510000e+01	1.440000e+04	
1.510000e+01	1.440000e+04	
1.550000e+01	1.441400e+04	
1.510000e+01	1.436400e+04	
1.510000e+01	1.437300e+04	
1.510000e+01	1.440000e+04	
1.510000e+01	1.438200e+04	
1.510000e+01	1.437300e+04	
1.510000e+01	1.438200e+04	
1.460000e+01	1.087100e+04	
1.510000e+01	1.440000e+04	
1.550000e+01	1.433700e+04	
1.550000e+01	1.441400e+04	
1.520000e+01	1.428700e+04	
1.510000e+01	1.445800e+04	
1.510000e+01	1.438700e+04	
1.510000e+01	1.439600e+04	
1.510000e+01	1.449700e+04	
1.510000e+01	1.451100e+04	
1.530000e+01	1.455300e+04	
1.540000e+01	1.456600e+04	
1.510000e+01	1.438000e+04	
1.510000e+01	1.437200e+04	
1.510000e+01	1.439800e+04	
1.560000e+01	1.427000e+04	
1.550000e+01	1.430600e+04	
1.520000e+01	1.453100e+04	
1.520000e+01	1.436100e+04	
1.510000e+01	1.438700e+04	
1.510000e+01	1.441700e+04	
1.510000e+01	1.439600e+04	
1.510000e+01	1.436400e+04	
1.510000e+01	1.437800e+04	
1.510000e+01	1.438000e+04	
1.510000e+01	1.436400e+04	
1.510000e+01	1.441100e+04	
1.520000e+01	1.443400e+04	
1.510000e+01	1.438700e+04	
1.520000e+01	1.453300e+04	
1.510000e+01	1.438300e+04	
1.510000e+01	1.437800e+04	
1.560000e+01	1.445400e+04	
1.510000e+01	1.439500e+04	
1.560000e+01	1.433200e+04	
1.510000e+01	1.436400e+04	
1.510000e+01	1.439800e+04	
1.510000e+01	1.439200e+04	
1.510000e+01	1.440000e+04	
1.510000e+01	1.437900e+04	
1.510000e+01	1.439800e+04	
1.570000e+01	1.422700e+04	
1.510000e+01	1.440000e+04	
1.510000e+01	1.449200e+04	
1.440000e+01	1.086900e+04	
1.510000e+01	1.440000e+04	
1.510000e+01	1.439700e+04	
1.510000e+01	1.452400e+04	
1.510000e+01	1.441100e+04	
1.510000e+01	1.440000e+04	
1.550000e+01	1.430600e+04	
1.510000e+01	1.438700e+04	
1.510000e+01	1.439600e+04	
1.510000e+01	1.439600e+04	
1.510000e+01	1.440000e+04	
1.510000e+01	1.440000e+04	
1.510000e+01	1.440000e+04	
1.510000e+01	1.440000e+04	
1.520000e+01	1.429800e+04	
1.510000e+01	1.450200e+04	
1.520000e+01	1.441100e+04	
1.520000e+01	1.445900e+04	
1.480000e+01	1.086800e+04	
1.540000e+01	1.436600e+04	
1.510000e+01	1.437400e+04	
1.550000e+01	1.439200e+04	
1.510000e+01	1.438700e+04	
1.510000e+01	1.442100e+04	
1.510000e+01	1.438700e+04	
1.510000e+01	1.439700e+04	
1.510000e+01	1.438800e+04	
1.510000e+01	1.440500e+04	
1.510000e+01	1.436300e+04	
1.450000e+01	1.072600e+04	
1.510000e+01	1.440500e+04	
1.510000e+01	1.438700e+04	
1.510000e+01	1.439200e+04	
1.510000e+01	1.439600e+04	
1.570000e+01	1.427300e+04	
1.510000e+01	1.440600e+04	
1.510000e+01	1.438200e+04	
1.520000e+01	1.432100e+04	
1.510000e+01	1.450600e+04	
1.510000e+01	1.449500e+04	
1.510000e+01	1.438200e+04	
1.510000e+01	1.438700e+04	
1.530000e+01	1.428000e+04	
1.510000e+01	1.440500e+04	
1.510000e+01	1.445700e+04	
1.510000e+01	1.440000e+04	
1.510000e+01	1.437100e+04	
1.510000e+01	1.438500e+04	
1.510000e+01	1.446900e+04	
1.510000e+01	1.440300e+04	
1.560000e+01	1.439100e+04	
1.510000e+01	1.434300e+04	
1.510000e+01	1.444600e+04	
1.560000e+01	1.435300e+04	
1.510000e+01	1.438700e+04	
1.520000e+01	1.404900e+04	
1.510000e+01	1.439700e+04	
1.510000e+01	1.439600e+04	
1.510000e+01	1.440000e+04	
1.510000e+01	1.439800e+04	
1.510000e+01	1.435700e+04	
1.550000e+01	1.434000e+04	
1.510000e+01	1.437300e+04	
1.510000e+01	1.438400e+04	
1.550000e+01	1.433700e+04	
1.510000e+01	1.439800e+04	
1.510000e+01	1.438800e+04	
1.510000e+01	1.439700e+04	
1.510000e+01	1.438200e+04	
1.510000e+01	1.440000e+04	
1.510000e+01	1.432800e+04	
1.510000e+01	1.439200e+04	
1.510000e+01	1.441100e+04	
1.510000e+01	1.450200e+04	
1.510000e+01	1.439800e+04	
1.510000e+01	1.441800e+04	
1.510000e+01	1.439800e+04	
1.550000e+01	1.430800e+04	
1.510000e+01	1.432600e+04	
1.510000e+01	1.439600e+04	
1.510000e+01	1.438200e+04	
1.510000e+01	1.440900e+04	
1.510000e+01	1.439200e+04	
1.550000e+01	1.426100e+04	
1.510000e+01	1.432800e+04	
1.510000e+01	1.440000e+04	
1.510000e+01	1.438200e+04	
1.510000e+01	1.439600e+04	
1.510000e+01	1.449500e+04	
1.550000e+01	1.427000e+04	
1.510000e+01	1.443700e+04	
1.560000e+01	1.437900e+04	
1.510000e+01	1.449200e+04	
1.510000e+01	1.438700e+04	
1.510000e+01	1.440900e+04	
1.510000e+01	1.442800e+04	
1.510000e+01	1.438700e+04	
1.560000e+01	1.434400e+04	
1.550000e+01	1.435600e+04	
1.510000e+01	1.440600e+04	
1.510000e+01	1.437900e+04	
1.510000e+01	1.439600e+04	
1.510000e+01	1.449500e+04	
1.550000e+01	1.442700e+04	
1.510000e+01	1.441900e+04	
1.520000e+01	1.436100e+04	
1.510000e+01	1.432800e+04	
1.510000e+01	1.440000e+04	
1.510000e+01	1.439400e+04	
1.510000e+01	1.432800e+04	
1.510000e+01	1.442000e+04	
1.490000e+01	1.096400e+04	
1.510000e+01	1.437300e+04	
1.510000e+01	1.437400e+04	
1.510000e+01	1.438700e+04	
1.510000e+01	1.440000e+04	
1.510000e+01	1.439800e+04	
1.560000e+01	1.442900e+04	
1.510000e+01	1.440400e+04	
1.510000e+01	1.440900e+04	
1.510000e+01	1.438900e+04	
1.510000e+01	1.440600e+04	
1.510000e+01	1.442000e+04	
1.560000e+01	1.440700e+04	
1.510000e+01	1.446300e+04	
1.510000e+01	1.440000e+04	
1.510000e+01	1.439200e+04	
1.550000e+01	1.454500e+04	
1.510000e+01	1.436000e+04	
1.510000e+01	1.457400e+04	
1.510000e+01	1.436400e+04	
1.510000e+01	1.439600e+04	
1.560000e+01	1.436000e+04	
1.510000e+01	1.418700e+04	
1.510000e+01	1.438000e+04	
1.510000e+01	1.439700e+04	
1.510000e+01	1.440000e+04	
1.510000e+01	1.437800e+04	
1.510000e+01	1.439800e+04	
1.510000e+01	1.441000e+04	
1.510000e+01	1.443400e+04	
1.510000e+01	1.443200e+04	
1.510000e+01	1.439800e+04	
1.510000e+01	1.432800e+04	
1.510000e+01	1.442400e+04	
1.510000e+01	1.439700e+04	
1.510000e+01	1.439800e+04	
1.510000e+01	1.439800e+04	
1.510000e+01	1.438700e+04	
1.510000e+01	1.440000e+04	
1.560000e+01	1.439200e+04	
1.510000e+01	1.439900e+04	
1.510000e+01	1.440000e+04	
1.510000e+01	1.415600e+04	
1.510000e+01	1.440000e+04	
1.510000e+01	1.439600e+04	
1.550000e+01	1.434300e+04	
1.560000e+01	1.451100e+04	
1.510000e+01	1.438800e+04	
1.510000e+01	1.435500e+04	
1.510000e+01	1.440600e+04	
1.510000e+01	1.440000e+04	
1.510000e+01	1.439600e+04	
1.510000e+01	1.440000e+04	
1.510000e+01	1.437700e+04	
1.510000e+01	1.437800e+04	
1.510000e+01	1.443200e+04	
1.550000e+01	1.444200e+04	
1.510000e+01	1.438500e+04	
1.550000e+01	1.431000e+04	
1.510000e+01	1.438400e+04	
1.560000e+01	1.439200e+04	
1.560000e+01	1.432100e+04	
1.560000e+01	1.439400e+04	
1.510000e+01	1.441000e+04	
1.510000e+01	1.437800e+04	
1.550000e+01	1.426900e+04	
1.510000e+01	1.440000e+04	
1.430000e+01	1.044700e+04	
1.510000e+01	1.438200e+04	
1.520000e+01	1.447200e+04	
