# This file contains the data of initial population
# of objectives = 2, # of constraints = 0, # of real_var = 0, # of bits of bin_var = 28, constr_violation, rank, crowding_distance
1.030000e+01	7.180000e+02	
8.900000e+00	7.250000e+02	
8.700001e+00	8.420000e+02	
8.800000e+00	6.930000e+02	
8.800000e+00	8.320000e+02	
9.799999e+00	7.120000e+02	
8.300000e+00	6.640000e+02	
9.799999e+00	7.110000e+02	
8.800000e+00	7.610000e+02	
9.799999e+00	7.040000e+02	
8.800000e+00	7.200000e+02	
9.099999e+00	7.130000e+02	
8.800000e+00	8.920000e+02	
8.200000e+00	6.390000e+02	
8.300000e+00	7.370000e+02	
8.900000e+00	7.350000e+02	
1.100000e+01	6.740000e+02	
7.700000e+00	7.590000e+02	
1.240000e+01	8.670000e+02	
8.800000e+00	6.310000e+02	
8.300000e+00	6.460000e+02	
1.240000e+01	8.290000e+02	
9.400000e+00	6.800000e+02	
8.800000e+00	6.390000e+02	
8.700001e+00	8.640000e+02	
8.800000e+00	7.900000e+02	
8.800000e+00	8.790000e+02	
9.200000e+00	7.100000e+02	
1.240000e+01	8.490000e+02	
8.700001e+00	8.550000e+02	
8.700001e+00	7.350000e+02	
8.700001e+00	7.930000e+02	
9.100000e+00	7.210000e+02	
8.800000e+00	7.100000e+02	
9.799999e+00	7.030000e+02	
1.130000e+01	7.950000e+02	
8.700001e+00	7.310000e+02	
7.400000e+00	7.180000e+02	
8.300000e+00	6.400000e+02	
8.700001e+00	7.110000e+02	
9.200000e+00	7.260000e+02	
6.800000e+00	7.010000e+02	
7.400000e+00	7.140000e+02	
9.799999e+00	7.030000e+02	
9.800000e+00	8.040000e+02	
1.000000e+01	6.700000e+02	
8.900000e+00	7.110000e+02	
8.400000e+00	6.850000e+02	
8.799999e+00	6.050000e+02	
8.800000e+00	8.110000e+02	
8.300000e+00	6.860000e+02	
9.400000e+00	8.550000e+02	
9.200000e+00	6.420000e+02	
8.799999e+00	7.010000e+02	
9.799999e+00	7.110000e+02	
8.800000e+00	8.630000e+02	
9.200000e+00	8.090000e+02	
7.300000e+00	6.920000e+02	
8.000000e+00	6.530000e+02	
8.800000e+00	8.120000e+02	
8.700001e+00	8.580000e+02	
8.500000e+00	8.720000e+02	
8.200000e+00	7.130000e+02	
8.700001e+00	6.630000e+02	
8.400000e+00	7.030000e+02	
9.799999e+00	7.020000e+02	
8.400000e+00	7.420000e+02	
8.799999e+00	5.970000e+02	
8.700001e+00	8.540000e+02	
8.700001e+00	8.840000e+02	
8.800000e+00	7.620000e+02	
8.200000e+00	7.160000e+02	
8.200000e+00	6.660000e+02	
9.100000e+00	6.880000e+02	
9.800000e+00	7.890000e+02	
9.799999e+00	7.250000e+02	
9.100000e+00	7.140000e+02	
9.100000e+00	8.270000e+02	
8.800000e+00	7.780000e+02	
8.700001e+00	8.600000e+02	
8.600000e+00	7.730000e+02	
1.130000e+01	8.070000e+02	
9.500000e+00	6.910000e+02	
7.400000e+00	6.960000e+02	
8.700001e+00	7.840000e+02	
8.200000e+00	7.140000e+02	
8.500000e+00	5.510000e+02	
8.300000e+00	5.500000e+02	
8.300000e+00	6.710000e+02	
8.200000e+00	6.490000e+02	
6.800000e+00	6.960000e+02	
8.200000e+00	6.510000e+02	
8.800000e+00	7.020000e+02	
8.800000e+00	7.070000e+02	
7.300000e+00	5.830000e+02	
8.799999e+00	6.650000e+02	
8.900000e+00	8.770000e+02	
9.799999e+00	7.100000e+02	
9.799999e+00	7.040000e+02	
7.400000e+00	7.050000e+02	
8.600000e+00	5.680000e+02	
8.800000e+00	8.880000e+02	
8.800000e+00	8.360000e+02	
8.700001e+00	8.300000e+02	
7.700000e+00	7.900000e+02	
9.400000e+00	8.510000e+02	
9.300000e+00	8.120000e+02	
1.100000e+01	8.260000e+02	
9.400000e+00	8.000000e+02	
7.300000e+00	6.920000e+02	
7.700000e+00	8.000000e+02	
1.060000e+01	8.530000e+02	
1.030000e+01	6.850000e+02	
8.700001e+00	7.820000e+02	
9.500000e+00	8.170000e+02	
9.799999e+00	7.050000e+02	
8.700001e+00	8.460000e+02	
9.799999e+00	7.050000e+02	
8.700001e+00	7.550000e+02	
9.799999e+00	7.500000e+02	
8.800000e+00	7.190000e+02	
8.800000e+00	7.920000e+02	
1.380000e+01	8.160000e+02	
8.700001e+00	8.250000e+02	
7.300000e+00	6.960000e+02	
8.900000e+00	7.240000e+02	
9.299999e+00	7.490000e+02	
9.200000e+00	7.160000e+02	
7.400000e+00	7.140000e+02	
8.300000e+00	6.530000e+02	
1.140000e+01	6.550000e+02	
9.799999e+00	7.100000e+02	
9.600000e+00	7.810000e+02	
9.799999e+00	7.240000e+02	
8.200000e+00	7.170000e+02	
8.800000e+00	8.680000e+02	
8.600000e+00	8.240000e+02	
7.400000e+00	7.150000e+02	
9.099999e+00	7.430000e+02	
9.799999e+00	7.390000e+02	
9.700000e+00	8.020000e+02	
8.700001e+00	8.410000e+02	
9.200000e+00	7.160000e+02	
9.799999e+00	7.040000e+02	
7.300000e+00	7.020000e+02	
9.099999e+00	7.250000e+02	
1.010000e+01	8.640000e+02	
8.100000e+00	8.480000e+02	
7.400000e+00	7.000000e+02	
9.500000e+00	6.990000e+02	
7.000000e+00	8.640000e+02	
8.900000e+00	8.500000e+02	
9.799999e+00	7.310000e+02	
9.299999e+00	7.990000e+02	
7.300000e+00	7.160000e+02	
8.200000e+00	6.610000e+02	
7.900000e+00	5.460000e+02	
9.299999e+00	6.770000e+02	
8.900000e+00	7.080000e+02	
8.800000e+00	8.590000e+02	
9.500000e+00	7.100000e+02	
9.700001e+00	8.390000e+02	
9.799999e+00	7.110000e+02	
9.200000e+00	7.030000e+02	
9.799999e+00	7.040000e+02	
8.700001e+00	7.130000e+02	
9.099999e+00	7.160000e+02	
8.800000e+00	7.100000e+02	
9.800000e+00	7.000000e+02	
9.500000e+00	7.790000e+02	
7.300000e+00	6.980000e+02	
9.400000e+00	8.230000e+02	
8.700001e+00	6.740000e+02	
9.100000e+00	6.630000e+02	
8.400000e+00	8.570000e+02	
8.300000e+00	6.710000e+02	
8.700001e+00	8.480000e+02	
1.070000e+01	7.690000e+02	
7.600000e+00	7.300000e+02	
8.200000e+00	7.130000e+02	
9.799999e+00	7.050000e+02	
9.100000e+00	7.090000e+02	
8.300000e+00	7.310000e+02	
8.700001e+00	7.510000e+02	
8.700001e+00	8.110000e+02	
8.800000e+00	7.160000e+02	
8.800000e+00	8.630000e+02	
9.599999e+00	7.770000e+02	
9.799999e+00	7.100000e+02	
8.800000e+00	8.470000e+02	
9.200000e+00	8.280000e+02	
8.600000e+00	5.670000e+02	
9.200000e+00	7.130000e+02	
8.700001e+00	8.460000e+02	
9.799999e+00	7.240000e+02	
9.799999e+00	7.110000e+02	
9.099999e+00	7.660000e+02	
8.700001e+00	7.900000e+02	
9.799999e+00	7.350000e+02	
8.800000e+00	7.270000e+02	
8.200000e+00	6.420000e+02	
8.400000e+00	8.710000e+02	
8.200000e+00	6.890000e+02	
8.800000e+00	7.180000e+02	
9.100000e+00	6.860000e+02	
8.800000e+00	8.760000e+02	
9.799999e+00	7.100000e+02	
8.799999e+00	6.200000e+02	
8.800000e+00	8.530000e+02	
8.900000e+00	8.440000e+02	
8.800000e+00	8.610000e+02	
1.120000e+01	8.080000e+02	
8.700001e+00	8.120000e+02	
8.900000e+00	7.380000e+02	
7.300000e+00	6.960000e+02	
8.700001e+00	8.010000e+02	
7.400000e+00	6.970000e+02	
7.000000e+00	7.050000e+02	
8.400000e+00	7.000000e+02	
9.200000e+00	6.450000e+02	
8.800000e+00	8.420000e+02	
1.110000e+01	8.390000e+02	
7.400000e+00	6.960000e+02	
8.300000e+00	6.730000e+02	
8.200000e+00	6.440000e+02	
8.800000e+00	8.400000e+02	
8.800000e+00	7.180000e+02	
9.799999e+00	7.040000e+02	
7.400000e+00	7.020000e+02	
8.300000e+00	5.540000e+02	
7.000000e+00	7.040000e+02	
8.700001e+00	8.350000e+02	
8.800000e+00	6.310000e+02	
9.799999e+00	7.110000e+02	
8.700001e+00	7.630000e+02	
8.200000e+00	6.490000e+02	
8.200000e+00	6.360000e+02	
8.600000e+00	7.600000e+02	
8.700001e+00	8.380000e+02	
8.800000e+00	8.910000e+02	
9.100000e+00	7.090000e+02	
8.700001e+00	7.000000e+02	
8.100000e+00	8.360000e+02	
7.700000e+00	8.350000e+02	
1.070000e+01	7.880000e+02	
7.300000e+00	6.200000e+02	
6.800000e+00	6.970000e+02	
8.800000e+00	8.240000e+02	
8.800000e+00	8.670000e+02	
1.170000e+01	7.910000e+02	
9.500000e+00	6.870000e+02	
1.090000e+01	8.260000e+02	
7.300000e+00	6.920000e+02	
1.040000e+01	7.770000e+02	
8.700001e+00	8.650000e+02	
8.100000e+00	7.040000e+02	
