# This file contains the data of initial population
# of objectives = 2, # of constraints = 0, # of real_var = 0, # of bits of bin_var = 35, constr_violation, rank, crowding_distance
3.000000e+00	1.520000e+02	
3.000000e+00	1.520000e+02	
3.000000e+00	1.550000e+02	
3.000000e+00	1.520000e+02	
3.000000e+00	1.580000e+02	
3.000000e+00	1.520000e+02	
3.000000e+00	1.600000e+02	
3.000000e+00	1.450000e+02	
3.000000e+00	1.600000e+02	
3.000000e+00	1.520000e+02	
3.000000e+00	1.420000e+02	
3.000000e+00	1.520000e+02	
3.000000e+00	1.490000e+02	
3.000000e+00	1.620000e+02	
3.000000e+00	1.520000e+02	
3.000000e+00	1.500000e+02	
3.000000e+00	1.520000e+02	
3.000000e+00	1.520000e+02	
3.000000e+00	1.520000e+02	
3.000000e+00	1.540000e+02	
3.000000e+00	1.520000e+02	
3.000000e+00	1.520000e+02	
3.000000e+00	1.520000e+02	
3.000000e+00	1.520000e+02	
3.000000e+00	1.520000e+02	
3.000000e+00	1.490000e+02	
3.000000e+00	1.520000e+02	
3.000000e+00	1.530000e+02	
3.000000e+00	1.520000e+02	
3.000000e+00	1.520000e+02	
3.000000e+00	1.520000e+02	
3.000000e+00	1.520000e+02	
3.000000e+00	1.600000e+02	
3.000000e+00	1.530000e+02	
3.000000e+00	1.520000e+02	
3.000000e+00	1.550000e+02	
3.000000e+00	1.590000e+02	
3.000000e+00	1.580000e+02	
3.000000e+00	1.520000e+02	
3.000000e+00	1.560000e+02	
3.000000e+00	1.320000e+02	
3.000000e+00	1.510000e+02	
3.000000e+00	1.380000e+02	
3.000000e+00	1.520000e+02	
3.000000e+00	1.520000e+02	
3.000000e+00	1.520000e+02	
3.000000e+00	1.570000e+02	
3.000000e+00	1.380000e+02	
3.000000e+00	1.520000e+02	
3.000000e+00	1.490000e+02	
3.000000e+00	1.470000e+02	
3.000000e+00	1.520000e+02	
3.000000e+00	1.750000e+02	
3.000000e+00	1.430000e+02	
3.000000e+00	1.230000e+02	
3.000000e+00	1.480000e+02	
3.000000e+00	1.500000e+02	
3.000000e+00	1.600000e+02	
3.000000e+00	1.520000e+02	
3.000000e+00	1.520000e+02	
3.000000e+00	1.520000e+02	
3.000000e+00	1.520000e+02	
3.000000e+00	1.570000e+02	
3.000000e+00	1.610000e+02	
3.000000e+00	1.510000e+02	
3.000000e+00	1.520000e+02	
3.000000e+00	1.310000e+02	
3.000000e+00	1.380000e+02	
3.000000e+00	1.650000e+02	
3.000000e+00	1.310000e+02	
3.000000e+00	1.520000e+02	
3.000000e+00	1.560000e+02	
3.000000e+00	1.520000e+02	
3.000000e+00	1.460000e+02	
3.000000e+00	1.520000e+02	
3.000000e+00	1.520000e+02	
3.000000e+00	1.550000e+02	
3.000000e+00	1.570000e+02	
3.000000e+00	1.520000e+02	
3.000000e+00	1.600000e+02	
3.000000e+00	1.490000e+02	
3.000000e+00	1.590000e+02	
3.000000e+00	1.570000e+02	
3.000000e+00	1.600000e+02	
3.000000e+00	1.520000e+02	
3.000000e+00	1.480000e+02	
3.000000e+00	1.600000e+02	
3.000000e+00	1.520000e+02	
3.000000e+00	1.540000e+02	
3.000000e+00	1.460000e+02	
3.000000e+00	1.490000e+02	
3.000000e+00	1.600000e+02	
3.000000e+00	1.540000e+02	
3.000000e+00	1.520000e+02	
3.000000e+00	1.510000e+02	
3.000000e+00	1.440000e+02	
3.000000e+00	1.480000e+02	
3.000000e+00	1.430000e+02	
3.000000e+00	1.320000e+02	
3.000000e+00	1.630000e+02	
3.000000e+00	1.520000e+02	
3.000000e+00	1.520000e+02	
3.000000e+00	1.510000e+02	
3.000000e+00	1.440000e+02	
3.000000e+00	1.560000e+02	
3.000000e+00	1.520000e+02	
3.000000e+00	1.520000e+02	
3.000000e+00	1.610000e+02	
3.000000e+00	1.520000e+02	
3.000000e+00	1.520000e+02	
3.000000e+00	1.570000e+02	
3.000000e+00	1.550000e+02	
3.000000e+00	1.550000e+02	
3.000000e+00	1.520000e+02	
3.000000e+00	1.520000e+02	
3.000000e+00	1.520000e+02	
3.000000e+00	1.450000e+02	
3.000000e+00	1.520000e+02	
3.000000e+00	1.400000e+02	
3.000000e+00	1.520000e+02	
3.000000e+00	1.460000e+02	
3.000000e+00	1.570000e+02	
3.000000e+00	1.520000e+02	
3.000000e+00	1.520000e+02	
3.000000e+00	1.520000e+02	
3.000000e+00	1.430000e+02	
3.000000e+00	1.370000e+02	
3.000000e+00	1.610000e+02	
3.000000e+00	1.380000e+02	
3.000000e+00	1.520000e+02	
3.000000e+00	1.560000e+02	
3.000000e+00	1.550000e+02	
3.000000e+00	1.520000e+02	
3.000000e+00	1.520000e+02	
3.000000e+00	1.520000e+02	
3.000000e+00	1.610000e+02	
3.000000e+00	1.360000e+02	
3.000000e+00	1.580000e+02	
3.000000e+00	1.520000e+02	
3.000000e+00	1.520000e+02	
3.000000e+00	1.520000e+02	
3.000000e+00	1.380000e+02	
3.000000e+00	1.590000e+02	
3.000000e+00	1.500000e+02	
3.000000e+00	1.420000e+02	
3.000000e+00	1.390000e+02	
3.000000e+00	1.520000e+02	
3.000000e+00	1.520000e+02	
3.000000e+00	1.600000e+02	
3.000000e+00	1.480000e+02	
3.000000e+00	1.520000e+02	
3.000000e+00	1.520000e+02	
3.000000e+00	1.520000e+02	
3.000000e+00	1.550000e+02	
3.000000e+00	1.490000e+02	
3.000000e+00	1.520000e+02	
3.000000e+00	1.520000e+02	
3.000000e+00	1.520000e+02	
3.000000e+00	1.520000e+02	
3.000000e+00	1.520000e+02	
3.000000e+00	1.530000e+02	
3.000000e+00	1.640000e+02	
3.000000e+00	1.520000e+02	
3.000000e+00	1.540000e+02	
3.000000e+00	1.400000e+02	
3.000000e+00	1.360000e+02	
3.000000e+00	1.380000e+02	
3.000000e+00	1.520000e+02	
3.000000e+00	1.600000e+02	
3.000000e+00	1.520000e+02	
3.000000e+00	1.520000e+02	
3.000000e+00	1.700000e+02	
3.000000e+00	1.520000e+02	
3.000000e+00	1.520000e+02	
3.000000e+00	1.390000e+02	
3.000000e+00	1.500000e+02	
3.000000e+00	1.520000e+02	
3.000000e+00	1.650000e+02	
3.000000e+00	1.520000e+02	
3.000000e+00	1.430000e+02	
3.000000e+00	1.430000e+02	
3.000000e+00	1.340000e+02	
3.000000e+00	1.520000e+02	
3.000000e+00	1.380000e+02	
3.000000e+00	1.470000e+02	
3.000000e+00	1.520000e+02	
3.000000e+00	1.550000e+02	
3.000000e+00	1.520000e+02	
3.000000e+00	1.550000e+02	
3.000000e+00	1.520000e+02	
3.000000e+00	1.520000e+02	
3.000000e+00	1.670000e+02	
3.000000e+00	1.460000e+02	
3.000000e+00	1.520000e+02	
3.000000e+00	1.520000e+02	
3.000000e+00	1.520000e+02	
3.000000e+00	1.520000e+02	
3.000000e+00	1.480000e+02	
3.000000e+00	1.630000e+02	
3.000000e+00	1.450000e+02	
3.000000e+00	1.520000e+02	
3.000000e+00	1.570000e+02	
3.000000e+00	1.520000e+02	
3.000000e+00	1.460000e+02	
3.000000e+00	1.590000e+02	
3.000000e+00	1.370000e+02	
3.000000e+00	1.520000e+02	
3.000000e+00	1.520000e+02	
3.000000e+00	1.520000e+02	
3.000000e+00	1.490000e+02	
3.000000e+00	1.520000e+02	
3.000000e+00	1.520000e+02	
3.000000e+00	1.520000e+02	
3.000000e+00	1.520000e+02	
3.000000e+00	1.520000e+02	
3.000000e+00	1.600000e+02	
3.000000e+00	1.520000e+02	
3.000000e+00	1.490000e+02	
3.000000e+00	1.520000e+02	
3.000000e+00	1.590000e+02	
3.000000e+00	1.520000e+02	
3.000000e+00	1.210000e+02	
3.000000e+00	1.500000e+02	
3.000000e+00	1.480000e+02	
3.000000e+00	1.520000e+02	
3.000000e+00	1.290000e+02	
3.000000e+00	1.440000e+02	
3.000000e+00	1.590000e+02	
3.000000e+00	1.510000e+02	
3.000000e+00	1.550000e+02	
3.000000e+00	1.520000e+02	
3.000000e+00	1.520000e+02	
3.000000e+00	1.560000e+02	
3.000000e+00	1.560000e+02	
3.000000e+00	1.610000e+02	
3.000000e+00	1.520000e+02	
3.000000e+00	1.530000e+02	
3.000000e+00	1.440000e+02	
3.000000e+00	1.390000e+02	
3.000000e+00	1.520000e+02	
3.000000e+00	1.380000e+02	
3.000000e+00	1.240000e+02	
3.000000e+00	1.550000e+02	
3.000000e+00	1.520000e+02	
3.000000e+00	1.620000e+02	
3.000000e+00	1.520000e+02	
3.000000e+00	1.600000e+02	
3.000000e+00	1.540000e+02	
3.000000e+00	1.580000e+02	
3.000000e+00	1.520000e+02	
3.000000e+00	1.520000e+02	
3.000000e+00	1.650000e+02	
3.000000e+00	1.400000e+02	
3.000000e+00	1.380000e+02	
3.000000e+00	1.600000e+02	
3.000000e+00	1.380000e+02	
