# This file contains the data of initial population
# of objectives = 2, # of constraints = 0, # of real_var = 10, # of bits of bin_var = 0, constr_violation, rank, crowding_distance
2.800000e+01	3.200000e+01	
2.600000e+01	3.100000e+01	
2.700000e+01	3.600000e+01	
2.700000e+01	3.200000e+01	
2.500000e+01	3.100000e+01	
2.700000e+01	3.100000e+01	
2.600000e+01	3.100000e+01	
2.700000e+01	3.200000e+01	
2.700000e+01	3.200000e+01	
2.700000e+01	3.600000e+01	
2.800000e+01	3.200000e+01	
2.500000e+01	3.200000e+01	
2.700000e+01	3.200000e+01	
2.600000e+01	3.200000e+01	
2.700000e+01	3.200000e+01	
2.600000e+01	3.000000e+01	
2.600000e+01	3.200000e+01	
2.600000e+01	3.200000e+01	
2.700000e+01	3.200000e+01	
2.600000e+01	3.200000e+01	
2.700000e+01	3.200000e+01	
2.600000e+01	3.200000e+01	
2.700000e+01	3.600000e+01	
2.600000e+01	3.200000e+01	
2.600000e+01	3.600000e+01	
2.500000e+01	3.200000e+01	
2.700000e+01	3.200000e+01	
2.800000e+01	3.500000e+01	
2.600000e+01	3.200000e+01	
2.700000e+01	3.100000e+01	
2.600000e+01	3.200000e+01	
2.700000e+01	3.100000e+01	
2.800000e+01	3.200000e+01	
2.700000e+01	3.200000e+01	
2.700000e+01	3.200000e+01	
2.700000e+01	3.200000e+01	
2.700000e+01	3.100000e+01	
2.600000e+01	3.200000e+01	
2.600000e+01	3.200000e+01	
2.600000e+01	3.200000e+01	
2.700000e+01	3.200000e+01	
2.600000e+01	3.200000e+01	
2.600000e+01	3.200000e+01	
2.600000e+01	3.200000e+01	
2.600000e+01	3.100000e+01	
2.700000e+01	3.600000e+01	
2.500000e+01	3.200000e+01	
2.600000e+01	3.200000e+01	
2.700000e+01	3.200000e+01	
2.600000e+01	3.100000e+01	
2.600000e+01	3.200000e+01	
2.700000e+01	3.200000e+01	
2.600000e+01	3.100000e+01	
2.500000e+01	3.100000e+01	
2.700000e+01	3.200000e+01	
2.700000e+01	3.600000e+01	
2.700000e+01	3.100000e+01	
2.600000e+01	3.200000e+01	
2.700000e+01	3.200000e+01	
2.700000e+01	3.100000e+01	
2.700000e+01	3.200000e+01	
2.600000e+01	3.200000e+01	
2.600000e+01	3.100000e+01	
2.800000e+01	3.600000e+01	
2.600000e+01	3.200000e+01	
2.600000e+01	3.200000e+01	
2.700000e+01	3.200000e+01	
2.600000e+01	3.100000e+01	
2.700000e+01	3.200000e+01	
2.600000e+01	3.200000e+01	
2.800000e+01	3.500000e+01	
2.700000e+01	3.200000e+01	
2.600000e+01	3.100000e+01	
2.600000e+01	3.100000e+01	
2.800000e+01	3.100000e+01	
2.700000e+01	3.200000e+01	
2.700000e+01	3.200000e+01	
2.600000e+01	3.200000e+01	
2.700000e+01	3.200000e+01	
2.600000e+01	3.100000e+01	
2.700000e+01	3.200000e+01	
2.600000e+01	3.200000e+01	
2.600000e+01	3.200000e+01	
2.600000e+01	3.200000e+01	
2.700000e+01	3.200000e+01	
2.600000e+01	3.600000e+01	
2.700000e+01	3.200000e+01	
2.700000e+01	3.200000e+01	
2.500000e+01	3.200000e+01	
2.800000e+01	3.200000e+01	
2.800000e+01	3.500000e+01	
2.800000e+01	3.600000e+01	
2.600000e+01	3.200000e+01	
2.700000e+01	3.500000e+01	
2.800000e+01	3.200000e+01	
2.600000e+01	3.200000e+01	
2.600000e+01	3.200000e+01	
2.700000e+01	3.100000e+01	
2.700000e+01	3.600000e+01	
2.800000e+01	3.200000e+01	
2.700000e+01	3.200000e+01	
2.700000e+01	3.200000e+01	
2.700000e+01	3.200000e+01	
2.700000e+01	3.200000e+01	
2.600000e+01	3.200000e+01	
2.600000e+01	3.200000e+01	
2.700000e+01	3.200000e+01	
2.700000e+01	3.200000e+01	
2.700000e+01	3.200000e+01	
2.500000e+01	3.200000e+01	
2.500000e+01	3.200000e+01	
2.700000e+01	3.100000e+01	
2.600000e+01	3.200000e+01	
2.700000e+01	3.200000e+01	
2.600000e+01	3.200000e+01	
2.700000e+01	3.200000e+01	
2.800000e+01	3.500000e+01	
2.600000e+01	3.200000e+01	
2.700000e+01	3.100000e+01	
2.700000e+01	3.200000e+01	
2.600000e+01	3.600000e+01	
2.600000e+01	3.500000e+01	
2.600000e+01	3.200000e+01	
2.600000e+01	3.000000e+01	
2.800000e+01	3.200000e+01	
2.600000e+01	3.200000e+01	
2.600000e+01	3.200000e+01	
2.600000e+01	3.100000e+01	
2.600000e+01	3.600000e+01	
2.700000e+01	3.200000e+01	
2.600000e+01	3.200000e+01	
2.700000e+01	3.600000e+01	
2.700000e+01	3.200000e+01	
2.700000e+01	3.200000e+01	
2.600000e+01	3.200000e+01	
2.700000e+01	3.200000e+01	
2.600000e+01	3.200000e+01	
2.800000e+01	3.200000e+01	
2.700000e+01	3.200000e+01	
2.600000e+01	3.200000e+01	
2.700000e+01	3.100000e+01	
2.700000e+01	3.200000e+01	
2.600000e+01	3.200000e+01	
2.700000e+01	3.600000e+01	
2.800000e+01	3.200000e+01	
2.800000e+01	3.600000e+01	
2.800000e+01	3.200000e+01	
2.600000e+01	3.100000e+01	
2.700000e+01	3.200000e+01	
2.700000e+01	3.200000e+01	
2.700000e+01	3.600000e+01	
2.700000e+01	3.200000e+01	
2.600000e+01	3.200000e+01	
2.600000e+01	3.100000e+01	
2.600000e+01	3.200000e+01	
2.600000e+01	3.200000e+01	
2.700000e+01	3.200000e+01	
2.500000e+01	3.200000e+01	
2.800000e+01	3.500000e+01	
2.600000e+01	3.200000e+01	
2.600000e+01	3.200000e+01	
2.800000e+01	3.200000e+01	
2.700000e+01	3.200000e+01	
2.600000e+01	3.200000e+01	
2.700000e+01	3.100000e+01	
2.700000e+01	3.200000e+01	
2.700000e+01	3.200000e+01	
2.700000e+01	3.100000e+01	
2.500000e+01	3.200000e+01	
2.600000e+01	3.100000e+01	
2.700000e+01	3.500000e+01	
2.800000e+01	3.600000e+01	
2.500000e+01	3.600000e+01	
2.700000e+01	3.200000e+01	
2.600000e+01	3.500000e+01	
2.700000e+01	3.500000e+01	
2.500000e+01	3.200000e+01	
2.600000e+01	3.100000e+01	
2.700000e+01	3.200000e+01	
2.700000e+01	3.600000e+01	
2.600000e+01	3.600000e+01	
2.700000e+01	3.200000e+01	
2.600000e+01	3.200000e+01	
2.700000e+01	3.200000e+01	
2.600000e+01	3.200000e+01	
2.800000e+01	3.200000e+01	
2.500000e+01	3.200000e+01	
2.700000e+01	3.200000e+01	
2.600000e+01	3.100000e+01	
2.600000e+01	3.200000e+01	
2.700000e+01	3.100000e+01	
2.700000e+01	3.100000e+01	
2.600000e+01	3.200000e+01	
2.500000e+01	3.100000e+01	
2.600000e+01	3.100000e+01	
2.600000e+01	3.200000e+01	
2.600000e+01	3.200000e+01	
2.700000e+01	3.200000e+01	
2.700000e+01	3.600000e+01	
2.600000e+01	3.200000e+01	
2.600000e+01	3.200000e+01	
2.700000e+01	3.200000e+01	
2.700000e+01	3.200000e+01	
2.600000e+01	3.200000e+01	
2.600000e+01	3.100000e+01	
2.600000e+01	3.200000e+01	
2.600000e+01	3.100000e+01	
2.500000e+01	3.200000e+01	
2.600000e+01	3.200000e+01	
2.700000e+01	3.600000e+01	
2.800000e+01	3.200000e+01	
2.600000e+01	3.200000e+01	
2.700000e+01	3.200000e+01	
2.600000e+01	3.200000e+01	
2.700000e+01	3.100000e+01	
2.600000e+01	3.200000e+01	
2.700000e+01	3.200000e+01	
2.700000e+01	3.200000e+01	
2.600000e+01	3.200000e+01	
2.600000e+01	3.200000e+01	
2.700000e+01	3.200000e+01	
2.700000e+01	3.200000e+01	
2.600000e+01	3.100000e+01	
2.700000e+01	3.200000e+01	
2.700000e+01	3.100000e+01	
2.600000e+01	3.200000e+01	
2.700000e+01	3.100000e+01	
2.700000e+01	3.600000e+01	
2.600000e+01	3.200000e+01	
2.600000e+01	3.100000e+01	
2.600000e+01	3.100000e+01	
2.600000e+01	3.100000e+01	
2.600000e+01	3.200000e+01	
2.700000e+01	3.200000e+01	
2.700000e+01	3.200000e+01	
2.600000e+01	3.200000e+01	
2.600000e+01	3.100000e+01	
2.600000e+01	3.200000e+01	
2.600000e+01	3.200000e+01	
2.800000e+01	3.200000e+01	
2.800000e+01	3.200000e+01	
2.600000e+01	3.200000e+01	
2.500000e+01	3.100000e+01	
2.500000e+01	3.200000e+01	
2.700000e+01	3.200000e+01	
2.700000e+01	3.200000e+01	
2.700000e+01	3.200000e+01	
2.600000e+01	3.100000e+01	
2.600000e+01	3.200000e+01	
2.600000e+01	3.200000e+01	
2.600000e+01	3.200000e+01	
2.700000e+01	3.200000e+01	
2.600000e+01	3.200000e+01	
2.700000e+01	3.100000e+01	
2.800000e+01	3.600000e+01	
2.600000e+01	3.200000e+01	
