# This file contains the data of initial population
# of objectives = 2, # of constraints = 0, # of real_var = 0, # of bits of bin_var = 71, constr_violation, rank, crowding_distance
7.600000e+00	2.342000e+03	
7.600000e+00	2.420000e+03	
7.900000e+00	2.486000e+03	
8.100000e+00	2.270000e+03	
8.200000e+00	2.329000e+03	
7.200000e+00	2.474000e+03	
7.700000e+00	2.304000e+03	
6.900000e+00	2.265000e+03	
7.200000e+00	2.185000e+03	
7.500000e+00	2.617000e+03	
7.300000e+00	2.439000e+03	
8.200000e+00	2.345000e+03	
7.600000e+00	2.758000e+03	
8.200000e+00	2.578000e+03	
7.500000e+00	2.765000e+03	
7.600000e+00	2.356000e+03	
8.400000e+00	2.514000e+03	
7.500000e+00	2.575000e+03	
7.300000e+00	2.180000e+03	
7.100000e+00	2.507000e+03	
8.299999e+00	2.273000e+03	
7.800000e+00	2.310000e+03	
7.300000e+00	2.343000e+03	
7.600000e+00	2.797000e+03	
7.200000e+00	2.635000e+03	
8.600000e+00	2.680000e+03	
7.300000e+00	2.550000e+03	
7.300000e+00	2.595000e+03	
7.700000e+00	2.791000e+03	
7.400000e+00	2.628000e+03	
7.500000e+00	2.176000e+03	
7.500000e+00	2.392000e+03	
7.200000e+00	2.128000e+03	
7.200000e+00	2.278000e+03	
7.800000e+00	2.272000e+03	
7.300000e+00	2.595000e+03	
7.500000e+00	2.303000e+03	
7.600000e+00	2.355000e+03	
7.600000e+00	2.588000e+03	
7.300000e+00	2.568000e+03	
7.300000e+00	2.458000e+03	
7.300000e+00	2.324000e+03	
7.500000e+00	2.212000e+03	
7.300000e+00	2.316000e+03	
7.900000e+00	2.905000e+03	
8.100000e+00	2.285000e+03	
7.800000e+00	2.689000e+03	
7.700000e+00	2.128000e+03	
7.300000e+00	2.238000e+03	
7.700000e+00	2.357000e+03	
7.700000e+00	2.554000e+03	
8.100000e+00	2.213000e+03	
7.200000e+00	2.596000e+03	
7.100000e+00	2.406000e+03	
7.500000e+00	2.260000e+03	
7.200000e+00	2.358000e+03	
8.100000e+00	2.226000e+03	
8.200000e+00	2.837000e+03	
7.600000e+00	2.459000e+03	
7.700000e+00	2.603000e+03	
7.200000e+00	2.665000e+03	
8.200000e+00	2.356000e+03	
7.600000e+00	2.765000e+03	
7.300000e+00	2.194000e+03	
7.600000e+00	2.524000e+03	
7.300000e+00	2.608000e+03	
8.200000e+00	2.441000e+03	
7.500000e+00	2.275000e+03	
7.300000e+00	2.235000e+03	
8.000000e+00	2.657000e+03	
7.400000e+00	2.408000e+03	
7.800000e+00	2.621000e+03	
7.700000e+00	2.508000e+03	
7.400000e+00	2.559000e+03	
7.200000e+00	2.444000e+03	
7.500000e+00	2.177000e+03	
7.200000e+00	2.191000e+03	
8.200000e+00	2.773000e+03	
7.200000e+00	2.397000e+03	
7.700000e+00	2.575000e+03	
7.100000e+00	2.616000e+03	
7.200000e+00	2.143000e+03	
7.600000e+00	2.700000e+03	
7.700000e+00	2.661000e+03	
7.700000e+00	2.362000e+03	
8.100000e+00	2.621000e+03	
7.300000e+00	2.379000e+03	
7.700000e+00	2.369000e+03	
7.500000e+00	2.585000e+03	
7.200000e+00	2.365000e+03	
8.300000e+00	2.330000e+03	
7.700000e+00	2.545000e+03	
8.100000e+00	2.622000e+03	
7.100000e+00	2.569000e+03	
7.200000e+00	2.298000e+03	
7.300000e+00	2.202000e+03	
8.200000e+00	2.726000e+03	
7.500000e+00	2.303000e+03	
7.100000e+00	2.588000e+03	
7.600000e+00	2.855000e+03	
8.200000e+00	2.576000e+03	
7.400000e+00	2.303000e+03	
7.800000e+00	2.606000e+03	
7.200000e+00	2.848000e+03	
7.700000e+00	2.515000e+03	
7.500000e+00	2.311000e+03	
7.700000e+00	2.330000e+03	
7.500000e+00	2.219000e+03	
7.200000e+00	2.212000e+03	
8.300000e+00	2.224000e+03	
7.700000e+00	2.391000e+03	
7.400000e+00	2.572000e+03	
7.500000e+00	2.169000e+03	
7.200000e+00	2.308000e+03	
8.200000e+00	2.527000e+03	
8.100000e+00	2.285000e+03	
7.200000e+00	2.550000e+03	
7.200000e+00	2.262000e+03	
7.600000e+00	2.584000e+03	
7.800000e+00	2.369000e+03	
7.600000e+00	2.776000e+03	
7.800000e+00	2.315000e+03	
7.800000e+00	2.625000e+03	
7.400000e+00	2.266000e+03	
8.200000e+00	2.368000e+03	
7.900000e+00	2.146000e+03	
8.299999e+00	2.808000e+03	
7.200000e+00	2.557000e+03	
8.200000e+00	2.615000e+03	
8.100000e+00	2.537000e+03	
7.400000e+00	2.751000e+03	
8.100000e+00	2.597000e+03	
7.900000e+00	2.631000e+03	
7.500000e+00	2.435000e+03	
8.200000e+00	2.413000e+03	
7.600000e+00	2.665000e+03	
7.200000e+00	2.438000e+03	
6.600000e+00	2.686000e+03	
8.100000e+00	2.559000e+03	
8.200000e+00	2.373000e+03	
7.300000e+00	2.369000e+03	
7.700000e+00	2.722000e+03	
7.200000e+00	2.333000e+03	
7.300000e+00	2.439000e+03	
7.700000e+00	2.710000e+03	
7.400000e+00	2.845000e+03	
6.900000e+00	2.467000e+03	
7.900000e+00	2.520000e+03	
7.800000e+00	2.367000e+03	
7.200000e+00	2.645000e+03	
7.200000e+00	2.104000e+03	
7.400000e+00	2.505000e+03	
7.700000e+00	2.368000e+03	
7.300000e+00	2.167000e+03	
7.500000e+00	2.205000e+03	
7.200000e+00	2.558000e+03	
7.300000e+00	2.172000e+03	
7.500000e+00	2.319000e+03	
7.800000e+00	2.573000e+03	
7.300000e+00	2.511000e+03	
7.200000e+00	2.887000e+03	
7.700000e+00	2.323000e+03	
8.000000e+00	2.615000e+03	
7.300000e+00	2.452000e+03	
7.900000e+00	2.475000e+03	
7.500000e+00	2.355000e+03	
7.800000e+00	2.221000e+03	
7.600000e+00	2.361000e+03	
7.600000e+00	2.785000e+03	
7.500000e+00	2.534000e+03	
8.200000e+00	2.733000e+03	
7.100000e+00	2.267000e+03	
7.800000e+00	2.667000e+03	
7.600000e+00	2.535000e+03	
8.200000e+00	2.597000e+03	
7.200000e+00	2.219000e+03	
7.200000e+00	2.617000e+03	
7.500000e+00	2.671000e+03	
7.900000e+00	2.243000e+03	
8.400000e+00	2.558000e+03	
8.100000e+00	2.215000e+03	
7.800000e+00	2.552000e+03	
7.700000e+00	2.466000e+03	
7.200000e+00	2.594000e+03	
8.000000e+00	2.730000e+03	
7.900000e+00	2.315000e+03	
7.800000e+00	2.409000e+03	
7.700000e+00	2.675000e+03	
8.200000e+00	2.618000e+03	
6.900000e+00	2.251000e+03	
7.700000e+00	2.483000e+03	
7.800000e+00	2.840000e+03	
7.400000e+00	2.445000e+03	
7.700000e+00	2.535000e+03	
7.200000e+00	2.560000e+03	
8.100000e+00	2.615000e+03	
8.400000e+00	2.543000e+03	
7.600000e+00	2.486000e+03	
7.400000e+00	2.749000e+03	
7.500000e+00	2.213000e+03	
7.500000e+00	2.228000e+03	
7.700000e+00	2.418000e+03	
6.900000e+00	2.249000e+03	
7.200000e+00	2.541000e+03	
8.100000e+00	2.706000e+03	
7.700000e+00	2.359000e+03	
7.800000e+00	2.306000e+03	
7.500000e+00	2.624000e+03	
7.400000e+00	2.126000e+03	
7.800000e+00	2.604000e+03	
7.500000e+00	2.550000e+03	
8.100000e+00	2.136000e+03	
7.500000e+00	2.310000e+03	
7.700000e+00	2.616000e+03	
8.299999e+00	2.558000e+03	
7.900000e+00	2.280000e+03	
7.600000e+00	2.302000e+03	
7.200000e+00	2.284000e+03	
7.800000e+00	2.292000e+03	
7.200000e+00	2.713000e+03	
8.100000e+00	2.560000e+03	
8.299999e+00	2.567000e+03	
7.500000e+00	2.616000e+03	
7.600000e+00	2.353000e+03	
7.600000e+00	2.464000e+03	
7.300000e+00	2.147000e+03	
6.700000e+00	2.603000e+03	
7.600000e+00	2.589000e+03	
7.700000e+00	2.259000e+03	
7.700000e+00	2.786000e+03	
7.800000e+00	2.665000e+03	
7.500000e+00	2.549000e+03	
8.100000e+00	2.517000e+03	
8.299999e+00	2.564000e+03	
7.400000e+00	2.245000e+03	
7.300000e+00	2.570000e+03	
7.500000e+00	2.524000e+03	
7.200000e+00	2.596000e+03	
7.500000e+00	2.336000e+03	
8.100000e+00	2.595000e+03	
7.800000e+00	2.275000e+03	
7.300000e+00	2.462000e+03	
7.700000e+00	2.584000e+03	
7.200000e+00	2.385000e+03	
8.400000e+00	2.635000e+03	
7.700000e+00	2.573000e+03	
7.300000e+00	2.607000e+03	
7.200000e+00	2.579000e+03	
8.100000e+00	2.530000e+03	
7.200000e+00	2.191000e+03	
7.500000e+00	2.674000e+03	
8.000000e+00	2.689000e+03	
7.200000e+00	2.635000e+03	
7.300000e+00	2.168000e+03	
7.500000e+00	2.856000e+03	
7.900000e+00	2.882000e+03	
