# This file contains the data of final population
# of objectives = 2, # of constraints = 0, # of real_var = 0, # of bits of bin_var = 71, constr_violation, rank, crowding_distance
6.600000e+00	2.107000e+03	
6.800000e+00	2.071000e+03	
7.200000e+00	2.001000e+03	
6.400000e+00	2.165000e+03	
7.100000e+00	2.023000e+03	
6.500000e+00	2.129000e+03	
6.700000e+00	2.102000e+03	
6.500000e+00	2.151000e+03	
7.100000e+00	2.069000e+03	
7.000000e+00	2.074000e+03	
7.200000e+00	2.042000e+03	
7.300000e+00	2.024000e+03	
7.300000e+00	2.035000e+03	
6.600000e+00	2.109000e+03	
7.500000e+00	2.010000e+03	
7.500000e+00	2.023000e+03	
7.200000e+00	2.045000e+03	
7.000000e+00	2.078000e+03	
6.600000e+00	2.122000e+03	
6.700000e+00	2.111000e+03	
6.900000e+00	2.109000e+03	
7.100000e+00	2.070000e+03	
6.500000e+00	2.169000e+03	
6.500000e+00	2.169000e+03	
8.100000e+00	2.031000e+03	
7.500000e+00	2.033000e+03	
7.200000e+00	2.048000e+03	
7.300000e+00	2.047000e+03	
7.100000e+00	2.079000e+03	
6.700000e+00	2.119000e+03	
6.900000e+00	2.110000e+03	
6.900000e+00	2.110000e+03	
6.600000e+00	2.129000e+03	
6.500000e+00	2.183000e+03	
7.000000e+00	2.083000e+03	
7.600000e+00	2.033000e+03	
7.000000e+00	2.086000e+03	
6.600000e+00	2.132000e+03	
7.500000e+00	2.035000e+03	
6.900000e+00	2.112000e+03	
7.200000e+00	2.050000e+03	
7.100000e+00	2.084000e+03	
7.100000e+00	2.084000e+03	
6.700000e+00	2.121000e+03	
6.500000e+00	2.186000e+03	
6.700000e+00	2.126000e+03	
7.000000e+00	2.088000e+03	
7.500000e+00	2.036000e+03	
7.500000e+00	2.036000e+03	
6.700000e+00	2.124000e+03	
7.400000e+00	2.050000e+03	
7.200000e+00	2.054000e+03	
7.100000e+00	2.087000e+03	
6.900000e+00	2.117000e+03	
6.600000e+00	2.166000e+03	
6.500000e+00	2.189000e+03	
7.900000e+00	2.033000e+03	
7.100000e+00	2.089000e+03	
7.000000e+00	2.102000e+03	
7.100000e+00	2.089000e+03	
6.900000e+00	2.119000e+03	
7.500000e+00	2.039000e+03	
6.700000e+00	2.126000e+03	
7.200000e+00	2.055000e+03	
7.400000e+00	2.054000e+03	
7.100000e+00	2.089000e+03	
6.600000e+00	2.170000e+03	
6.500000e+00	2.216000e+03	
6.700000e+00	2.129000e+03	
6.700000e+00	2.129000e+03	
7.000000e+00	2.104000e+03	
6.900000e+00	2.120000e+03	
7.500000e+00	2.041000e+03	
7.200000e+00	2.056000e+03	
7.100000e+00	2.091000e+03	
7.300000e+00	2.055000e+03	
7.200000e+00	2.056000e+03	
6.600000e+00	2.171000e+03	
6.500000e+00	2.227000e+03	
6.700000e+00	2.130000e+03	
6.700000e+00	2.130000e+03	
7.000000e+00	2.105000e+03	
7.500000e+00	2.045000e+03	
6.900000e+00	2.121000e+03	
7.600000e+00	2.043000e+03	
7.100000e+00	2.093000e+03	
7.200000e+00	2.057000e+03	
6.600000e+00	2.179000e+03	
6.500000e+00	2.350000e+03	
6.800000e+00	2.131000e+03	
6.700000e+00	2.138000e+03	
6.600000e+00	2.182000e+03	
7.000000e+00	2.106000e+03	
6.900000e+00	2.124000e+03	
8.100000e+00	2.047000e+03	
7.100000e+00	2.094000e+03	
7.200000e+00	2.061000e+03	
6.600000e+00	2.182000e+03	
8.200000e+00	2.045000e+03	
6.500000e+00	2.506000e+03	
7.500000e+00	2.049000e+03	
7.300000e+00	2.060000e+03	
6.700000e+00	2.141000e+03	
6.800000e+00	2.134000e+03	
7.000000e+00	2.108000e+03	
8.100000e+00	2.048000e+03	
7.100000e+00	2.096000e+03	
7.100000e+00	2.096000e+03	
7.300000e+00	2.061000e+03	
7.200000e+00	2.062000e+03	
6.600000e+00	2.183000e+03	
7.600000e+00	2.049000e+03	
7.500000e+00	2.051000e+03	
6.900000e+00	2.125000e+03	
6.700000e+00	2.142000e+03	
7.600000e+00	2.051000e+03	
7.000000e+00	2.114000e+03	
7.200000e+00	2.065000e+03	
6.900000e+00	2.126000e+03	
8.200000e+00	2.050000e+03	
7.100000e+00	2.097000e+03	
7.300000e+00	2.062000e+03	
6.600000e+00	2.185000e+03	
7.500000e+00	2.053000e+03	
6.700000e+00	2.144000e+03	
6.700000e+00	2.143000e+03	
7.600000e+00	2.051000e+03	
8.100000e+00	2.051000e+03	
7.000000e+00	2.118000e+03	
6.900000e+00	2.129000e+03	
7.400000e+00	2.063000e+03	
7.100000e+00	2.098000e+03	
6.600000e+00	2.187000e+03	
6.600000e+00	2.187000e+03	
7.600000e+00	2.056000e+03	
7.800000e+00	2.054000e+03	
7.500000e+00	2.059000e+03	
7.200000e+00	2.066000e+03	
6.900000e+00	2.143000e+03	
6.700000e+00	2.146000e+03	
7.100000e+00	2.098000e+03	
7.100000e+00	2.100000e+03	
8.100000e+00	2.053000e+03	
7.000000e+00	2.119000e+03	
6.900000e+00	2.130000e+03	
7.100000e+00	2.100000e+03	
6.600000e+00	2.189000e+03	
7.700000e+00	2.057000e+03	
7.500000e+00	2.060000e+03	
7.500000e+00	2.060000e+03	
7.500000e+00	2.060000e+03	
7.200000e+00	2.067000e+03	
7.200000e+00	2.067000e+03	
6.800000e+00	2.147000e+03	
6.700000e+00	2.154000e+03	
8.100000e+00	2.055000e+03	
8.100000e+00	2.055000e+03	
7.000000e+00	2.124000e+03	
7.000000e+00	2.124000e+03	
7.500000e+00	2.061000e+03	
6.900000e+00	2.131000e+03	
6.900000e+00	2.131000e+03	
7.100000e+00	2.101000e+03	
6.600000e+00	2.192000e+03	
7.700000e+00	2.058000e+03	
7.800000e+00	2.057000e+03	
7.200000e+00	2.068000e+03	
7.200000e+00	2.068000e+03	
7.200000e+00	2.068000e+03	
7.400000e+00	2.067000e+03	
6.700000e+00	2.155000e+03	
6.800000e+00	2.152000e+03	
8.100000e+00	2.056000e+03	
7.000000e+00	2.126000e+03	
6.900000e+00	2.135000e+03	
7.100000e+00	2.104000e+03	
7.100000e+00	2.104000e+03	
6.600000e+00	2.193000e+03	
7.800000e+00	2.059000e+03	
7.200000e+00	2.069000e+03	
7.300000e+00	2.068000e+03	
7.600000e+00	2.061000e+03	
7.500000e+00	2.062000e+03	
6.800000e+00	2.155000e+03	
6.700000e+00	2.157000e+03	
6.700000e+00	2.157000e+03	
6.900000e+00	2.135000e+03	
8.100000e+00	2.057000e+03	
8.100000e+00	2.057000e+03	
7.000000e+00	2.131000e+03	
6.900000e+00	2.136000e+03	
7.100000e+00	2.106000e+03	
6.600000e+00	2.195000e+03	
7.200000e+00	2.070000e+03	
7.300000e+00	2.068000e+03	
7.200000e+00	2.070000e+03	
7.300000e+00	2.069000e+03	
7.600000e+00	2.062000e+03	
7.500000e+00	2.063000e+03	
6.700000e+00	2.157000e+03	
6.700000e+00	2.158000e+03	
6.800000e+00	2.155000e+03	
7.700000e+00	2.062000e+03	
8.100000e+00	2.058000e+03	
8.100000e+00	2.058000e+03	
8.200000e+00	2.057000e+03	
8.100000e+00	2.058000e+03	
7.000000e+00	2.132000e+03	
7.000000e+00	2.132000e+03	
6.900000e+00	2.138000e+03	
7.100000e+00	2.107000e+03	
7.100000e+00	2.107000e+03	
6.600000e+00	2.197000e+03	
7.300000e+00	2.070000e+03	
7.200000e+00	2.071000e+03	
7.300000e+00	2.070000e+03	
7.200000e+00	2.071000e+03	
7.200000e+00	2.071000e+03	
7.200000e+00	2.071000e+03	
7.500000e+00	2.064000e+03	
7.500000e+00	2.064000e+03	
7.600000e+00	2.063000e+03	
6.700000e+00	2.160000e+03	
6.800000e+00	2.157000e+03	
8.100000e+00	2.059000e+03	
7.000000e+00	2.136000e+03	
6.900000e+00	2.139000e+03	
6.900000e+00	2.139000e+03	
6.900000e+00	2.139000e+03	
7.100000e+00	2.108000e+03	
6.600000e+00	2.198000e+03	
6.600000e+00	2.202000e+03	
7.200000e+00	2.072000e+03	
7.400000e+00	2.070000e+03	
7.200000e+00	2.072000e+03	
7.700000e+00	2.063000e+03	
7.500000e+00	2.065000e+03	
7.500000e+00	2.065000e+03	
6.800000e+00	2.158000e+03	
6.800000e+00	2.161000e+03	
6.700000e+00	2.162000e+03	
7.800000e+00	2.063000e+03	
6.600000e+00	2.203000e+03	
7.100000e+00	2.109000e+03	
7.500000e+00	2.066000e+03	
6.700000e+00	2.167000e+03	
6.900000e+00	2.141000e+03	
6.800000e+00	2.161000e+03	
7.400000e+00	2.071000e+03	
7.000000e+00	2.138000e+03	
7.200000e+00	2.075000e+03	
7.200000e+00	2.073000e+03	
6.700000e+00	2.163000e+03	
7.000000e+00	2.138000e+03	
7.200000e+00	2.075000e+03	
7.200000e+00	2.075000e+03	
